2023-06-12 23:51:31,621 - Processing metrics...
2023-06-12 23:51:31,621 - Start time: 2023-06-12 22:40:02
2023-06-12 23:51:31,621 - End time: 2023-06-12 23:50:02

2023-06-12 23:51:31,634 - Processing pool metrics.

2023-06-12 23:51:31,634 - Processing pool Curve.fi ETH/stETH.
2023-06-12 23:51:31,634 - Start time: 2023-06-12 22:40:02
2023-06-12 23:51:31,635 - End time: 2023-06-12 23:50:02
2023-06-12 23:51:32,251 - Inserting metrics.
2023-06-12 23:51:32,583 - Finished processing pool Curve.fi ETH/stETH.

2023-06-12 23:51:32,583 - Processing pool Curve.fi DAI/USDC/USDT.
2023-06-12 23:51:32,583 - Start time: 2023-06-12 22:40:02
2023-06-12 23:51:32,583 - End time: 2023-06-12 23:50:02
2023-06-12 23:51:33,593 - Inserting metrics.
2023-06-12 23:51:34,026 - Finished processing pool Curve.fi DAI/USDC/USDT.

2023-06-12 23:51:34,027 - Processing pool Curve.fi FRAX/USDC.
2023-06-12 23:51:34,027 - Start time: 2023-06-12 22:40:02
2023-06-12 23:51:34,027 - End time: 2023-06-12 23:50:02
2023-06-12 23:51:34,193 - Inserting metrics.
2023-06-12 23:51:34,537 - Finished processing pool Curve.fi FRAX/USDC.

2023-06-12 23:51:34,537 - Processing pool Curve.fi Factory USD Metapool: wormhole v2 UST-3Pool.
2023-06-12 23:51:34,537 - Pool Curve.fi Factory USD Metapool: wormhole v2 UST-3Pool, UST no longer indexed after 1653667380. Skipping...

2023-06-12 23:51:34,537 - Processing pool Curve.fi USDN/3Crv.
2023-06-12 23:51:34,537 - Pool Curve.fi USDN/3Crv, USDN no longer indexed after 1675776755. Skipping...

2023-06-12 23:51:34,537 - Processing pool Curve.fi Factory USD Metapool: Magic Internet Money 3Pool.
2023-06-12 23:51:34,537 - Start time: 2023-06-12 22:40:02
2023-06-12 23:51:34,537 - End time: 2023-06-12 23:50:02
2023-06-12 23:51:34,881 - Inserting metrics.
2023-06-12 23:51:34,889 - Failed to compute metrics for pool Curve.fi Factory USD Metapool: Magic Internet Money 3Pool
Traceback (most recent call last):
  File "/root/curve-lp-metrics/curvemetrics/scripts/metrics.py", line 84, in pools
    pool_metrics = metricsprocessor.process_metrics_for_pool(pool, pool_data, swaps_data, lp_data, ohlcvs)
  File "/root/curve-lp-metrics/curvemetrics/src/classes/metricsprocessor.py", line 54, in process_metrics_for_pool
    self.lp_share_price(pool_id, pool_data, ohlcvs)
  File "/root/curve-lp-metrics/curvemetrics/src/classes/metricsprocessor.py", line 447, in lp_share_price
    numeraire = ohlcvs[token]['symbol'].dropna().unique()[0].split('/')[1]
IndexError: index 0 is out of bounds for axis 0 with size 0

Traceback (most recent call last):
  File "/root/curve-lp-metrics/curvemetrics/scripts/metrics.py", line 84, in pools
    pool_metrics = metricsprocessor.process_metrics_for_pool(pool, pool_data, swaps_data, lp_data, ohlcvs)
  File "/root/curve-lp-metrics/curvemetrics/src/classes/metricsprocessor.py", line 54, in process_metrics_for_pool
    self.lp_share_price(pool_id, pool_data, ohlcvs)
  File "/root/curve-lp-metrics/curvemetrics/src/classes/metricsprocessor.py", line 447, in lp_share_price
    numeraire = ohlcvs[token]['symbol'].dropna().unique()[0].split('/')[1]
IndexError: index 0 is out of bounds for axis 0 with size 0
2023-06-12 23:51:34,889 - Failed to compute metrics for pools 
Traceback (most recent call last):
  File "/root/curve-lp-metrics/curvemetrics/scripts/metrics.py", line 91, in pools
    raise e
  File "/root/curve-lp-metrics/curvemetrics/scripts/metrics.py", line 84, in pools
    pool_metrics = metricsprocessor.process_metrics_for_pool(pool, pool_data, swaps_data, lp_data, ohlcvs)
  File "/root/curve-lp-metrics/curvemetrics/src/classes/metricsprocessor.py", line 54, in process_metrics_for_pool
    self.lp_share_price(pool_id, pool_data, ohlcvs)
  File "/root/curve-lp-metrics/curvemetrics/src/classes/metricsprocessor.py", line 447, in lp_share_price
    numeraire = ohlcvs[token]['symbol'].dropna().unique()[0].split('/')[1]
IndexError: index 0 is out of bounds for axis 0 with size 0

Traceback (most recent call last):
  File "/root/curve-lp-metrics/curvemetrics/scripts/metrics.py", line 91, in pools
    raise e
  File "/root/curve-lp-metrics/curvemetrics/scripts/metrics.py", line 84, in pools
    pool_metrics = metricsprocessor.process_metrics_for_pool(pool, pool_data, swaps_data, lp_data, ohlcvs)
  File "/root/curve-lp-metrics/curvemetrics/src/classes/metricsprocessor.py", line 54, in process_metrics_for_pool
    self.lp_share_price(pool_id, pool_data, ohlcvs)
  File "/root/curve-lp-metrics/curvemetrics/src/classes/metricsprocessor.py", line 447, in lp_share_price
    numeraire = ohlcvs[token]['symbol'].dropna().unique()[0].split('/')[1]
IndexError: index 0 is out of bounds for axis 0 with size 0
2023-06-12 23:51:34,890 - Failed to frontfill metrics: index 0 is out of bounds for axis 0 with size 0
