2023-06-11 20:45:02,669 - Processing Raw Data...
2023-06-11 20:45:02,669 - Start time: 2023-06-11 19:35:02
2023-06-11 20:45:02,669 - End time: 2023-06-11 20:45:02

2023-06-11 20:45:03,829 - Processing pool Curve.fi ETH/stETH.
2023-06-11 20:45:04,573 - Inserting pool data...
2023-06-11 20:45:08,829 - Finished pool data...
2023-06-11 20:45:09,014 - Inserting swap data...
2023-06-11 20:45:09,015 - Finished swap data...
2023-06-11 20:45:09,132 - Inserting lp event data...
2023-06-11 20:45:09,133 - Finished lp event data...
2023-06-11 20:45:09,235 - Inserting snapshots data...
2023-06-11 20:45:09,236 - Finished snapshots data...
2023-06-11 20:45:09,236 - Finished pool Curve.fi ETH/stETH.

2023-06-11 20:45:09,236 - Processing pool Curve.fi DAI/USDC/USDT.
2023-06-11 20:45:09,846 - Inserting pool data...
2023-06-11 20:45:10,272 - Finished pool data...
2023-06-11 20:45:10,458 - Inserting swap data...
2023-06-11 20:45:10,459 - Finished swap data...
2023-06-11 20:45:10,587 - Inserting lp event data...
2023-06-11 20:45:10,588 - Finished lp event data...
2023-06-11 20:45:10,679 - Inserting snapshots data...
2023-06-11 20:45:10,679 - Finished snapshots data...
2023-06-11 20:45:10,679 - Finished pool Curve.fi DAI/USDC/USDT.

2023-06-11 20:45:10,679 - Processing pool Curve.fi FRAX/USDC.
2023-06-11 20:45:11,145 - Inserting pool data...
2023-06-11 20:45:11,574 - Finished pool data...
2023-06-11 20:45:11,773 - Inserting swap data...
2023-06-11 20:45:11,774 - Finished swap data...
2023-06-11 20:45:11,885 - Inserting lp event data...
2023-06-11 20:45:11,886 - Finished lp event data...
2023-06-11 20:45:11,990 - Inserting snapshots data...
2023-06-11 20:45:11,990 - Finished snapshots data...
2023-06-11 20:45:11,991 - Finished pool Curve.fi FRAX/USDC.

2023-06-11 20:45:11,991 - Processing pool Curve.fi Factory USD Metapool: wormhole v2 UST-3Pool.
2023-06-11 20:45:12,449 - Inserting pool data...
2023-06-11 20:45:12,861 - Finished pool data...
2023-06-11 20:45:12,974 - Inserting swap data...
2023-06-11 20:45:12,975 - Finished swap data...
2023-06-11 20:45:13,092 - Inserting lp event data...
2023-06-11 20:45:13,092 - Finished lp event data...
2023-06-11 20:45:13,194 - Inserting snapshots data...
2023-06-11 20:45:13,194 - Finished snapshots data...
2023-06-11 20:45:13,194 - Finished pool Curve.fi Factory USD Metapool: wormhole v2 UST-3Pool.

2023-06-11 20:45:13,194 - Processing pool Curve.fi USDN/3Crv.
2023-06-11 20:45:13,808 - Inserting pool data...
2023-06-11 20:45:14,236 - Finished pool data...
2023-06-11 20:45:14,420 - Inserting swap data...
2023-06-11 20:45:14,421 - Finished swap data...
2023-06-11 20:45:14,538 - Inserting lp event data...
2023-06-11 20:45:14,539 - Finished lp event data...
2023-06-11 20:45:14,629 - Inserting snapshots data...
2023-06-11 20:45:14,630 - Finished snapshots data...
2023-06-11 20:45:14,630 - Finished pool Curve.fi USDN/3Crv.

2023-06-11 20:45:14,630 - Processing pool Curve.fi Factory USD Metapool: Magic Internet Money 3Pool.
2023-06-11 20:45:15,103 - Inserting pool data...
2023-06-11 20:45:15,554 - Finished pool data...
2023-06-11 20:45:15,664 - Inserting swap data...
2023-06-11 20:45:15,665 - Finished swap data...
2023-06-11 20:45:15,788 - Inserting lp event data...
2023-06-11 20:45:15,789 - Finished lp event data...
2023-06-11 20:45:15,883 - Inserting snapshots data...
2023-06-11 20:45:15,883 - Finished snapshots data...
2023-06-11 20:45:15,883 - Finished pool Curve.fi Factory USD Metapool: Magic Internet Money 3Pool.

2023-06-11 20:45:15,883 - Processing pool Curve.fi DAI/USDC/USDT/sUSD.
2023-06-11 20:45:16,407 - Inserting pool data...
2023-06-11 20:45:16,835 - Finished pool data...
2023-06-11 20:45:16,955 - Inserting swap data...
2023-06-11 20:45:16,956 - Finished swap data...
2023-06-11 20:45:17,099 - Inserting lp event data...
2023-06-11 20:45:17,099 - Finished lp event data...
2023-06-11 20:45:17,188 - Inserting snapshots data...
2023-06-11 20:45:17,188 - Finished snapshots data...
2023-06-11 20:45:17,188 - Finished pool Curve.fi DAI/USDC/USDT/sUSD.

2023-06-11 20:45:17,188 - Processing pool Curve.fi ETH/frxETH.
2023-06-11 20:45:17,653 - Inserting pool data...
2023-06-11 20:45:18,108 - Finished pool data...
2023-06-11 20:45:18,284 - Inserting swap data...
2023-06-11 20:45:18,285 - Finished swap data...
2023-06-11 20:45:18,415 - Inserting lp event data...
2023-06-11 20:45:18,416 - Finished lp event data...
2023-06-11 20:45:18,511 - Inserting snapshots data...
2023-06-11 20:45:18,512 - Finished snapshots data...
2023-06-11 20:45:18,512 - Finished pool Curve.fi ETH/frxETH.

2023-06-11 20:45:18,512 - Processing pool Curve.fi Factory USD Metapool: Liquity.
2023-06-11 20:45:19,237 - Inserting pool data...
2023-06-11 20:45:19,671 - Finished pool data...
2023-06-11 20:45:19,860 - Inserting swap data...
2023-06-11 20:45:19,861 - Finished swap data...
2023-06-11 20:45:19,967 - Inserting lp event data...
2023-06-11 20:45:19,968 - Finished lp event data...
2023-06-11 20:45:20,072 - Inserting snapshots data...
2023-06-11 20:45:20,072 - Finished snapshots data...
2023-06-11 20:45:20,072 - Finished pool Curve.fi Factory USD Metapool: Liquity.

2023-06-11 20:45:20,072 - Processing pool Curve.fi Factory USD Metapool: Binance USD.
2023-06-11 20:45:20,529 - Inserting pool data...
2023-06-11 20:45:20,966 - Finished pool data...
2023-06-11 20:45:21,078 - Inserting swap data...
2023-06-11 20:45:21,079 - Finished swap data...
2023-06-11 20:45:21,189 - Inserting lp event data...
2023-06-11 20:45:21,190 - Finished lp event data...
2023-06-11 20:45:21,279 - Inserting snapshots data...
2023-06-11 20:45:21,279 - Finished snapshots data...
2023-06-11 20:45:21,279 - Finished pool Curve.fi Factory USD Metapool: Binance USD.

2023-06-11 20:45:21,279 - Processing pool Curve.fi Factory Plain Pool: stETH concentrated.
2023-06-11 20:45:21,782 - Inserting pool data...
2023-06-11 20:45:22,236 - Finished pool data...
2023-06-11 20:45:22,421 - Inserting swap data...
2023-06-11 20:45:22,422 - Finished swap data...
2023-06-11 20:45:22,597 - Inserting lp event data...
2023-06-11 20:45:22,598 - Finished lp event data...
2023-06-11 20:45:22,689 - Inserting snapshots data...
2023-06-11 20:45:22,690 - Finished snapshots data...
2023-06-11 20:45:22,690 - Finished pool Curve.fi Factory Plain Pool: stETH concentrated.

2023-06-11 20:45:22,690 - Processing pool Curve.fi Factory Crypto Pool: cbETH/ETH.
2023-06-11 20:45:23,284 - Inserting pool data...
2023-06-11 20:45:23,721 - Finished pool data...
2023-06-11 20:45:23,841 - Inserting swap data...
2023-06-11 20:45:23,842 - Finished swap data...
2023-06-11 20:45:23,956 - Inserting lp event data...
2023-06-11 20:45:23,957 - Finished lp event data...
2023-06-11 20:45:24,071 - Inserting snapshots data...
2023-06-11 20:45:24,071 - Finished snapshots data...
2023-06-11 20:45:24,072 - Finished pool Curve.fi Factory Crypto Pool: cbETH/ETH.

2023-06-11 20:45:24,072 - Processing pool Curve.fi Factory Plain Pool: cvxCrv/Crv.
2023-06-11 20:45:24,531 - Inserting pool data...
2023-06-11 20:45:24,962 - Finished pool data...
2023-06-11 20:45:25,108 - Inserting swap data...
2023-06-11 20:45:25,109 - Finished swap data...
2023-06-11 20:45:25,262 - Inserting lp event data...
2023-06-11 20:45:25,263 - Finished lp event data...
2023-06-11 20:45:25,358 - Inserting snapshots data...
2023-06-11 20:45:25,359 - Finished snapshots data...
2023-06-11 20:45:25,359 - Finished pool Curve.fi Factory Plain Pool: cvxCrv/Crv.

2023-06-11 20:45:25,395 - Processing token LUSD OHLCV using chainlink.
2023-06-11 20:45:40,759 - Found the closest round: 18446744073709563520, at 2023-06-11 19:28:23.
2023-06-11 20:45:40,759 - Number of iterations: 14
2023-06-11 20:45:41,024 - Inserting OHLCV.

2023-06-11 20:45:41,033 - Processing token FRAX OHLCV using chainlink.
2023-06-11 20:45:55,335 - Found the closest round: 18446744073709563424, at 2023-06-11 18:40:23.
2023-06-11 20:45:55,335 - Number of iterations: 13
2023-06-11 20:45:55,578 - Inserting OHLCV.

2023-06-11 20:45:55,589 - Processing token MIM OHLCV using ccxt.
2023-06-11 20:45:58,738 - Using Bitfinex for MIM/USD.
2023-06-11 20:45:58,740 - Inserting OHLCV.

2023-06-11 20:45:58,740 - No price data for token MIM at this time.

2023-06-11 20:45:58,740 - Processing token USDC OHLCV using ccxt.
2023-06-11 20:45:59,496 - Using Binance US for USDC/USD.
2023-06-11 20:45:59,499 - Inserting OHLCV.

2023-06-11 20:45:59,554 - Processing token stETH OHLCV using chainlink.
2023-06-11 20:46:14,923 - Found the closest round: 18446744073709569532, at 2023-06-11 18:38:23.
2023-06-11 20:46:14,923 - Number of iterations: 14
2023-06-11 20:46:15,219 - Inserting OHLCV.

2023-06-11 20:46:15,229 - Processing token cbETH OHLCV using ccxt.
2023-06-11 20:46:15,957 - Using Coinbase Pro for CBETH/USD.
2023-06-11 20:46:15,960 - Inserting OHLCV.

2023-06-11 20:46:15,983 - Processing token ETH OHLCV using ccxt.
2023-06-11 20:46:16,744 - Using Binance US for ETH/USD.
2023-06-11 20:46:16,747 - Inserting OHLCV.

2023-06-11 20:46:16,813 - Processing token DAI OHLCV using ccxt.
2023-06-11 20:46:17,562 - Using Binance US for DAI/USD.
2023-06-11 20:46:17,565 - Inserting OHLCV.

2023-06-11 20:46:17,619 - Processing token BUSD OHLCV using chainlink.
2023-06-11 20:46:17,758 - Latest Chainlink timestamp 1686495539 is before start timestamp 1686512111.
NoneType: None
2023-06-11 20:46:17,758 - Inserting OHLCV.

2023-06-11 20:46:17,758 - No price data for token BUSD at this time.

2023-06-11 20:46:17,758 - Processing token sUSD OHLCV using chainlink.
2023-06-11 20:46:17,899 - Latest Chainlink timestamp 1686483191 is before start timestamp 1686512111.
NoneType: None
2023-06-11 20:46:17,899 - Inserting OHLCV.

2023-06-11 20:46:17,899 - No price data for token sUSD at this time.

2023-06-11 20:46:17,899 - WETH assumed to be = ETH. Skipping...

2023-06-11 20:46:17,899 - Processing token cvxCRV OHLCV using curveswaps.
2023-06-11 20:46:17,939 - Inserting OHLCV.

2023-06-11 20:46:17,939 - No price data for token cvxCRV at this time.

2023-06-11 20:46:17,939 - Processing token USDT OHLCV using ccxt.
2023-06-11 20:46:18,688 - Using Binance US for USDT/USD.
2023-06-11 20:46:18,692 - Inserting OHLCV.

2023-06-11 20:46:18,748 - Processing token USDN OHLCV using chainlink.
2023-06-11 20:46:18,912 - Latest Chainlink timestamp 1675776755 is before start timestamp 1686512111.
NoneType: None
2023-06-11 20:46:18,913 - Inserting OHLCV.

2023-06-11 20:46:18,913 - No price data for token USDN at this time.

2023-06-11 20:46:18,913 - Processing token frxETH OHLCV using curveswaps.
2023-06-11 20:46:18,943 - Inserting OHLCV.

2023-06-11 20:46:18,943 - No price data for token frxETH at this time.

2023-06-11 20:46:18,943 - UST only indexed up to 1653667380 (2022-05-27 12:03:00 PM GMT-04:00 DST). Setting end time to 2023-06-11 20:44:59.
2023-06-11 20:46:18,943 - Processing token UST OHLCV using ccxt.
2023-06-11 20:46:18,946 - Using Coinbase Pro for UST/USD.
2023-06-11 20:46:18,946 - Inserting OHLCV.

2023-06-11 20:46:18,946 - No price data for token UST at this time.

2023-06-11 20:46:18,946 - 3Crv uses pool virtual price. Skipping...

2023-06-11 20:46:18,946 - Processing token CRV OHLCV using ccxt.
2023-06-11 20:46:19,731 - Using Binance US for CRV/USD.
2023-06-11 20:46:19,734 - Inserting OHLCV.

2023-06-11 20:46:19,792 - Done :)

2023-06-11 20:46:19,793 - Successfully frontfilled raw data.
2023-06-11 20:50:02,740 - Processing Raw Data...
2023-06-11 20:50:02,740 - Start time: 2023-06-11 19:40:02
2023-06-11 20:50:02,740 - End time: 2023-06-11 20:50:02

2023-06-11 20:50:04,139 - Processing pool Curve.fi ETH/stETH.
2023-06-11 20:50:04,815 - Inserting pool data...
2023-06-11 20:50:05,633 - Finished pool data...
2023-06-11 20:50:05,756 - Inserting swap data...
2023-06-11 20:50:05,757 - Finished swap data...
2023-06-11 20:50:05,944 - Inserting lp event data...
2023-06-11 20:50:05,945 - Finished lp event data...
2023-06-11 20:50:06,051 - Inserting snapshots data...
2023-06-11 20:50:06,051 - Finished snapshots data...
2023-06-11 20:50:06,051 - Finished pool Curve.fi ETH/stETH.

2023-06-11 20:50:06,051 - Processing pool Curve.fi DAI/USDC/USDT.
2023-06-11 20:50:06,626 - Inserting pool data...
2023-06-11 20:50:07,060 - Finished pool data...
2023-06-11 20:50:07,244 - Inserting swap data...
2023-06-11 20:50:07,245 - Finished swap data...
2023-06-11 20:50:07,361 - Inserting lp event data...
2023-06-11 20:50:07,362 - Finished lp event data...
2023-06-11 20:50:07,470 - Inserting snapshots data...
2023-06-11 20:50:07,471 - Finished snapshots data...
2023-06-11 20:50:07,471 - Finished pool Curve.fi DAI/USDC/USDT.

2023-06-11 20:50:07,471 - Processing pool Curve.fi FRAX/USDC.
2023-06-11 20:50:07,923 - Inserting pool data...
2023-06-11 20:50:08,362 - Finished pool data...
2023-06-11 20:50:08,511 - Inserting swap data...
2023-06-11 20:50:08,512 - Finished swap data...
2023-06-11 20:50:08,640 - Inserting lp event data...
2023-06-11 20:50:08,641 - Finished lp event data...
2023-06-11 20:50:08,747 - Inserting snapshots data...
2023-06-11 20:50:08,747 - Finished snapshots data...
2023-06-11 20:50:08,747 - Finished pool Curve.fi FRAX/USDC.

2023-06-11 20:50:08,747 - Processing pool Curve.fi Factory USD Metapool: wormhole v2 UST-3Pool.
2023-06-11 20:50:09,218 - Inserting pool data...
2023-06-11 20:50:09,659 - Finished pool data...
2023-06-11 20:50:09,822 - Inserting swap data...
2023-06-11 20:50:09,823 - Finished swap data...
2023-06-11 20:50:09,943 - Inserting lp event data...
2023-06-11 20:50:09,944 - Finished lp event data...
2023-06-11 20:50:10,042 - Inserting snapshots data...
2023-06-11 20:50:10,042 - Finished snapshots data...
2023-06-11 20:50:10,042 - Finished pool Curve.fi Factory USD Metapool: wormhole v2 UST-3Pool.

2023-06-11 20:50:10,043 - Processing pool Curve.fi USDN/3Crv.
2023-06-11 20:50:10,586 - Inserting pool data...
2023-06-11 20:50:11,024 - Finished pool data...
2023-06-11 20:50:11,145 - Inserting swap data...
2023-06-11 20:50:11,145 - Finished swap data...
2023-06-11 20:50:11,258 - Inserting lp event data...
2023-06-11 20:50:11,259 - Finished lp event data...
2023-06-11 20:50:11,353 - Inserting snapshots data...
2023-06-11 20:50:11,354 - Finished snapshots data...
2023-06-11 20:50:11,354 - Finished pool Curve.fi USDN/3Crv.

2023-06-11 20:50:11,354 - Processing pool Curve.fi Factory USD Metapool: Magic Internet Money 3Pool.
2023-06-11 20:50:11,958 - Inserting pool data...
2023-06-11 20:50:12,389 - Finished pool data...
2023-06-11 20:50:12,512 - Inserting swap data...
2023-06-11 20:50:12,512 - Finished swap data...
2023-06-11 20:50:12,625 - Inserting lp event data...
2023-06-11 20:50:12,626 - Finished lp event data...
2023-06-11 20:50:12,723 - Inserting snapshots data...
2023-06-11 20:50:12,723 - Finished snapshots data...
2023-06-11 20:50:12,724 - Finished pool Curve.fi Factory USD Metapool: Magic Internet Money 3Pool.

2023-06-11 20:50:12,724 - Processing pool Curve.fi DAI/USDC/USDT/sUSD.
2023-06-11 20:50:13,190 - Inserting pool data...
2023-06-11 20:50:13,620 - Finished pool data...
2023-06-11 20:50:13,779 - Inserting swap data...
2023-06-11 20:50:13,780 - Finished swap data...
2023-06-11 20:50:13,938 - Inserting lp event data...
2023-06-11 20:50:13,939 - Finished lp event data...
2023-06-11 20:50:14,101 - Inserting snapshots data...
2023-06-11 20:50:14,102 - Finished snapshots data...
2023-06-11 20:50:14,102 - Finished pool Curve.fi DAI/USDC/USDT/sUSD.

2023-06-11 20:50:14,102 - Processing pool Curve.fi ETH/frxETH.
2023-06-11 20:50:14,608 - Inserting pool data...
2023-06-11 20:50:15,042 - Finished pool data...
2023-06-11 20:50:15,234 - Inserting swap data...
2023-06-11 20:50:15,234 - Finished swap data...
2023-06-11 20:50:15,361 - Inserting lp event data...
2023-06-11 20:50:15,362 - Finished lp event data...
2023-06-11 20:50:15,540 - Inserting snapshots data...
2023-06-11 20:50:15,540 - Finished snapshots data...
2023-06-11 20:50:15,540 - Finished pool Curve.fi ETH/frxETH.

2023-06-11 20:50:15,540 - Processing pool Curve.fi Factory USD Metapool: Liquity.
2023-06-11 20:50:16,150 - Inserting pool data...
2023-06-11 20:50:16,598 - Finished pool data...
2023-06-11 20:50:16,710 - Inserting swap data...
2023-06-11 20:50:16,711 - Finished swap data...
2023-06-11 20:50:16,898 - Inserting lp event data...
2023-06-11 20:50:16,899 - Finished lp event data...
2023-06-11 20:50:16,989 - Inserting snapshots data...
2023-06-11 20:50:16,990 - Finished snapshots data...
2023-06-11 20:50:16,990 - Finished pool Curve.fi Factory USD Metapool: Liquity.

2023-06-11 20:50:16,990 - Processing pool Curve.fi Factory USD Metapool: Binance USD.
2023-06-11 20:50:17,501 - Inserting pool data...
2023-06-11 20:50:17,920 - Finished pool data...
2023-06-11 20:50:18,033 - Inserting swap data...
2023-06-11 20:50:18,034 - Finished swap data...
2023-06-11 20:50:18,267 - Inserting lp event data...
2023-06-11 20:50:18,268 - Finished lp event data...
2023-06-11 20:50:18,474 - Inserting snapshots data...
2023-06-11 20:50:18,474 - Finished snapshots data...
2023-06-11 20:50:18,475 - Finished pool Curve.fi Factory USD Metapool: Binance USD.

2023-06-11 20:50:18,475 - Processing pool Curve.fi Factory Plain Pool: stETH concentrated.
2023-06-11 20:50:19,063 - Inserting pool data...
2023-06-11 20:50:19,488 - Finished pool data...
2023-06-11 20:50:19,927 - Inserting swap data...
2023-06-11 20:50:19,927 - Finished swap data...
2023-06-11 20:50:20,045 - Inserting lp event data...
2023-06-11 20:50:20,045 - Finished lp event data...
2023-06-11 20:50:20,151 - Inserting snapshots data...
2023-06-11 20:50:20,152 - Finished snapshots data...
2023-06-11 20:50:20,152 - Finished pool Curve.fi Factory Plain Pool: stETH concentrated.

2023-06-11 20:50:20,152 - Processing pool Curve.fi Factory Crypto Pool: cbETH/ETH.
2023-06-11 20:50:20,642 - Inserting pool data...
2023-06-11 20:50:21,174 - Finished pool data...
2023-06-11 20:50:21,298 - Inserting swap data...
2023-06-11 20:50:21,299 - Finished swap data...
2023-06-11 20:50:21,423 - Inserting lp event data...
2023-06-11 20:50:21,424 - Finished lp event data...
2023-06-11 20:50:21,519 - Inserting snapshots data...
2023-06-11 20:50:21,519 - Finished snapshots data...
2023-06-11 20:50:21,519 - Finished pool Curve.fi Factory Crypto Pool: cbETH/ETH.

2023-06-11 20:50:21,519 - Processing pool Curve.fi Factory Plain Pool: cvxCrv/Crv.
2023-06-11 20:50:22,078 - Inserting pool data...
2023-06-11 20:50:22,528 - Finished pool data...
2023-06-11 20:50:22,642 - Inserting swap data...
2023-06-11 20:50:22,643 - Finished swap data...
2023-06-11 20:50:22,787 - Inserting lp event data...
2023-06-11 20:50:22,787 - Finished lp event data...
2023-06-11 20:50:22,881 - Inserting snapshots data...
2023-06-11 20:50:22,881 - Finished snapshots data...
2023-06-11 20:50:22,881 - Finished pool Curve.fi Factory Plain Pool: cvxCrv/Crv.

2023-06-11 20:50:22,908 - Processing token LUSD OHLCV using chainlink.
2023-06-11 20:50:38,401 - Found the closest round: 18446744073709563520, at 2023-06-11 19:28:23.
2023-06-11 20:50:38,401 - Number of iterations: 14
2023-06-11 20:50:38,631 - Inserting OHLCV.

2023-06-11 20:50:38,639 - Processing token FRAX OHLCV using chainlink.
2023-06-11 20:50:52,969 - Found the closest round: 18446744073709563424, at 2023-06-11 18:40:23.
2023-06-11 20:50:52,969 - Number of iterations: 13
2023-06-11 20:50:53,244 - Inserting OHLCV.

2023-06-11 20:50:53,254 - Processing token MIM OHLCV using ccxt.
2023-06-11 20:50:56,379 - Using Bitfinex for MIM/USD.
2023-06-11 20:50:56,380 - Inserting OHLCV.

2023-06-11 20:50:56,381 - No price data for token MIM at this time.

2023-06-11 20:50:56,381 - Processing token USDC OHLCV using ccxt.
2023-06-11 20:50:57,165 - Using Binance US for USDC/USD.
2023-06-11 20:50:57,168 - Inserting OHLCV.

2023-06-11 20:50:57,224 - Processing token stETH OHLCV using chainlink.
2023-06-11 20:51:13,778 - Found the closest round: 18446744073709569533, at 2023-06-11 19:39:11.
2023-06-11 20:51:13,778 - Number of iterations: 15
2023-06-11 20:51:13,990 - Inserting OHLCV.

2023-06-11 20:51:14,000 - Processing token cbETH OHLCV using ccxt.
2023-06-11 20:51:14,674 - Using Coinbase Pro for CBETH/USD.
2023-06-11 20:51:14,676 - Inserting OHLCV.

2023-06-11 20:51:14,703 - Processing token ETH OHLCV using ccxt.
2023-06-11 20:51:15,455 - Using Binance US for ETH/USD.
2023-06-11 20:51:15,459 - Inserting OHLCV.

2023-06-11 20:51:15,515 - Processing token DAI OHLCV using ccxt.
2023-06-11 20:51:16,268 - Using Binance US for DAI/USD.
2023-06-11 20:51:16,271 - Inserting OHLCV.

2023-06-11 20:51:16,333 - Processing token BUSD OHLCV using chainlink.
2023-06-11 20:51:16,474 - Latest Chainlink timestamp 1686495539 is before start timestamp 1686512411.
NoneType: None
2023-06-11 20:51:16,474 - Inserting OHLCV.

2023-06-11 20:51:16,474 - No price data for token BUSD at this time.

2023-06-11 20:51:16,474 - Processing token sUSD OHLCV using chainlink.
2023-06-11 20:51:16,623 - Latest Chainlink timestamp 1686483191 is before start timestamp 1686512411.
NoneType: None
2023-06-11 20:51:16,623 - Inserting OHLCV.

2023-06-11 20:51:16,623 - No price data for token sUSD at this time.

2023-06-11 20:51:16,624 - WETH assumed to be = ETH. Skipping...

2023-06-11 20:51:16,624 - Processing token cvxCRV OHLCV using curveswaps.
2023-06-11 20:51:16,667 - Inserting OHLCV.

2023-06-11 20:51:16,667 - No price data for token cvxCRV at this time.

2023-06-11 20:51:16,667 - Processing token USDT OHLCV using ccxt.
2023-06-11 20:51:17,418 - Using Binance US for USDT/USD.
2023-06-11 20:51:17,421 - Inserting OHLCV.

2023-06-11 20:51:17,479 - Processing token USDN OHLCV using chainlink.
2023-06-11 20:51:17,634 - Latest Chainlink timestamp 1675776755 is before start timestamp 1686512411.
NoneType: None
2023-06-11 20:51:17,635 - Inserting OHLCV.

2023-06-11 20:51:17,635 - No price data for token USDN at this time.

2023-06-11 20:51:17,635 - Processing token frxETH OHLCV using curveswaps.
2023-06-11 20:51:17,670 - Inserting OHLCV.

2023-06-11 20:51:17,671 - No price data for token frxETH at this time.

2023-06-11 20:51:17,671 - UST only indexed up to 1653667380 (2022-05-27 12:03:00 PM GMT-04:00 DST). Setting end time to 2023-06-11 20:49:35.
2023-06-11 20:51:17,671 - Processing token UST OHLCV using ccxt.
2023-06-11 20:51:17,673 - Using Coinbase Pro for UST/USD.
2023-06-11 20:51:17,673 - Inserting OHLCV.

2023-06-11 20:51:17,673 - No price data for token UST at this time.

2023-06-11 20:51:17,673 - 3Crv uses pool virtual price. Skipping...

2023-06-11 20:51:17,674 - Processing token CRV OHLCV using ccxt.
2023-06-11 20:51:18,441 - Using Binance US for CRV/USD.
2023-06-11 20:51:18,445 - Inserting OHLCV.

2023-06-11 20:51:18,500 - Done :)

2023-06-11 20:51:18,500 - Successfully frontfilled raw data.
2023-06-11 21:00:03,543 - Processing Raw Data...
2023-06-11 21:00:03,544 - Start time: 2023-06-11 19:50:03
2023-06-11 21:00:03,544 - End time: 2023-06-11 21:00:03

2023-06-11 21:00:05,250 - Processing pool Curve.fi ETH/stETH.
2023-06-11 21:00:05,956 - Inserting pool data...
2023-06-11 21:00:08,689 - Finished pool data...
2023-06-11 21:00:08,877 - Inserting swap data...
2023-06-11 21:00:08,878 - Finished swap data...
2023-06-11 21:00:09,001 - Inserting lp event data...
2023-06-11 21:00:09,002 - Finished lp event data...
2023-06-11 21:00:09,104 - Inserting snapshots data...
2023-06-11 21:00:09,105 - Finished snapshots data...
2023-06-11 21:00:09,105 - Finished pool Curve.fi ETH/stETH.

2023-06-11 21:00:09,105 - Processing pool Curve.fi DAI/USDC/USDT.
2023-06-11 21:00:09,685 - Inserting pool data...
2023-06-11 21:00:10,234 - Finished pool data...
2023-06-11 21:00:10,374 - Inserting swap data...
2023-06-11 21:00:10,375 - Finished swap data...
2023-06-11 21:00:10,492 - Inserting lp event data...
2023-06-11 21:00:10,492 - Finished lp event data...
2023-06-11 21:00:10,585 - Inserting snapshots data...
2023-06-11 21:00:10,586 - Finished snapshots data...
2023-06-11 21:00:10,586 - Finished pool Curve.fi DAI/USDC/USDT.

2023-06-11 21:00:10,586 - Processing pool Curve.fi FRAX/USDC.
2023-06-11 21:00:11,059 - Inserting pool data...
2023-06-11 21:00:11,516 - Finished pool data...
2023-06-11 21:00:11,702 - Inserting swap data...
2023-06-11 21:00:11,702 - Finished swap data...
2023-06-11 21:00:11,823 - Inserting lp event data...
2023-06-11 21:00:11,826 - Finished lp event data...
2023-06-11 21:00:11,920 - Inserting snapshots data...
2023-06-11 21:00:11,921 - Finished snapshots data...
2023-06-11 21:00:11,921 - Finished pool Curve.fi FRAX/USDC.

2023-06-11 21:00:11,921 - Processing pool Curve.fi Factory USD Metapool: wormhole v2 UST-3Pool.
2023-06-11 21:00:12,386 - Inserting pool data...
2023-06-11 21:00:12,831 - Finished pool data...
2023-06-11 21:00:12,943 - Inserting swap data...
2023-06-11 21:00:12,944 - Finished swap data...
2023-06-11 21:00:13,051 - Inserting lp event data...
2023-06-11 21:00:13,052 - Finished lp event data...
2023-06-11 21:00:13,153 - Inserting snapshots data...
2023-06-11 21:00:13,154 - Finished snapshots data...
2023-06-11 21:00:13,154 - Finished pool Curve.fi Factory USD Metapool: wormhole v2 UST-3Pool.

2023-06-11 21:00:13,154 - Processing pool Curve.fi USDN/3Crv.
2023-06-11 21:00:13,634 - Inserting pool data...
2023-06-11 21:00:14,101 - Finished pool data...
2023-06-11 21:00:14,218 - Inserting swap data...
2023-06-11 21:00:14,218 - Finished swap data...
2023-06-11 21:00:14,423 - Inserting lp event data...
2023-06-11 21:00:14,424 - Finished lp event data...
2023-06-11 21:00:14,520 - Inserting snapshots data...
2023-06-11 21:00:14,521 - Finished snapshots data...
2023-06-11 21:00:14,521 - Finished pool Curve.fi USDN/3Crv.

2023-06-11 21:00:14,521 - Processing pool Curve.fi Factory USD Metapool: Magic Internet Money 3Pool.
2023-06-11 21:00:14,981 - Inserting pool data...
2023-06-11 21:00:15,454 - Finished pool data...
2023-06-11 21:00:15,643 - Inserting swap data...
2023-06-11 21:00:15,644 - Finished swap data...
2023-06-11 21:00:15,765 - Inserting lp event data...
2023-06-11 21:00:15,765 - Finished lp event data...
2023-06-11 21:00:15,867 - Inserting snapshots data...
2023-06-11 21:00:15,867 - Finished snapshots data...
2023-06-11 21:00:15,867 - Finished pool Curve.fi Factory USD Metapool: Magic Internet Money 3Pool.

2023-06-11 21:00:15,868 - Processing pool Curve.fi DAI/USDC/USDT/sUSD.
2023-06-11 21:00:16,378 - Inserting pool data...
2023-06-11 21:00:16,860 - Finished pool data...
2023-06-11 21:00:16,982 - Inserting swap data...
2023-06-11 21:00:16,983 - Finished swap data...
2023-06-11 21:00:17,103 - Inserting lp event data...
2023-06-11 21:00:17,104 - Finished lp event data...
2023-06-11 21:00:17,198 - Inserting snapshots data...
2023-06-11 21:00:17,199 - Finished snapshots data...
2023-06-11 21:00:17,199 - Finished pool Curve.fi DAI/USDC/USDT/sUSD.

2023-06-11 21:00:17,199 - Processing pool Curve.fi ETH/frxETH.
2023-06-11 21:00:17,674 - Inserting pool data...
2023-06-11 21:00:18,200 - Finished pool data...
2023-06-11 21:00:18,317 - Inserting swap data...
2023-06-11 21:00:18,318 - Finished swap data...
2023-06-11 21:00:18,501 - Inserting lp event data...
2023-06-11 21:00:18,502 - Finished lp event data...
2023-06-11 21:00:18,603 - Inserting snapshots data...
2023-06-11 21:00:18,604 - Finished snapshots data...
2023-06-11 21:00:18,604 - Finished pool Curve.fi ETH/frxETH.

2023-06-11 21:00:18,604 - Processing pool Curve.fi Factory USD Metapool: Liquity.
2023-06-11 21:00:19,176 - Inserting pool data...
2023-06-11 21:00:19,672 - Finished pool data...
2023-06-11 21:00:19,808 - Inserting swap data...
2023-06-11 21:00:19,810 - Finished swap data...
2023-06-11 21:00:19,928 - Inserting lp event data...
2023-06-11 21:00:19,929 - Finished lp event data...
2023-06-11 21:00:20,016 - Inserting snapshots data...
2023-06-11 21:00:20,017 - Finished snapshots data...
2023-06-11 21:00:20,017 - Finished pool Curve.fi Factory USD Metapool: Liquity.

2023-06-11 21:00:20,017 - Processing pool Curve.fi Factory USD Metapool: Binance USD.
2023-06-11 21:00:20,504 - Inserting pool data...
2023-06-11 21:00:21,012 - Finished pool data...
2023-06-11 21:00:21,193 - Inserting swap data...
2023-06-11 21:00:21,194 - Finished swap data...
2023-06-11 21:00:21,344 - Inserting lp event data...
2023-06-11 21:00:21,345 - Finished lp event data...
2023-06-11 21:00:21,440 - Inserting snapshots data...
2023-06-11 21:00:21,441 - Finished snapshots data...
2023-06-11 21:00:21,441 - Finished pool Curve.fi Factory USD Metapool: Binance USD.

2023-06-11 21:00:21,441 - Processing pool Curve.fi Factory Plain Pool: stETH concentrated.
2023-06-11 21:00:21,905 - Inserting pool data...
2023-06-11 21:00:22,381 - Finished pool data...
2023-06-11 21:00:22,503 - Inserting swap data...
2023-06-11 21:00:22,503 - Finished swap data...
2023-06-11 21:00:22,631 - Inserting lp event data...
2023-06-11 21:00:22,632 - Finished lp event data...
2023-06-11 21:00:22,724 - Inserting snapshots data...
2023-06-11 21:00:22,725 - Finished snapshots data...
2023-06-11 21:00:22,725 - Finished pool Curve.fi Factory Plain Pool: stETH concentrated.

2023-06-11 21:00:22,725 - Processing pool Curve.fi Factory Crypto Pool: cbETH/ETH.
2023-06-11 21:00:23,193 - Inserting pool data...
2023-06-11 21:00:23,657 - Finished pool data...
2023-06-11 21:00:23,891 - Inserting swap data...
2023-06-11 21:00:23,892 - Finished swap data...
2023-06-11 21:00:24,005 - Inserting lp event data...
2023-06-11 21:00:24,005 - Finished lp event data...
2023-06-11 21:00:24,094 - Inserting snapshots data...
2023-06-11 21:00:24,094 - Finished snapshots data...
2023-06-11 21:00:24,094 - Finished pool Curve.fi Factory Crypto Pool: cbETH/ETH.

2023-06-11 21:00:24,094 - Processing pool Curve.fi Factory Plain Pool: cvxCrv/Crv.
2023-06-11 21:00:24,596 - Inserting pool data...
2023-06-11 21:00:25,085 - Finished pool data...
2023-06-11 21:00:25,202 - Inserting swap data...
2023-06-11 21:00:25,203 - Finished swap data...
2023-06-11 21:00:25,384 - Inserting lp event data...
2023-06-11 21:00:25,385 - Finished lp event data...
2023-06-11 21:00:25,472 - Inserting snapshots data...
2023-06-11 21:00:25,473 - Finished snapshots data...
2023-06-11 21:00:25,474 - Finished pool Curve.fi Factory Plain Pool: cvxCrv/Crv.

2023-06-11 21:00:25,516 - Processing token LUSD OHLCV using chainlink.
2023-06-11 21:00:40,805 - Found the closest round: 18446744073709563520, at 2023-06-11 19:28:23.
2023-06-11 21:00:40,805 - Number of iterations: 14
2023-06-11 21:00:41,001 - Inserting OHLCV.

2023-06-11 21:00:41,012 - Processing token FRAX OHLCV using chainlink.
2023-06-11 21:00:56,200 - Found the closest round: 18446744073709563425, at 2023-06-11 19:41:11.
2023-06-11 21:00:56,200 - Number of iterations: 14
2023-06-11 21:00:56,374 - Inserting OHLCV.

2023-06-11 21:00:56,382 - Processing token MIM OHLCV using ccxt.
2023-06-11 21:00:59,578 - Using Bitfinex for MIM/USD.
2023-06-11 21:00:59,580 - Inserting OHLCV.

2023-06-11 21:00:59,581 - No price data for token MIM at this time.

2023-06-11 21:00:59,581 - Processing token USDC OHLCV using ccxt.
2023-06-11 21:01:00,355 - Using Binance US for USDC/USD.
2023-06-11 21:01:00,359 - Inserting OHLCV.

2023-06-11 21:01:00,421 - Processing token stETH OHLCV using chainlink.
2023-06-11 21:01:16,726 - Found the closest round: 18446744073709569533, at 2023-06-11 19:39:11.
2023-06-11 21:01:16,727 - Number of iterations: 15
2023-06-11 21:01:16,903 - Inserting OHLCV.

2023-06-11 21:01:16,911 - Processing token cbETH OHLCV using ccxt.
2023-06-11 21:01:17,467 - Using Coinbase Pro for CBETH/USD.
2023-06-11 21:01:17,469 - Inserting OHLCV.

2023-06-11 21:01:17,496 - Processing token ETH OHLCV using ccxt.
2023-06-11 21:01:18,248 - Using Binance US for ETH/USD.
2023-06-11 21:01:18,253 - Inserting OHLCV.

2023-06-11 21:01:18,320 - Processing token DAI OHLCV using ccxt.
2023-06-11 21:01:19,067 - Using Binance US for DAI/USD.
2023-06-11 21:01:19,070 - Inserting OHLCV.

2023-06-11 21:01:19,127 - Processing token BUSD OHLCV using chainlink.
2023-06-11 21:01:19,261 - Latest Chainlink timestamp 1686495539 is before start timestamp 1686513011.
NoneType: None
2023-06-11 21:01:19,261 - Inserting OHLCV.

2023-06-11 21:01:19,261 - No price data for token BUSD at this time.

2023-06-11 21:01:19,261 - Processing token sUSD OHLCV using chainlink.
2023-06-11 21:01:19,395 - Latest Chainlink timestamp 1686483191 is before start timestamp 1686513011.
NoneType: None
2023-06-11 21:01:19,395 - Inserting OHLCV.

2023-06-11 21:01:19,395 - No price data for token sUSD at this time.

2023-06-11 21:01:19,395 - WETH assumed to be = ETH. Skipping...

2023-06-11 21:01:19,395 - Processing token cvxCRV OHLCV using curveswaps.
2023-06-11 21:01:19,441 - Inserting OHLCV.

2023-06-11 21:01:19,441 - No price data for token cvxCRV at this time.

2023-06-11 21:01:19,441 - Processing token USDT OHLCV using ccxt.
2023-06-11 21:01:20,192 - Using Binance US for USDT/USD.
2023-06-11 21:01:20,196 - Inserting OHLCV.

2023-06-11 21:01:20,251 - Processing token USDN OHLCV using chainlink.
2023-06-11 21:01:20,386 - Latest Chainlink timestamp 1675776755 is before start timestamp 1686513011.
NoneType: None
2023-06-11 21:01:20,386 - Inserting OHLCV.

2023-06-11 21:01:20,386 - No price data for token USDN at this time.

2023-06-11 21:01:20,386 - Processing token frxETH OHLCV using curveswaps.
2023-06-11 21:01:20,418 - Inserting OHLCV.

2023-06-11 21:01:20,419 - No price data for token frxETH at this time.

2023-06-11 21:01:20,419 - UST only indexed up to 1653667380 (2022-05-27 12:03:00 PM GMT-04:00 DST). Setting end time to 2023-06-11 20:59:47.
2023-06-11 21:01:20,419 - Processing token UST OHLCV using ccxt.
2023-06-11 21:01:20,421 - Using Coinbase Pro for UST/USD.
2023-06-11 21:01:20,421 - Inserting OHLCV.

2023-06-11 21:01:20,421 - No price data for token UST at this time.

2023-06-11 21:01:20,422 - 3Crv uses pool virtual price. Skipping...

2023-06-11 21:01:20,422 - Processing token CRV OHLCV using ccxt.
2023-06-11 21:01:21,174 - Using Binance US for CRV/USD.
2023-06-11 21:01:21,178 - Inserting OHLCV.

2023-06-11 21:01:21,234 - Done :)

2023-06-11 21:01:21,234 - Successfully frontfilled raw data.
