
[2023-06-08 13:20:30.798747] Starting backfilling process.

[2023-06-08 13:20:31.864443] Backfilling pool Curve.fi ETH/stETH.
[2023-06-08 13:20:31.864477] Start time: 2022-08-12 23:55:03
[2023-06-08 13:20:31.864487] End time: 2022-08-20 00:00:29
[2023-06-08 13:21:24.206016] Inserting pool data...
[2023-06-08 13:22:16.333807] Finished pool data...
[2023-06-08 13:22:24.823383] Inserting swap data...
[2023-06-08 13:22:25.934245] Finished swap data...
[2023-06-08 13:22:31.468709] Inserting lp event data...
[2023-06-08 13:22:31.804555] Finished lp event data...
[2023-06-08 13:22:32.168815] Inserting snapshots data...
[2023-06-08 13:22:32.182569] Finished snapshots data...
[2023-06-08 13:22:32.182590] Finished pool Curve.fi ETH/stETH.

[2023-06-08 13:22:32.182597] Backfilling pool Curve.fi DAI/USDC/USDT.
[2023-06-08 13:22:32.182604] Start time: 2022-08-12 23:55:03
[2023-06-08 13:22:32.182612] End time: 2022-08-20 00:00:29
[2023-06-08 13:23:25.442248] Inserting pool data...
[2023-06-08 13:24:17.578953] Finished pool data...
[2023-06-08 13:24:23.084584] Inserting swap data...
[2023-06-08 13:24:24.176099] Finished swap data...
[2023-06-08 13:24:29.648478] Inserting lp event data...
[2023-06-08 13:24:31.746966] Finished lp event data...
[2023-06-08 13:24:31.875651] Inserting snapshots data...
[2023-06-08 13:24:31.891442] Finished snapshots data...
[2023-06-08 13:24:31.891463] Finished pool Curve.fi DAI/USDC/USDT.

[2023-06-08 13:24:31.891471] Backfilling pool Curve.fi FRAX/USDC.
[2023-06-08 13:24:31.891477] Start time: 2022-08-12 23:55:03
[2023-06-08 13:24:31.891486] End time: 2022-08-20 00:00:29
[2023-06-08 13:25:24.148897] Inserting pool data...
[2023-06-08 13:26:15.947140] Finished pool data...
[2023-06-08 13:26:22.055846] Inserting swap data...
[2023-06-08 13:26:22.173170] Finished swap data...
[2023-06-08 13:26:27.723972] Inserting lp event data...
[2023-06-08 13:26:28.149763] Finished lp event data...
[2023-06-08 13:26:28.269198] Inserting snapshots data...
[2023-06-08 13:26:28.282222] Finished snapshots data...
[2023-06-08 13:26:28.282243] Finished pool Curve.fi FRAX/USDC.

[2023-06-08 13:26:28.282251] Backfilling pool Curve.fi Factory USD Metapool: wormhole v2 UST-3Pool.
[2023-06-08 13:26:28.282258] Start time: 2022-08-12 23:55:03
[2023-06-08 13:26:28.282267] End time: 2022-08-20 00:00:29
[2023-06-08 13:27:22.262331] Inserting pool data...
[2023-06-08 13:28:14.236819] Finished pool data...
[2023-06-08 13:28:19.662378] Inserting swap data...
[2023-06-08 13:28:19.684895] Finished swap data...
[2023-06-08 13:28:25.684028] Inserting lp event data...
[2023-06-08 13:28:25.691647] Finished lp event data...
[2023-06-08 13:28:26.793973] Inserting snapshots data...
[2023-06-08 13:28:26.815902] Finished snapshots data...
[2023-06-08 13:28:26.815922] Finished pool Curve.fi Factory USD Metapool: wormhole v2 UST-3Pool.

[2023-06-08 13:28:26.815930] Backfilling pool Curve.fi USDN/3Crv.
[2023-06-08 13:28:26.815937] Start time: 2022-08-12 23:55:03
[2023-06-08 13:28:26.815946] End time: 2022-08-20 00:00:29
[2023-06-08 13:29:20.218728] Inserting pool data...
[2023-06-08 13:30:12.783986] Finished pool data...
[2023-06-08 13:30:20.094838] Inserting swap data...
[2023-06-08 13:30:20.130395] Finished swap data...
[2023-06-08 13:30:25.538858] Inserting lp event data...
[2023-06-08 13:30:25.572781] Finished lp event data...
[2023-06-08 13:30:25.701558] Inserting snapshots data...
[2023-06-08 13:30:25.714174] Finished snapshots data...
[2023-06-08 13:30:25.714193] Finished pool Curve.fi USDN/3Crv.

[2023-06-08 13:30:25.714201] Backfilling pool Curve.fi Factory USD Metapool: Magic Internet Money 3Pool.
[2023-06-08 13:30:25.714209] Start time: 2022-08-12 23:55:03
[2023-06-08 13:30:25.714218] End time: 2022-08-20 00:00:29
[2023-06-08 13:31:18.806855] Inserting pool data...
[2023-06-08 13:32:11.196101] Finished pool data...
[2023-06-08 13:32:17.244336] Inserting swap data...
[2023-06-08 13:32:17.407041] Finished swap data...
[2023-06-08 13:32:22.927946] Inserting lp event data...
[2023-06-08 13:32:23.016593] Finished lp event data...
[2023-06-08 13:32:23.122459] Inserting snapshots data...
[2023-06-08 13:32:23.134975] Finished snapshots data...
[2023-06-08 13:32:23.134994] Finished pool Curve.fi Factory USD Metapool: Magic Internet Money 3Pool.

[2023-06-08 13:32:23.135002] Backfilling pool Curve.fi DAI/USDC/USDT/sUSD.
[2023-06-08 13:32:23.135009] Start time: 2022-08-12 23:55:03
[2023-06-08 13:32:23.135018] End time: 2022-08-20 00:00:29
[2023-06-08 13:33:17.712971] Inserting pool data...
[2023-06-08 13:34:10.652018] Finished pool data...
[2023-06-08 13:34:17.244647] Inserting swap data...
[2023-06-08 13:34:17.488013] Finished swap data...
[2023-06-08 13:34:22.578119] Inserting lp event data...
[2023-06-08 13:34:22.640441] Finished lp event data...
[2023-06-08 13:34:22.752785] Inserting snapshots data...
[2023-06-08 13:34:22.765062] Finished snapshots data...
[2023-06-08 13:34:22.765081] Finished pool Curve.fi DAI/USDC/USDT/sUSD.

[2023-06-08 13:34:22.765088] Backfilling pool Curve.fi ETH/frxETH.
[2023-06-08 13:34:22.765095] Pools Curve.fi ETH/frxETH was created after the end date. Skipping...

[2023-06-08 13:34:22.765101] Backfilling pool Curve.fi Factory USD Metapool: Liquity.
[2023-06-08 13:34:22.765106] Start time: 2022-08-12 23:55:03
[2023-06-08 13:34:22.765115] End time: 2022-08-20 00:00:29
[2023-06-08 13:35:17.420352] Inserting pool data...
[2023-06-08 13:36:10.723709] Finished pool data...
[2023-06-08 13:36:16.168181] Inserting swap data...
[2023-06-08 13:36:16.568798] Finished swap data...
[2023-06-08 13:36:23.031652] Inserting lp event data...
[2023-06-08 13:36:23.056727] Finished lp event data...
[2023-06-08 13:36:23.190745] Inserting snapshots data...
[2023-06-08 13:36:23.203320] Finished snapshots data...
[2023-06-08 13:36:23.203353] Finished pool Curve.fi Factory USD Metapool: Liquity.

[2023-06-08 13:36:23.203363] Backfilling pool Curve.fi Factory USD Metapool: Binance USD.
[2023-06-08 13:36:23.203371] Start time: 2022-08-12 23:55:03
[2023-06-08 13:36:23.203381] End time: 2022-08-20 00:00:29
[2023-06-08 13:37:15.682337] Inserting pool data...
[2023-06-08 13:38:09.184509] Finished pool data...
[2023-06-08 13:38:15.453693] Inserting swap data...
[2023-06-08 13:38:15.491303] Finished swap data...
[2023-06-08 13:38:21.159366] Inserting lp event data...
[2023-06-08 13:38:21.181362] Finished lp event data...
[2023-06-08 13:38:21.441904] Inserting snapshots data...
[2023-06-08 13:38:21.454861] Finished snapshots data...
[2023-06-08 13:38:21.454896] Finished pool Curve.fi Factory USD Metapool: Binance USD.

[2023-06-08 13:38:21.454905] Backfilling pool Curve.fi Factory Plain Pool: stETH concentrated.
[2023-06-08 13:38:21.454912] Start time: 2022-08-12 23:55:03
[2023-06-08 13:38:21.454922] End time: 2022-08-20 00:00:29
[2023-06-08 13:39:14.839512] Inserting pool data...
[2023-06-08 13:40:09.770087] Finished pool data...
[2023-06-08 13:40:15.387528] Inserting swap data...
[2023-06-08 13:40:15.449672] Finished swap data...
[2023-06-08 13:40:21.080831] Inserting lp event data...
[2023-06-08 13:40:21.096829] Finished lp event data...
[2023-06-08 13:40:21.310782] Inserting snapshots data...
[2023-06-08 13:40:21.329598] Finished snapshots data...
[2023-06-08 13:40:21.329640] Finished pool Curve.fi Factory Plain Pool: stETH concentrated.

[2023-06-08 13:40:21.329649] Backfilling pool Curve.fi Factory Crypto Pool: cbETH/ETH.
[2023-06-08 13:40:21.329657] Pools Curve.fi Factory Crypto Pool: cbETH/ETH was created after the end date. Skipping...

[2023-06-08 13:40:21.329664] Backfilling pool Curve.fi Factory Plain Pool: cvxCrv/Crv.
[2023-06-08 13:40:21.329671] Pools Curve.fi Factory Plain Pool: cvxCrv/Crv was created after the end date. Skipping...

[2023-06-08 13:40:21.329681] Backfilling token LUSD OHLCV using chainlink.
Found the closest round: 18446744073709556167, at 2022-08-12 23:21:30.
Number of iterations: 13
[2023-06-08 13:40:40.525208] Inserting OHLCV.
[2023-06-08 13:40:40.723136] Backfilling token FRAX OHLCV using chainlink.
Found the closest round: 18446744073709556156, at 2022-08-12 23:12:58.
Number of iterations: 14
[2023-06-08 13:41:00.473459] Inserting OHLCV.
[2023-06-08 13:41:00.657878] Backfilling token MIM OHLCV using ccxt.
Using Bitfinex for MIM/USD.

[2023-06-08 13:41:08.705037] Inserting OHLCV.
[2023-06-08 13:41:12.321933] Backfilling token USDC OHLCV using ccxt.
Using Binance US for USDC/USD.

[2023-06-08 13:41:14.411217] Inserting OHLCV.
[2023-06-08 13:41:22.546451] Backfilling token stETH OHLCV using chainlink.
Found the closest round: 18446744073709561750, at 2022-08-12 23:22:42.
Number of iterations: 15
[2023-06-08 13:41:43.935320] Inserting OHLCV.
[2023-06-08 13:41:44.144422] cbETH only indexed from 1661444040 (2022 12:14:00 PM GMT-04:00 DST). Skipping...
[2023-06-08 13:41:44.144472] Backfilling token ETH OHLCV using ccxt.
Using Binance US for ETH/USD.

[2023-06-08 13:41:46.244313] Inserting OHLCV.
[2023-06-08 13:41:54.216612] Backfilling token DAI OHLCV using ccxt.
Using Binance US for DAI/USD.

[2023-06-08 13:41:56.521939] Inserting OHLCV.
[2023-06-08 13:42:04.377651] Backfilling token BUSD OHLCV using chainlink.
Found the closest round: 18446744073709552125, at 2022-08-12 10:25:46.
Number of iterations: 10
[2023-06-08 13:42:15.140085] Inserting OHLCV.
[2023-06-08 13:42:15.155605] Backfilling token sUSD OHLCV using chainlink.
Found the closest round: 18446744073709552783, at 2022-08-12 23:52:52.
Number of iterations: 11
[2023-06-08 13:42:27.939263] Inserting OHLCV.
[2023-06-08 13:42:27.989597] WETH assumed to be = ETH. Skipping...

[2023-06-08 13:42:27.989637] Backfilling token cvxCRV OHLCV using curveswaps.
[2023-06-08 13:42:28.011751] Inserting OHLCV.
[2023-06-08 13:42:28.011830] No price data for token cvxCRV at this time.

[2023-06-08 13:42:28.011843] Backfilling token USDT OHLCV using ccxt.
Using Binance US for USDT/USD.

[2023-06-08 13:42:30.139327] Inserting OHLCV.
[2023-06-08 13:42:38.248485] Backfilling token USDN OHLCV using chainlink.
Found the closest round: 321, at 2022-08-12 14:44:57.
Number of iterations: 9
[2023-06-08 13:42:48.037535] Inserting OHLCV.
[2023-06-08 13:42:48.054739] Backfilling token frxETH OHLCV using curveswaps.
[2023-06-08 13:42:48.070463] Inserting OHLCV.
[2023-06-08 13:42:48.070519] No price data for token frxETH at this time.

[2023-06-08 13:42:48.070530] UST only indexed up to 1653667380 (2022-05-27 12:03:00 PM GMT-04:00 DST). Setting end time to 2022-08-20 00:00:29.
[2023-06-08 13:42:48.070544] Backfilling token UST OHLCV using ccxt.
Using Coinbase Pro for UST/USD.

[2023-06-08 13:42:48.073060] Inserting OHLCV.
[2023-06-08 13:42:48.073080] No price data for token UST at this time.

[2023-06-08 13:42:48.073088] 3Crv uses pool virtual price. Skipping...

[2023-06-08 13:42:48.073097] Backfilling token CRV OHLCV using ccxt.
Using Binance US for CRV/USD.

[2023-06-08 13:42:50.173633] Inserting OHLCV.
[2023-06-08 13:42:58.411318] Done :)
