
[2023-06-08 21:49:58.752067] Starting backfilling process.

[2023-06-08 21:50:00.144073] Backfilling pool Curve.fi ETH/stETH.
[2023-06-08 21:50:00.144133] Start time: 2022-12-09 23:55:11
[2023-06-08 21:50:00.144154] End time: 2022-12-17 00:00:11
[2023-06-08 21:50:59.326624] Inserting pool data...
[2023-06-08 21:52:00.554050] Finished pool data...
[2023-06-08 21:52:06.677214] Inserting swap data...
[2023-06-08 21:52:07.736536] Finished swap data...
[2023-06-08 21:52:14.563641] Inserting lp event data...
[2023-06-08 21:52:15.041677] Finished lp event data...
[2023-06-08 21:52:15.181391] Inserting snapshots data...
[2023-06-08 21:52:15.195722] Finished snapshots data...
[2023-06-08 21:52:15.195753] Finished pool Curve.fi ETH/stETH.

[2023-06-08 21:52:15.195762] Backfilling pool Curve.fi DAI/USDC/USDT.
[2023-06-08 21:52:15.195770] Start time: 2022-12-09 23:55:11
[2023-06-08 21:52:15.195780] End time: 2022-12-17 00:00:11
[2023-06-08 21:53:15.282851] Inserting pool data...
[2023-06-08 21:54:15.740719] Finished pool data...
[2023-06-08 21:54:22.421561] Inserting swap data...
[2023-06-08 21:54:24.504558] Finished swap data...
[2023-06-08 21:54:30.906486] Inserting lp event data...
[2023-06-08 21:54:33.616779] Finished lp event data...
[2023-06-08 21:54:33.727046] Inserting snapshots data...
[2023-06-08 21:54:33.740297] Finished snapshots data...
[2023-06-08 21:54:33.740468] Finished pool Curve.fi DAI/USDC/USDT.

[2023-06-08 21:54:33.740568] Backfilling pool Curve.fi FRAX/USDC.
[2023-06-08 21:54:33.740665] Start time: 2022-12-09 23:55:11
[2023-06-08 21:54:33.740764] End time: 2022-12-17 00:00:11
[2023-06-08 21:55:35.314405] Inserting pool data...
[2023-06-08 21:56:37.254686] Finished pool data...
[2023-06-08 21:56:43.953439] Inserting swap data...
[2023-06-08 21:56:44.161257] Finished swap data...
[2023-06-08 21:56:50.444138] Inserting lp event data...
[2023-06-08 21:56:51.204019] Finished lp event data...
[2023-06-08 21:56:51.316614] Inserting snapshots data...
[2023-06-08 21:56:51.329069] Finished snapshots data...
[2023-06-08 21:56:51.329106] Finished pool Curve.fi FRAX/USDC.

[2023-06-08 21:56:51.329115] Backfilling pool Curve.fi Factory USD Metapool: wormhole v2 UST-3Pool.
[2023-06-08 21:56:51.329123] Start time: 2022-12-09 23:55:11
[2023-06-08 21:56:51.329133] End time: 2022-12-17 00:00:11
[2023-06-08 21:57:51.811075] Inserting pool data...
[2023-06-08 21:58:54.507371] Finished pool data...
[2023-06-08 21:59:01.288086] Inserting swap data...
[2023-06-08 21:59:01.312158] Finished swap data...
[2023-06-08 21:59:08.692293] Inserting lp event data...
[2023-06-08 21:59:08.693936] Finished lp event data...
[2023-06-08 21:59:08.805669] Inserting snapshots data...
[2023-06-08 21:59:08.818649] Finished snapshots data...
[2023-06-08 21:59:08.818684] Finished pool Curve.fi Factory USD Metapool: wormhole v2 UST-3Pool.

[2023-06-08 21:59:08.818694] Backfilling pool Curve.fi USDN/3Crv.
[2023-06-08 21:59:08.818702] Start time: 2022-12-09 23:55:11
[2023-06-08 21:59:08.818712] End time: 2022-12-17 00:00:11
