
[2023-06-08 13:43:00.229735] Starting backfilling process.

[2023-06-08 13:43:01.617092] Backfilling pool Curve.fi ETH/stETH.
[2023-06-08 13:43:01.617148] Start time: 2022-08-19 23:55:06
[2023-06-08 13:43:01.617164] End time: 2022-08-27 00:00:06
[2023-06-08 13:43:52.832327] Inserting pool data...
[2023-06-08 13:44:45.615050] Finished pool data...
[2023-06-08 13:44:51.521928] Inserting swap data...
[2023-06-08 13:44:52.525072] Finished swap data...
[2023-06-08 13:44:58.028777] Inserting lp event data...
[2023-06-08 13:44:58.301189] Finished lp event data...
[2023-06-08 13:44:58.460452] Inserting snapshots data...
[2023-06-08 13:44:58.473929] Finished snapshots data...
[2023-06-08 13:44:58.473967] Finished pool Curve.fi ETH/stETH.

[2023-06-08 13:44:58.473980] Backfilling pool Curve.fi DAI/USDC/USDT.
[2023-06-08 13:44:58.473991] Start time: 2022-08-19 23:55:06
[2023-06-08 13:44:58.474007] End time: 2022-08-27 00:00:06
[2023-06-08 13:45:51.802677] Inserting pool data...
[2023-06-08 13:46:43.891047] Finished pool data...
[2023-06-08 13:46:50.260544] Inserting swap data...
[2023-06-08 13:46:51.632512] Finished swap data...
[2023-06-08 13:46:57.194613] Inserting lp event data...
[2023-06-08 13:46:58.965000] Finished lp event data...
[2023-06-08 13:46:59.092023] Inserting snapshots data...
[2023-06-08 13:46:59.104680] Finished snapshots data...
[2023-06-08 13:46:59.104713] Finished pool Curve.fi DAI/USDC/USDT.

[2023-06-08 13:46:59.104722] Backfilling pool Curve.fi FRAX/USDC.
[2023-06-08 13:46:59.104729] Start time: 2022-08-19 23:55:06
[2023-06-08 13:46:59.104739] End time: 2022-08-27 00:00:06
[2023-06-08 13:47:52.619076] Inserting pool data...
[2023-06-08 13:48:44.727912] Finished pool data...
[2023-06-08 13:48:50.438178] Inserting swap data...
[2023-06-08 13:48:50.519911] Finished swap data...
[2023-06-08 13:48:56.031352] Inserting lp event data...
[2023-06-08 13:48:56.315566] Finished lp event data...
[2023-06-08 13:48:56.432379] Inserting snapshots data...
[2023-06-08 13:48:56.445536] Finished snapshots data...
[2023-06-08 13:48:56.445571] Finished pool Curve.fi FRAX/USDC.

[2023-06-08 13:48:56.445579] Backfilling pool Curve.fi Factory USD Metapool: wormhole v2 UST-3Pool.
[2023-06-08 13:48:56.445587] Start time: 2022-08-19 23:55:06
[2023-06-08 13:48:56.445597] End time: 2022-08-27 00:00:06
[2023-06-08 13:49:49.819132] Inserting pool data...
[2023-06-08 13:50:42.176290] Finished pool data...
[2023-06-08 13:50:48.036356] Inserting swap data...
[2023-06-08 13:50:48.072974] Finished swap data...
[2023-06-08 13:50:53.628199] Inserting lp event data...
[2023-06-08 13:50:53.629805] Finished lp event data...
[2023-06-08 13:50:53.745882] Inserting snapshots data...
[2023-06-08 13:50:53.758619] Finished snapshots data...
[2023-06-08 13:50:53.758649] Finished pool Curve.fi Factory USD Metapool: wormhole v2 UST-3Pool.

[2023-06-08 13:50:53.758657] Backfilling pool Curve.fi USDN/3Crv.
[2023-06-08 13:50:53.758665] Start time: 2022-08-19 23:55:06
[2023-06-08 13:50:53.758675] End time: 2022-08-27 00:00:06
[2023-06-08 13:51:46.382212] Inserting pool data...
[2023-06-08 13:52:38.633665] Finished pool data...
[2023-06-08 13:52:44.945065] Inserting swap data...
[2023-06-08 13:52:44.987018] Finished swap data...
[2023-06-08 13:52:50.336488] Inserting lp event data...
[2023-06-08 13:52:50.362600] Finished lp event data...
[2023-06-08 13:52:50.773033] Inserting snapshots data...
[2023-06-08 13:52:50.786005] Finished snapshots data...
[2023-06-08 13:52:50.786039] Finished pool Curve.fi USDN/3Crv.

[2023-06-08 13:52:50.786051] Backfilling pool Curve.fi Factory USD Metapool: Magic Internet Money 3Pool.
[2023-06-08 13:52:50.786062] Start time: 2022-08-19 23:55:06
[2023-06-08 13:52:50.786075] End time: 2022-08-27 00:00:06
[2023-06-08 13:53:43.603654] Inserting pool data...
[2023-06-08 13:54:36.215209] Finished pool data...
[2023-06-08 13:54:42.337289] Inserting swap data...
[2023-06-08 13:54:42.475300] Finished swap data...
[2023-06-08 13:54:49.993675] Inserting lp event data...
[2023-06-08 13:54:50.069593] Finished lp event data...
[2023-06-08 13:54:50.805349] Inserting snapshots data...
[2023-06-08 13:54:50.818172] Finished snapshots data...
[2023-06-08 13:54:50.818208] Finished pool Curve.fi Factory USD Metapool: Magic Internet Money 3Pool.

[2023-06-08 13:54:50.818223] Backfilling pool Curve.fi DAI/USDC/USDT/sUSD.
[2023-06-08 13:54:50.818237] Start time: 2022-08-19 23:55:06
[2023-06-08 13:54:50.818251] End time: 2022-08-27 00:00:06
[2023-06-08 13:55:44.667929] Inserting pool data...
[2023-06-08 13:56:37.093243] Finished pool data...
[2023-06-08 13:56:42.520248] Inserting swap data...
[2023-06-08 13:56:42.846639] Finished swap data...
[2023-06-08 13:56:48.094258] Inserting lp event data...
[2023-06-08 13:56:48.157960] Finished lp event data...
[2023-06-08 13:56:48.268657] Inserting snapshots data...
[2023-06-08 13:56:48.281795] Finished snapshots data...
[2023-06-08 13:56:48.281832] Finished pool Curve.fi DAI/USDC/USDT/sUSD.

[2023-06-08 13:56:48.281841] Backfilling pool Curve.fi ETH/frxETH.
[2023-06-08 13:56:48.281849] Pools Curve.fi ETH/frxETH was created after the end date. Skipping...

[2023-06-08 13:56:48.281856] Backfilling pool Curve.fi Factory USD Metapool: Liquity.
[2023-06-08 13:56:48.281863] Start time: 2022-08-19 23:55:06
[2023-06-08 13:56:48.281873] End time: 2022-08-27 00:00:06
[2023-06-08 13:57:42.068285] Inserting pool data...
[2023-06-08 13:58:34.036671] Finished pool data...
[2023-06-08 13:58:40.225435] Inserting swap data...
[2023-06-08 13:58:40.525018] Finished swap data...
[2023-06-08 13:58:45.960170] Inserting lp event data...
[2023-06-08 13:58:45.996025] Finished lp event data...
[2023-06-08 13:58:54.803885] Inserting snapshots data...
[2023-06-08 13:58:54.817269] Finished snapshots data...
[2023-06-08 13:58:54.817302] Finished pool Curve.fi Factory USD Metapool: Liquity.

[2023-06-08 13:58:54.817311] Backfilling pool Curve.fi Factory USD Metapool: Binance USD.
[2023-06-08 13:58:54.817319] Start time: 2022-08-19 23:55:06
[2023-06-08 13:58:54.817329] End time: 2022-08-27 00:00:06
[2023-06-08 13:59:48.792619] Inserting pool data...
[2023-06-08 14:00:41.361055] Finished pool data...
[2023-06-08 14:00:47.371279] Inserting swap data...
[2023-06-08 14:00:47.404995] Finished swap data...
[2023-06-08 14:00:53.056601] Inserting lp event data...
[2023-06-08 14:00:53.069958] Finished lp event data...
[2023-06-08 14:00:57.328526] Inserting snapshots data...
[2023-06-08 14:00:57.342414] Finished snapshots data...
[2023-06-08 14:00:57.342444] Finished pool Curve.fi Factory USD Metapool: Binance USD.

[2023-06-08 14:00:57.342454] Backfilling pool Curve.fi Factory Plain Pool: stETH concentrated.
[2023-06-08 14:00:57.342461] Start time: 2022-08-19 23:55:06
[2023-06-08 14:00:57.342471] End time: 2022-08-27 00:00:06
[2023-06-08 14:01:54.523378] Inserting pool data...
[2023-06-08 14:02:46.243072] Finished pool data...
[2023-06-08 14:02:53.123584] Inserting swap data...
[2023-06-08 14:02:53.169889] Finished swap data...
[2023-06-08 14:02:58.655651] Inserting lp event data...
[2023-06-08 14:02:58.668305] Finished lp event data...
[2023-06-08 14:02:58.788952] Inserting snapshots data...
[2023-06-08 14:02:58.801433] Finished snapshots data...
[2023-06-08 14:02:58.801467] Finished pool Curve.fi Factory Plain Pool: stETH concentrated.

[2023-06-08 14:02:58.801476] Backfilling pool Curve.fi Factory Crypto Pool: cbETH/ETH.
[2023-06-08 14:02:58.801495] Start time: 2022-08-24 17:05:55
[2023-06-08 14:02:58.801506] End time: 2022-08-27 00:00:06
[2023-06-08 14:03:16.681121] Inserting pool data...
[2023-06-08 14:03:33.579945] Finished pool data...
[2023-06-08 14:03:35.837053] Inserting swap data...
[2023-06-08 14:03:35.861595] Finished swap data...
[2023-06-08 14:03:37.734126] Inserting lp event data...
[2023-06-08 14:03:37.744678] Finished lp event data...
[2023-06-08 14:03:37.860712] Inserting snapshots data...
[2023-06-08 14:03:37.867382] Finished snapshots data...
[2023-06-08 14:03:37.867414] Finished pool Curve.fi Factory Crypto Pool: cbETH/ETH.

[2023-06-08 14:03:37.867423] Backfilling pool Curve.fi Factory Plain Pool: cvxCrv/Crv.
[2023-06-08 14:03:37.867431] Pools Curve.fi Factory Plain Pool: cvxCrv/Crv was created after the end date. Skipping...

[2023-06-08 14:03:37.867497] Backfilling token LUSD OHLCV using chainlink.
Found the closest round: 18446744073709556338, at 2022-08-19 23:15:14.
Number of iterations: 13
[2023-06-08 14:03:56.440521] Inserting OHLCV.
[2023-06-08 14:03:56.628542] Backfilling token FRAX OHLCV using chainlink.
Found the closest round: 18446744073709556324, at 2022-08-19 23:26:42.
Number of iterations: 14
[2023-06-08 14:04:15.976722] Inserting OHLCV.
[2023-06-08 14:04:16.176873] Backfilling token MIM OHLCV using ccxt.
Using Bitfinex for MIM/USD.

[2023-06-08 14:04:19.915565] Inserting OHLCV.
[2023-06-08 14:04:20.631052] Backfilling token USDC OHLCV using ccxt.
Using Binance US for USDC/USD.

[2023-06-08 14:04:22.774463] Inserting OHLCV.
[2023-06-08 14:04:30.704174] Backfilling token stETH OHLCV using chainlink.
Found the closest round: 18446744073709561936, at 2022-08-19 23:14:24.
Number of iterations: 14
[2023-06-08 14:04:50.541187] Inserting OHLCV.
[2023-06-08 14:04:50.741144] cbETH only indexed from 1661444040 (2022 12:14:00 PM GMT-04:00 DST). Setting start ts to 1661444040.
[2023-06-08 14:04:50.741189] Backfilling token cbETH OHLCV using ccxt.
Using Coinbase Pro for CBETH/USD.

[2023-06-08 14:04:52.952441] Inserting OHLCV.
[2023-06-08 14:04:54.501107] Backfilling token ETH OHLCV using ccxt.
Using Binance US for ETH/USD.

[2023-06-08 14:04:56.570750] Inserting OHLCV.
[2023-06-08 14:05:04.465509] Backfilling token DAI OHLCV using ccxt.
Using Binance US for DAI/USD.

[2023-06-08 14:05:06.631099] Inserting OHLCV.
[2023-06-08 14:05:14.523695] Backfilling token BUSD OHLCV using chainlink.
Found the closest round: 18446744073709552132, at 2022-08-19 10:26:01.
Number of iterations: 10
[2023-06-08 14:05:25.240113] Inserting OHLCV.
[2023-06-08 14:05:25.262233] Backfilling token sUSD OHLCV using chainlink.
Found the closest round: 18446744073709552823, at 2022-08-19 22:24:04.
Number of iterations: 11
[2023-06-08 14:05:37.759910] Inserting OHLCV.
[2023-06-08 14:05:37.802535] WETH assumed to be = ETH. Skipping...

[2023-06-08 14:05:37.802572] Backfilling token cvxCRV OHLCV using curveswaps.
[2023-06-08 14:05:37.825541] Inserting OHLCV.
[2023-06-08 14:05:37.825589] No price data for token cvxCRV at this time.

[2023-06-08 14:05:37.825601] Backfilling token USDT OHLCV using ccxt.
Using Binance US for USDT/USD.

[2023-06-08 14:05:39.883976] Inserting OHLCV.
[2023-06-08 14:05:47.877918] Backfilling token USDN OHLCV using chainlink.
Found the closest round: 329, at 2022-08-19 12:51:16.
Number of iterations: 9
[2023-06-08 14:05:57.567048] Inserting OHLCV.
[2023-06-08 14:05:57.583655] Backfilling token frxETH OHLCV using curveswaps.
[2023-06-08 14:05:57.599585] Inserting OHLCV.
[2023-06-08 14:05:57.599767] No price data for token frxETH at this time.

[2023-06-08 14:05:57.599866] UST only indexed up to 1653667380 (2022-05-27 12:03:00 PM GMT-04:00 DST). Setting end time to 2022-08-27 00:00:06.
[2023-06-08 14:05:57.599966] Backfilling token UST OHLCV using ccxt.
Using Coinbase Pro for UST/USD.

[2023-06-08 14:05:57.602763] Inserting OHLCV.
[2023-06-08 14:05:57.602872] No price data for token UST at this time.

[2023-06-08 14:05:57.602969] 3Crv uses pool virtual price. Skipping...

[2023-06-08 14:05:57.603065] Backfilling token CRV OHLCV using ccxt.
Using Binance US for CRV/USD.

[2023-06-08 14:05:59.678585] Inserting OHLCV.
[2023-06-08 14:06:07.519981] Done :)
