
[2023-06-08 18:33:54.361405] Starting backfilling process.

[2023-06-08 18:33:55.194699] Backfilling pool Curve.fi ETH/stETH.
[2023-06-08 18:33:55.194746] Start time: 2022-10-28 23:55:11
[2023-06-08 18:33:55.194758] End time: 2022-11-05 00:00:11
[2023-06-08 18:35:58.362966] Inserting pool data...
[2023-06-08 18:37:05.118767] Finished pool data...
[2023-06-08 18:37:11.617831] Inserting swap data...
[2023-06-08 18:37:12.906446] Finished swap data...
[2023-06-08 18:37:20.066802] Inserting lp event data...
[2023-06-08 18:37:20.434497] Finished lp event data...
[2023-06-08 18:37:20.549242] Inserting snapshots data...
[2023-06-08 18:37:20.569298] Finished snapshots data...
[2023-06-08 18:37:20.569464] Finished pool Curve.fi ETH/stETH.

[2023-06-08 18:37:20.569549] Backfilling pool Curve.fi DAI/USDC/USDT.
[2023-06-08 18:37:20.569560] Start time: 2022-10-28 23:55:11
[2023-06-08 18:37:20.569571] End time: 2022-11-05 00:00:11
[2023-06-08 18:38:22.509483] Inserting pool data...
[2023-06-08 18:39:28.082090] Finished pool data...
[2023-06-08 18:39:35.682702] Inserting swap data...
[2023-06-08 18:39:37.150393] Finished swap data...
[2023-06-08 18:39:43.374129] Inserting lp event data...
[2023-06-08 18:39:45.592091] Finished lp event data...
[2023-06-08 18:39:45.716183] Inserting snapshots data...
[2023-06-08 18:39:45.731873] Finished snapshots data...
[2023-06-08 18:39:45.731914] Finished pool Curve.fi DAI/USDC/USDT.

[2023-06-08 18:39:45.731923] Backfilling pool Curve.fi FRAX/USDC.
[2023-06-08 18:39:45.731931] Start time: 2022-10-28 23:55:11
[2023-06-08 18:39:45.731941] End time: 2022-11-05 00:00:11
[2023-06-08 18:40:49.152982] Inserting pool data...
[2023-06-08 18:41:54.075898] Finished pool data...
[2023-06-08 18:42:07.232736] Inserting swap data...
[2023-06-08 18:42:07.356765] Finished swap data...
[2023-06-08 18:42:13.587140] Inserting lp event data...
[2023-06-08 18:42:14.507641] Finished lp event data...
[2023-06-08 18:42:14.673365] Inserting snapshots data...
[2023-06-08 18:42:14.689789] Finished snapshots data...
[2023-06-08 18:42:14.689945] Finished pool Curve.fi FRAX/USDC.

[2023-06-08 18:42:14.690042] Backfilling pool Curve.fi Factory USD Metapool: wormhole v2 UST-3Pool.
[2023-06-08 18:42:14.690278] Start time: 2022-10-28 23:55:11
[2023-06-08 18:42:14.690381] End time: 2022-11-05 00:00:11
[2023-06-08 18:43:17.222662] Inserting pool data...
[2023-06-08 18:44:24.479790] Finished pool data...
[2023-06-08 18:44:31.452111] Inserting swap data...
[2023-06-08 18:44:31.473628] Finished swap data...
[2023-06-08 18:44:37.857379] Inserting lp event data...
[2023-06-08 18:44:37.859337] Finished lp event data...
[2023-06-08 18:44:38.114970] Inserting snapshots data...
[2023-06-08 18:44:38.128363] Finished snapshots data...
[2023-06-08 18:44:38.128406] Finished pool Curve.fi Factory USD Metapool: wormhole v2 UST-3Pool.

[2023-06-08 18:44:38.128416] Backfilling pool Curve.fi USDN/3Crv.
[2023-06-08 18:44:38.128424] Start time: 2022-10-28 23:55:11
[2023-06-08 18:44:38.128434] End time: 2022-11-05 00:00:11
[2023-06-08 18:46:43.700485] Inserting pool data...
[2023-06-08 18:47:51.950223] Finished pool data...
[2023-06-08 18:48:00.532167] Inserting swap data...
[2023-06-08 18:48:00.574415] Finished swap data...
[2023-06-08 18:48:07.358659] Inserting lp event data...
[2023-06-08 18:48:07.386797] Finished lp event data...
[2023-06-08 18:48:07.598462] Inserting snapshots data...
[2023-06-08 18:48:07.611752] Finished snapshots data...
[2023-06-08 18:48:07.611792] Finished pool Curve.fi USDN/3Crv.

[2023-06-08 18:48:07.611801] Backfilling pool Curve.fi Factory USD Metapool: Magic Internet Money 3Pool.
[2023-06-08 18:48:07.611809] Start time: 2022-10-28 23:55:11
[2023-06-08 18:48:07.611819] End time: 2022-11-05 00:00:11
[2023-06-08 18:49:09.549084] Inserting pool data...
[2023-06-08 18:50:17.710598] Finished pool data...
[2023-06-08 18:50:23.915125] Inserting swap data...
[2023-06-08 18:50:24.009406] Finished swap data...
[2023-06-08 18:50:30.732160] Inserting lp event data...
[2023-06-08 18:50:30.845424] Finished lp event data...
[2023-06-08 18:50:30.968380] Inserting snapshots data...
[2023-06-08 18:50:30.984484] Finished snapshots data...
[2023-06-08 18:50:30.984528] Finished pool Curve.fi Factory USD Metapool: Magic Internet Money 3Pool.

[2023-06-08 18:50:30.984538] Backfilling pool Curve.fi DAI/USDC/USDT/sUSD.
[2023-06-08 18:50:30.984545] Start time: 2022-10-28 23:55:11
[2023-06-08 18:50:30.984555] End time: 2022-11-05 00:00:11
[2023-06-08 18:51:33.383037] Inserting pool data...
[2023-06-08 18:52:44.061632] Finished pool data...
[2023-06-08 18:52:50.550628] Inserting swap data...
[2023-06-08 18:52:50.954989] Finished swap data...
[2023-06-08 18:52:57.520178] Inserting lp event data...
[2023-06-08 18:52:57.579101] Finished lp event data...
[2023-06-08 18:52:58.384685] Inserting snapshots data...
[2023-06-08 18:52:58.404892] Finished snapshots data...
[2023-06-08 18:52:58.405075] Finished pool Curve.fi DAI/USDC/USDT/sUSD.

[2023-06-08 18:52:58.405172] Backfilling pool Curve.fi ETH/frxETH.
[2023-06-08 18:52:58.405266] Start time: 2022-10-28 23:55:11
[2023-06-08 18:52:58.405329] End time: 2022-11-05 00:00:11
[2023-06-08 18:54:00.526110] Inserting pool data...
[2023-06-08 18:55:10.706290] Finished pool data...
[2023-06-08 18:55:17.969301] Inserting swap data...
[2023-06-08 18:55:17.993038] Finished swap data...
[2023-06-08 18:55:24.421292] Inserting lp event data...
[2023-06-08 18:55:24.493897] Finished lp event data...
[2023-06-08 18:55:24.621526] Inserting snapshots data...
[2023-06-08 18:55:24.635018] Finished snapshots data...
[2023-06-08 18:55:24.635056] Finished pool Curve.fi ETH/frxETH.

[2023-06-08 18:55:24.635066] Backfilling pool Curve.fi Factory USD Metapool: Liquity.
[2023-06-08 18:55:24.635074] Start time: 2022-10-28 23:55:11
[2023-06-08 18:55:24.635083] End time: 2022-11-05 00:00:11
[2023-06-08 18:56:26.859610] Inserting pool data...
[2023-06-08 18:57:32.558493] Finished pool data...
[2023-06-08 18:57:39.401951] Inserting swap data...
[2023-06-08 18:57:39.799893] Finished swap data...
[2023-06-08 18:57:46.234645] Inserting lp event data...
[2023-06-08 18:57:46.483621] Finished lp event data...
[2023-06-08 18:57:46.595352] Inserting snapshots data...
[2023-06-08 18:57:46.608241] Finished snapshots data...
[2023-06-08 18:57:46.608280] Finished pool Curve.fi Factory USD Metapool: Liquity.

[2023-06-08 18:57:46.608289] Backfilling pool Curve.fi Factory USD Metapool: Binance USD.
[2023-06-08 18:57:46.608297] Start time: 2022-10-28 23:55:11
[2023-06-08 18:57:46.608306] End time: 2022-11-05 00:00:11
[2023-06-08 18:58:47.849670] Inserting pool data...
[2023-06-08 18:59:56.567022] Finished pool data...
[2023-06-08 19:00:03.172653] Inserting swap data...
[2023-06-08 19:00:03.220077] Finished swap data...
[2023-06-08 19:00:09.943306] Inserting lp event data...
[2023-06-08 19:00:09.969521] Finished lp event data...
[2023-06-08 19:00:10.142458] Inserting snapshots data...
[2023-06-08 19:00:10.157082] Finished snapshots data...
[2023-06-08 19:00:10.157122] Finished pool Curve.fi Factory USD Metapool: Binance USD.

[2023-06-08 19:00:10.157255] Backfilling pool Curve.fi Factory Plain Pool: stETH concentrated.
[2023-06-08 19:00:10.157268] Start time: 2022-10-28 23:55:11
[2023-06-08 19:00:10.157279] End time: 2022-11-05 00:00:11
[2023-06-08 19:01:14.695180] Inserting pool data...
[2023-06-08 19:02:23.060196] Finished pool data...
[2023-06-08 19:02:30.008552] Inserting swap data...
[2023-06-08 19:02:30.048557] Finished swap data...
[2023-06-08 19:02:36.617717] Inserting lp event data...
[2023-06-08 19:02:36.629714] Finished lp event data...
[2023-06-08 19:02:36.758771] Inserting snapshots data...
[2023-06-08 19:02:36.780025] Finished snapshots data...
[2023-06-08 19:02:36.780193] Finished pool Curve.fi Factory Plain Pool: stETH concentrated.

[2023-06-08 19:02:36.780213] Backfilling pool Curve.fi Factory Crypto Pool: cbETH/ETH.
[2023-06-08 19:02:36.780225] Start time: 2022-10-28 23:55:11
[2023-06-08 19:02:36.780242] End time: 2022-11-05 00:00:11
[2023-06-08 19:03:38.612182] Inserting pool data...
[2023-06-08 19:04:46.165105] Finished pool data...
[2023-06-08 19:04:52.584631] Inserting swap data...
[2023-06-08 19:04:52.616693] Finished swap data...
[2023-06-08 19:04:59.540002] Inserting lp event data...
[2023-06-08 19:04:59.593539] Finished lp event data...
[2023-06-08 19:04:59.727489] Inserting snapshots data...
[2023-06-08 19:04:59.741739] Finished snapshots data...
[2023-06-08 19:04:59.741782] Finished pool Curve.fi Factory Crypto Pool: cbETH/ETH.

[2023-06-08 19:04:59.741792] Backfilling pool Curve.fi Factory Plain Pool: cvxCrv/Crv.
[2023-06-08 19:04:59.741800] Pools Curve.fi Factory Plain Pool: cvxCrv/Crv was created after the end date. Skipping...

[2023-06-08 19:04:59.741812] Backfilling token LUSD OHLCV using chainlink.
Found the closest round: 18446744073709558020, at 2022-10-28 23:44:47.
Number of iterations: 14
[2023-06-08 19:05:19.851024] Inserting OHLCV.
[2023-06-08 19:05:20.068147] Backfilling token FRAX OHLCV using chainlink.
Found the closest round: 18446744073709558006, at 2022-10-28 23:46:11.
Number of iterations: 14
[2023-06-08 19:05:40.245928] Inserting OHLCV.
[2023-06-08 19:05:40.461643] Backfilling token MIM OHLCV using ccxt.
Using Bitfinex for MIM/USD.

[2023-06-08 19:05:48.907270] Inserting OHLCV.
[2023-06-08 19:05:53.353840] Backfilling token USDC OHLCV using ccxt.
Using Binance US for USDC/USD.

[2023-06-08 19:05:55.488747] Inserting OHLCV.
[2023-06-08 19:06:04.968573] Backfilling token stETH OHLCV using chainlink.
Found the closest round: 18446744073709563788, at 2022-10-28 23:31:35.
Number of iterations: 14
[2023-06-08 19:06:25.452297] Inserting OHLCV.
[2023-06-08 19:06:25.686846] Backfilling token cbETH OHLCV using ccxt.
Using Coinbase Pro for CBETH/USD.

[2023-06-08 19:06:35.080025] Inserting OHLCV.
[2023-06-08 19:06:41.015134] Backfilling token ETH OHLCV using ccxt.
Using Binance US for ETH/USD.

[2023-06-08 19:06:43.186082] Inserting OHLCV.
[2023-06-08 19:06:52.305238] Backfilling token DAI OHLCV using ccxt.
Using Binance US for DAI/USD.

[2023-06-08 19:06:54.402348] Inserting OHLCV.
[2023-06-08 19:07:03.434222] Backfilling token BUSD OHLCV using chainlink.
Found the closest round: 18446744073709552202, at 2022-10-28 10:47:59.
Number of iterations: 10
[2023-06-08 19:07:14.210804] Inserting OHLCV.
[2023-06-08 19:07:14.229366] Backfilling token sUSD OHLCV using chainlink.
Found the closest round: 18446744073709553016, at 2022-10-28 17:22:23.
Number of iterations: 11
[2023-06-08 19:07:26.232328] Inserting OHLCV.
[2023-06-08 19:07:26.261914] WETH assumed to be = ETH. Skipping...

[2023-06-08 19:07:26.262077] Backfilling token cvxCRV OHLCV using curveswaps.
[2023-06-08 19:07:26.289074] Inserting OHLCV.
[2023-06-08 19:07:26.289275] No price data for token cvxCRV at this time.

[2023-06-08 19:07:26.289378] Backfilling token USDT OHLCV using ccxt.
Using Binance US for USDT/USD.

[2023-06-08 19:07:28.436940] Inserting OHLCV.
[2023-06-08 19:07:37.618938] Backfilling token USDN OHLCV using chainlink.
Found the closest round: 407, at 2022-10-28 17:50:47.
Number of iterations: 9
[2023-06-08 19:07:47.398658] Inserting OHLCV.
[2023-06-08 19:07:47.415949] Backfilling token frxETH OHLCV using curveswaps.
[2023-06-08 19:07:47.455795] Inserting OHLCV.
[2023-06-08 19:07:47.489831] UST only indexed up to 1653667380 (2022-05-27 12:03:00 PM GMT-04:00 DST). Setting end time to 2022-11-05 00:00:11.
[2023-06-08 19:07:47.489911] Backfilling token UST OHLCV using ccxt.
Using Coinbase Pro for UST/USD.

[2023-06-08 19:07:47.493575] Inserting OHLCV.
[2023-06-08 19:07:47.493697] No price data for token UST at this time.

[2023-06-08 19:07:47.493794] 3Crv uses pool virtual price. Skipping...

[2023-06-08 19:07:47.493890] Backfilling token CRV OHLCV using ccxt.
Using Binance US for CRV/USD.

[2023-06-08 19:07:49.645955] Inserting OHLCV.
[2023-06-08 19:07:58.751694] Done :)
