
[2023-06-09 00:52:11.083833] Starting backfilling process.

[2023-06-09 00:52:11.946433] Backfilling pool Curve.fi ETH/stETH.
[2023-06-09 00:52:11.946487] Start time: 2023-01-20 23:55:11
[2023-06-09 00:52:11.946507] End time: 2023-01-28 00:00:11
[2023-06-09 00:53:10.499780] Inserting pool data...
[2023-06-09 00:54:17.985546] Finished pool data...
[2023-06-09 00:54:24.144655] Inserting swap data...
[2023-06-09 00:54:25.786274] Finished swap data...
[2023-06-09 00:54:32.221508] Inserting lp event data...
[2023-06-09 00:54:32.719358] Finished lp event data...
[2023-06-09 00:54:32.921298] Inserting snapshots data...
[2023-06-09 00:54:32.935277] Finished snapshots data...
[2023-06-09 00:54:32.935312] Finished pool Curve.fi ETH/stETH.

[2023-06-09 00:54:32.935321] Backfilling pool Curve.fi DAI/USDC/USDT.
[2023-06-09 00:54:32.935329] Start time: 2023-01-20 23:55:11
[2023-06-09 00:54:32.935340] End time: 2023-01-28 00:00:11
[2023-06-09 00:55:33.811653] Inserting pool data...
[2023-06-09 00:56:41.788266] Finished pool data...
[2023-06-09 00:56:48.482612] Inserting swap data...
[2023-06-09 00:56:50.763761] Finished swap data...
[2023-06-09 00:56:57.173702] Inserting lp event data...
[2023-06-09 00:56:59.202071] Finished lp event data...
[2023-06-09 00:56:59.323649] Inserting snapshots data...
[2023-06-09 00:56:59.351856] Finished snapshots data...
[2023-06-09 00:56:59.351913] Finished pool Curve.fi DAI/USDC/USDT.

[2023-06-09 00:56:59.351928] Backfilling pool Curve.fi FRAX/USDC.
[2023-06-09 00:56:59.351940] Start time: 2023-01-20 23:55:11
[2023-06-09 00:56:59.351957] End time: 2023-01-28 00:00:11
[2023-06-09 00:58:00.043543] Inserting pool data...
[2023-06-09 00:59:08.484634] Finished pool data...
[2023-06-09 00:59:15.150221] Inserting swap data...
[2023-06-09 00:59:15.399059] Finished swap data...
[2023-06-09 00:59:21.836581] Inserting lp event data...
[2023-06-09 00:59:23.143368] Finished lp event data...
[2023-06-09 00:59:23.257019] Inserting snapshots data...
[2023-06-09 00:59:23.270086] Finished snapshots data...
[2023-06-09 00:59:23.270129] Finished pool Curve.fi FRAX/USDC.

[2023-06-09 00:59:23.270138] Backfilling pool Curve.fi Factory USD Metapool: wormhole v2 UST-3Pool.
[2023-06-09 00:59:23.270145] Start time: 2023-01-20 23:55:11
[2023-06-09 00:59:23.270156] End time: 2023-01-28 00:00:11
[2023-06-09 01:00:24.486111] Inserting pool data...
[2023-06-09 01:01:31.930987] Finished pool data...
[2023-06-09 01:01:39.081302] Inserting swap data...
[2023-06-09 01:01:39.101384] Finished swap data...
[2023-06-09 01:01:45.488667] Inserting lp event data...
[2023-06-09 01:01:45.490449] Finished lp event data...
[2023-06-09 01:01:45.618819] Inserting snapshots data...
[2023-06-09 01:01:45.634220] Finished snapshots data...
[2023-06-09 01:01:45.634393] Finished pool Curve.fi Factory USD Metapool: wormhole v2 UST-3Pool.

[2023-06-09 01:01:45.634492] Backfilling pool Curve.fi USDN/3Crv.
[2023-06-09 01:01:45.634588] Start time: 2023-01-20 23:55:11
[2023-06-09 01:01:45.634685] End time: 2023-01-28 00:00:11
[2023-06-09 01:02:45.591356] Inserting pool data...
[2023-06-09 01:03:53.898623] Finished pool data...
[2023-06-09 01:04:01.251065] Inserting swap data...
[2023-06-09 01:04:01.414260] Finished swap data...
[2023-06-09 01:04:07.477422] Inserting lp event data...
[2023-06-09 01:04:07.518283] Finished lp event data...
[2023-06-09 01:04:07.631936] Inserting snapshots data...
[2023-06-09 01:04:07.649060] Finished snapshots data...
[2023-06-09 01:04:07.649096] Finished pool Curve.fi USDN/3Crv.

[2023-06-09 01:04:07.649105] Backfilling pool Curve.fi Factory USD Metapool: Magic Internet Money 3Pool.
[2023-06-09 01:04:07.649114] Start time: 2023-01-20 23:55:11
[2023-06-09 01:04:07.649125] End time: 2023-01-28 00:00:11
[2023-06-09 01:06:11.100430] Inserting pool data...
[2023-06-09 01:07:20.329316] Finished pool data...
[2023-06-09 01:07:26.639269] Inserting swap data...
[2023-06-09 01:07:26.691428] Finished swap data...
[2023-06-09 01:07:33.811353] Inserting lp event data...
[2023-06-09 01:07:33.895993] Finished lp event data...
[2023-06-09 01:07:34.005064] Inserting snapshots data...
[2023-06-09 01:07:34.018483] Finished snapshots data...
[2023-06-09 01:07:34.018521] Finished pool Curve.fi Factory USD Metapool: Magic Internet Money 3Pool.

[2023-06-09 01:07:34.018529] Backfilling pool Curve.fi DAI/USDC/USDT/sUSD.
[2023-06-09 01:07:34.018537] Start time: 2023-01-20 23:55:11
[2023-06-09 01:07:34.018548] End time: 2023-01-28 00:00:11
[2023-06-09 01:08:34.795616] Inserting pool data...
[2023-06-09 01:09:44.438735] Finished pool data...
[2023-06-09 01:09:51.671546] Inserting swap data...
[2023-06-09 01:09:51.978115] Finished swap data...
[2023-06-09 01:09:58.110046] Inserting lp event data...
[2023-06-09 01:09:58.159284] Finished lp event data...
[2023-06-09 01:09:58.270363] Inserting snapshots data...
[2023-06-09 01:09:58.284055] Finished snapshots data...
[2023-06-09 01:09:58.284093] Finished pool Curve.fi DAI/USDC/USDT/sUSD.

[2023-06-09 01:09:58.284102] Backfilling pool Curve.fi ETH/frxETH.
[2023-06-09 01:09:58.284110] Start time: 2023-01-20 23:55:11
[2023-06-09 01:09:58.284120] End time: 2023-01-28 00:00:11
[2023-06-09 01:10:59.195225] Inserting pool data...
[2023-06-09 01:12:07.356522] Finished pool data...
[2023-06-09 01:12:13.981561] Inserting swap data...
[2023-06-09 01:12:14.442565] Finished swap data...
[2023-06-09 01:12:21.171069] Inserting lp event data...
[2023-06-09 01:12:21.281754] Finished lp event data...
[2023-06-09 01:12:21.388795] Inserting snapshots data...
[2023-06-09 01:12:21.403934] Finished snapshots data...
[2023-06-09 01:12:21.404089] Finished pool Curve.fi ETH/frxETH.

[2023-06-09 01:12:21.404187] Backfilling pool Curve.fi Factory USD Metapool: Liquity.
[2023-06-09 01:12:21.404282] Start time: 2023-01-20 23:55:11
[2023-06-09 01:12:21.404381] End time: 2023-01-28 00:00:11
[2023-06-09 01:14:23.844563] Inserting pool data...
[2023-06-09 01:15:30.227008] Finished pool data...
[2023-06-09 01:15:36.421815] Inserting swap data...
[2023-06-09 01:15:36.738688] Finished swap data...
[2023-06-09 01:15:42.556827] Inserting lp event data...
[2023-06-09 01:15:42.629616] Finished lp event data...
[2023-06-09 01:15:42.746409] Inserting snapshots data...
[2023-06-09 01:15:42.759789] Finished snapshots data...
[2023-06-09 01:15:42.759940] Finished pool Curve.fi Factory USD Metapool: Liquity.

[2023-06-09 01:15:42.760037] Backfilling pool Curve.fi Factory USD Metapool: Binance USD.
[2023-06-09 01:15:42.760132] Start time: 2023-01-20 23:55:11
[2023-06-09 01:15:42.760230] End time: 2023-01-28 00:00:11
[2023-06-09 01:16:43.950731] Inserting pool data...
[2023-06-09 01:17:51.848116] Finished pool data...
[2023-06-09 01:17:58.334830] Inserting swap data...
[2023-06-09 01:17:58.359302] Finished swap data...
[2023-06-09 01:18:05.141113] Inserting lp event data...
[2023-06-09 01:18:05.162226] Finished lp event data...
[2023-06-09 01:18:05.262482] Inserting snapshots data...
[2023-06-09 01:18:05.282483] Finished snapshots data...
[2023-06-09 01:18:05.282541] Finished pool Curve.fi Factory USD Metapool: Binance USD.

[2023-06-09 01:18:05.282556] Backfilling pool Curve.fi Factory Plain Pool: stETH concentrated.
[2023-06-09 01:18:05.282567] Start time: 2023-01-20 23:55:11
[2023-06-09 01:18:05.282582] End time: 2023-01-28 00:00:11
[2023-06-09 01:19:05.475060] Inserting pool data...
[2023-06-09 01:20:13.071367] Finished pool data...
[2023-06-09 01:20:19.532043] Inserting swap data...
[2023-06-09 01:20:19.640887] Finished swap data...
[2023-06-09 01:20:25.995983] Inserting lp event data...
[2023-06-09 01:20:26.013725] Finished lp event data...
[2023-06-09 01:20:26.135456] Inserting snapshots data...
[2023-06-09 01:20:26.148856] Finished snapshots data...
[2023-06-09 01:20:26.148894] Finished pool Curve.fi Factory Plain Pool: stETH concentrated.

[2023-06-09 01:20:26.148903] Backfilling pool Curve.fi Factory Crypto Pool: cbETH/ETH.
[2023-06-09 01:20:26.148911] Start time: 2023-01-20 23:55:11
[2023-06-09 01:20:26.148921] End time: 2023-01-28 00:00:11
[2023-06-09 01:21:29.525706] Inserting pool data...
[2023-06-09 01:22:37.248416] Finished pool data...
[2023-06-09 01:22:43.959880] Inserting swap data...
[2023-06-09 01:22:43.976320] Finished swap data...
[2023-06-09 01:22:50.789549] Inserting lp event data...
[2023-06-09 01:22:50.807136] Finished lp event data...
[2023-06-09 01:22:50.931152] Inserting snapshots data...
[2023-06-09 01:22:50.944333] Finished snapshots data...
[2023-06-09 01:22:50.944368] Finished pool Curve.fi Factory Crypto Pool: cbETH/ETH.

[2023-06-09 01:22:50.944377] Backfilling pool Curve.fi Factory Plain Pool: cvxCrv/Crv.
[2023-06-09 01:22:50.944385] Pools Curve.fi Factory Plain Pool: cvxCrv/Crv was created after the end date. Skipping...

[2023-06-09 01:22:50.944395] Backfilling token LUSD OHLCV using chainlink.
Found the closest round: 18446744073709560025, at 2023-01-20 23:52:11.
Number of iterations: 14
[2023-06-09 01:23:10.676996] Inserting OHLCV.
[2023-06-09 01:23:10.897110] Backfilling token FRAX OHLCV using chainlink.
Found the closest round: 18446744073709560008, at 2023-01-20 23:18:23.
Number of iterations: 13
[2023-06-09 01:23:29.539772] Inserting OHLCV.
[2023-06-09 01:23:29.746226] Backfilling token MIM OHLCV using ccxt.
Using Bitfinex for MIM/USD.

[2023-06-09 01:23:38.879539] Inserting OHLCV.
[2023-06-09 01:23:43.058802] Backfilling token USDC OHLCV using ccxt.
Using Binance US for USDC/USD.

[2023-06-09 01:23:45.212076] Inserting OHLCV.
[2023-06-09 01:23:54.427994] Backfilling token stETH OHLCV using chainlink.
Found the closest round: 18446744073709565978, at 2023-01-20 23:42:23.
Number of iterations: 14
[2023-06-09 01:24:14.429464] Inserting OHLCV.
[2023-06-09 01:24:14.652815] Backfilling token cbETH OHLCV using ccxt.
Using Coinbase Pro for CBETH/USD.

[2023-06-09 01:24:23.907286] Inserting OHLCV.
[2023-06-09 01:24:30.117216] Backfilling token ETH OHLCV using ccxt.
Using Binance US for ETH/USD.

[2023-06-09 01:24:32.286120] Inserting OHLCV.
[2023-06-09 01:24:41.412545] Backfilling token DAI OHLCV using ccxt.
Using Binance US for DAI/USD.

[2023-06-09 01:24:43.529363] Inserting OHLCV.
[2023-06-09 01:24:52.406172] Backfilling token BUSD OHLCV using chainlink.
Found the closest round: 18446744073709552295, at 2023-01-20 14:04:23.
Number of iterations: 10
[2023-06-09 01:25:03.143833] Inserting OHLCV.
[2023-06-09 01:25:03.159492] Backfilling token sUSD OHLCV using chainlink.
Found the closest round: 18446744073709553317, at 2023-01-20 18:09:11.
Number of iterations: 11
[2023-06-09 01:25:15.416819] Inserting OHLCV.
[2023-06-09 01:25:15.454684] WETH assumed to be = ETH. Skipping...

[2023-06-09 01:25:15.454731] Backfilling token cvxCRV OHLCV using curveswaps.
[2023-06-09 01:25:15.495811] Inserting OHLCV.
[2023-06-09 01:25:15.495866] No price data for token cvxCRV at this time.

[2023-06-09 01:25:15.495878] Backfilling token USDT OHLCV using ccxt.
Using Binance US for USDT/USD.

[2023-06-09 01:25:17.659118] Inserting OHLCV.
[2023-06-09 01:25:26.830234] Backfilling token USDN OHLCV using chainlink.
Found the closest round: 493, at 2023-01-20 18:23:59.
Number of iterations: 9
[2023-06-09 01:25:36.582931] Inserting OHLCV.
[2023-06-09 01:25:36.599469] Backfilling token frxETH OHLCV using curveswaps.
[2023-06-09 01:25:36.921704] Inserting OHLCV.
[2023-06-09 01:25:37.334638] UST only indexed up to 1653667380 (2022-05-27 12:03:00 PM GMT-04:00 DST). Setting end time to 2023-01-28 00:00:11.
[2023-06-09 01:25:37.334692] Backfilling token UST OHLCV using ccxt.
Using Coinbase Pro for UST/USD.

[2023-06-09 01:25:37.337352] Inserting OHLCV.
[2023-06-09 01:25:37.337380] No price data for token UST at this time.

[2023-06-09 01:25:37.337393] 3Crv uses pool virtual price. Skipping...

[2023-06-09 01:25:37.337405] Backfilling token CRV OHLCV using ccxt.
Using Binance US for CRV/USD.

[2023-06-09 01:25:39.452447] Inserting OHLCV.
[2023-06-09 01:25:48.917427] Done :)
