
[2023-06-08 15:30:22.337738] Starting backfilling process.

[2023-06-08 15:30:23.348191] Backfilling pool Curve.fi ETH/stETH.
[2023-06-08 15:30:23.348234] Start time: 2022-09-16 23:55:11
[2023-06-08 15:30:23.348245] End time: 2022-09-24 00:00:11
[2023-06-08 15:31:22.732647] Inserting pool data...
[2023-06-08 15:32:27.555743] Finished pool data...
[2023-06-08 15:32:34.096861] Inserting swap data...
[2023-06-08 15:32:35.794469] Finished swap data...
[2023-06-08 15:32:42.237943] Inserting lp event data...
[2023-06-08 15:32:43.025849] Finished lp event data...
[2023-06-08 15:32:43.133606] Inserting snapshots data...
[2023-06-08 15:32:43.148234] Finished snapshots data...
[2023-06-08 15:32:43.148404] Finished pool Curve.fi ETH/stETH.

[2023-06-08 15:32:43.148503] Backfilling pool Curve.fi DAI/USDC/USDT.
[2023-06-08 15:32:43.148598] Start time: 2022-09-16 23:55:11
[2023-06-08 15:32:43.148696] End time: 2022-09-24 00:00:11
[2023-06-08 15:33:45.056532] Inserting pool data...
[2023-06-08 15:34:52.284388] Finished pool data...
[2023-06-08 15:34:58.639736] Inserting swap data...
[2023-06-08 15:35:00.180465] Finished swap data...
[2023-06-08 15:35:06.806711] Inserting lp event data...
[2023-06-08 15:35:09.037580] Finished lp event data...
[2023-06-08 15:35:09.158055] Inserting snapshots data...
[2023-06-08 15:35:09.171989] Finished snapshots data...
[2023-06-08 15:35:09.172045] Finished pool Curve.fi DAI/USDC/USDT.

[2023-06-08 15:35:09.172060] Backfilling pool Curve.fi FRAX/USDC.
[2023-06-08 15:35:09.172071] Start time: 2022-09-16 23:55:11
[2023-06-08 15:35:09.172088] End time: 2022-09-24 00:00:11
[2023-06-08 15:36:10.758078] Inserting pool data...
[2023-06-08 15:37:17.283984] Finished pool data...
[2023-06-08 15:37:24.134796] Inserting swap data...
[2023-06-08 15:37:24.328494] Finished swap data...
[2023-06-08 15:37:30.812711] Inserting lp event data...
[2023-06-08 15:37:31.362916] Finished lp event data...
[2023-06-08 15:37:31.561118] Inserting snapshots data...
[2023-06-08 15:37:31.577541] Finished snapshots data...
[2023-06-08 15:37:31.577579] Finished pool Curve.fi FRAX/USDC.

[2023-06-08 15:37:31.577588] Backfilling pool Curve.fi Factory USD Metapool: wormhole v2 UST-3Pool.
[2023-06-08 15:37:31.577596] Start time: 2022-09-16 23:55:11
[2023-06-08 15:37:31.577606] End time: 2022-09-24 00:00:11
[2023-06-08 15:38:34.006294] Inserting pool data...
[2023-06-08 15:39:41.181585] Finished pool data...
[2023-06-08 15:39:47.625942] Inserting swap data...
[2023-06-08 15:39:47.656497] Finished swap data...
[2023-06-08 15:39:54.166465] Inserting lp event data...
[2023-06-08 15:39:54.168647] Finished lp event data...
[2023-06-08 15:39:54.599509] Inserting snapshots data...
[2023-06-08 15:39:54.621575] Finished snapshots data...
[2023-06-08 15:39:54.621618] Finished pool Curve.fi Factory USD Metapool: wormhole v2 UST-3Pool.

[2023-06-08 15:39:54.621627] Backfilling pool Curve.fi USDN/3Crv.
[2023-06-08 15:39:54.621635] Start time: 2022-09-16 23:55:11
[2023-06-08 15:39:54.621646] End time: 2022-09-24 00:00:11
[2023-06-08 15:40:56.991124] Inserting pool data...
[2023-06-08 15:42:04.550665] Finished pool data...
[2023-06-08 15:42:11.369343] Inserting swap data...
[2023-06-08 15:42:11.435362] Finished swap data...
[2023-06-08 15:42:17.822735] Inserting lp event data...
[2023-06-08 15:42:17.841946] Finished lp event data...
[2023-06-08 15:42:17.953150] Inserting snapshots data...
[2023-06-08 15:42:17.968391] Finished snapshots data...
[2023-06-08 15:42:17.968674] Finished pool Curve.fi USDN/3Crv.

[2023-06-08 15:42:17.968772] Backfilling pool Curve.fi Factory USD Metapool: Magic Internet Money 3Pool.
[2023-06-08 15:42:17.968867] Start time: 2022-09-16 23:55:11
[2023-06-08 15:42:17.969074] End time: 2022-09-24 00:00:11
[2023-06-08 15:43:18.925230] Inserting pool data...
[2023-06-08 15:44:26.527981] Finished pool data...
[2023-06-08 15:44:34.207930] Inserting swap data...
[2023-06-08 15:44:34.386439] Finished swap data...
[2023-06-08 15:44:40.495507] Inserting lp event data...
[2023-06-08 15:44:40.568113] Finished lp event data...
[2023-06-08 15:44:40.704250] Inserting snapshots data...
[2023-06-08 15:44:40.719952] Finished snapshots data...
[2023-06-08 15:44:40.720116] Finished pool Curve.fi Factory USD Metapool: Magic Internet Money 3Pool.

[2023-06-08 15:44:40.720212] Backfilling pool Curve.fi DAI/USDC/USDT/sUSD.
[2023-06-08 15:44:40.720307] Start time: 2022-09-16 23:55:11
[2023-06-08 15:44:40.720404] End time: 2022-09-24 00:00:11
[2023-06-08 15:45:44.037748] Inserting pool data...
[2023-06-08 15:46:51.045943] Finished pool data...
[2023-06-08 15:46:58.135838] Inserting swap data...
[2023-06-08 15:46:58.385568] Finished swap data...
[2023-06-08 15:47:04.700951] Inserting lp event data...
[2023-06-08 15:47:04.757976] Finished lp event data...
[2023-06-08 15:47:04.896241] Inserting snapshots data...
[2023-06-08 15:47:04.909538] Finished snapshots data...
[2023-06-08 15:47:04.909689] Finished pool Curve.fi DAI/USDC/USDT/sUSD.

[2023-06-08 15:47:04.909787] Backfilling pool Curve.fi ETH/frxETH.
[2023-06-08 15:47:04.909800] Pools Curve.fi ETH/frxETH was created after the end date. Skipping...

[2023-06-08 15:47:04.909807] Backfilling pool Curve.fi Factory USD Metapool: Liquity.
[2023-06-08 15:47:04.909814] Start time: 2022-09-16 23:55:11
[2023-06-08 15:47:04.909825] End time: 2022-09-24 00:00:11
[2023-06-08 15:48:07.235180] Inserting pool data...
[2023-06-08 15:49:17.177713] Finished pool data...
[2023-06-08 15:49:23.843264] Inserting swap data...
[2023-06-08 15:49:24.171863] Finished swap data...
[2023-06-08 15:49:30.579960] Inserting lp event data...
[2023-06-08 15:49:30.614917] Finished lp event data...
[2023-06-08 15:49:30.724788] Inserting snapshots data...
[2023-06-08 15:49:30.738427] Finished snapshots data...
[2023-06-08 15:49:30.738605] Finished pool Curve.fi Factory USD Metapool: Liquity.

[2023-06-08 15:49:30.738703] Backfilling pool Curve.fi Factory USD Metapool: Binance USD.
[2023-06-08 15:49:30.738798] Start time: 2022-09-16 23:55:11
[2023-06-08 15:49:30.738896] End time: 2022-09-24 00:00:11
[2023-06-08 15:50:33.983151] Inserting pool data...
[2023-06-08 15:51:43.080772] Finished pool data...
[2023-06-08 15:51:49.904043] Inserting swap data...
[2023-06-08 15:51:49.951212] Finished swap data...
[2023-06-08 15:51:56.106321] Inserting lp event data...
[2023-06-08 15:51:56.124156] Finished lp event data...
[2023-06-08 15:51:56.456867] Inserting snapshots data...
[2023-06-08 15:51:56.471187] Finished snapshots data...
[2023-06-08 15:51:56.471353] Finished pool Curve.fi Factory USD Metapool: Binance USD.

[2023-06-08 15:51:56.471451] Backfilling pool Curve.fi Factory Plain Pool: stETH concentrated.
[2023-06-08 15:51:56.471548] Start time: 2022-09-16 23:55:11
[2023-06-08 15:51:56.471775] End time: 2022-09-24 00:00:11
[2023-06-08 15:52:58.133306] Inserting pool data...
[2023-06-08 15:54:06.682532] Finished pool data...
[2023-06-08 15:54:13.288335] Inserting swap data...
[2023-06-08 15:54:13.384714] Finished swap data...
[2023-06-08 15:54:19.867434] Inserting lp event data...
[2023-06-08 15:54:19.881221] Finished lp event data...
[2023-06-08 15:54:20.022351] Inserting snapshots data...
[2023-06-08 15:54:20.042440] Finished snapshots data...
[2023-06-08 15:54:20.042494] Finished pool Curve.fi Factory Plain Pool: stETH concentrated.

[2023-06-08 15:54:20.042510] Backfilling pool Curve.fi Factory Crypto Pool: cbETH/ETH.
[2023-06-08 15:54:20.042522] Start time: 2022-09-16 23:55:11
[2023-06-08 15:54:20.042540] End time: 2022-09-24 00:00:11
[2023-06-08 15:55:22.088650] Inserting pool data...
[2023-06-08 15:56:30.045435] Finished pool data...
[2023-06-08 15:56:37.031325] Inserting swap data...
[2023-06-08 15:56:37.136089] Finished swap data...
[2023-06-08 15:56:43.554181] Inserting lp event data...
[2023-06-08 15:56:43.576580] Finished lp event data...
[2023-06-08 15:56:43.689968] Inserting snapshots data...
[2023-06-08 15:56:43.710333] Finished snapshots data...
[2023-06-08 15:56:43.710390] Finished pool Curve.fi Factory Crypto Pool: cbETH/ETH.

[2023-06-08 15:56:43.710406] Backfilling pool Curve.fi Factory Plain Pool: cvxCrv/Crv.
[2023-06-08 15:56:43.710417] Pools Curve.fi Factory Plain Pool: cvxCrv/Crv was created after the end date. Skipping...

[2023-06-08 15:56:43.710447] Backfilling token LUSD OHLCV using chainlink.
Found the closest round: 18446744073709557017, at 2022-09-16 23:49:47.
Number of iterations: 14
[2023-06-08 15:57:04.266519] Inserting OHLCV.
[2023-06-08 15:57:04.476893] Backfilling token FRAX OHLCV using chainlink.
Found the closest round: 18446744073709557007, at 2022-09-16 23:50:59.
Number of iterations: 14
[2023-06-08 15:57:24.532143] Inserting OHLCV.
[2023-06-08 15:57:24.733810] Backfilling token MIM OHLCV using ccxt.
Using Bitfinex for MIM/USD.

[2023-06-08 15:57:29.454822] Inserting OHLCV.
[2023-06-08 15:57:31.048071] Backfilling token USDC OHLCV using ccxt.
Using Binance US for USDC/USD.

[2023-06-08 15:57:33.510703] Inserting OHLCV.
[2023-06-08 15:57:42.567387] Backfilling token stETH OHLCV using chainlink.
Found the closest round: 18446744073709562709, at 2022-09-16 23:35:47.
Number of iterations: 14
[2023-06-08 15:58:04.533804] Inserting OHLCV.
[2023-06-08 15:58:04.798590] Backfilling token cbETH OHLCV using ccxt.
Using Coinbase Pro for CBETH/USD.

[2023-06-08 15:58:14.314954] Inserting OHLCV.
[2023-06-08 15:58:22.729517] Backfilling token ETH OHLCV using ccxt.
Using Binance US for ETH/USD.

[2023-06-08 15:58:24.909617] Inserting OHLCV.
[2023-06-08 15:58:34.330866] Backfilling token DAI OHLCV using ccxt.
Using Binance US for DAI/USD.

[2023-06-08 15:58:36.451762] Inserting OHLCV.
[2023-06-08 15:58:45.619016] Backfilling token BUSD OHLCV using chainlink.
Found the closest round: 18446744073709552160, at 2022-09-16 10:29:47.
Number of iterations: 10
[2023-06-08 15:58:56.432820] Inserting OHLCV.
[2023-06-08 15:58:56.452488] Backfilling token sUSD OHLCV using chainlink.
Found the closest round: 18446744073709552917, at 2022-09-16 14:20:47.
Number of iterations: 11
[2023-06-08 15:59:08.475533] Inserting OHLCV.
[2023-06-08 15:59:08.510194] WETH assumed to be = ETH. Skipping...

[2023-06-08 15:59:08.510235] Backfilling token cvxCRV OHLCV using curveswaps.
[2023-06-08 15:59:08.548871] Inserting OHLCV.
[2023-06-08 15:59:08.548925] No price data for token cvxCRV at this time.

[2023-06-08 15:59:08.548938] Backfilling token USDT OHLCV using ccxt.
Using Binance US for USDT/USD.

[2023-06-08 15:59:10.937380] Inserting OHLCV.
[2023-06-08 15:59:20.604082] Backfilling token USDN OHLCV using chainlink.
Found the closest round: 359, at 2022-09-16 05:13:35.
Number of iterations: 9
[2023-06-08 15:59:30.389337] Inserting OHLCV.
[2023-06-08 15:59:30.408510] Backfilling token frxETH OHLCV using curveswaps.
[2023-06-08 15:59:30.436176] Inserting OHLCV.
[2023-06-08 15:59:30.436355] No price data for token frxETH at this time.

[2023-06-08 15:59:30.436456] UST only indexed up to 1653667380 (2022-05-27 12:03:00 PM GMT-04:00 DST). Setting end time to 2022-09-24 00:00:11.
[2023-06-08 15:59:30.436563] Backfilling token UST OHLCV using ccxt.
Using Coinbase Pro for UST/USD.

[2023-06-08 15:59:30.439370] Inserting OHLCV.
[2023-06-08 15:59:30.439483] No price data for token UST at this time.

[2023-06-08 15:59:30.439581] 3Crv uses pool virtual price. Skipping...

[2023-06-08 15:59:30.439679] Backfilling token CRV OHLCV using ccxt.
Using Binance US for CRV/USD.

[2023-06-08 15:59:32.564212] Inserting OHLCV.
[2023-06-08 15:59:41.755727] Done :)
