
[2023-06-08 12:11:32.724714] Starting backfilling process.

[2023-06-08 12:11:33.576751] Backfilling pool Curve.fi ETH/stETH.
[2023-06-08 12:11:33.577327] Start time: 2022-07-22 23:55:06
[2023-06-08 12:11:33.577339] End time: 2022-07-30 00:00:16
[2023-06-08 12:12:25.172487] Inserting pool data...
[2023-06-08 12:13:18.031678] Finished pool data...
[2023-06-08 12:13:24.162699] Inserting swap data...
[2023-06-08 12:13:25.384065] Finished swap data...
[2023-06-08 12:13:30.751953] Inserting lp event data...
[2023-06-08 12:13:31.049763] Finished lp event data...
[2023-06-08 12:13:31.158543] Inserting snapshots data...
[2023-06-08 12:13:31.171509] Finished snapshots data...
[2023-06-08 12:13:31.171528] Finished pool Curve.fi ETH/stETH.

[2023-06-08 12:13:31.171536] Backfilling pool Curve.fi DAI/USDC/USDT.
[2023-06-08 12:13:31.171542] Start time: 2022-07-22 23:55:06
[2023-06-08 12:13:31.171550] End time: 2022-07-30 00:00:16
[2023-06-08 12:14:25.630423] Inserting pool data...
[2023-06-08 12:15:18.274943] Finished pool data...
[2023-06-08 12:15:23.868679] Inserting swap data...
[2023-06-08 12:15:25.239379] Finished swap data...
[2023-06-08 12:15:30.745231] Inserting lp event data...
[2023-06-08 12:15:32.478569] Finished lp event data...
[2023-06-08 12:15:32.593368] Inserting snapshots data...
[2023-06-08 12:15:32.605899] Finished snapshots data...
[2023-06-08 12:15:32.605919] Finished pool Curve.fi DAI/USDC/USDT.

[2023-06-08 12:15:32.605927] Backfilling pool Curve.fi FRAX/USDC.
[2023-06-08 12:15:32.605933] Start time: 2022-07-22 23:55:06
[2023-06-08 12:15:32.605942] End time: 2022-07-30 00:00:16
[2023-06-08 12:16:27.929528] Inserting pool data...
[2023-06-08 12:17:20.724930] Finished pool data...
[2023-06-08 12:17:26.207449] Inserting swap data...
[2023-06-08 12:17:26.291468] Finished swap data...
[2023-06-08 12:17:31.978921] Inserting lp event data...
[2023-06-08 12:17:32.402595] Finished lp event data...
[2023-06-08 12:17:32.533227] Inserting snapshots data...
[2023-06-08 12:17:32.546008] Finished snapshots data...
[2023-06-08 12:17:32.546028] Finished pool Curve.fi FRAX/USDC.

[2023-06-08 12:17:32.546035] Backfilling pool Curve.fi Factory USD Metapool: wormhole v2 UST-3Pool.
[2023-06-08 12:17:32.546042] Start time: 2022-07-22 23:55:06
[2023-06-08 12:17:32.546051] End time: 2022-07-30 00:00:16
[2023-06-08 12:18:26.115796] Inserting pool data...
[2023-06-08 12:19:19.052789] Finished pool data...
[2023-06-08 12:19:24.592629] Inserting swap data...
[2023-06-08 12:19:24.619987] Finished swap data...
[2023-06-08 12:19:30.046260] Inserting lp event data...
[2023-06-08 12:19:30.047667] Finished lp event data...
[2023-06-08 12:19:30.582196] Inserting snapshots data...
[2023-06-08 12:19:30.595089] Finished snapshots data...
[2023-06-08 12:19:30.595109] Finished pool Curve.fi Factory USD Metapool: wormhole v2 UST-3Pool.

[2023-06-08 12:19:30.595117] Backfilling pool Curve.fi USDN/3Crv.
[2023-06-08 12:19:30.595123] Start time: 2022-07-22 23:55:06
[2023-06-08 12:19:30.595132] End time: 2022-07-30 00:00:16
[2023-06-08 12:20:24.437170] Inserting pool data...
[2023-06-08 12:21:17.379592] Finished pool data...
[2023-06-08 12:21:23.463391] Inserting swap data...
[2023-06-08 12:21:23.516741] Finished swap data...
[2023-06-08 12:21:29.338137] Inserting lp event data...
[2023-06-08 12:21:29.357656] Finished lp event data...
[2023-06-08 12:21:29.478669] Inserting snapshots data...
[2023-06-08 12:21:29.490790] Finished snapshots data...
[2023-06-08 12:21:29.490808] Finished pool Curve.fi USDN/3Crv.

[2023-06-08 12:21:29.490816] Backfilling pool Curve.fi Factory USD Metapool: Magic Internet Money 3Pool.
[2023-06-08 12:21:29.490822] Start time: 2022-07-22 23:55:06
[2023-06-08 12:21:29.490831] End time: 2022-07-30 00:00:16
[2023-06-08 12:22:24.629643] Inserting pool data...
[2023-06-08 12:23:17.641572] Finished pool data...
[2023-06-08 12:23:23.310852] Inserting swap data...
[2023-06-08 12:23:23.448108] Finished swap data...
[2023-06-08 12:23:28.753035] Inserting lp event data...
[2023-06-08 12:23:28.850227] Finished lp event data...
[2023-06-08 12:23:28.957712] Inserting snapshots data...
[2023-06-08 12:23:28.970077] Finished snapshots data...
[2023-06-08 12:23:28.970096] Finished pool Curve.fi Factory USD Metapool: Magic Internet Money 3Pool.

[2023-06-08 12:23:28.970103] Backfilling pool Curve.fi DAI/USDC/USDT/sUSD.
[2023-06-08 12:23:28.970110] Start time: 2022-07-22 23:55:06
[2023-06-08 12:23:28.970118] End time: 2022-07-30 00:00:16
[2023-06-08 12:24:23.692645] Inserting pool data...
[2023-06-08 12:25:17.283109] Finished pool data...
[2023-06-08 12:25:23.220100] Inserting swap data...
[2023-06-08 12:25:23.444626] Finished swap data...
[2023-06-08 12:25:28.826479] Inserting lp event data...
[2023-06-08 12:25:28.889804] Finished lp event data...
[2023-06-08 12:25:29.029940] Inserting snapshots data...
[2023-06-08 12:25:29.042093] Finished snapshots data...
[2023-06-08 12:25:29.042112] Finished pool Curve.fi DAI/USDC/USDT/sUSD.

[2023-06-08 12:25:29.042120] Backfilling pool Curve.fi ETH/frxETH.
[2023-06-08 12:25:29.042127] Pools Curve.fi ETH/frxETH was created after the end date. Skipping...

[2023-06-08 12:25:29.042133] Backfilling pool Curve.fi Factory USD Metapool: Liquity.
[2023-06-08 12:25:29.042139] Start time: 2022-07-22 23:55:06
[2023-06-08 12:25:29.042148] End time: 2022-07-30 00:00:16
[2023-06-08 12:26:23.688600] Inserting pool data...
[2023-06-08 12:27:16.257601] Finished pool data...
[2023-06-08 12:27:21.709133] Inserting swap data...
[2023-06-08 12:27:21.849430] Finished swap data...
[2023-06-08 12:27:27.555212] Inserting lp event data...
[2023-06-08 12:27:27.593391] Finished lp event data...
[2023-06-08 12:27:27.820489] Inserting snapshots data...
[2023-06-08 12:27:27.834695] Finished snapshots data...
[2023-06-08 12:27:27.834718] Finished pool Curve.fi Factory USD Metapool: Liquity.

[2023-06-08 12:27:27.834725] Backfilling pool Curve.fi Factory USD Metapool: Binance USD.
[2023-06-08 12:27:27.834732] Start time: 2022-07-22 23:55:06
[2023-06-08 12:27:27.834741] End time: 2022-07-30 00:00:16
[2023-06-08 12:29:19.658165] Inserting pool data...
[2023-06-08 12:30:12.517780] Finished pool data...
[2023-06-08 12:30:18.248855] Inserting swap data...
[2023-06-08 12:30:18.279556] Finished swap data...
[2023-06-08 12:30:24.536825] Inserting lp event data...
[2023-06-08 12:30:24.561642] Finished lp event data...
[2023-06-08 12:30:26.753953] Inserting snapshots data...
[2023-06-08 12:30:26.766940] Finished snapshots data...
[2023-06-08 12:30:26.766960] Finished pool Curve.fi Factory USD Metapool: Binance USD.

[2023-06-08 12:30:26.766967] Backfilling pool Curve.fi Factory Plain Pool: stETH concentrated.
[2023-06-08 12:30:26.766974] Start time: 2022-07-22 23:55:06
[2023-06-08 12:30:26.766983] End time: 2022-07-30 00:00:16
[2023-06-08 12:31:21.735954] Inserting pool data...
[2023-06-08 12:32:15.034171] Finished pool data...
[2023-06-08 12:32:21.313870] Inserting swap data...
[2023-06-08 12:32:21.386026] Finished swap data...
[2023-06-08 12:32:26.785370] Inserting lp event data...
[2023-06-08 12:32:26.805198] Finished lp event data...
[2023-06-08 12:32:26.921551] Inserting snapshots data...
[2023-06-08 12:32:26.933700] Finished snapshots data...
[2023-06-08 12:32:26.933722] Finished pool Curve.fi Factory Plain Pool: stETH concentrated.

[2023-06-08 12:32:26.933731] Backfilling pool Curve.fi Factory Crypto Pool: cbETH/ETH.
[2023-06-08 12:32:26.933739] Pools Curve.fi Factory Crypto Pool: cbETH/ETH was created after the end date. Skipping...

[2023-06-08 12:32:26.933746] Backfilling pool Curve.fi Factory Plain Pool: cvxCrv/Crv.
[2023-06-08 12:32:26.933753] Pools Curve.fi Factory Plain Pool: cvxCrv/Crv was created after the end date. Skipping...

[2023-06-08 12:32:26.933764] Backfilling token LUSD OHLCV using chainlink.
Found the closest round: 18446744073709555657, at 2022-07-22 23:47:57.
Number of iterations: 14
[2023-06-08 12:32:46.339966] Inserting OHLCV.
[2023-06-08 12:32:46.521666] Backfilling token FRAX OHLCV using chainlink.
Found the closest round: 18446744073709555650, at 2022-07-22 23:53:44.
Number of iterations: 14
[2023-06-08 12:33:05.660274] Inserting OHLCV.
[2023-06-08 12:33:05.836994] Backfilling token MIM OHLCV using ccxt.
Using Bitfinex for MIM/USD.

[2023-06-08 12:33:13.187528] Inserting OHLCV.
[2023-06-08 12:33:16.067433] Backfilling token USDC OHLCV using ccxt.
Using Binance US for USDC/USD.

[2023-06-08 12:33:18.394387] Inserting OHLCV.
[2023-06-08 12:33:26.231581] Backfilling token stETH OHLCV using chainlink.
Found the closest round: 18446744073709561152, at 2022-07-22 23:46:39.
Number of iterations: 14
[2023-06-08 12:33:46.801977] Inserting OHLCV.
[2023-06-08 12:33:47.027110] cbETH only indexed from 1661444040 (2022 12:14:00 PM GMT-04:00 DST). Skipping...
[2023-06-08 12:33:47.027137] Backfilling token ETH OHLCV using ccxt.
Using Binance US for ETH/USD.

[2023-06-08 12:33:49.118068] Inserting OHLCV.
[2023-06-08 12:33:56.850025] Backfilling token DAI OHLCV using ccxt.
Using Binance US for DAI/USD.

[2023-06-08 12:33:58.887436] Inserting OHLCV.
[2023-06-08 12:34:06.877177] Backfilling token BUSD OHLCV using chainlink.
Found the closest round: 18446744073709552104, at 2022-07-22 10:20:49.
Number of iterations: 10
[2023-06-08 12:34:17.570593] Inserting OHLCV.
[2023-06-08 12:34:17.585881] Backfilling token sUSD OHLCV using chainlink.
Found the closest round: 18446744073709552734, at 2022-07-22 14:00:45.
Number of iterations: 11
[2023-06-08 12:34:29.455044] Inserting OHLCV.
[2023-06-08 12:34:29.477350] WETH assumed to be = ETH. Skipping...

[2023-06-08 12:34:29.477379] Backfilling token cvxCRV OHLCV using curveswaps.
[2023-06-08 12:34:29.500938] Inserting OHLCV.
[2023-06-08 12:34:29.500974] No price data for token cvxCRV at this time.

[2023-06-08 12:34:29.500984] Backfilling token USDT OHLCV using ccxt.
Using Binance US for USDT/USD.

[2023-06-08 12:34:31.644569] Inserting OHLCV.
[2023-06-08 12:34:39.430376] Backfilling token USDN OHLCV using chainlink.
Found the closest round: 300, at 2022-07-22 20:33:19.
Number of iterations: 9
[2023-06-08 12:34:49.143591] Inserting OHLCV.
[2023-06-08 12:34:49.159112] Backfilling token frxETH OHLCV using curveswaps.
[2023-06-08 12:34:49.174946] Inserting OHLCV.
[2023-06-08 12:34:49.174984] No price data for token frxETH at this time.

[2023-06-08 12:34:49.174993] UST only indexed up to 1653667380 (2022-05-27 12:03:00 PM GMT-04:00 DST). Setting end time to 2022-07-30 00:00:16.
[2023-06-08 12:34:49.175004] Backfilling token UST OHLCV using ccxt.
Using Coinbase Pro for UST/USD.

[2023-06-08 12:34:49.177470] Inserting OHLCV.
[2023-06-08 12:34:49.177482] No price data for token UST at this time.

[2023-06-08 12:34:49.177509] 3Crv uses pool virtual price. Skipping...

[2023-06-08 12:34:49.177516] Backfilling token CRV OHLCV using ccxt.
Using Binance US for CRV/USD.

[2023-06-08 12:34:51.510970] Inserting OHLCV.
[2023-06-08 12:34:59.443893] Done :)
