
[2023-06-09 01:25:51.199426] Starting backfilling process.

[2023-06-09 01:25:52.026676] Backfilling pool Curve.fi ETH/stETH.
[2023-06-09 01:25:52.026730] Start time: 2023-01-27 23:55:11
[2023-06-09 01:25:52.026748] End time: 2023-02-04 00:00:11
[2023-06-09 01:26:51.814806] Inserting pool data...
[2023-06-09 01:27:56.706107] Finished pool data...
[2023-06-09 01:28:03.158492] Inserting swap data...
[2023-06-09 01:28:04.438632] Finished swap data...
[2023-06-09 01:28:10.949338] Inserting lp event data...
[2023-06-09 01:28:11.447524] Finished lp event data...
[2023-06-09 01:28:11.569219] Inserting snapshots data...
[2023-06-09 01:28:11.586811] Finished snapshots data...
[2023-06-09 01:28:11.586869] Finished pool Curve.fi ETH/stETH.

[2023-06-09 01:28:11.586884] Backfilling pool Curve.fi DAI/USDC/USDT.
[2023-06-09 01:28:11.586897] Start time: 2023-01-27 23:55:11
[2023-06-09 01:28:11.586914] End time: 2023-02-04 00:00:11
[2023-06-09 01:30:16.806944] Inserting pool data...
[2023-06-09 01:31:23.457179] Finished pool data...
[2023-06-09 01:31:30.030809] Inserting swap data...
[2023-06-09 01:31:32.064660] Finished swap data...
[2023-06-09 01:31:38.375029] Inserting lp event data...
[2023-06-09 01:31:39.620663] Finished lp event data...
[2023-06-09 01:31:39.747363] Inserting snapshots data...
[2023-06-09 01:31:39.759880] Finished snapshots data...
[2023-06-09 01:31:39.759925] Finished pool Curve.fi DAI/USDC/USDT.

[2023-06-09 01:31:39.759934] Backfilling pool Curve.fi FRAX/USDC.
[2023-06-09 01:31:39.759941] Start time: 2023-01-27 23:55:11
[2023-06-09 01:31:39.759952] End time: 2023-02-04 00:00:11
[2023-06-09 01:32:40.365337] Inserting pool data...
[2023-06-09 01:33:46.652823] Finished pool data...
[2023-06-09 01:33:53.367982] Inserting swap data...
[2023-06-09 01:33:53.659268] Finished swap data...
[2023-06-09 01:34:00.049658] Inserting lp event data...
[2023-06-09 01:34:00.867209] Finished lp event data...
[2023-06-09 01:34:01.001343] Inserting snapshots data...
[2023-06-09 01:34:01.014433] Finished snapshots data...
[2023-06-09 01:34:01.014564] Finished pool Curve.fi FRAX/USDC.

[2023-06-09 01:34:01.014660] Backfilling pool Curve.fi Factory USD Metapool: wormhole v2 UST-3Pool.
[2023-06-09 01:34:01.014755] Start time: 2023-01-27 23:55:11
[2023-06-09 01:34:01.014853] End time: 2023-02-04 00:00:11
[2023-06-09 01:35:01.159596] Inserting pool data...
[2023-06-09 01:36:07.325178] Finished pool data...
[2023-06-09 01:36:14.053793] Inserting swap data...
[2023-06-09 01:36:14.084650] Finished swap data...
[2023-06-09 01:36:20.522365] Inserting lp event data...
[2023-06-09 01:36:20.528956] Finished lp event data...
[2023-06-09 01:36:20.643350] Inserting snapshots data...
[2023-06-09 01:36:20.659637] Finished snapshots data...
[2023-06-09 01:36:20.659854] Finished pool Curve.fi Factory USD Metapool: wormhole v2 UST-3Pool.

[2023-06-09 01:36:20.660014] Backfilling pool Curve.fi USDN/3Crv.
[2023-06-09 01:36:20.660177] Start time: 2023-01-27 23:55:11
[2023-06-09 01:36:20.660344] End time: 2023-02-04 00:00:11
[2023-06-09 01:37:21.184027] Inserting pool data...
[2023-06-09 01:38:26.219627] Finished pool data...
[2023-06-09 01:38:32.604813] Inserting swap data...
[2023-06-09 01:38:32.648435] Finished swap data...
[2023-06-09 01:38:39.330713] Inserting lp event data...
[2023-06-09 01:38:39.361576] Finished lp event data...
[2023-06-09 01:38:39.478131] Inserting snapshots data...
[2023-06-09 01:38:39.497652] Finished snapshots data...
[2023-06-09 01:38:39.497688] Finished pool Curve.fi USDN/3Crv.

[2023-06-09 01:38:39.497697] Backfilling pool Curve.fi Factory USD Metapool: Magic Internet Money 3Pool.
[2023-06-09 01:38:39.497705] Start time: 2023-01-27 23:55:11
[2023-06-09 01:38:39.497715] End time: 2023-02-04 00:00:11
[2023-06-09 01:39:40.005250] Inserting pool data...
[2023-06-09 01:40:43.735313] Finished pool data...
[2023-06-09 01:40:50.036469] Inserting swap data...
[2023-06-09 01:40:50.073748] Finished swap data...
[2023-06-09 01:40:56.505843] Inserting lp event data...
[2023-06-09 01:40:56.606503] Finished lp event data...
[2023-06-09 01:40:56.727522] Inserting snapshots data...
[2023-06-09 01:40:56.739978] Finished snapshots data...
[2023-06-09 01:40:56.740134] Finished pool Curve.fi Factory USD Metapool: Magic Internet Money 3Pool.

[2023-06-09 01:40:56.740232] Backfilling pool Curve.fi DAI/USDC/USDT/sUSD.
[2023-06-09 01:40:56.740327] Start time: 2023-01-27 23:55:11
[2023-06-09 01:40:56.740425] End time: 2023-02-04 00:00:11
[2023-06-09 01:41:56.903281] Inserting pool data...
[2023-06-09 01:43:05.371807] Finished pool data...
[2023-06-09 01:43:12.575716] Inserting swap data...
[2023-06-09 01:43:12.812870] Finished swap data...
[2023-06-09 01:43:19.238806] Inserting lp event data...
[2023-06-09 01:43:19.284417] Finished lp event data...
[2023-06-09 01:43:19.401978] Inserting snapshots data...
[2023-06-09 01:43:19.414791] Finished snapshots data...
[2023-06-09 01:43:19.414831] Finished pool Curve.fi DAI/USDC/USDT/sUSD.

[2023-06-09 01:43:19.414840] Backfilling pool Curve.fi ETH/frxETH.
[2023-06-09 01:43:19.414848] Start time: 2023-01-27 23:55:11
[2023-06-09 01:43:19.414858] End time: 2023-02-04 00:00:11
[2023-06-09 01:44:19.724455] Inserting pool data...
[2023-06-09 01:45:25.101939] Finished pool data...
[2023-06-09 01:45:32.404622] Inserting swap data...
[2023-06-09 01:45:32.834536] Finished swap data...
[2023-06-09 01:45:39.011775] Inserting lp event data...
[2023-06-09 01:45:39.079170] Finished lp event data...
[2023-06-09 01:45:39.227406] Inserting snapshots data...
[2023-06-09 01:45:39.241590] Finished snapshots data...
[2023-06-09 01:45:39.241746] Finished pool Curve.fi ETH/frxETH.

[2023-06-09 01:45:39.241843] Backfilling pool Curve.fi Factory USD Metapool: Liquity.
[2023-06-09 01:45:39.242091] Start time: 2023-01-27 23:55:11
[2023-06-09 01:45:39.242190] End time: 2023-02-04 00:00:11
[2023-06-09 01:46:39.077435] Inserting pool data...
[2023-06-09 01:47:44.195430] Finished pool data...
[2023-06-09 01:47:50.886735] Inserting swap data...
[2023-06-09 01:47:51.054437] Finished swap data...
[2023-06-09 01:47:57.471913] Inserting lp event data...
[2023-06-09 01:47:57.561922] Finished lp event data...
[2023-06-09 01:47:57.675175] Inserting snapshots data...
[2023-06-09 01:47:57.687895] Finished snapshots data...
[2023-06-09 01:47:57.687945] Finished pool Curve.fi Factory USD Metapool: Liquity.

[2023-06-09 01:47:57.687960] Backfilling pool Curve.fi Factory USD Metapool: Binance USD.
[2023-06-09 01:47:57.687973] Start time: 2023-01-27 23:55:11
[2023-06-09 01:47:57.687991] End time: 2023-02-04 00:00:11
[2023-06-09 01:48:57.906512] Inserting pool data...
[2023-06-09 01:50:04.304209] Finished pool data...
[2023-06-09 01:50:11.128663] Inserting swap data...
[2023-06-09 01:50:11.161051] Finished swap data...
[2023-06-09 01:50:17.674928] Inserting lp event data...
[2023-06-09 01:50:17.698072] Finished lp event data...
[2023-06-09 01:50:17.818311] Inserting snapshots data...
[2023-06-09 01:50:17.836543] Finished snapshots data...
[2023-06-09 01:50:17.836767] Finished pool Curve.fi Factory USD Metapool: Binance USD.

[2023-06-09 01:50:17.836862] Backfilling pool Curve.fi Factory Plain Pool: stETH concentrated.
[2023-06-09 01:50:17.836880] Start time: 2023-01-27 23:55:11
[2023-06-09 01:50:17.836898] End time: 2023-02-04 00:00:11
[2023-06-09 01:51:20.027029] Inserting pool data...
[2023-06-09 01:52:24.760804] Finished pool data...
[2023-06-09 01:52:31.247383] Inserting swap data...
[2023-06-09 01:52:31.348042] Finished swap data...
[2023-06-09 01:52:38.036043] Inserting lp event data...
[2023-06-09 01:52:38.044704] Finished lp event data...
[2023-06-09 01:52:38.160797] Inserting snapshots data...
[2023-06-09 01:52:38.177012] Finished snapshots data...
[2023-06-09 01:52:38.177071] Finished pool Curve.fi Factory Plain Pool: stETH concentrated.

[2023-06-09 01:52:38.177086] Backfilling pool Curve.fi Factory Crypto Pool: cbETH/ETH.
[2023-06-09 01:52:38.177098] Start time: 2023-01-27 23:55:11
[2023-06-09 01:52:38.177116] End time: 2023-02-04 00:00:11
[2023-06-09 01:54:39.109479] Inserting pool data...
[2023-06-09 01:55:45.666328] Finished pool data...
[2023-06-09 01:55:53.695709] Inserting swap data...
[2023-06-09 01:55:53.708136] Finished swap data...
[2023-06-09 01:55:59.906397] Inserting lp event data...
[2023-06-09 01:55:59.917069] Finished lp event data...
[2023-06-09 01:56:00.032182] Inserting snapshots data...
[2023-06-09 01:56:00.046823] Finished snapshots data...
[2023-06-09 01:56:00.046982] Finished pool Curve.fi Factory Crypto Pool: cbETH/ETH.

[2023-06-09 01:56:00.047202] Backfilling pool Curve.fi Factory Plain Pool: cvxCrv/Crv.
[2023-06-09 01:56:00.047313] Pools Curve.fi Factory Plain Pool: cvxCrv/Crv was created after the end date. Skipping...

[2023-06-09 01:56:00.047410] Backfilling token LUSD OHLCV using chainlink.
Found the closest round: 18446744073709560191, at 2023-01-27 23:06:23.
Number of iterations: 13
[2023-06-09 01:56:18.779585] Inserting OHLCV.
[2023-06-09 01:56:18.986067] Backfilling token FRAX OHLCV using chainlink.
Found the closest round: 18446744073709560175, at 2023-01-27 23:42:47.
Number of iterations: 14
[2023-06-09 01:56:38.540470] Inserting OHLCV.
[2023-06-09 01:56:38.752306] Backfilling token MIM OHLCV using ccxt.
Using Bitfinex for MIM/USD.

[2023-06-09 01:56:46.889677] Inserting OHLCV.
[2023-06-09 01:56:50.777764] Backfilling token USDC OHLCV using ccxt.
Using Binance US for USDC/USD.

[2023-06-09 01:56:52.888819] Inserting OHLCV.
[2023-06-09 01:57:01.561659] Backfilling token stETH OHLCV using chainlink.
Found the closest round: 18446744073709566151, at 2023-01-27 23:03:47.
Number of iterations: 14
[2023-06-09 01:57:21.658425] Inserting OHLCV.
[2023-06-09 01:57:21.843071] Backfilling token cbETH OHLCV using ccxt.
Using Coinbase Pro for CBETH/USD.

[2023-06-09 01:57:30.924204] Inserting OHLCV.
[2023-06-09 01:57:36.275065] Backfilling token ETH OHLCV using ccxt.
Using Binance US for ETH/USD.

[2023-06-09 01:57:38.418251] Inserting OHLCV.
[2023-06-09 01:57:47.004901] Backfilling token DAI OHLCV using ccxt.
Using Binance US for DAI/USD.

[2023-06-09 01:57:49.076256] Inserting OHLCV.
[2023-06-09 01:57:58.116026] Backfilling token BUSD OHLCV using chainlink.
Found the closest round: 18446744073709552302, at 2023-01-27 14:07:35.
Number of iterations: 10
[2023-06-09 01:58:08.874308] Inserting OHLCV.
[2023-06-09 01:58:08.889514] Backfilling token sUSD OHLCV using chainlink.
Found the closest round: 18446744073709553340, at 2023-01-27 16:50:11.
Number of iterations: 11
[2023-06-09 01:58:20.813265] Inserting OHLCV.
[2023-06-09 01:58:20.833571] WETH assumed to be = ETH. Skipping...

[2023-06-09 01:58:20.833634] Backfilling token cvxCRV OHLCV using curveswaps.
[2023-06-09 01:58:20.866938] Inserting OHLCV.
[2023-06-09 01:58:20.867004] No price data for token cvxCRV at this time.

[2023-06-09 01:58:20.867023] Backfilling token USDT OHLCV using ccxt.
Using Binance US for USDT/USD.

[2023-06-09 01:58:23.058215] Inserting OHLCV.
[2023-06-09 01:58:31.787862] Backfilling token USDN OHLCV using chainlink.
Found the closest round: 501, at 2023-01-27 16:36:23.
Number of iterations: 9
[2023-06-09 01:58:41.504675] Inserting OHLCV.
[2023-06-09 01:58:41.521973] Backfilling token frxETH OHLCV using curveswaps.
[2023-06-09 01:58:41.837449] Inserting OHLCV.
[2023-06-09 01:58:42.232382] UST only indexed up to 1653667380 (2022-05-27 12:03:00 PM GMT-04:00 DST). Setting end time to 2023-02-04 00:00:11.
[2023-06-09 01:58:42.232449] Backfilling token UST OHLCV using ccxt.
Using Coinbase Pro for UST/USD.

[2023-06-09 01:58:42.235151] Inserting OHLCV.
[2023-06-09 01:58:42.235174] No price data for token UST at this time.

[2023-06-09 01:58:42.235184] 3Crv uses pool virtual price. Skipping...

[2023-06-09 01:58:42.235192] Backfilling token CRV OHLCV using ccxt.
Using Binance US for CRV/USD.

[2023-06-09 01:58:44.614464] Inserting OHLCV.
[2023-06-09 01:58:53.242146] Done :)
