
[2023-06-08 10:43:23.085907] Starting backfilling process.

[2023-06-08 10:43:24.294467] Backfilling pool Curve.fi ETH/stETH.
[2023-06-08 10:43:24.294500] Start time: 2022-06-24 23:55:02
[2023-06-08 10:43:24.294510] End time: 2022-07-02 00:00:38
[2023-06-08 10:44:10.388774] Inserting pool data...
[2023-06-08 10:44:56.077729] Finished pool data...
[2023-06-08 10:45:01.457263] Inserting swap data...
[2023-06-08 10:45:02.333864] Finished swap data...
[2023-06-08 10:45:08.823584] Inserting lp event data...
[2023-06-08 10:45:09.010649] Finished lp event data...
[2023-06-08 10:45:09.142240] Inserting snapshots data...
[2023-06-08 10:45:09.156027] Finished snapshots data...
[2023-06-08 10:45:09.156049] Finished pool Curve.fi ETH/stETH.

[2023-06-08 10:45:09.156056] Backfilling pool Curve.fi DAI/USDC/USDT.
[2023-06-08 10:45:09.156063] Start time: 2022-06-24 23:55:02
[2023-06-08 10:45:09.156071] End time: 2022-07-02 00:00:38
[2023-06-08 10:45:57.177081] Inserting pool data...
[2023-06-08 10:46:43.101070] Finished pool data...
[2023-06-08 10:46:52.278929] Inserting swap data...
[2023-06-08 10:46:53.958560] Finished swap data...
[2023-06-08 10:46:58.760190] Inserting lp event data...
[2023-06-08 10:47:00.687956] Finished lp event data...
[2023-06-08 10:47:00.793878] Inserting snapshots data...
[2023-06-08 10:47:00.806509] Finished snapshots data...
[2023-06-08 10:47:00.806530] Finished pool Curve.fi DAI/USDC/USDT.

[2023-06-08 10:47:00.806538] Backfilling pool Curve.fi FRAX/USDC.
[2023-06-08 10:47:00.806544] Start time: 2022-06-24 23:55:02
[2023-06-08 10:47:00.806553] End time: 2022-07-02 00:00:38
[2023-06-08 10:47:48.456804] Inserting pool data...
[2023-06-08 10:48:34.452237] Finished pool data...
[2023-06-08 10:48:39.390300] Inserting swap data...
[2023-06-08 10:48:39.454243] Finished swap data...
[2023-06-08 10:48:44.337324] Inserting lp event data...
[2023-06-08 10:48:44.454167] Finished lp event data...
[2023-06-08 10:48:44.607397] Inserting snapshots data...
[2023-06-08 10:48:44.619863] Finished snapshots data...
[2023-06-08 10:48:44.619885] Finished pool Curve.fi FRAX/USDC.

[2023-06-08 10:48:44.619892] Backfilling pool Curve.fi Factory USD Metapool: wormhole v2 UST-3Pool.
[2023-06-08 10:48:44.619899] Start time: 2022-06-24 23:55:02
[2023-06-08 10:48:44.619908] End time: 2022-07-02 00:00:38
[2023-06-08 10:49:30.517992] Inserting pool data...
[2023-06-08 10:50:16.317528] Finished pool data...
[2023-06-08 10:50:21.869076] Inserting swap data...
[2023-06-08 10:50:21.951030] Finished swap data...
[2023-06-08 10:50:26.729050] Inserting lp event data...
[2023-06-08 10:50:26.736577] Finished lp event data...
[2023-06-08 10:50:26.831785] Inserting snapshots data...
[2023-06-08 10:50:26.843972] Finished snapshots data...
[2023-06-08 10:50:26.843992] Finished pool Curve.fi Factory USD Metapool: wormhole v2 UST-3Pool.

[2023-06-08 10:50:26.843999] Backfilling pool Curve.fi USDN/3Crv.
[2023-06-08 10:50:26.844006] Start time: 2022-06-24 23:55:02
[2023-06-08 10:50:26.844015] End time: 2022-07-02 00:00:38
[2023-06-08 10:51:13.029286] Inserting pool data...
[2023-06-08 10:51:58.635156] Finished pool data...
[2023-06-08 10:52:03.983053] Inserting swap data...
[2023-06-08 10:52:04.060295] Finished swap data...
[2023-06-08 10:52:08.834334] Inserting lp event data...
[2023-06-08 10:52:08.900009] Finished lp event data...
[2023-06-08 10:52:09.003158] Inserting snapshots data...
[2023-06-08 10:52:09.015328] Finished snapshots data...
[2023-06-08 10:52:09.015348] Finished pool Curve.fi USDN/3Crv.

[2023-06-08 10:52:09.015356] Backfilling pool Curve.fi Factory USD Metapool: Magic Internet Money 3Pool.
[2023-06-08 10:52:09.015363] Start time: 2022-06-24 23:55:02
[2023-06-08 10:52:09.015372] End time: 2022-07-02 00:00:38
[2023-06-08 10:52:55.696475] Inserting pool data...
[2023-06-08 10:53:41.493347] Finished pool data...
[2023-06-08 10:53:46.478544] Inserting swap data...
[2023-06-08 10:53:46.652808] Finished swap data...
[2023-06-08 10:53:51.164787] Inserting lp event data...
[2023-06-08 10:53:51.205467] Finished lp event data...
[2023-06-08 10:53:51.318403] Inserting snapshots data...
[2023-06-08 10:53:51.330713] Finished snapshots data...
[2023-06-08 10:53:51.330732] Finished pool Curve.fi Factory USD Metapool: Magic Internet Money 3Pool.

[2023-06-08 10:53:51.330739] Backfilling pool Curve.fi DAI/USDC/USDT/sUSD.
[2023-06-08 10:53:51.330746] Start time: 2022-06-24 23:55:02
[2023-06-08 10:53:51.330754] End time: 2022-07-02 00:00:38
[2023-06-08 10:54:38.844192] Inserting pool data...
[2023-06-08 10:55:24.964433] Finished pool data...
[2023-06-08 10:55:30.227222] Inserting swap data...
[2023-06-08 10:55:30.944381] Finished swap data...
[2023-06-08 10:55:35.686160] Inserting lp event data...
[2023-06-08 10:55:35.790223] Finished lp event data...
[2023-06-08 10:55:36.175175] Inserting snapshots data...
[2023-06-08 10:55:36.187858] Finished snapshots data...
[2023-06-08 10:55:36.187879] Finished pool Curve.fi DAI/USDC/USDT/sUSD.

[2023-06-08 10:55:36.187886] Backfilling pool Curve.fi ETH/frxETH.
[2023-06-08 10:55:36.187892] Pools Curve.fi ETH/frxETH was created after the end date. Skipping...

[2023-06-08 10:55:36.187898] Backfilling pool Curve.fi Factory USD Metapool: Liquity.
[2023-06-08 10:55:36.187904] Start time: 2022-06-24 23:55:02
[2023-06-08 10:55:36.187913] End time: 2022-07-02 00:00:38
[2023-06-08 10:56:22.128906] Inserting pool data...
[2023-06-08 10:57:08.092725] Finished pool data...
[2023-06-08 10:57:13.533456] Inserting swap data...
[2023-06-08 10:57:13.777685] Finished swap data...
[2023-06-08 10:57:19.539145] Inserting lp event data...
[2023-06-08 10:57:19.552285] Finished lp event data...
[2023-06-08 10:57:19.852004] Inserting snapshots data...
[2023-06-08 10:57:19.864344] Finished snapshots data...
[2023-06-08 10:57:19.864363] Finished pool Curve.fi Factory USD Metapool: Liquity.

[2023-06-08 10:57:19.864370] Backfilling pool Curve.fi Factory USD Metapool: Binance USD.
[2023-06-08 10:57:19.864377] Start time: 2022-06-24 23:55:02
[2023-06-08 10:57:19.864386] End time: 2022-07-02 00:00:38
[2023-06-08 10:58:08.614817] Inserting pool data...
[2023-06-08 10:58:54.584886] Finished pool data...
[2023-06-08 10:58:59.959514] Inserting swap data...
[2023-06-08 10:59:00.000835] Finished swap data...
[2023-06-08 10:59:04.914985] Inserting lp event data...
[2023-06-08 10:59:04.932549] Finished lp event data...
[2023-06-08 10:59:05.339424] Inserting snapshots data...
[2023-06-08 10:59:05.354652] Finished snapshots data...
[2023-06-08 10:59:05.354672] Finished pool Curve.fi Factory USD Metapool: Binance USD.

[2023-06-08 10:59:05.354680] Backfilling pool Curve.fi Factory Plain Pool: stETH concentrated.
[2023-06-08 10:59:05.354686] Start time: 2022-06-24 23:55:02
[2023-06-08 10:59:05.354695] End time: 2022-07-02 00:00:38
[2023-06-08 10:59:50.924290] Inserting pool data...
[2023-06-08 11:00:36.893853] Finished pool data...
[2023-06-08 11:00:42.687323] Inserting swap data...
[2023-06-08 11:00:42.739092] Finished swap data...
[2023-06-08 11:00:48.022856] Inserting lp event data...
[2023-06-08 11:00:48.039040] Finished lp event data...
[2023-06-08 11:00:48.149059] Inserting snapshots data...
[2023-06-08 11:00:48.161161] Finished snapshots data...
[2023-06-08 11:00:48.161180] Finished pool Curve.fi Factory Plain Pool: stETH concentrated.

[2023-06-08 11:00:48.161187] Backfilling pool Curve.fi Factory Crypto Pool: cbETH/ETH.
[2023-06-08 11:00:48.161194] Pools Curve.fi Factory Crypto Pool: cbETH/ETH was created after the end date. Skipping...

[2023-06-08 11:00:48.161200] Backfilling pool Curve.fi Factory Plain Pool: cvxCrv/Crv.
[2023-06-08 11:00:48.161206] Pools Curve.fi Factory Plain Pool: cvxCrv/Crv was created after the end date. Skipping...

[2023-06-08 11:00:48.161215] Backfilling token LUSD OHLCV using chainlink.
Found the closest round: 18446744073709554977, at 2022-06-24 23:16:52.
Number of iterations: 14
[2023-06-08 11:01:08.361948] Inserting OHLCV.
[2023-06-08 11:01:08.545917] Backfilling token FRAX OHLCV using chainlink.
Found the closest round: 18446744073709554966, at 2022-06-24 23:39:12.
Number of iterations: 14
[2023-06-08 11:01:28.631210] Inserting OHLCV.
[2023-06-08 11:01:28.814933] Backfilling token MIM OHLCV using ccxt.
Using Bitfinex for MIM/USD.

[2023-06-08 11:01:37.245285] Inserting OHLCV.
[2023-06-08 11:01:40.789178] Backfilling token USDC OHLCV using ccxt.
Using Binance US for USDC/USD.

[2023-06-08 11:01:43.168078] Inserting OHLCV.
[2023-06-08 11:01:51.187565] Backfilling token stETH OHLCV using chainlink.
Found the closest round: 18446744073709560321, at 2022-06-24 23:12:59.
Number of iterations: 15
[2023-06-08 11:02:13.444832] Inserting OHLCV.
[2023-06-08 11:02:13.673385] cbETH only indexed from 1661444040 (2022 12:14:00 PM GMT-04:00 DST). Skipping...
[2023-06-08 11:02:13.673413] Backfilling token ETH OHLCV using ccxt.
Using Binance US for ETH/USD.

[2023-06-08 11:02:15.749364] Inserting OHLCV.
[2023-06-08 11:02:23.494840] Backfilling token DAI OHLCV using ccxt.
Using Binance US for DAI/USD.

[2023-06-08 11:02:25.538867] Inserting OHLCV.
[2023-06-08 11:02:33.292464] Backfilling token BUSD OHLCV using chainlink.
Found the closest round: 18446744073709552076, at 2022-06-24 10:13:39.
Number of iterations: 10
[2023-06-08 11:02:44.064720] Inserting OHLCV.
[2023-06-08 11:02:44.080133] Backfilling token sUSD OHLCV using chainlink.
Found the closest round: 18446744073709552696, at 2022-06-24 21:53:55.
Number of iterations: 11
[2023-06-08 11:02:55.987832] Inserting OHLCV.
[2023-06-08 11:02:56.006296] WETH assumed to be = ETH. Skipping...

[2023-06-08 11:02:56.006324] Backfilling token cvxCRV OHLCV using curveswaps.
[2023-06-08 11:02:56.027290] Inserting OHLCV.
[2023-06-08 11:02:56.027326] No price data for token cvxCRV at this time.

[2023-06-08 11:02:56.027337] Backfilling token USDT OHLCV using ccxt.
Using Binance US for USDT/USD.

[2023-06-08 11:02:58.096807] Inserting OHLCV.
[2023-06-08 11:03:06.094476] Backfilling token USDN OHLCV using chainlink.
Found the closest round: 269, at 2022-06-24 04:34:32.
Number of iterations: 9
[2023-06-08 11:03:15.832469] Inserting OHLCV.
[2023-06-08 11:03:15.847872] Backfilling token frxETH OHLCV using curveswaps.
[2023-06-08 11:03:15.864043] Inserting OHLCV.
[2023-06-08 11:03:15.864081] No price data for token frxETH at this time.

[2023-06-08 11:03:15.864090] UST only indexed up to 1653667380 (2022-05-27 12:03:00 PM GMT-04:00 DST). Setting end time to 2022-07-02 00:00:38.
[2023-06-08 11:03:15.864103] Backfilling token UST OHLCV using ccxt.
Using Coinbase Pro for UST/USD.

[2023-06-08 11:03:15.866638] Inserting OHLCV.
[2023-06-08 11:03:15.866651] No price data for token UST at this time.

[2023-06-08 11:03:15.866658] 3Crv uses pool virtual price. Skipping...

[2023-06-08 11:03:15.866665] Backfilling token CRV OHLCV using ccxt.
Using Binance US for CRV/USD.

[2023-06-08 11:03:18.216980] Inserting OHLCV.
[2023-06-08 11:03:26.205542] Done :)
