
[2023-06-08 11:48:59.108243] Starting backfilling process.

[2023-06-08 11:49:00.093251] Backfilling pool Curve.fi ETH/stETH.
[2023-06-08 11:49:00.093282] Start time: 2022-07-15 23:55:18
[2023-06-08 11:49:00.093291] End time: 2022-07-23 00:00:14
[2023-06-08 11:49:52.239257] Inserting pool data...
[2023-06-08 11:50:44.814167] Finished pool data...
[2023-06-08 11:50:50.987425] Inserting swap data...
[2023-06-08 11:50:52.267006] Finished swap data...
[2023-06-08 11:50:57.905350] Inserting lp event data...
[2023-06-08 11:50:58.234866] Finished lp event data...
[2023-06-08 11:50:59.429310] Inserting snapshots data...
[2023-06-08 11:50:59.443331] Finished snapshots data...
[2023-06-08 11:50:59.443351] Finished pool Curve.fi ETH/stETH.

[2023-06-08 11:50:59.443359] Backfilling pool Curve.fi DAI/USDC/USDT.
[2023-06-08 11:50:59.443366] Start time: 2022-07-15 23:55:18
[2023-06-08 11:50:59.443375] End time: 2022-07-23 00:00:14
[2023-06-08 11:51:53.957790] Inserting pool data...
[2023-06-08 11:52:46.081671] Finished pool data...
[2023-06-08 11:52:53.902164] Inserting swap data...
[2023-06-08 11:52:55.457641] Finished swap data...
[2023-06-08 11:53:01.151903] Inserting lp event data...
[2023-06-08 11:53:02.786328] Finished lp event data...
[2023-06-08 11:53:02.904362] Inserting snapshots data...
[2023-06-08 11:53:02.916411] Finished snapshots data...
[2023-06-08 11:53:02.916431] Finished pool Curve.fi DAI/USDC/USDT.

[2023-06-08 11:53:02.916439] Backfilling pool Curve.fi FRAX/USDC.
[2023-06-08 11:53:02.916445] Start time: 2022-07-15 23:55:18
[2023-06-08 11:53:02.916454] End time: 2022-07-23 00:00:14
[2023-06-08 11:53:57.056980] Inserting pool data...
[2023-06-08 11:54:49.592685] Finished pool data...
[2023-06-08 11:54:55.321928] Inserting swap data...
[2023-06-08 11:54:55.389134] Finished swap data...
[2023-06-08 11:55:01.938078] Inserting lp event data...
[2023-06-08 11:55:02.137162] Finished lp event data...
[2023-06-08 11:55:02.306740] Inserting snapshots data...
[2023-06-08 11:55:02.319897] Finished snapshots data...
[2023-06-08 11:55:02.319917] Finished pool Curve.fi FRAX/USDC.

[2023-06-08 11:55:02.319924] Backfilling pool Curve.fi Factory USD Metapool: wormhole v2 UST-3Pool.
[2023-06-08 11:55:02.319931] Start time: 2022-07-15 23:55:18
[2023-06-08 11:55:02.319940] End time: 2022-07-23 00:00:14
[2023-06-08 11:55:56.731442] Inserting pool data...
[2023-06-08 11:56:48.802611] Finished pool data...
[2023-06-08 11:56:54.446751] Inserting swap data...
[2023-06-08 11:56:54.472125] Finished swap data...
[2023-06-08 11:57:00.255230] Inserting lp event data...
[2023-06-08 11:57:00.261308] Finished lp event data...
[2023-06-08 11:57:00.389812] Inserting snapshots data...
[2023-06-08 11:57:00.403035] Finished snapshots data...
[2023-06-08 11:57:00.403054] Finished pool Curve.fi Factory USD Metapool: wormhole v2 UST-3Pool.

[2023-06-08 11:57:00.403062] Backfilling pool Curve.fi USDN/3Crv.
[2023-06-08 11:57:00.403069] Start time: 2022-07-15 23:55:18
[2023-06-08 11:57:00.403077] End time: 2022-07-23 00:00:14
[2023-06-08 11:57:54.650878] Inserting pool data...
[2023-06-08 11:58:47.545387] Finished pool data...
[2023-06-08 11:58:53.201903] Inserting swap data...
[2023-06-08 11:58:53.252527] Finished swap data...
[2023-06-08 11:58:58.900869] Inserting lp event data...
[2023-06-08 11:58:58.929004] Finished lp event data...
[2023-06-08 11:58:59.052990] Inserting snapshots data...
[2023-06-08 11:58:59.064936] Finished snapshots data...
[2023-06-08 11:58:59.064954] Finished pool Curve.fi USDN/3Crv.

[2023-06-08 11:58:59.064962] Backfilling pool Curve.fi Factory USD Metapool: Magic Internet Money 3Pool.
[2023-06-08 11:58:59.064970] Start time: 2022-07-15 23:55:18
[2023-06-08 11:58:59.064979] End time: 2022-07-23 00:00:14
[2023-06-08 11:59:52.351933] Inserting pool data...
[2023-06-08 12:00:44.776201] Finished pool data...
[2023-06-08 12:00:50.670359] Inserting swap data...
[2023-06-08 12:00:50.857381] Finished swap data...
[2023-06-08 12:00:56.567300] Inserting lp event data...
[2023-06-08 12:00:56.681838] Finished lp event data...
[2023-06-08 12:00:56.823734] Inserting snapshots data...
[2023-06-08 12:00:56.835784] Finished snapshots data...
[2023-06-08 12:00:56.835803] Finished pool Curve.fi Factory USD Metapool: Magic Internet Money 3Pool.

[2023-06-08 12:00:56.835811] Backfilling pool Curve.fi DAI/USDC/USDT/sUSD.
[2023-06-08 12:00:56.835817] Start time: 2022-07-15 23:55:18
[2023-06-08 12:00:56.835826] End time: 2022-07-23 00:00:14
[2023-06-08 12:01:56.325238] Inserting pool data...
[2023-06-08 12:02:49.083447] Finished pool data...
[2023-06-08 12:02:54.974636] Inserting swap data...
[2023-06-08 12:02:55.426216] Finished swap data...
[2023-06-08 12:03:01.133456] Inserting lp event data...
[2023-06-08 12:03:01.209191] Finished lp event data...
[2023-06-08 12:03:01.316687] Inserting snapshots data...
[2023-06-08 12:03:01.328820] Finished snapshots data...
[2023-06-08 12:03:01.328839] Finished pool Curve.fi DAI/USDC/USDT/sUSD.

[2023-06-08 12:03:01.328847] Backfilling pool Curve.fi ETH/frxETH.
[2023-06-08 12:03:01.328853] Pools Curve.fi ETH/frxETH was created after the end date. Skipping...

[2023-06-08 12:03:01.328859] Backfilling pool Curve.fi Factory USD Metapool: Liquity.
[2023-06-08 12:03:01.328865] Start time: 2022-07-15 23:55:18
[2023-06-08 12:03:01.328874] End time: 2022-07-23 00:00:14
[2023-06-08 12:03:56.547363] Inserting pool data...
[2023-06-08 12:04:48.187494] Finished pool data...
[2023-06-08 12:04:54.504866] Inserting swap data...
[2023-06-08 12:04:54.574154] Finished swap data...
[2023-06-08 12:05:00.332379] Inserting lp event data...
[2023-06-08 12:05:00.346925] Finished lp event data...
[2023-06-08 12:05:00.457117] Inserting snapshots data...
[2023-06-08 12:05:00.472069] Finished snapshots data...
[2023-06-08 12:05:00.472088] Finished pool Curve.fi Factory USD Metapool: Liquity.

[2023-06-08 12:05:00.472096] Backfilling pool Curve.fi Factory USD Metapool: Binance USD.
[2023-06-08 12:05:00.472103] Start time: 2022-07-15 23:55:18
[2023-06-08 12:05:00.472112] End time: 2022-07-23 00:00:14
[2023-06-08 12:05:54.708800] Inserting pool data...
[2023-06-08 12:06:47.146042] Finished pool data...
[2023-06-08 12:06:52.820244] Inserting swap data...
[2023-06-08 12:06:52.857744] Finished swap data...
[2023-06-08 12:06:58.314624] Inserting lp event data...
[2023-06-08 12:06:58.337079] Finished lp event data...
[2023-06-08 12:06:58.451023] Inserting snapshots data...
[2023-06-08 12:06:58.463379] Finished snapshots data...
[2023-06-08 12:06:58.463398] Finished pool Curve.fi Factory USD Metapool: Binance USD.

[2023-06-08 12:06:58.463406] Backfilling pool Curve.fi Factory Plain Pool: stETH concentrated.
[2023-06-08 12:06:58.463412] Start time: 2022-07-15 23:55:18
[2023-06-08 12:06:58.463421] End time: 2022-07-23 00:00:14
[2023-06-08 12:07:53.219466] Inserting pool data...
[2023-06-08 12:08:45.303837] Finished pool data...
[2023-06-08 12:08:52.082563] Inserting swap data...
[2023-06-08 12:08:52.170013] Finished swap data...
[2023-06-08 12:08:57.458852] Inserting lp event data...
[2023-06-08 12:08:57.484628] Finished lp event data...
[2023-06-08 12:08:57.589368] Inserting snapshots data...
[2023-06-08 12:08:57.601516] Finished snapshots data...
[2023-06-08 12:08:57.601535] Finished pool Curve.fi Factory Plain Pool: stETH concentrated.

[2023-06-08 12:08:57.601542] Backfilling pool Curve.fi Factory Crypto Pool: cbETH/ETH.
[2023-06-08 12:08:57.601549] Pools Curve.fi Factory Crypto Pool: cbETH/ETH was created after the end date. Skipping...

[2023-06-08 12:08:57.601555] Backfilling pool Curve.fi Factory Plain Pool: cvxCrv/Crv.
[2023-06-08 12:08:57.601561] Pools Curve.fi Factory Plain Pool: cvxCrv/Crv was created after the end date. Skipping...

[2023-06-08 12:08:57.601570] Backfilling token LUSD OHLCV using chainlink.
Found the closest round: 18446744073709555486, at 2022-07-15 23:05:51.
Number of iterations: 13
[2023-06-08 12:09:16.124823] Inserting OHLCV.
[2023-06-08 12:09:16.305461] Backfilling token FRAX OHLCV using chainlink.
Found the closest round: 18446744073709555478, at 2022-07-15 23:13:46.
Number of iterations: 14
[2023-06-08 12:09:35.738391] Inserting OHLCV.
[2023-06-08 12:09:35.923330] Backfilling token MIM OHLCV using ccxt.
Using Bitfinex for MIM/USD.

[2023-06-08 12:09:44.170740] Inserting OHLCV.
[2023-06-08 12:09:47.638285] Backfilling token USDC OHLCV using ccxt.
Using Binance US for USDC/USD.

[2023-06-08 12:09:49.764080] Inserting OHLCV.
[2023-06-08 12:09:57.503109] Backfilling token stETH OHLCV using chainlink.
Found the closest round: 18446744073709560921, at 2022-07-15 23:33:04.
Number of iterations: 14
[2023-06-08 12:10:18.779393] Inserting OHLCV.
[2023-06-08 12:10:19.021862] cbETH only indexed from 1661444040 (2022 12:14:00 PM GMT-04:00 DST). Skipping...
[2023-06-08 12:10:19.021888] Backfilling token ETH OHLCV using ccxt.
Using Binance US for ETH/USD.

[2023-06-08 12:10:21.351115] Inserting OHLCV.
[2023-06-08 12:10:29.081517] Backfilling token DAI OHLCV using ccxt.
Using Binance US for DAI/USD.

[2023-06-08 12:10:31.100651] Inserting OHLCV.
[2023-06-08 12:10:38.691606] Backfilling token BUSD OHLCV using chainlink.
Found the closest round: 18446744073709552097, at 2022-07-15 10:18:47.
Number of iterations: 10
[2023-06-08 12:10:49.444122] Inserting OHLCV.
[2023-06-08 12:10:49.460837] Backfilling token sUSD OHLCV using chainlink.
Found the closest round: 18446744073709552723, at 2022-07-15 19:03:22.
Number of iterations: 11
[2023-06-08 12:11:01.336476] Inserting OHLCV.
[2023-06-08 12:11:01.357873] WETH assumed to be = ETH. Skipping...

[2023-06-08 12:11:01.357903] Backfilling token cvxCRV OHLCV using curveswaps.
[2023-06-08 12:11:01.382383] Inserting OHLCV.
[2023-06-08 12:11:01.382449] No price data for token cvxCRV at this time.

[2023-06-08 12:11:01.382460] Backfilling token USDT OHLCV using ccxt.
Using Binance US for USDT/USD.

[2023-06-08 12:11:03.449505] Inserting OHLCV.
[2023-06-08 12:11:11.289906] Backfilling token USDN OHLCV using chainlink.
Found the closest round: 292, at 2022-07-15 22:28:42.
Number of iterations: 9
[2023-06-08 12:11:21.040323] Inserting OHLCV.
[2023-06-08 12:11:21.057383] Backfilling token frxETH OHLCV using curveswaps.
[2023-06-08 12:11:21.073942] Inserting OHLCV.
[2023-06-08 12:11:21.073978] No price data for token frxETH at this time.

[2023-06-08 12:11:21.073987] UST only indexed up to 1653667380 (2022-05-27 12:03:00 PM GMT-04:00 DST). Setting end time to 2022-07-23 00:00:14.
[2023-06-08 12:11:21.073998] Backfilling token UST OHLCV using ccxt.
Using Coinbase Pro for UST/USD.

[2023-06-08 12:11:21.076491] Inserting OHLCV.
[2023-06-08 12:11:21.076504] No price data for token UST at this time.

[2023-06-08 12:11:21.076511] 3Crv uses pool virtual price. Skipping...

[2023-06-08 12:11:21.076518] Backfilling token CRV OHLCV using ccxt.
Using Binance US for CRV/USD.

[2023-06-08 12:11:23.282233] Inserting OHLCV.
[2023-06-08 12:11:30.961124] Done :)
