
[2023-06-08 04:59:49.060749] Starting backfilling process.

[2023-06-08 04:59:49.786288] Backfilling pool Curve.fi ETH/stETH.
[2023-06-08 04:59:49.786320] Start time: 2022-02-18 23:55:16
[2023-06-08 04:59:49.786329] End time: 2022-02-26 00:00:28
[2023-06-08 05:00:41.236253] Inserting pool data...
[2023-06-08 05:01:34.202007] Finished pool data...
[2023-06-08 05:01:40.215146] Inserting swap data...
[2023-06-08 05:01:40.821071] Finished swap data...
[2023-06-08 05:01:46.061331] Inserting lp event data...
[2023-06-08 05:01:46.205497] Finished lp event data...
[2023-06-08 05:01:46.422422] Inserting snapshots data...
[2023-06-08 05:01:46.435357] Finished snapshots data...
[2023-06-08 05:01:46.435377] Finished pool Curve.fi ETH/stETH.

[2023-06-08 05:01:46.435384] Backfilling pool Curve.fi DAI/USDC/USDT.
[2023-06-08 05:01:46.435390] Start time: 2022-02-18 23:55:16
[2023-06-08 05:01:46.435400] End time: 2022-02-26 00:00:28
[2023-06-08 05:02:39.822772] Inserting pool data...
[2023-06-08 05:03:32.902513] Finished pool data...
[2023-06-08 05:03:38.855364] Inserting swap data...
[2023-06-08 05:03:39.250656] Finished swap data...
[2023-06-08 05:03:45.137869] Inserting lp event data...
[2023-06-08 05:03:47.908176] Finished lp event data...
[2023-06-08 05:03:49.415811] Inserting snapshots data...
[2023-06-08 05:03:49.429032] Finished snapshots data...
[2023-06-08 05:03:49.429053] Finished pool Curve.fi DAI/USDC/USDT.

[2023-06-08 05:03:49.429061] Backfilling pool Curve.fi FRAX/USDC.
[2023-06-08 05:03:49.429067] Pools Curve.fi FRAX/USDC was created after the end date. Skipping...

[2023-06-08 05:03:49.429073] Backfilling pool Curve.fi Factory USD Metapool: wormhole v2 UST-3Pool.
[2023-06-08 05:03:49.429079] Start time: 2022-02-18 23:55:16
[2023-06-08 05:03:49.429088] End time: 2022-02-26 00:00:28
[2023-06-08 05:04:43.656985] Inserting pool data...
[2023-06-08 05:05:36.410561] Finished pool data...
[2023-06-08 05:05:42.064674] Inserting swap data...
[2023-06-08 05:05:42.304924] Finished swap data...
[2023-06-08 05:05:49.546276] Inserting lp event data...
[2023-06-08 05:05:49.657003] Finished lp event data...
[2023-06-08 05:05:49.829790] Inserting snapshots data...
[2023-06-08 05:05:49.842193] Finished snapshots data...
[2023-06-08 05:05:49.842212] Finished pool Curve.fi Factory USD Metapool: wormhole v2 UST-3Pool.

[2023-06-08 05:05:49.842220] Backfilling pool Curve.fi USDN/3Crv.
[2023-06-08 05:05:49.842227] Start time: 2022-02-18 23:55:16
[2023-06-08 05:05:49.842236] End time: 2022-02-26 00:00:28
[2023-06-08 05:06:43.957513] Inserting pool data...
[2023-06-08 05:07:36.847947] Finished pool data...
[2023-06-08 05:07:43.240778] Inserting swap data...
[2023-06-08 05:07:43.282830] Finished swap data...
[2023-06-08 05:07:48.724757] Inserting lp event data...
[2023-06-08 05:07:48.804306] Finished lp event data...
[2023-06-08 05:07:49.350167] Inserting snapshots data...
[2023-06-08 05:07:49.362475] Finished snapshots data...
[2023-06-08 05:07:49.362499] Finished pool Curve.fi USDN/3Crv.

[2023-06-08 05:07:49.362509] Backfilling pool Curve.fi Factory USD Metapool: Magic Internet Money 3Pool.
[2023-06-08 05:07:49.362518] Start time: 2022-02-18 23:55:16
[2023-06-08 05:07:49.362530] End time: 2022-02-26 00:00:28
[2023-06-08 05:08:43.987299] Inserting pool data...
[2023-06-08 05:09:36.775967] Finished pool data...
[2023-06-08 05:09:42.320961] Inserting swap data...
[2023-06-08 05:09:42.868610] Finished swap data...
[2023-06-08 05:09:48.489543] Inserting lp event data...
[2023-06-08 05:09:48.599628] Finished lp event data...
[2023-06-08 05:09:49.435088] Inserting snapshots data...
[2023-06-08 05:09:49.448193] Finished snapshots data...
[2023-06-08 05:09:49.448216] Finished pool Curve.fi Factory USD Metapool: Magic Internet Money 3Pool.

[2023-06-08 05:09:49.448224] Backfilling pool Curve.fi DAI/USDC/USDT/sUSD.
[2023-06-08 05:09:49.448230] Start time: 2022-02-18 23:55:16
[2023-06-08 05:09:49.448240] End time: 2022-02-26 00:00:28
[2023-06-08 05:10:43.217436] Inserting pool data...
[2023-06-08 05:11:36.480593] Finished pool data...
[2023-06-08 05:11:41.892738] Inserting swap data...
[2023-06-08 05:11:42.052813] Finished swap data...
[2023-06-08 05:11:47.648272] Inserting lp event data...
[2023-06-08 05:11:47.680635] Finished lp event data...
[2023-06-08 05:11:49.303851] Inserting snapshots data...
[2023-06-08 05:11:49.322205] Finished snapshots data...
[2023-06-08 05:11:49.322225] Finished pool Curve.fi DAI/USDC/USDT/sUSD.

[2023-06-08 05:11:49.322233] Backfilling pool Curve.fi ETH/frxETH.
[2023-06-08 05:11:49.322239] Pools Curve.fi ETH/frxETH was created after the end date. Skipping...

[2023-06-08 05:11:49.322245] Backfilling pool Curve.fi Factory USD Metapool: Liquity.
[2023-06-08 05:11:49.322251] Start time: 2022-02-18 23:55:16
[2023-06-08 05:11:49.322260] End time: 2022-02-26 00:00:28
[2023-06-08 05:12:42.284185] Inserting pool data...
[2023-06-08 05:13:34.667964] Finished pool data...
[2023-06-08 05:13:40.093424] Inserting swap data...
[2023-06-08 05:13:40.304546] Finished swap data...
[2023-06-08 05:13:45.804502] Inserting lp event data...
[2023-06-08 05:13:45.828296] Finished lp event data...
[2023-06-08 05:13:45.920538] Inserting snapshots data...
[2023-06-08 05:13:45.932608] Finished snapshots data...
[2023-06-08 05:13:45.932627] Finished pool Curve.fi Factory USD Metapool: Liquity.

[2023-06-08 05:13:45.932635] Backfilling pool Curve.fi Factory USD Metapool: Binance USD.
[2023-06-08 05:13:45.932641] Start time: 2022-02-18 23:55:16
[2023-06-08 05:13:45.932650] End time: 2022-02-26 00:00:28
[2023-06-08 05:14:39.051698] Inserting pool data...
[2023-06-08 05:15:31.885306] Finished pool data...
[2023-06-08 05:15:37.270291] Inserting swap data...
[2023-06-08 05:15:37.288712] Finished swap data...
[2023-06-08 05:15:42.824002] Inserting lp event data...
[2023-06-08 05:15:42.840620] Finished lp event data...
[2023-06-08 05:15:42.945190] Inserting snapshots data...
[2023-06-08 05:15:42.958573] Finished snapshots data...
[2023-06-08 05:15:42.958610] Finished pool Curve.fi Factory USD Metapool: Binance USD.

[2023-06-08 05:15:42.958624] Backfilling pool Curve.fi Factory Plain Pool: stETH concentrated.
[2023-06-08 05:15:42.958637] Pools Curve.fi Factory Plain Pool: stETH concentrated was created after the end date. Skipping...

[2023-06-08 05:15:42.958650] Backfilling pool Curve.fi Factory Crypto Pool: cbETH/ETH.
[2023-06-08 05:15:42.958656] Pools Curve.fi Factory Crypto Pool: cbETH/ETH was created after the end date. Skipping...

[2023-06-08 05:15:42.958662] Backfilling pool Curve.fi Factory Plain Pool: cvxCrv/Crv.
[2023-06-08 05:15:42.958668] Pools Curve.fi Factory Plain Pool: cvxCrv/Crv was created after the end date. Skipping...

[2023-06-08 05:15:42.958679] Backfilling token LUSD OHLCV using chainlink.
Found the closest round: 18446744073709551931, at 2022-02-18 23:36:19.
Number of iterations: 14
[2023-06-08 05:16:02.943169] Inserting OHLCV.
[2023-06-08 05:16:03.119265] Backfilling token FRAX OHLCV using chainlink.
Found the closest round: 18446744073709551917, at 2022-02-18 23:22:52.
Number of iterations: 14
[2023-06-08 05:16:22.989529] Inserting OHLCV.
[2023-06-08 05:16:23.165936] Backfilling token MIM OHLCV using ccxt.
Using Bitfinex for MIM/USD.

[2023-06-08 05:16:31.020527] Inserting OHLCV.
[2023-06-08 05:16:34.550635] Backfilling token USDC OHLCV using ccxt.
Using Binance US for USDC/USD.

[2023-06-08 05:16:36.679541] Inserting OHLCV.
[2023-06-08 05:16:44.379744] Backfilling token stETH OHLCV using chainlink.
Found the closest round: 18446744073709556625, at 2022-02-18 23:13:42.
Number of iterations: 14
[2023-06-08 05:17:05.806710] Inserting OHLCV.
[2023-06-08 05:17:06.023084] cbETH only indexed from 1661444040 (2022 12:14:00 PM GMT-04:00 DST). Skipping...
[2023-06-08 05:17:06.023112] Backfilling token ETH OHLCV using ccxt.
Using Binance US for ETH/USD.

[2023-06-08 05:17:08.086870] Inserting OHLCV.
[2023-06-08 05:17:15.689964] Backfilling token DAI OHLCV using ccxt.
Using Binance US for DAI/USD.

[2023-06-08 05:17:17.987959] Inserting OHLCV.
[2023-06-08 05:17:25.728847] Backfilling token BUSD OHLCV using chainlink.
Found the closest round: 18446744073709551933, at 2022-02-18 06:59:23.
Number of iterations: 10
[2023-06-08 05:17:36.483148] Inserting OHLCV.
[2023-06-08 05:17:36.503396] Backfilling token sUSD OHLCV using chainlink.
Found the closest round: 18446744073709552399, at 2022-02-18 20:20:45.
Number of iterations: 11
[2023-06-08 05:17:48.318274] Inserting OHLCV.
[2023-06-08 05:17:48.334024] WETH assumed to be = ETH. Skipping...

[2023-06-08 05:17:48.334049] Backfilling token cvxCRV OHLCV using curveswaps.
[2023-06-08 05:17:48.346059] Inserting OHLCV.
[2023-06-08 05:17:48.346139] No price data for token cvxCRV at this time.

[2023-06-08 05:17:48.346150] Backfilling token USDT OHLCV using ccxt.
Using Binance US for USDT/USD.

[2023-06-08 05:17:50.415660] Inserting OHLCV.
[2023-06-08 05:17:58.076262] Backfilling token USDN OHLCV using chainlink.
Found the closest round: 129, at 2022-02-18 14:38:21.
Number of iterations: 9
[2023-06-08 05:18:07.818731] Inserting OHLCV.
[2023-06-08 05:18:07.834561] Backfilling token frxETH OHLCV using curveswaps.
[2023-06-08 05:18:07.841465] Inserting OHLCV.
[2023-06-08 05:18:07.841505] No price data for token frxETH at this time.

[2023-06-08 05:18:07.841515] Backfilling token UST OHLCV using ccxt.
Using Coinbase Pro for UST/USD.

[2023-06-08 05:18:17.739203] Inserting OHLCV.
[2023-06-08 05:18:22.045938] 3Crv uses pool virtual price. Skipping...

[2023-06-08 05:18:22.045971] Backfilling token CRV OHLCV using ccxt.
Using Binance US for CRV/USD.

[2023-06-08 05:18:24.199683] Inserting OHLCV.
[2023-06-08 05:18:32.028750] Done :)
