
[2023-06-08 04:20:33.363237] Starting backfilling process.

[2023-06-08 04:20:34.608571] Backfilling pool Curve.fi ETH/stETH.
[2023-06-08 04:20:34.608626] Start time: 2022-02-04 23:55:06
[2023-06-08 04:20:34.608637] End time: 2022-02-12 00:00:06
[2023-06-08 04:21:27.636109] Inserting pool data...
[2023-06-08 04:22:19.273295] Finished pool data...
[2023-06-08 04:22:25.294476] Inserting swap data...
[2023-06-08 04:22:25.782024] Finished swap data...
[2023-06-08 04:22:31.514354] Inserting lp event data...
[2023-06-08 04:22:31.674748] Finished lp event data...
[2023-06-08 04:22:32.524409] Inserting snapshots data...
[2023-06-08 04:22:32.536922] Finished snapshots data...
[2023-06-08 04:22:32.536953] Finished pool Curve.fi ETH/stETH.

[2023-06-08 04:22:32.536962] Backfilling pool Curve.fi DAI/USDC/USDT.
[2023-06-08 04:22:32.536969] Start time: 2022-02-04 23:55:06
[2023-06-08 04:22:32.536979] End time: 2022-02-12 00:00:06
[2023-06-08 04:23:26.626010] Inserting pool data...
[2023-06-08 04:24:18.205048] Finished pool data...
[2023-06-08 04:24:23.825954] Inserting swap data...
[2023-06-08 04:24:24.208792] Finished swap data...
[2023-06-08 04:24:29.614802] Inserting lp event data...
[2023-06-08 04:24:31.867491] Finished lp event data...
[2023-06-08 04:24:31.964257] Inserting snapshots data...
[2023-06-08 04:24:31.975839] Finished snapshots data...
[2023-06-08 04:24:31.975872] Finished pool Curve.fi DAI/USDC/USDT.

[2023-06-08 04:24:31.975881] Backfilling pool Curve.fi FRAX/USDC.
[2023-06-08 04:24:31.975889] Pools Curve.fi FRAX/USDC was created after the end date. Skipping...

[2023-06-08 04:24:31.975896] Backfilling pool Curve.fi Factory USD Metapool: wormhole v2 UST-3Pool.
[2023-06-08 04:24:31.975903] Start time: 2022-02-04 23:55:06
[2023-06-08 04:24:31.975913] End time: 2022-02-12 00:00:06
[2023-06-08 04:25:24.795984] Inserting pool data...
[2023-06-08 04:26:17.535647] Finished pool data...
[2023-06-08 04:26:23.404970] Inserting swap data...
[2023-06-08 04:26:23.496767] Finished swap data...
[2023-06-08 04:26:29.141641] Inserting lp event data...
[2023-06-08 04:26:29.296572] Finished lp event data...
[2023-06-08 04:26:29.401542] Inserting snapshots data...
[2023-06-08 04:26:29.414870] Finished snapshots data...
[2023-06-08 04:26:29.414906] Finished pool Curve.fi Factory USD Metapool: wormhole v2 UST-3Pool.

[2023-06-08 04:26:29.414915] Backfilling pool Curve.fi USDN/3Crv.
[2023-06-08 04:26:29.414923] Start time: 2022-02-04 23:55:06
[2023-06-08 04:26:29.414933] End time: 2022-02-12 00:00:06
[2023-06-08 04:27:22.553953] Inserting pool data...
[2023-06-08 04:28:15.947724] Finished pool data...
[2023-06-08 04:28:21.795157] Inserting swap data...
[2023-06-08 04:28:21.859204] Finished swap data...
[2023-06-08 04:28:27.504581] Inserting lp event data...
[2023-06-08 04:28:27.584628] Finished lp event data...
[2023-06-08 04:28:28.484866] Inserting snapshots data...
[2023-06-08 04:28:28.497413] Finished snapshots data...
[2023-06-08 04:28:28.497442] Finished pool Curve.fi USDN/3Crv.

[2023-06-08 04:28:28.497451] Backfilling pool Curve.fi Factory USD Metapool: Magic Internet Money 3Pool.
[2023-06-08 04:28:28.497458] Start time: 2022-02-04 23:55:06
[2023-06-08 04:28:28.497468] End time: 2022-02-12 00:00:06
[2023-06-08 04:29:21.856400] Inserting pool data...
[2023-06-08 04:30:14.982496] Finished pool data...
[2023-06-08 04:30:21.591110] Inserting swap data...
[2023-06-08 04:30:21.950682] Finished swap data...
[2023-06-08 04:30:56.122426] Inserting lp event data...
[2023-06-08 04:30:56.254037] Finished lp event data...
[2023-06-08 04:30:56.504211] Inserting snapshots data...
[2023-06-08 04:30:56.516812] Finished snapshots data...
[2023-06-08 04:30:56.516845] Finished pool Curve.fi Factory USD Metapool: Magic Internet Money 3Pool.

[2023-06-08 04:30:56.516855] Backfilling pool Curve.fi DAI/USDC/USDT/sUSD.
[2023-06-08 04:30:56.516862] Start time: 2022-02-04 23:55:06
[2023-06-08 04:30:56.516872] End time: 2022-02-12 00:00:06
[2023-06-08 04:33:32.496002] Inserting pool data...
[2023-06-08 04:34:25.991078] Finished pool data...
[2023-06-08 04:34:31.995188] Inserting swap data...
[2023-06-08 04:34:32.226503] Finished swap data...
[2023-06-08 04:34:37.645357] Inserting lp event data...
[2023-06-08 04:34:37.679472] Finished lp event data...
[2023-06-08 04:34:39.105219] Inserting snapshots data...
[2023-06-08 04:34:39.118022] Finished snapshots data...
[2023-06-08 04:34:39.118043] Finished pool Curve.fi DAI/USDC/USDT/sUSD.

[2023-06-08 04:34:39.118051] Backfilling pool Curve.fi ETH/frxETH.
[2023-06-08 04:34:39.118058] Pools Curve.fi ETH/frxETH was created after the end date. Skipping...

[2023-06-08 04:34:39.118063] Backfilling pool Curve.fi Factory USD Metapool: Liquity.
[2023-06-08 04:34:39.118069] Start time: 2022-02-04 23:55:06
[2023-06-08 04:34:39.118078] End time: 2022-02-12 00:00:06
[2023-06-08 04:35:34.417915] Inserting pool data...
[2023-06-08 04:36:27.434604] Finished pool data...
[2023-06-08 04:36:39.912737] Inserting swap data...
[2023-06-08 04:36:40.049228] Finished swap data...
[2023-06-08 04:36:45.930127] Inserting lp event data...
[2023-06-08 04:36:45.966847] Finished lp event data...
[2023-06-08 04:36:46.181381] Inserting snapshots data...
[2023-06-08 04:36:46.193836] Finished snapshots data...
[2023-06-08 04:36:46.193855] Finished pool Curve.fi Factory USD Metapool: Liquity.

[2023-06-08 04:36:46.193862] Backfilling pool Curve.fi Factory USD Metapool: Binance USD.
[2023-06-08 04:36:46.193869] Start time: 2022-02-04 23:55:06
[2023-06-08 04:36:46.193877] End time: 2022-02-12 00:00:06
[2023-06-08 04:37:40.537223] Inserting pool data...
[2023-06-08 04:38:33.697366] Finished pool data...
[2023-06-08 04:38:39.247195] Inserting swap data...
[2023-06-08 04:38:39.261592] Finished swap data...
[2023-06-08 04:38:44.681588] Inserting lp event data...
[2023-06-08 04:38:44.699120] Finished lp event data...
[2023-06-08 04:38:46.201140] Inserting snapshots data...
[2023-06-08 04:38:46.213194] Finished snapshots data...
[2023-06-08 04:38:46.213213] Finished pool Curve.fi Factory USD Metapool: Binance USD.

[2023-06-08 04:38:46.213221] Backfilling pool Curve.fi Factory Plain Pool: stETH concentrated.
[2023-06-08 04:38:46.213227] Pools Curve.fi Factory Plain Pool: stETH concentrated was created after the end date. Skipping...

[2023-06-08 04:38:46.213233] Backfilling pool Curve.fi Factory Crypto Pool: cbETH/ETH.
[2023-06-08 04:38:46.213239] Pools Curve.fi Factory Crypto Pool: cbETH/ETH was created after the end date. Skipping...

[2023-06-08 04:38:46.213244] Backfilling pool Curve.fi Factory Plain Pool: cvxCrv/Crv.
[2023-06-08 04:38:46.213251] Pools Curve.fi Factory Plain Pool: cvxCrv/Crv was created after the end date. Skipping...

[2023-06-08 04:38:46.213262] Backfilling token LUSD OHLCV using chainlink.
Found the closest round: 18446744073709551890, at 2022-02-04 03:57:49.
Number of iterations: 14
[2023-06-08 04:39:01.338619] Inserting OHLCV.
[2023-06-08 04:39:01.354979] Backfilling token FRAX OHLCV using chainlink.
Found the closest round: 18446744073709551875, at 2022-02-04 05:43:34.
Number of iterations: 13
[2023-06-08 04:39:15.478866] Inserting OHLCV.
[2023-06-08 04:39:15.494050] Backfilling token MIM OHLCV using ccxt.
Using Bitfinex for MIM/USD.

[2023-06-08 04:39:22.843065] Inserting OHLCV.
[2023-06-08 04:39:25.629017] Backfilling token USDC OHLCV using ccxt.
Using Binance US for USDC/USD.

[2023-06-08 04:39:27.794777] Inserting OHLCV.
[2023-06-08 04:39:35.557973] Backfilling token stETH OHLCV using chainlink.
Found the closest round: 18446744073709556247, at 2022-02-04 23:35:53.
Number of iterations: 14
[2023-06-08 04:39:55.999863] Inserting OHLCV.
[2023-06-08 04:39:56.202867] cbETH only indexed from 1661444040 (2022 12:14:00 PM GMT-04:00 DST). Skipping...
[2023-06-08 04:39:56.202894] Backfilling token ETH OHLCV using ccxt.
Using Binance US for ETH/USD.

[2023-06-08 04:39:58.279806] Inserting OHLCV.
[2023-06-08 04:40:06.093275] Backfilling token DAI OHLCV using ccxt.
Using Binance US for DAI/USD.

[2023-06-08 04:40:08.153609] Inserting OHLCV.
[2023-06-08 04:40:15.790179] Backfilling token BUSD OHLCV using chainlink.
Found the closest round: 18446744073709551919, at 2022-02-04 06:53:56.
Number of iterations: 10
[2023-06-08 04:40:26.542940] Inserting OHLCV.
[2023-06-08 04:40:26.558118] Backfilling token sUSD OHLCV using chainlink.
Found the closest round: 18446744073709552380, at 2022-02-04 15:38:21.
Number of iterations: 11
[2023-06-08 04:40:38.402800] Inserting OHLCV.
[2023-06-08 04:40:38.420175] WETH assumed to be = ETH. Skipping...

[2023-06-08 04:40:38.420198] Backfilling token cvxCRV OHLCV using curveswaps.
[2023-06-08 04:40:38.430882] Inserting OHLCV.
[2023-06-08 04:40:38.430912] No price data for token cvxCRV at this time.

[2023-06-08 04:40:38.430922] Backfilling token USDT OHLCV using ccxt.
Using Binance US for USDT/USD.

[2023-06-08 04:40:40.771792] Inserting OHLCV.
[2023-06-08 04:40:48.620809] Backfilling token USDN OHLCV using chainlink.
Found the closest round: 114, at 2022-02-04 18:18:43.
Number of iterations: 9
[2023-06-08 04:40:58.379902] Inserting OHLCV.
[2023-06-08 04:40:58.395936] Backfilling token frxETH OHLCV using curveswaps.
[2023-06-08 04:40:58.401902] Inserting OHLCV.
[2023-06-08 04:40:58.401925] No price data for token frxETH at this time.

[2023-06-08 04:40:58.401935] Backfilling token UST OHLCV using ccxt.
Using Coinbase Pro for UST/USD.

[2023-06-08 04:41:08.417368] Inserting OHLCV.
[2023-06-08 04:41:12.812128] 3Crv uses pool virtual price. Skipping...

[2023-06-08 04:41:12.812170] Backfilling token CRV OHLCV using ccxt.
Using Binance US for CRV/USD.

[2023-06-08 04:41:14.934437] Inserting OHLCV.
[2023-06-08 04:41:22.597477] Done :)
