
[2023-06-08 07:10:59.543147] Starting backfilling process.

[2023-06-08 07:11:00.525187] Backfilling pool Curve.fi ETH/stETH.
[2023-06-08 07:11:00.525222] Start time: 2022-04-08 23:55:37
[2023-06-08 07:11:00.525233] End time: 2022-04-16 00:00:56
[2023-06-08 07:11:51.162987] Inserting pool data...
[2023-06-08 07:12:43.251491] Finished pool data...
[2023-06-08 07:12:49.029668] Inserting swap data...
[2023-06-08 07:12:49.775527] Finished swap data...
[2023-06-08 07:12:54.968381] Inserting lp event data...
[2023-06-08 07:12:55.236117] Finished lp event data...
[2023-06-08 07:12:55.527919] Inserting snapshots data...
[2023-06-08 07:12:55.540846] Finished snapshots data...
[2023-06-08 07:12:55.540865] Finished pool Curve.fi ETH/stETH.

[2023-06-08 07:12:55.540873] Backfilling pool Curve.fi DAI/USDC/USDT.
[2023-06-08 07:12:55.540880] Start time: 2022-04-08 23:55:37
[2023-06-08 07:12:55.540888] End time: 2022-04-16 00:00:56
[2023-06-08 07:13:48.574946] Inserting pool data...
[2023-06-08 07:14:40.367189] Finished pool data...
[2023-06-08 07:14:45.771142] Inserting swap data...
[2023-06-08 07:14:46.265286] Finished swap data...
[2023-06-08 07:14:51.620843] Inserting lp event data...
[2023-06-08 07:14:55.293642] Finished lp event data...
[2023-06-08 07:14:55.389915] Inserting snapshots data...
[2023-06-08 07:14:55.402410] Finished snapshots data...
[2023-06-08 07:14:55.402430] Finished pool Curve.fi DAI/USDC/USDT.

[2023-06-08 07:14:55.402438] Backfilling pool Curve.fi FRAX/USDC.
[2023-06-08 07:14:55.402446] Pools Curve.fi FRAX/USDC was created after the end date. Skipping...

[2023-06-08 07:14:55.402453] Backfilling pool Curve.fi Factory USD Metapool: wormhole v2 UST-3Pool.
[2023-06-08 07:14:55.402460] Start time: 2022-04-08 23:55:37
[2023-06-08 07:14:55.402470] End time: 2022-04-16 00:00:56
[2023-06-08 07:15:48.906633] Inserting pool data...
[2023-06-08 07:16:41.043804] Finished pool data...
[2023-06-08 07:16:46.637906] Inserting swap data...
[2023-06-08 07:16:46.890972] Finished swap data...
[2023-06-08 07:16:52.219995] Inserting lp event data...
[2023-06-08 07:16:52.334021] Finished lp event data...
[2023-06-08 07:16:52.434874] Inserting snapshots data...
[2023-06-08 07:16:52.447670] Finished snapshots data...
[2023-06-08 07:16:52.447690] Finished pool Curve.fi Factory USD Metapool: wormhole v2 UST-3Pool.

[2023-06-08 07:16:52.447698] Backfilling pool Curve.fi USDN/3Crv.
[2023-06-08 07:16:52.447705] Start time: 2022-04-08 23:55:37
[2023-06-08 07:16:52.447713] End time: 2022-04-16 00:00:56
[2023-06-08 07:17:45.747436] Inserting pool data...
[2023-06-08 07:18:38.081696] Finished pool data...
[2023-06-08 07:18:43.831266] Inserting swap data...
[2023-06-08 07:18:44.126757] Finished swap data...
[2023-06-08 07:18:49.354855] Inserting lp event data...
[2023-06-08 07:18:49.466585] Finished lp event data...
[2023-06-08 07:18:54.658468] Inserting snapshots data...
[2023-06-08 07:18:54.671655] Finished snapshots data...
[2023-06-08 07:18:54.671675] Finished pool Curve.fi USDN/3Crv.

[2023-06-08 07:18:54.671683] Backfilling pool Curve.fi Factory USD Metapool: Magic Internet Money 3Pool.
[2023-06-08 07:18:54.671690] Start time: 2022-04-08 23:55:37
[2023-06-08 07:18:54.671698] End time: 2022-04-16 00:00:56
[2023-06-08 07:19:47.027130] Inserting pool data...
[2023-06-08 07:20:39.243846] Finished pool data...
[2023-06-08 07:20:44.737455] Inserting swap data...
[2023-06-08 07:20:44.967466] Finished swap data...
[2023-06-08 07:20:50.365432] Inserting lp event data...
[2023-06-08 07:20:50.458375] Finished lp event data...
[2023-06-08 07:20:50.551375] Inserting snapshots data...
[2023-06-08 07:20:50.563520] Finished snapshots data...
[2023-06-08 07:20:50.563539] Finished pool Curve.fi Factory USD Metapool: Magic Internet Money 3Pool.

[2023-06-08 07:20:50.563547] Backfilling pool Curve.fi DAI/USDC/USDT/sUSD.
[2023-06-08 07:20:50.563554] Start time: 2022-04-08 23:55:37
[2023-06-08 07:20:50.563563] End time: 2022-04-16 00:00:56
[2023-06-08 07:21:45.396739] Inserting pool data...
[2023-06-08 07:22:38.073761] Finished pool data...
[2023-06-08 07:22:43.902206] Inserting swap data...
[2023-06-08 07:22:44.174565] Finished swap data...
[2023-06-08 07:22:49.491941] Inserting lp event data...
[2023-06-08 07:22:49.521703] Finished lp event data...
[2023-06-08 07:22:50.102302] Inserting snapshots data...
[2023-06-08 07:22:50.114487] Finished snapshots data...
[2023-06-08 07:22:50.114506] Finished pool Curve.fi DAI/USDC/USDT/sUSD.

[2023-06-08 07:22:50.114514] Backfilling pool Curve.fi ETH/frxETH.
[2023-06-08 07:22:50.114521] Pools Curve.fi ETH/frxETH was created after the end date. Skipping...

[2023-06-08 07:22:50.114527] Backfilling pool Curve.fi Factory USD Metapool: Liquity.
[2023-06-08 07:22:50.114533] Start time: 2022-04-08 23:55:37
[2023-06-08 07:22:50.114542] End time: 2022-04-16 00:00:56
[2023-06-08 07:23:45.813405] Inserting pool data...
[2023-06-08 07:24:38.008534] Finished pool data...
[2023-06-08 07:24:43.656338] Inserting swap data...
[2023-06-08 07:24:43.717126] Finished swap data...
[2023-06-08 07:24:49.213614] Inserting lp event data...
[2023-06-08 07:24:49.243949] Finished lp event data...
[2023-06-08 07:24:49.341834] Inserting snapshots data...
[2023-06-08 07:24:49.353864] Finished snapshots data...
[2023-06-08 07:24:49.353883] Finished pool Curve.fi Factory USD Metapool: Liquity.

[2023-06-08 07:24:49.353890] Backfilling pool Curve.fi Factory USD Metapool: Binance USD.
[2023-06-08 07:24:49.353897] Start time: 2022-04-08 23:55:37
[2023-06-08 07:24:49.353906] End time: 2022-04-16 00:00:56
[2023-06-08 07:25:43.545001] Inserting pool data...
[2023-06-08 07:26:36.267729] Finished pool data...
[2023-06-08 07:26:41.994253] Inserting swap data...
[2023-06-08 07:26:42.009204] Finished swap data...
[2023-06-08 07:26:47.510876] Inserting lp event data...
[2023-06-08 07:26:47.519428] Finished lp event data...
[2023-06-08 07:26:47.620522] Inserting snapshots data...
[2023-06-08 07:26:47.633055] Finished snapshots data...
[2023-06-08 07:26:47.633076] Finished pool Curve.fi Factory USD Metapool: Binance USD.

[2023-06-08 07:26:47.633084] Backfilling pool Curve.fi Factory Plain Pool: stETH concentrated.
[2023-06-08 07:26:47.633090] Pools Curve.fi Factory Plain Pool: stETH concentrated was created after the end date. Skipping...

[2023-06-08 07:26:47.633096] Backfilling pool Curve.fi Factory Crypto Pool: cbETH/ETH.
[2023-06-08 07:26:47.633103] Pools Curve.fi Factory Crypto Pool: cbETH/ETH was created after the end date. Skipping...

[2023-06-08 07:26:47.633108] Backfilling pool Curve.fi Factory Plain Pool: cvxCrv/Crv.
[2023-06-08 07:26:47.633114] Pools Curve.fi Factory Plain Pool: cvxCrv/Crv was created after the end date. Skipping...

[2023-06-08 07:26:47.633123] Backfilling token LUSD OHLCV using chainlink.
Found the closest round: 18446744073709553114, at 2022-04-08 23:34:07.
Number of iterations: 14
[2023-06-08 07:27:07.682699] Inserting OHLCV.
[2023-06-08 07:27:07.859987] Backfilling token FRAX OHLCV using chainlink.
Found the closest round: 18446744073709553104, at 2022-04-08 23:43:56.
Number of iterations: 13
[2023-06-08 07:27:26.811774] Inserting OHLCV.
[2023-06-08 07:27:26.989428] Backfilling token MIM OHLCV using ccxt.
Using Bitfinex for MIM/USD.

[2023-06-08 07:27:34.121875] Inserting OHLCV.
[2023-06-08 07:27:36.931142] Backfilling token USDC OHLCV using ccxt.
Using Binance US for USDC/USD.

[2023-06-08 07:27:39.157668] Inserting OHLCV.
[2023-06-08 07:27:47.125172] Backfilling token stETH OHLCV using chainlink.
Found the closest round: 18446744073709557935, at 2022-04-08 22:58:12.
Number of iterations: 14
[2023-06-08 07:28:08.909817] Inserting OHLCV.
[2023-06-08 07:28:09.095793] cbETH only indexed from 1661444040 (2022 12:14:00 PM GMT-04:00 DST). Skipping...
[2023-06-08 07:28:09.095826] Backfilling token ETH OHLCV using ccxt.
Using Binance US for ETH/USD.

[2023-06-08 07:28:11.154450] Inserting OHLCV.
[2023-06-08 07:28:18.869538] Backfilling token DAI OHLCV using ccxt.
Using Binance US for DAI/USD.

[2023-06-08 07:28:20.917112] Inserting OHLCV.
[2023-06-08 07:28:28.698410] Backfilling token BUSD OHLCV using chainlink.
Found the closest round: 18446744073709551982, at 2022-04-08 07:19:56.
Number of iterations: 9
[2023-06-08 07:28:38.545135] Inserting OHLCV.
[2023-06-08 07:28:38.560543] Backfilling token sUSD OHLCV using chainlink.
Found the closest round: 18446744073709552463, at 2022-04-08 00:08:59.
Number of iterations: 11
[2023-06-08 07:28:50.483294] Inserting OHLCV.
[2023-06-08 07:28:50.502625] WETH assumed to be = ETH. Skipping...

[2023-06-08 07:28:50.502649] Backfilling token cvxCRV OHLCV using curveswaps.
[2023-06-08 07:28:50.520099] Inserting OHLCV.
[2023-06-08 07:28:50.520140] No price data for token cvxCRV at this time.

[2023-06-08 07:28:50.520150] Backfilling token USDT OHLCV using ccxt.
Using Binance US for USDT/USD.

[2023-06-08 07:28:52.630469] Inserting OHLCV.
[2023-06-08 07:29:00.565300] Backfilling token USDN OHLCV using chainlink.
Found the closest round: 181, at 2022-04-08 01:16:52.
Number of iterations: 9
[2023-06-08 07:29:10.481357] Inserting OHLCV.
[2023-06-08 07:29:10.499858] Backfilling token frxETH OHLCV using curveswaps.
[2023-06-08 07:29:10.509604] Inserting OHLCV.
[2023-06-08 07:29:10.509640] No price data for token frxETH at this time.

[2023-06-08 07:29:10.509650] Backfilling token UST OHLCV using ccxt.
Using Coinbase Pro for UST/USD.

[2023-06-08 07:29:19.464323] Inserting OHLCV.
[2023-06-08 07:29:22.941343] 3Crv uses pool virtual price. Skipping...

[2023-06-08 07:29:22.941378] Backfilling token CRV OHLCV using ccxt.
Using Binance US for CRV/USD.

[2023-06-08 07:29:25.266056] Inserting OHLCV.
[2023-06-08 07:29:32.948154] Done :)
