
[2023-06-08 07:47:51.973812] Starting backfilling process.

[2023-06-08 07:47:53.289474] Backfilling pool Curve.fi ETH/stETH.
[2023-06-08 07:47:53.289534] Start time: 2022-04-22 23:55:08
[2023-06-08 07:47:53.289544] End time: 2022-04-30 00:00:08
[2023-06-08 07:48:43.654905] Inserting pool data...
[2023-06-08 07:49:36.604459] Finished pool data...
[2023-06-08 07:49:42.251648] Inserting swap data...
[2023-06-08 07:49:42.865862] Finished swap data...
[2023-06-08 07:49:48.412560] Inserting lp event data...
[2023-06-08 07:49:48.609965] Finished lp event data...
[2023-06-08 07:49:49.240219] Inserting snapshots data...
[2023-06-08 07:49:49.254460] Finished snapshots data...
[2023-06-08 07:49:49.254481] Finished pool Curve.fi ETH/stETH.

[2023-06-08 07:49:49.254488] Backfilling pool Curve.fi DAI/USDC/USDT.
[2023-06-08 07:49:49.254495] Start time: 2022-04-22 23:55:08
[2023-06-08 07:49:49.254505] End time: 2022-04-30 00:00:08
[2023-06-08 07:50:42.065266] Inserting pool data...
[2023-06-08 07:51:35.068542] Finished pool data...
[2023-06-08 07:51:40.743048] Inserting swap data...
[2023-06-08 07:51:41.125553] Finished swap data...
[2023-06-08 07:51:46.229726] Inserting lp event data...
[2023-06-08 07:51:48.223843] Finished lp event data...
[2023-06-08 07:51:50.982351] Inserting snapshots data...
[2023-06-08 07:51:50.995779] Finished snapshots data...
[2023-06-08 07:51:50.995802] Finished pool Curve.fi DAI/USDC/USDT.

[2023-06-08 07:51:50.995810] Backfilling pool Curve.fi FRAX/USDC.
[2023-06-08 07:51:50.995816] Pools Curve.fi FRAX/USDC was created after the end date. Skipping...

[2023-06-08 07:51:50.995822] Backfilling pool Curve.fi Factory USD Metapool: wormhole v2 UST-3Pool.
[2023-06-08 07:51:50.995828] Start time: 2022-04-22 23:55:08
[2023-06-08 07:51:50.995837] End time: 2022-04-30 00:00:08
[2023-06-08 07:52:43.924627] Inserting pool data...
[2023-06-08 07:53:36.165734] Finished pool data...
[2023-06-08 07:53:41.600559] Inserting swap data...
[2023-06-08 07:53:41.890168] Finished swap data...
[2023-06-08 07:53:47.111494] Inserting lp event data...
[2023-06-08 07:53:47.218526] Finished lp event data...
[2023-06-08 07:53:47.324780] Inserting snapshots data...
[2023-06-08 07:53:47.337062] Finished snapshots data...
[2023-06-08 07:53:47.337084] Finished pool Curve.fi Factory USD Metapool: wormhole v2 UST-3Pool.

[2023-06-08 07:53:47.337092] Backfilling pool Curve.fi USDN/3Crv.
[2023-06-08 07:53:47.337098] Start time: 2022-04-22 23:55:08
[2023-06-08 07:53:47.337107] End time: 2022-04-30 00:00:08
[2023-06-08 07:54:40.791884] Inserting pool data...
[2023-06-08 07:55:33.785570] Finished pool data...
[2023-06-08 07:55:39.122891] Inserting swap data...
[2023-06-08 07:55:39.244785] Finished swap data...
[2023-06-08 07:55:44.506342] Inserting lp event data...
[2023-06-08 07:55:44.567489] Finished lp event data...
[2023-06-08 07:55:44.661142] Inserting snapshots data...
[2023-06-08 07:55:44.673205] Finished snapshots data...
[2023-06-08 07:55:44.673224] Finished pool Curve.fi USDN/3Crv.

[2023-06-08 07:55:44.673231] Backfilling pool Curve.fi Factory USD Metapool: Magic Internet Money 3Pool.
[2023-06-08 07:55:44.673238] Start time: 2022-04-22 23:55:08
[2023-06-08 07:55:44.673247] End time: 2022-04-30 00:00:08
[2023-06-08 07:56:36.545248] Inserting pool data...
[2023-06-08 07:57:28.856148] Finished pool data...
[2023-06-08 07:57:34.348441] Inserting swap data...
[2023-06-08 07:57:34.537293] Finished swap data...
[2023-06-08 07:57:40.018805] Inserting lp event data...
[2023-06-08 07:57:40.087803] Finished lp event data...
[2023-06-08 07:57:40.183795] Inserting snapshots data...
[2023-06-08 07:57:40.196008] Finished snapshots data...
[2023-06-08 07:57:40.196027] Finished pool Curve.fi Factory USD Metapool: Magic Internet Money 3Pool.

[2023-06-08 07:57:40.196035] Backfilling pool Curve.fi DAI/USDC/USDT/sUSD.
[2023-06-08 07:57:40.196042] Start time: 2022-04-22 23:55:08
[2023-06-08 07:57:40.196051] End time: 2022-04-30 00:00:08
[2023-06-08 07:58:32.267772] Inserting pool data...
[2023-06-08 07:59:25.617624] Finished pool data...
[2023-06-08 07:59:31.055257] Inserting swap data...
[2023-06-08 07:59:31.234995] Finished swap data...
[2023-06-08 07:59:36.749515] Inserting lp event data...
[2023-06-08 07:59:36.781180] Finished lp event data...
[2023-06-08 07:59:36.874892] Inserting snapshots data...
[2023-06-08 07:59:36.893853] Finished snapshots data...
[2023-06-08 07:59:36.893872] Finished pool Curve.fi DAI/USDC/USDT/sUSD.

[2023-06-08 07:59:36.893880] Backfilling pool Curve.fi ETH/frxETH.
[2023-06-08 07:59:36.893886] Pools Curve.fi ETH/frxETH was created after the end date. Skipping...

[2023-06-08 07:59:36.893892] Backfilling pool Curve.fi Factory USD Metapool: Liquity.
[2023-06-08 07:59:36.893898] Start time: 2022-04-22 23:55:08
[2023-06-08 07:59:36.893907] End time: 2022-04-30 00:00:08
[2023-06-08 08:00:45.214613] Inserting pool data...
[2023-06-08 08:01:37.697649] Finished pool data...
[2023-06-08 08:01:43.613604] Inserting swap data...
[2023-06-08 08:01:43.670612] Finished swap data...
[2023-06-08 08:01:48.973391] Inserting lp event data...
[2023-06-08 08:01:49.026869] Finished lp event data...
[2023-06-08 08:01:49.424612] Inserting snapshots data...
[2023-06-08 08:01:49.437723] Finished snapshots data...
[2023-06-08 08:01:49.437743] Finished pool Curve.fi Factory USD Metapool: Liquity.

[2023-06-08 08:01:49.437750] Backfilling pool Curve.fi Factory USD Metapool: Binance USD.
[2023-06-08 08:01:49.437757] Start time: 2022-04-22 23:55:08
[2023-06-08 08:01:49.437766] End time: 2022-04-30 00:00:08
[2023-06-08 08:02:42.643849] Inserting pool data...
[2023-06-08 08:03:35.650457] Finished pool data...
[2023-06-08 08:03:41.911221] Inserting swap data...
[2023-06-08 08:03:41.930066] Finished swap data...
[2023-06-08 08:03:47.460858] Inserting lp event data...
[2023-06-08 08:03:47.477961] Finished lp event data...
[2023-06-08 08:03:51.803427] Inserting snapshots data...
[2023-06-08 08:03:51.816892] Finished snapshots data...
[2023-06-08 08:03:51.816912] Finished pool Curve.fi Factory USD Metapool: Binance USD.

[2023-06-08 08:03:51.816920] Backfilling pool Curve.fi Factory Plain Pool: stETH concentrated.
[2023-06-08 08:03:51.816926] Pools Curve.fi Factory Plain Pool: stETH concentrated was created after the end date. Skipping...

[2023-06-08 08:03:51.816933] Backfilling pool Curve.fi Factory Crypto Pool: cbETH/ETH.
[2023-06-08 08:03:51.816940] Pools Curve.fi Factory Crypto Pool: cbETH/ETH was created after the end date. Skipping...

[2023-06-08 08:03:51.816945] Backfilling pool Curve.fi Factory Plain Pool: cvxCrv/Crv.
[2023-06-08 08:03:51.816951] Pools Curve.fi Factory Plain Pool: cvxCrv/Crv was created after the end date. Skipping...

[2023-06-08 08:03:51.816960] Backfilling token LUSD OHLCV using chainlink.
Found the closest round: 18446744073709553449, at 2022-04-22 22:56:57.
Number of iterations: 14
[2023-06-08 08:04:11.381969] Inserting OHLCV.
[2023-06-08 08:04:11.560659] Backfilling token FRAX OHLCV using chainlink.
Found the closest round: 18446744073709553442, at 2022-04-22 23:32:35.
Number of iterations: 14
[2023-06-08 08:04:31.031493] Inserting OHLCV.
[2023-06-08 08:04:31.211536] Backfilling token MIM OHLCV using ccxt.
Using Bitfinex for MIM/USD.

[2023-06-08 08:04:39.788838] Inserting OHLCV.
[2023-06-08 08:04:43.337124] Backfilling token USDC OHLCV using ccxt.
Using Binance US for USDC/USD.

[2023-06-08 08:04:45.480139] Inserting OHLCV.
[2023-06-08 08:04:53.425863] Backfilling token stETH OHLCV using chainlink.
Found the closest round: 18446744073709558285, at 2022-04-22 23:14:06.
Number of iterations: 14
[2023-06-08 08:05:13.031578] Inserting OHLCV.
[2023-06-08 08:05:13.217872] cbETH only indexed from 1661444040 (2022 12:14:00 PM GMT-04:00 DST). Skipping...
[2023-06-08 08:05:13.217899] Backfilling token ETH OHLCV using ccxt.
Using Binance US for ETH/USD.

[2023-06-08 08:05:15.272010] Inserting OHLCV.
[2023-06-08 08:05:23.374380] Backfilling token DAI OHLCV using ccxt.
Using Binance US for DAI/USD.

[2023-06-08 08:05:25.405803] Inserting OHLCV.
[2023-06-08 08:05:33.186140] Backfilling token BUSD OHLCV using chainlink.
Found the closest round: 18446744073709551996, at 2022-04-22 07:24:11.
Number of iterations: 10
[2023-06-08 08:05:43.911309] Inserting OHLCV.
[2023-06-08 08:05:43.927216] Backfilling token sUSD OHLCV using chainlink.
Found the closest round: 18446744073709552484, at 2022-04-22 22:21:31.
Number of iterations: 11
[2023-06-08 08:05:56.115319] Inserting OHLCV.
[2023-06-08 08:05:56.146574] WETH assumed to be = ETH. Skipping...

[2023-06-08 08:05:56.146597] Backfilling token cvxCRV OHLCV using curveswaps.
[2023-06-08 08:05:56.162732] Inserting OHLCV.
[2023-06-08 08:05:56.162774] No price data for token cvxCRV at this time.

[2023-06-08 08:05:56.162785] Backfilling token USDT OHLCV using ccxt.
Using Binance US for USDT/USD.

[2023-06-08 08:05:58.488432] Inserting OHLCV.
[2023-06-08 08:06:06.456580] Backfilling token USDN OHLCV using chainlink.
Found the closest round: 197, at 2022-04-22 21:14:22.
Number of iterations: 9
[2023-06-08 08:06:16.215519] Inserting OHLCV.
[2023-06-08 08:06:16.233262] Backfilling token frxETH OHLCV using curveswaps.
[2023-06-08 08:06:16.245264] Inserting OHLCV.
[2023-06-08 08:06:16.245302] No price data for token frxETH at this time.

[2023-06-08 08:06:16.245312] Backfilling token UST OHLCV using ccxt.
Using Coinbase Pro for UST/USD.

[2023-06-08 08:06:25.177895] Inserting OHLCV.
[2023-06-08 08:06:28.933857] 3Crv uses pool virtual price. Skipping...

[2023-06-08 08:06:28.933891] Backfilling token CRV OHLCV using ccxt.
Using Binance US for CRV/USD.

[2023-06-08 08:06:31.041890] Inserting OHLCV.
[2023-06-08 08:06:38.927114] Done :)
