
[2023-06-08 06:52:23.216670] Starting backfilling process.

[2023-06-08 06:52:24.491238] Backfilling pool Curve.fi ETH/stETH.
[2023-06-08 06:52:24.491275] Start time: 2022-04-01 23:55:11
[2023-06-08 06:52:24.491284] End time: 2022-04-09 00:00:00
[2023-06-08 06:53:14.146335] Inserting pool data...
[2023-06-08 06:54:07.195870] Finished pool data...
[2023-06-08 06:54:13.106561] Inserting swap data...
[2023-06-08 06:54:13.717182] Finished swap data...
[2023-06-08 06:54:18.910378] Inserting lp event data...
[2023-06-08 06:54:19.175309] Finished lp event data...
[2023-06-08 06:54:19.613591] Inserting snapshots data...
[2023-06-08 06:54:19.627137] Finished snapshots data...
[2023-06-08 06:54:19.627157] Finished pool Curve.fi ETH/stETH.

[2023-06-08 06:54:19.627165] Backfilling pool Curve.fi DAI/USDC/USDT.
[2023-06-08 06:54:19.627171] Start time: 2022-04-01 23:55:11
[2023-06-08 06:54:19.627180] End time: 2022-04-09 00:00:00
[2023-06-08 06:55:11.240601] Inserting pool data...
[2023-06-08 06:56:04.246358] Finished pool data...
[2023-06-08 06:56:10.506103] Inserting swap data...
[2023-06-08 06:56:10.966180] Finished swap data...
[2023-06-08 06:56:16.187273] Inserting lp event data...
[2023-06-08 06:56:20.364783] Finished lp event data...
[2023-06-08 06:56:20.476894] Inserting snapshots data...
[2023-06-08 06:56:20.495097] Finished snapshots data...
[2023-06-08 06:56:20.495118] Finished pool Curve.fi DAI/USDC/USDT.

[2023-06-08 06:56:20.495125] Backfilling pool Curve.fi FRAX/USDC.
[2023-06-08 06:56:20.495132] Pools Curve.fi FRAX/USDC was created after the end date. Skipping...

[2023-06-08 06:56:20.495138] Backfilling pool Curve.fi Factory USD Metapool: wormhole v2 UST-3Pool.
[2023-06-08 06:56:20.495144] Start time: 2022-04-01 23:55:11
[2023-06-08 06:56:20.495153] End time: 2022-04-09 00:00:00
[2023-06-08 06:57:19.929283] Inserting pool data...
[2023-06-08 06:58:12.940038] Finished pool data...
[2023-06-08 06:58:19.077455] Inserting swap data...
[2023-06-08 06:58:19.214225] Finished swap data...
[2023-06-08 06:58:24.773243] Inserting lp event data...
[2023-06-08 06:58:24.888979] Finished lp event data...
[2023-06-08 06:58:25.051114] Inserting snapshots data...
[2023-06-08 06:58:25.063700] Finished snapshots data...
[2023-06-08 06:58:25.063720] Finished pool Curve.fi Factory USD Metapool: wormhole v2 UST-3Pool.

[2023-06-08 06:58:25.063728] Backfilling pool Curve.fi USDN/3Crv.
[2023-06-08 06:58:25.063734] Start time: 2022-04-01 23:55:11
[2023-06-08 06:58:25.063743] End time: 2022-04-09 00:00:00
[2023-06-08 06:59:17.218553] Inserting pool data...
[2023-06-08 07:00:10.099244] Finished pool data...
[2023-06-08 07:00:15.885349] Inserting swap data...
[2023-06-08 07:00:17.070041] Finished swap data...
[2023-06-08 07:00:22.697795] Inserting lp event data...
[2023-06-08 07:00:22.876694] Finished lp event data...
[2023-06-08 07:00:23.217816] Inserting snapshots data...
[2023-06-08 07:00:23.230574] Finished snapshots data...
[2023-06-08 07:00:23.230594] Finished pool Curve.fi USDN/3Crv.

[2023-06-08 07:00:23.230602] Backfilling pool Curve.fi Factory USD Metapool: Magic Internet Money 3Pool.
[2023-06-08 07:00:23.230608] Start time: 2022-04-01 23:55:11
[2023-06-08 07:00:23.230617] End time: 2022-04-09 00:00:00
[2023-06-08 07:01:16.959782] Inserting pool data...
[2023-06-08 07:02:09.801140] Finished pool data...
[2023-06-08 07:02:15.269597] Inserting swap data...
[2023-06-08 07:02:15.507691] Finished swap data...
[2023-06-08 07:02:20.715357] Inserting lp event data...
[2023-06-08 07:02:20.815366] Finished lp event data...
[2023-06-08 07:02:20.913682] Inserting snapshots data...
[2023-06-08 07:02:20.926610] Finished snapshots data...
[2023-06-08 07:02:20.926629] Finished pool Curve.fi Factory USD Metapool: Magic Internet Money 3Pool.

[2023-06-08 07:02:20.926637] Backfilling pool Curve.fi DAI/USDC/USDT/sUSD.
[2023-06-08 07:02:20.926643] Start time: 2022-04-01 23:55:11
[2023-06-08 07:02:20.926652] End time: 2022-04-09 00:00:00
[2023-06-08 07:03:12.308414] Inserting pool data...
[2023-06-08 07:04:05.657045] Finished pool data...
[2023-06-08 07:04:11.961434] Inserting swap data...
[2023-06-08 07:04:12.134490] Finished swap data...
[2023-06-08 07:04:17.487396] Inserting lp event data...
[2023-06-08 07:04:17.517464] Finished lp event data...
[2023-06-08 07:04:17.615766] Inserting snapshots data...
[2023-06-08 07:04:17.628525] Finished snapshots data...
[2023-06-08 07:04:17.628545] Finished pool Curve.fi DAI/USDC/USDT/sUSD.

[2023-06-08 07:04:17.628553] Backfilling pool Curve.fi ETH/frxETH.
[2023-06-08 07:04:17.628559] Pools Curve.fi ETH/frxETH was created after the end date. Skipping...

[2023-06-08 07:04:17.628565] Backfilling pool Curve.fi Factory USD Metapool: Liquity.
[2023-06-08 07:04:17.628571] Start time: 2022-04-01 23:55:11
[2023-06-08 07:04:17.628579] End time: 2022-04-09 00:00:00
[2023-06-08 07:05:10.187610] Inserting pool data...
[2023-06-08 07:06:03.190454] Finished pool data...
[2023-06-08 07:06:09.359185] Inserting swap data...
[2023-06-08 07:06:09.439188] Finished swap data...
[2023-06-08 07:06:14.845011] Inserting lp event data...
[2023-06-08 07:06:14.880248] Finished lp event data...
[2023-06-08 07:06:14.980911] Inserting snapshots data...
[2023-06-08 07:06:14.993997] Finished snapshots data...
[2023-06-08 07:06:14.994018] Finished pool Curve.fi Factory USD Metapool: Liquity.

[2023-06-08 07:06:14.994025] Backfilling pool Curve.fi Factory USD Metapool: Binance USD.
[2023-06-08 07:06:14.994032] Start time: 2022-04-01 23:55:11
[2023-06-08 07:06:14.994040] End time: 2022-04-09 00:00:00
[2023-06-08 07:07:07.528289] Inserting pool data...
[2023-06-08 07:08:00.710793] Finished pool data...
[2023-06-08 07:08:06.101784] Inserting swap data...
[2023-06-08 07:08:06.126172] Finished swap data...
[2023-06-08 07:08:11.342810] Inserting lp event data...
[2023-06-08 07:08:11.364055] Finished lp event data...
[2023-06-08 07:08:11.468609] Inserting snapshots data...
[2023-06-08 07:08:11.480829] Finished snapshots data...
[2023-06-08 07:08:11.480848] Finished pool Curve.fi Factory USD Metapool: Binance USD.

[2023-06-08 07:08:11.480855] Backfilling pool Curve.fi Factory Plain Pool: stETH concentrated.
[2023-06-08 07:08:11.480861] Pools Curve.fi Factory Plain Pool: stETH concentrated was created after the end date. Skipping...

[2023-06-08 07:08:11.480867] Backfilling pool Curve.fi Factory Crypto Pool: cbETH/ETH.
[2023-06-08 07:08:11.480873] Pools Curve.fi Factory Crypto Pool: cbETH/ETH was created after the end date. Skipping...

[2023-06-08 07:08:11.480879] Backfilling pool Curve.fi Factory Plain Pool: cvxCrv/Crv.
[2023-06-08 07:08:11.480884] Pools Curve.fi Factory Plain Pool: cvxCrv/Crv was created after the end date. Skipping...

[2023-06-08 07:08:11.480893] Backfilling token LUSD OHLCV using chainlink.
Found the closest round: 18446744073709552942, at 2022-04-01 23:46:33.
Number of iterations: 13
[2023-06-08 07:08:30.783820] Inserting OHLCV.
[2023-06-08 07:08:30.974355] Backfilling token FRAX OHLCV using chainlink.
Found the closest round: 18446744073709552934, at 2022-04-01 22:57:29.
Number of iterations: 13
[2023-06-08 07:08:49.889694] Inserting OHLCV.
[2023-06-08 07:08:50.070923] Backfilling token MIM OHLCV using ccxt.
Using Bitfinex for MIM/USD.

[2023-06-08 07:08:57.844952] Inserting OHLCV.
[2023-06-08 07:09:01.392373] Backfilling token USDC OHLCV using ccxt.
Using Binance US for USDC/USD.

[2023-06-08 07:09:03.538189] Inserting OHLCV.
[2023-06-08 07:09:11.355316] Backfilling token stETH OHLCV using chainlink.
Found the closest round: 18446744073709557754, at 2022-04-01 23:46:27.
Number of iterations: 14
[2023-06-08 07:09:31.559262] Inserting OHLCV.
[2023-06-08 07:09:31.751077] cbETH only indexed from 1661444040 (2022 12:14:00 PM GMT-04:00 DST). Skipping...
[2023-06-08 07:09:31.751103] Backfilling token ETH OHLCV using ccxt.
Using Binance US for ETH/USD.

[2023-06-08 07:09:33.825594] Inserting OHLCV.
[2023-06-08 07:09:41.960894] Backfilling token DAI OHLCV using ccxt.
Using Binance US for DAI/USD.

[2023-06-08 07:09:44.015126] Inserting OHLCV.
[2023-06-08 07:09:51.849824] Backfilling token BUSD OHLCV using chainlink.
Found the closest round: 18446744073709551975, at 2022-04-01 07:17:19.
Number of iterations: 10
[2023-06-08 07:10:02.624294] Inserting OHLCV.
[2023-06-08 07:10:02.644556] Backfilling token sUSD OHLCV using chainlink.
Found the closest round: 18446744073709552456, at 2022-04-01 00:03:52.
Number of iterations: 11
[2023-06-08 07:10:14.491675] Inserting OHLCV.
[2023-06-08 07:10:14.506852] WETH assumed to be = ETH. Skipping...

[2023-06-08 07:10:14.506876] Backfilling token cvxCRV OHLCV using curveswaps.
[2023-06-08 07:10:14.522261] Inserting OHLCV.
[2023-06-08 07:10:14.522293] No price data for token cvxCRV at this time.

[2023-06-08 07:10:14.522303] Backfilling token USDT OHLCV using ccxt.
Using Binance US for USDT/USD.

[2023-06-08 07:10:16.850269] Inserting OHLCV.
[2023-06-08 07:10:24.831258] Backfilling token USDN OHLCV using chainlink.
Found the closest round: 172, at 2022-04-01 03:02:22.
Number of iterations: 9
[2023-06-08 07:10:34.681743] Inserting OHLCV.
[2023-06-08 07:10:34.699140] Backfilling token frxETH OHLCV using curveswaps.
[2023-06-08 07:10:34.708497] Inserting OHLCV.
[2023-06-08 07:10:34.708530] No price data for token frxETH at this time.

[2023-06-08 07:10:34.708540] Backfilling token UST OHLCV using ccxt.
Using Coinbase Pro for UST/USD.

[2023-06-08 07:10:43.573343] Inserting OHLCV.
[2023-06-08 07:10:47.741054] 3Crv uses pool virtual price. Skipping...

[2023-06-08 07:10:47.741089] Backfilling token CRV OHLCV using ccxt.
Using Binance US for CRV/USD.

[2023-06-08 07:10:49.836817] Inserting OHLCV.
[2023-06-08 07:10:57.772444] Done :)
