
[2023-06-08 05:55:57.080508] Starting backfilling process.

[2023-06-08 05:55:57.916550] Backfilling pool Curve.fi ETH/stETH.
[2023-06-08 05:55:57.916584] Start time: 2022-03-11 23:55:22
[2023-06-08 05:55:57.916594] End time: 2022-03-19 00:00:09
[2023-06-08 05:56:48.077138] Inserting pool data...
[2023-06-08 05:57:40.025237] Finished pool data...
[2023-06-08 05:57:46.088998] Inserting swap data...
[2023-06-08 05:57:46.635476] Finished swap data...
[2023-06-08 05:57:51.784169] Inserting lp event data...
[2023-06-08 05:57:52.027510] Finished lp event data...
[2023-06-08 05:57:52.122062] Inserting snapshots data...
[2023-06-08 05:57:52.134924] Finished snapshots data...
[2023-06-08 05:57:52.134945] Finished pool Curve.fi ETH/stETH.

[2023-06-08 05:57:52.134953] Backfilling pool Curve.fi DAI/USDC/USDT.
[2023-06-08 05:57:52.134959] Start time: 2022-03-11 23:55:22
[2023-06-08 05:57:52.134968] End time: 2022-03-19 00:00:09
[2023-06-08 05:58:45.564840] Inserting pool data...
[2023-06-08 05:59:37.291677] Finished pool data...
[2023-06-08 05:59:42.743297] Inserting swap data...
[2023-06-08 05:59:43.233163] Finished swap data...
[2023-06-08 05:59:48.650524] Inserting lp event data...
[2023-06-08 05:59:51.589607] Finished lp event data...
[2023-06-08 05:59:51.767512] Inserting snapshots data...
[2023-06-08 05:59:51.779711] Finished snapshots data...
[2023-06-08 05:59:51.779731] Finished pool Curve.fi DAI/USDC/USDT.

[2023-06-08 05:59:51.779739] Backfilling pool Curve.fi FRAX/USDC.
[2023-06-08 05:59:51.779745] Pools Curve.fi FRAX/USDC was created after the end date. Skipping...

[2023-06-08 05:59:51.779751] Backfilling pool Curve.fi Factory USD Metapool: wormhole v2 UST-3Pool.
[2023-06-08 05:59:51.779757] Start time: 2022-03-11 23:55:22
[2023-06-08 05:59:51.779766] End time: 2022-03-19 00:00:09
[2023-06-08 06:00:45.726301] Inserting pool data...
[2023-06-08 06:01:37.544333] Finished pool data...
[2023-06-08 06:01:44.069792] Inserting swap data...
[2023-06-08 06:01:44.412900] Finished swap data...
[2023-06-08 06:01:49.821321] Inserting lp event data...
[2023-06-08 06:01:49.918079] Finished lp event data...
[2023-06-08 06:01:50.029693] Inserting snapshots data...
[2023-06-08 06:01:50.042284] Finished snapshots data...
[2023-06-08 06:01:50.042305] Finished pool Curve.fi Factory USD Metapool: wormhole v2 UST-3Pool.

[2023-06-08 06:01:50.042313] Backfilling pool Curve.fi USDN/3Crv.
[2023-06-08 06:01:50.042319] Start time: 2022-03-11 23:55:22
[2023-06-08 06:01:50.042328] End time: 2022-03-19 00:00:09
[2023-06-08 06:02:44.553818] Inserting pool data...
[2023-06-08 06:03:36.717775] Finished pool data...
[2023-06-08 06:03:42.596349] Inserting swap data...
[2023-06-08 06:03:42.636378] Finished swap data...
[2023-06-08 06:03:47.950178] Inserting lp event data...
[2023-06-08 06:03:48.036780] Finished lp event data...
[2023-06-08 06:03:48.221368] Inserting snapshots data...
[2023-06-08 06:03:48.233248] Finished snapshots data...
[2023-06-08 06:03:48.233268] Finished pool Curve.fi USDN/3Crv.

[2023-06-08 06:03:48.233275] Backfilling pool Curve.fi Factory USD Metapool: Magic Internet Money 3Pool.
[2023-06-08 06:03:48.233282] Start time: 2022-03-11 23:55:22
[2023-06-08 06:03:48.233291] End time: 2022-03-19 00:00:09
[2023-06-08 06:04:41.771564] Inserting pool data...
[2023-06-08 06:05:33.838169] Finished pool data...
[2023-06-08 06:05:39.603697] Inserting swap data...
[2023-06-08 06:05:39.974153] Finished swap data...
[2023-06-08 06:05:45.265052] Inserting lp event data...
[2023-06-08 06:05:45.367730] Finished lp event data...
[2023-06-08 06:05:45.482577] Inserting snapshots data...
[2023-06-08 06:05:45.494831] Finished snapshots data...
[2023-06-08 06:05:45.494849] Finished pool Curve.fi Factory USD Metapool: Magic Internet Money 3Pool.

[2023-06-08 06:05:45.494857] Backfilling pool Curve.fi DAI/USDC/USDT/sUSD.
[2023-06-08 06:05:45.494863] Start time: 2022-03-11 23:55:22
[2023-06-08 06:05:45.494872] End time: 2022-03-19 00:00:09
[2023-06-08 06:06:38.085640] Inserting pool data...
[2023-06-08 06:07:30.568425] Finished pool data...
[2023-06-08 06:07:36.186379] Inserting swap data...
[2023-06-08 06:07:36.387172] Finished swap data...
[2023-06-08 06:07:41.645526] Inserting lp event data...
[2023-06-08 06:07:41.683661] Finished lp event data...
[2023-06-08 06:07:41.786029] Inserting snapshots data...
[2023-06-08 06:07:41.797908] Finished snapshots data...
[2023-06-08 06:07:41.797927] Finished pool Curve.fi DAI/USDC/USDT/sUSD.

[2023-06-08 06:07:41.797935] Backfilling pool Curve.fi ETH/frxETH.
[2023-06-08 06:07:41.797942] Pools Curve.fi ETH/frxETH was created after the end date. Skipping...

[2023-06-08 06:07:41.797948] Backfilling pool Curve.fi Factory USD Metapool: Liquity.
[2023-06-08 06:07:41.797954] Start time: 2022-03-11 23:55:22
[2023-06-08 06:07:41.797962] End time: 2022-03-19 00:00:09
[2023-06-08 06:08:34.305111] Inserting pool data...
[2023-06-08 06:09:26.427123] Finished pool data...
[2023-06-08 06:09:32.120746] Inserting swap data...
[2023-06-08 06:09:32.218840] Finished swap data...
[2023-06-08 06:09:37.460975] Inserting lp event data...
[2023-06-08 06:09:37.486478] Finished lp event data...
[2023-06-08 06:09:38.052037] Inserting snapshots data...
[2023-06-08 06:09:38.064182] Finished snapshots data...
[2023-06-08 06:09:38.064201] Finished pool Curve.fi Factory USD Metapool: Liquity.

[2023-06-08 06:09:38.064208] Backfilling pool Curve.fi Factory USD Metapool: Binance USD.
[2023-06-08 06:09:38.064214] Start time: 2022-03-11 23:55:22
[2023-06-08 06:09:38.064223] End time: 2022-03-19 00:00:09
[2023-06-08 06:10:30.775537] Inserting pool data...
[2023-06-08 06:11:22.778921] Finished pool data...
[2023-06-08 06:11:28.239778] Inserting swap data...
[2023-06-08 06:11:28.271079] Finished swap data...
[2023-06-08 06:11:33.708464] Inserting lp event data...
[2023-06-08 06:11:33.719530] Finished lp event data...
[2023-06-08 06:11:33.813136] Inserting snapshots data...
[2023-06-08 06:11:33.832660] Finished snapshots data...
[2023-06-08 06:11:33.832678] Finished pool Curve.fi Factory USD Metapool: Binance USD.

[2023-06-08 06:11:33.832685] Backfilling pool Curve.fi Factory Plain Pool: stETH concentrated.
[2023-06-08 06:11:33.832692] Pools Curve.fi Factory Plain Pool: stETH concentrated was created after the end date. Skipping...

[2023-06-08 06:11:33.832698] Backfilling pool Curve.fi Factory Crypto Pool: cbETH/ETH.
[2023-06-08 06:11:33.832704] Pools Curve.fi Factory Crypto Pool: cbETH/ETH was created after the end date. Skipping...

[2023-06-08 06:11:33.832709] Backfilling pool Curve.fi Factory Plain Pool: cvxCrv/Crv.
[2023-06-08 06:11:33.832715] Pools Curve.fi Factory Plain Pool: cvxCrv/Crv was created after the end date. Skipping...

[2023-06-08 06:11:33.832724] Backfilling token LUSD OHLCV using chainlink.
Found the closest round: 18446744073709552435, at 2022-03-11 22:55:01.
Number of iterations: 14
[2023-06-08 06:11:53.509838] Inserting OHLCV.
[2023-06-08 06:11:53.920354] Backfilling token FRAX OHLCV using chainlink.
Found the closest round: 18446744073709552423, at 2022-03-11 23:43:22.
Number of iterations: 14
[2023-06-08 06:12:13.270737] Inserting OHLCV.
[2023-06-08 06:12:13.448381] Backfilling token MIM OHLCV using ccxt.
Using Bitfinex for MIM/USD.

[2023-06-08 06:12:21.821229] Inserting OHLCV.
[2023-06-08 06:12:25.213783] Backfilling token USDC OHLCV using ccxt.
Using Binance US for USDC/USD.

[2023-06-08 06:12:27.325745] Inserting OHLCV.
[2023-06-08 06:12:34.837546] Backfilling token stETH OHLCV using chainlink.
Found the closest round: 18446744073709557218, at 2022-03-11 23:17:51.
Number of iterations: 14
[2023-06-08 06:12:54.476326] Inserting OHLCV.
[2023-06-08 06:12:54.662837] cbETH only indexed from 1661444040 (2022 12:14:00 PM GMT-04:00 DST). Skipping...
[2023-06-08 06:12:54.662863] Backfilling token ETH OHLCV using ccxt.
Using Binance US for ETH/USD.

[2023-06-08 06:12:56.710188] Inserting OHLCV.
[2023-06-08 06:13:04.487671] Backfilling token DAI OHLCV using ccxt.
Using Binance US for DAI/USD.

[2023-06-08 06:13:06.535652] Inserting OHLCV.
[2023-06-08 06:13:14.112648] Backfilling token BUSD OHLCV using chainlink.
Found the closest round: 18446744073709551954, at 2022-03-11 07:11:26.
Number of iterations: 10
[2023-06-08 06:13:24.855355] Inserting OHLCV.
[2023-06-08 06:13:24.871993] Backfilling token sUSD OHLCV using chainlink.
Found the closest round: 18446744073709552428, at 2022-03-11 10:56:27.
Number of iterations: 11
[2023-06-08 06:13:36.671258] Inserting OHLCV.
[2023-06-08 06:13:36.689739] WETH assumed to be = ETH. Skipping...

[2023-06-08 06:13:36.689764] Backfilling token cvxCRV OHLCV using curveswaps.
[2023-06-08 06:13:36.704096] Inserting OHLCV.
[2023-06-08 06:13:36.704129] No price data for token cvxCRV at this time.

[2023-06-08 06:13:36.704139] Backfilling token USDT OHLCV using ccxt.
Using Binance US for USDT/USD.

[2023-06-08 06:13:38.986179] Inserting OHLCV.
[2023-06-08 06:13:46.625555] Backfilling token USDN OHLCV using chainlink.
Found the closest round: 151, at 2022-03-11 08:50:32.
Number of iterations: 9
[2023-06-08 06:13:56.344648] Inserting OHLCV.
[2023-06-08 06:13:56.360039] Backfilling token frxETH OHLCV using curveswaps.
[2023-06-08 06:13:56.368035] Inserting OHLCV.
[2023-06-08 06:13:56.368064] No price data for token frxETH at this time.

[2023-06-08 06:13:56.368074] Backfilling token UST OHLCV using ccxt.
Using Coinbase Pro for UST/USD.

[2023-06-08 06:14:05.271885] Inserting OHLCV.
[2023-06-08 06:14:08.350181] 3Crv uses pool virtual price. Skipping...

[2023-06-08 06:14:08.350217] Backfilling token CRV OHLCV using ccxt.
Using Binance US for CRV/USD.

[2023-06-08 06:14:10.492440] Inserting OHLCV.
[2023-06-08 06:14:18.241974] Done :)
