
[2023-06-08 09:05:29.823029] Starting backfilling process.

[2023-06-08 09:05:30.656902] Backfilling pool Curve.fi ETH/stETH.
[2023-06-08 09:05:30.656934] Start time: 2022-05-20 23:55:09
[2023-06-08 09:05:30.656944] End time: 2022-05-28 00:00:14
[2023-06-08 09:06:20.362634] Inserting pool data...
[2023-06-08 09:07:10.235550] Finished pool data...
[2023-06-08 09:07:15.690934] Inserting swap data...
[2023-06-08 09:07:16.715372] Finished swap data...
[2023-06-08 09:07:21.588525] Inserting lp event data...
[2023-06-08 09:07:21.854286] Finished lp event data...
[2023-06-08 09:07:21.951562] Inserting snapshots data...
[2023-06-08 09:07:21.965233] Finished snapshots data...
[2023-06-08 09:07:21.965256] Finished pool Curve.fi ETH/stETH.

[2023-06-08 09:07:21.965264] Backfilling pool Curve.fi DAI/USDC/USDT.
[2023-06-08 09:07:21.965271] Start time: 2022-05-20 23:55:09
[2023-06-08 09:07:21.965280] End time: 2022-05-28 00:00:14
[2023-06-08 09:08:12.214693] Inserting pool data...
[2023-06-08 09:09:02.194739] Finished pool data...
[2023-06-08 09:09:07.386602] Inserting swap data...
[2023-06-08 09:09:08.576454] Finished swap data...
[2023-06-08 09:09:15.134701] Inserting lp event data...
[2023-06-08 09:09:17.468447] Finished lp event data...
[2023-06-08 09:09:17.596988] Inserting snapshots data...
[2023-06-08 09:09:17.609002] Finished snapshots data...
[2023-06-08 09:09:17.609023] Finished pool Curve.fi DAI/USDC/USDT.

[2023-06-08 09:09:17.609030] Backfilling pool Curve.fi FRAX/USDC.
[2023-06-08 09:09:17.609037] Pools Curve.fi FRAX/USDC was created after the end date. Skipping...

[2023-06-08 09:09:17.609043] Backfilling pool Curve.fi Factory USD Metapool: wormhole v2 UST-3Pool.
[2023-06-08 09:09:17.609049] Start time: 2022-05-20 23:55:09
[2023-06-08 09:09:17.609058] End time: 2022-05-28 00:00:14
[2023-06-08 09:10:07.300260] Inserting pool data...
[2023-06-08 09:10:56.911235] Finished pool data...
[2023-06-08 09:11:02.327120] Inserting swap data...
[2023-06-08 09:11:02.855902] Finished swap data...
[2023-06-08 09:11:08.107577] Inserting lp event data...
[2023-06-08 09:11:08.146329] Finished lp event data...
[2023-06-08 09:11:08.404248] Inserting snapshots data...
[2023-06-08 09:11:08.416016] Finished snapshots data...
[2023-06-08 09:11:08.416035] Finished pool Curve.fi Factory USD Metapool: wormhole v2 UST-3Pool.

[2023-06-08 09:11:08.416042] Backfilling pool Curve.fi USDN/3Crv.
[2023-06-08 09:11:08.416049] Start time: 2022-05-20 23:55:09
[2023-06-08 09:11:08.416058] End time: 2022-05-28 00:00:14
[2023-06-08 09:11:57.966580] Inserting pool data...
[2023-06-08 09:12:47.454948] Finished pool data...
[2023-06-08 09:12:53.052980] Inserting swap data...
[2023-06-08 09:12:53.173747] Finished swap data...
[2023-06-08 09:12:58.414227] Inserting lp event data...
[2023-06-08 09:12:58.461125] Finished lp event data...
[2023-06-08 09:12:58.988115] Inserting snapshots data...
[2023-06-08 09:12:59.000133] Finished snapshots data...
[2023-06-08 09:12:59.000151] Finished pool Curve.fi USDN/3Crv.

[2023-06-08 09:12:59.000159] Backfilling pool Curve.fi Factory USD Metapool: Magic Internet Money 3Pool.
[2023-06-08 09:12:59.000165] Start time: 2022-05-20 23:55:09
[2023-06-08 09:12:59.000174] End time: 2022-05-28 00:00:14
[2023-06-08 09:13:49.078953] Inserting pool data...
[2023-06-08 09:14:38.906851] Finished pool data...
[2023-06-08 09:14:44.578183] Inserting swap data...
[2023-06-08 09:14:44.740102] Finished swap data...
[2023-06-08 09:14:49.955018] Inserting lp event data...
[2023-06-08 09:14:50.032442] Finished lp event data...
[2023-06-08 09:14:50.128888] Inserting snapshots data...
[2023-06-08 09:14:50.140808] Finished snapshots data...
[2023-06-08 09:14:50.140827] Finished pool Curve.fi Factory USD Metapool: Magic Internet Money 3Pool.

[2023-06-08 09:14:50.140834] Backfilling pool Curve.fi DAI/USDC/USDT/sUSD.
[2023-06-08 09:14:50.140841] Start time: 2022-05-20 23:55:09
[2023-06-08 09:14:50.140849] End time: 2022-05-28 00:00:14
[2023-06-08 09:15:39.686769] Inserting pool data...
[2023-06-08 09:16:29.927387] Finished pool data...
[2023-06-08 09:16:35.920984] Inserting swap data...
[2023-06-08 09:16:36.140406] Finished swap data...
[2023-06-08 09:16:41.551538] Inserting lp event data...
[2023-06-08 09:16:41.579399] Finished lp event data...
[2023-06-08 09:16:41.768527] Inserting snapshots data...
[2023-06-08 09:16:41.780521] Finished snapshots data...
[2023-06-08 09:16:41.780539] Finished pool Curve.fi DAI/USDC/USDT/sUSD.

[2023-06-08 09:16:41.780548] Backfilling pool Curve.fi ETH/frxETH.
[2023-06-08 09:16:41.780555] Pools Curve.fi ETH/frxETH was created after the end date. Skipping...

[2023-06-08 09:16:41.780562] Backfilling pool Curve.fi Factory USD Metapool: Liquity.
[2023-06-08 09:16:41.780568] Start time: 2022-05-20 23:55:09
[2023-06-08 09:16:41.780578] End time: 2022-05-28 00:00:14
[2023-06-08 09:17:31.394894] Inserting pool data...
[2023-06-08 09:18:21.515938] Finished pool data...
[2023-06-08 09:18:26.711348] Inserting swap data...
[2023-06-08 09:18:26.852610] Finished swap data...
[2023-06-08 09:18:32.119249] Inserting lp event data...
[2023-06-08 09:18:32.144602] Finished lp event data...
[2023-06-08 09:18:37.039743] Inserting snapshots data...
[2023-06-08 09:18:37.052936] Finished snapshots data...
[2023-06-08 09:18:37.052957] Finished pool Curve.fi Factory USD Metapool: Liquity.

[2023-06-08 09:18:37.052965] Backfilling pool Curve.fi Factory USD Metapool: Binance USD.
[2023-06-08 09:18:37.052971] Start time: 2022-05-20 23:55:09
[2023-06-08 09:18:37.052980] End time: 2022-05-28 00:00:14
[2023-06-08 09:19:28.651287] Inserting pool data...
[2023-06-08 09:20:18.638354] Finished pool data...
[2023-06-08 09:20:24.263188] Inserting swap data...
[2023-06-08 09:20:24.327345] Finished swap data...
[2023-06-08 09:20:29.395841] Inserting lp event data...
[2023-06-08 09:20:29.435219] Finished lp event data...
[2023-06-08 09:20:29.529288] Inserting snapshots data...
[2023-06-08 09:20:29.541061] Finished snapshots data...
[2023-06-08 09:20:29.541080] Finished pool Curve.fi Factory USD Metapool: Binance USD.

[2023-06-08 09:20:29.541088] Backfilling pool Curve.fi Factory Plain Pool: stETH concentrated.
[2023-06-08 09:20:29.541095] Start time: 2022-05-20 23:55:09
[2023-06-08 09:20:29.541103] End time: 2022-05-28 00:00:14
[2023-06-08 09:21:21.412816] Inserting pool data...
[2023-06-08 09:22:10.836561] Finished pool data...
[2023-06-08 09:22:16.339157] Inserting swap data...
[2023-06-08 09:22:16.469764] Finished swap data...
[2023-06-08 09:22:22.940538] Inserting lp event data...
[2023-06-08 09:22:23.057230] Finished lp event data...
[2023-06-08 09:22:23.169987] Inserting snapshots data...
[2023-06-08 09:22:23.181814] Finished snapshots data...
[2023-06-08 09:22:23.181833] Finished pool Curve.fi Factory Plain Pool: stETH concentrated.

[2023-06-08 09:22:23.181841] Backfilling pool Curve.fi Factory Crypto Pool: cbETH/ETH.
[2023-06-08 09:22:23.181847] Pools Curve.fi Factory Crypto Pool: cbETH/ETH was created after the end date. Skipping...

[2023-06-08 09:22:23.181853] Backfilling pool Curve.fi Factory Plain Pool: cvxCrv/Crv.
[2023-06-08 09:22:23.181859] Pools Curve.fi Factory Plain Pool: cvxCrv/Crv was created after the end date. Skipping...

[2023-06-08 09:22:23.181867] Backfilling token LUSD OHLCV using chainlink.
Found the closest round: 18446744073709554132, at 2022-05-20 23:52:02.
Number of iterations: 13
[2023-06-08 09:22:42.372211] Inserting OHLCV.
[2023-06-08 09:22:42.546763] Backfilling token FRAX OHLCV using chainlink.
Found the closest round: 18446744073709554119, at 2022-05-20 23:46:12.
Number of iterations: 14
[2023-06-08 09:23:02.480690] Inserting OHLCV.
[2023-06-08 09:23:02.657270] Backfilling token MIM OHLCV using ccxt.
Using Bitfinex for MIM/USD.

[2023-06-08 09:23:10.404331] Inserting OHLCV.
[2023-06-08 09:23:13.835724] Backfilling token USDC OHLCV using ccxt.
Using Binance US for USDC/USD.

[2023-06-08 09:23:16.039917] Inserting OHLCV.
[2023-06-08 09:23:23.759901] Backfilling token stETH OHLCV using chainlink.
Found the closest round: 18446744073709559155, at 2022-05-20 22:55:33.
Number of iterations: 14
[2023-06-08 09:23:44.362531] Inserting OHLCV.
[2023-06-08 09:23:44.565795] cbETH only indexed from 1661444040 (2022 12:14:00 PM GMT-04:00 DST). Skipping...
[2023-06-08 09:23:44.565829] Backfilling token ETH OHLCV using ccxt.
Using Binance US for ETH/USD.

[2023-06-08 09:23:46.640649] Inserting OHLCV.
[2023-06-08 09:23:54.330402] Backfilling token DAI OHLCV using ccxt.
Using Binance US for DAI/USD.

[2023-06-08 09:23:56.350652] Inserting OHLCV.
[2023-06-08 09:24:03.839757] Backfilling token BUSD OHLCV using chainlink.
Found the closest round: 18446744073709552040, at 2022-05-20 09:55:41.
Number of iterations: 9
[2023-06-08 09:24:13.604582] Inserting OHLCV.
[2023-06-08 09:24:13.620293] Backfilling token sUSD OHLCV using chainlink.
Found the closest round: 18446744073709552601, at 2022-05-20 21:39:13.
Number of iterations: 11
[2023-06-08 09:24:25.606760] Inserting OHLCV.
[2023-06-08 09:24:25.627712] WETH assumed to be = ETH. Skipping...

[2023-06-08 09:24:25.627735] Backfilling token cvxCRV OHLCV using curveswaps.
[2023-06-08 09:24:25.650540] Inserting OHLCV.
[2023-06-08 09:24:25.650569] No price data for token cvxCRV at this time.

[2023-06-08 09:24:25.650578] Backfilling token USDT OHLCV using ccxt.
Using Binance US for USDT/USD.

[2023-06-08 09:24:27.979361] Inserting OHLCV.
[2023-06-08 09:24:35.833754] Backfilling token USDN OHLCV using chainlink.
Found the closest round: 229, at 2022-05-20 13:52:44.
Number of iterations: 9
[2023-06-08 09:24:45.621786] Inserting OHLCV.
[2023-06-08 09:24:45.638085] Backfilling token frxETH OHLCV using curveswaps.
[2023-06-08 09:24:45.655037] Inserting OHLCV.
[2023-06-08 09:24:45.655060] No price data for token frxETH at this time.

[2023-06-08 09:24:45.655068] UST only indexed up to 1653667380 (2022-05-27 12:03:00 PM GMT-04:00 DST). Setting end time to 2022-05-28 00:00:14.
[2023-06-08 09:24:45.655078] Backfilling token UST OHLCV using ccxt.
Using Coinbase Pro for UST/USD.

[2023-06-08 09:24:54.701372] Inserting OHLCV.
[2023-06-08 09:25:01.369692] 3Crv uses pool virtual price. Skipping...

[2023-06-08 09:25:01.369728] Backfilling token CRV OHLCV using ccxt.
Using Binance US for CRV/USD.

[2023-06-08 09:25:03.492487] Inserting OHLCV.
[2023-06-08 09:25:11.138403] Done :)
