
[2023-06-08 20:48:19.345617] Starting backfilling process.

[2023-06-08 20:48:20.474453] Backfilling pool Curve.fi ETH/stETH.
[2023-06-08 20:48:20.474493] Start time: 2022-11-25 23:55:11
[2023-06-08 20:48:20.474505] End time: 2022-12-03 00:00:11
[2023-06-08 20:49:20.214922] Inserting pool data...
[2023-06-08 20:50:28.063572] Finished pool data...
[2023-06-08 20:50:34.393644] Inserting swap data...
[2023-06-08 20:50:35.779387] Finished swap data...
[2023-06-08 20:50:41.805441] Inserting lp event data...
[2023-06-08 20:50:42.334396] Finished lp event data...
[2023-06-08 20:50:42.441400] Inserting snapshots data...
[2023-06-08 20:50:42.454862] Finished snapshots data...
[2023-06-08 20:50:42.455003] Finished pool Curve.fi ETH/stETH.

[2023-06-08 20:50:42.455097] Backfilling pool Curve.fi DAI/USDC/USDT.
[2023-06-08 20:50:42.455188] Start time: 2022-11-25 23:55:11
[2023-06-08 20:50:42.455204] End time: 2022-12-03 00:00:11
[2023-06-08 20:51:43.852246] Inserting pool data...
[2023-06-08 20:52:50.383382] Finished pool data...
[2023-06-08 20:52:57.930055] Inserting swap data...
[2023-06-08 20:53:00.659215] Finished swap data...
[2023-06-08 20:53:06.845948] Inserting lp event data...
[2023-06-08 20:53:10.518857] Finished lp event data...
[2023-06-08 20:53:10.635866] Inserting snapshots data...
[2023-06-08 20:53:10.651358] Finished snapshots data...
[2023-06-08 20:53:10.651397] Finished pool Curve.fi DAI/USDC/USDT.

[2023-06-08 20:53:10.651407] Backfilling pool Curve.fi FRAX/USDC.
[2023-06-08 20:53:10.651415] Start time: 2022-11-25 23:55:11
[2023-06-08 20:53:10.651425] End time: 2022-12-03 00:00:11
[2023-06-08 20:54:11.734091] Inserting pool data...
[2023-06-08 20:55:19.558874] Finished pool data...
[2023-06-08 20:55:28.473761] Inserting swap data...
[2023-06-08 20:55:28.595616] Finished swap data...
[2023-06-08 20:55:34.949873] Inserting lp event data...
[2023-06-08 20:55:35.709310] Finished lp event data...
[2023-06-08 20:55:35.824868] Inserting snapshots data...
[2023-06-08 20:55:35.839267] Finished snapshots data...
[2023-06-08 20:55:35.839554] Finished pool Curve.fi FRAX/USDC.

[2023-06-08 20:55:35.839653] Backfilling pool Curve.fi Factory USD Metapool: wormhole v2 UST-3Pool.
[2023-06-08 20:55:35.839748] Start time: 2022-11-25 23:55:11
[2023-06-08 20:55:35.839955] End time: 2022-12-03 00:00:11
[2023-06-08 20:56:37.085909] Inserting pool data...
[2023-06-08 20:57:44.634322] Finished pool data...
[2023-06-08 20:57:50.958182] Inserting swap data...
[2023-06-08 20:57:50.979202] Finished swap data...
[2023-06-08 20:57:57.768382] Inserting lp event data...
[2023-06-08 20:57:57.770284] Finished lp event data...
[2023-06-08 20:57:57.904258] Inserting snapshots data...
[2023-06-08 20:57:57.921473] Finished snapshots data...
[2023-06-08 20:57:57.921540] Finished pool Curve.fi Factory USD Metapool: wormhole v2 UST-3Pool.

[2023-06-08 20:57:57.921555] Backfilling pool Curve.fi USDN/3Crv.
[2023-06-08 20:57:57.921565] Start time: 2022-11-25 23:55:11
[2023-06-08 20:57:57.921580] End time: 2022-12-03 00:00:11
[2023-06-08 20:59:00.309249] Inserting pool data...
[2023-06-08 21:00:05.537313] Finished pool data...
[2023-06-08 21:00:12.042982] Inserting swap data...
[2023-06-08 21:00:12.174636] Finished swap data...
[2023-06-08 21:00:18.819331] Inserting lp event data...
[2023-06-08 21:00:18.846854] Finished lp event data...
[2023-06-08 21:00:18.961687] Inserting snapshots data...
[2023-06-08 21:00:18.982782] Finished snapshots data...
[2023-06-08 21:00:18.982953] Finished pool Curve.fi USDN/3Crv.

[2023-06-08 21:00:18.983051] Backfilling pool Curve.fi Factory USD Metapool: Magic Internet Money 3Pool.
[2023-06-08 21:00:18.983156] Start time: 2022-11-25 23:55:11
[2023-06-08 21:00:18.983252] End time: 2022-12-03 00:00:11
[2023-06-08 21:01:20.834355] Inserting pool data...
[2023-06-08 21:02:28.056794] Finished pool data...
[2023-06-08 21:02:35.521018] Inserting swap data...
[2023-06-08 21:02:35.582077] Finished swap data...
[2023-06-08 21:02:42.156364] Inserting lp event data...
[2023-06-08 21:02:42.275854] Finished lp event data...
[2023-06-08 21:02:42.403718] Inserting snapshots data...
[2023-06-08 21:02:42.418447] Finished snapshots data...
[2023-06-08 21:02:42.418613] Finished pool Curve.fi Factory USD Metapool: Magic Internet Money 3Pool.

[2023-06-08 21:02:42.418629] Backfilling pool Curve.fi DAI/USDC/USDT/sUSD.
[2023-06-08 21:02:42.418636] Start time: 2022-11-25 23:55:11
[2023-06-08 21:02:42.418647] End time: 2022-12-03 00:00:11
[2023-06-08 21:03:45.108967] Inserting pool data...
[2023-06-08 21:04:54.012088] Finished pool data...
[2023-06-08 21:05:00.394470] Inserting swap data...
[2023-06-08 21:05:00.767462] Finished swap data...
[2023-06-08 21:05:07.368772] Inserting lp event data...
[2023-06-08 21:05:07.438867] Finished lp event data...
[2023-06-08 21:05:07.552196] Inserting snapshots data...
[2023-06-08 21:05:07.569101] Finished snapshots data...
[2023-06-08 21:05:07.569255] Finished pool Curve.fi DAI/USDC/USDT/sUSD.

[2023-06-08 21:05:07.569345] Backfilling pool Curve.fi ETH/frxETH.
[2023-06-08 21:05:07.569359] Start time: 2022-11-25 23:55:11
[2023-06-08 21:05:07.569369] End time: 2022-12-03 00:00:11
[2023-06-08 21:06:10.945583] Inserting pool data...
[2023-06-08 21:07:18.757435] Finished pool data...
[2023-06-08 21:07:25.967957] Inserting swap data...
[2023-06-08 21:07:26.027833] Finished swap data...
[2023-06-08 21:07:33.566984] Inserting lp event data...
[2023-06-08 21:07:33.770827] Finished lp event data...
[2023-06-08 21:07:33.888204] Inserting snapshots data...
[2023-06-08 21:07:33.902480] Finished snapshots data...
[2023-06-08 21:07:33.902647] Finished pool Curve.fi ETH/frxETH.

[2023-06-08 21:07:33.902745] Backfilling pool Curve.fi Factory USD Metapool: Liquity.
[2023-06-08 21:07:33.902840] Start time: 2022-11-25 23:55:11
[2023-06-08 21:07:33.902937] End time: 2022-12-03 00:00:11
[2023-06-08 21:08:35.735723] Inserting pool data...
[2023-06-08 21:09:43.811338] Finished pool data...
[2023-06-08 21:09:50.940324] Inserting swap data...
[2023-06-08 21:09:51.180196] Finished swap data...
[2023-06-08 21:09:57.674203] Inserting lp event data...
[2023-06-08 21:09:57.749335] Finished lp event data...
[2023-06-08 21:09:57.871066] Inserting snapshots data...
[2023-06-08 21:09:57.883686] Finished snapshots data...
[2023-06-08 21:09:57.883724] Finished pool Curve.fi Factory USD Metapool: Liquity.

[2023-06-08 21:09:57.883733] Backfilling pool Curve.fi Factory USD Metapool: Binance USD.
[2023-06-08 21:09:57.883741] Start time: 2022-11-25 23:55:11
[2023-06-08 21:09:57.883751] End time: 2022-12-03 00:00:11
[2023-06-08 21:10:59.985220] Inserting pool data...
[2023-06-08 21:12:07.116976] Finished pool data...
[2023-06-08 21:12:13.419712] Inserting swap data...
[2023-06-08 21:12:13.466122] Finished swap data...
[2023-06-08 21:12:19.951420] Inserting lp event data...
[2023-06-08 21:12:19.988804] Finished lp event data...
[2023-06-08 21:12:20.104795] Inserting snapshots data...
[2023-06-08 21:12:20.122607] Finished snapshots data...
[2023-06-08 21:12:20.122776] Finished pool Curve.fi Factory USD Metapool: Binance USD.

[2023-06-08 21:12:20.122874] Backfilling pool Curve.fi Factory Plain Pool: stETH concentrated.
[2023-06-08 21:12:20.123121] Start time: 2022-11-25 23:55:11
[2023-06-08 21:12:20.123223] End time: 2022-12-03 00:00:11
[2023-06-08 21:13:21.472376] Inserting pool data...
[2023-06-08 21:14:30.363721] Finished pool data...
[2023-06-08 21:14:37.580558] Inserting swap data...
[2023-06-08 21:14:37.676010] Finished swap data...
[2023-06-08 21:14:44.070216] Inserting lp event data...
[2023-06-08 21:14:44.114122] Finished lp event data...
[2023-06-08 21:14:44.386556] Inserting snapshots data...
[2023-06-08 21:14:44.401274] Finished snapshots data...
[2023-06-08 21:14:44.401426] Finished pool Curve.fi Factory Plain Pool: stETH concentrated.

[2023-06-08 21:14:44.401539] Backfilling pool Curve.fi Factory Crypto Pool: cbETH/ETH.
[2023-06-08 21:14:44.401593] Start time: 2022-11-25 23:55:11
[2023-06-08 21:14:44.401605] End time: 2022-12-03 00:00:11
[2023-06-08 21:15:45.922155] Inserting pool data...
[2023-06-08 21:16:52.377280] Finished pool data...
[2023-06-08 21:16:59.971028] Inserting swap data...
[2023-06-08 21:17:00.052923] Finished swap data...
[2023-06-08 21:17:06.399194] Inserting lp event data...
[2023-06-08 21:17:06.414561] Finished lp event data...
[2023-06-08 21:17:06.538203] Inserting snapshots data...
[2023-06-08 21:17:06.553226] Finished snapshots data...
[2023-06-08 21:17:06.553268] Finished pool Curve.fi Factory Crypto Pool: cbETH/ETH.

[2023-06-08 21:17:06.553277] Backfilling pool Curve.fi Factory Plain Pool: cvxCrv/Crv.
[2023-06-08 21:17:06.553285] Pools Curve.fi Factory Plain Pool: cvxCrv/Crv was created after the end date. Skipping...

[2023-06-08 21:17:06.553296] Backfilling token LUSD OHLCV using chainlink.
Found the closest round: 18446744073709558690, at 2022-11-25 23:39:23.
Number of iterations: 13
[2023-06-08 21:17:25.725831] Inserting OHLCV.
[2023-06-08 21:17:25.944200] Backfilling token FRAX OHLCV using chainlink.
Found the closest round: 18446744073709558673, at 2022-11-25 23:17:47.
Number of iterations: 14
[2023-06-08 21:17:45.855342] Inserting OHLCV.
[2023-06-08 21:17:46.063873] Backfilling token MIM OHLCV using ccxt.
Using Bitfinex for MIM/USD.

[2023-06-08 21:17:54.009503] Inserting OHLCV.
[2023-06-08 21:17:57.918065] Backfilling token USDC OHLCV using ccxt.
Using Binance US for USDC/USD.

[2023-06-08 21:18:00.051589] Inserting OHLCV.
[2023-06-08 21:18:09.050738] Backfilling token stETH OHLCV using chainlink.
Found the closest round: 18446744073709564602, at 2022-11-25 23:08:47.
Number of iterations: 14
[2023-06-08 21:18:28.877441] Inserting OHLCV.
[2023-06-08 21:18:29.099785] Backfilling token cbETH OHLCV using ccxt.
Using Coinbase Pro for CBETH/USD.

[2023-06-08 21:18:38.586242] Inserting OHLCV.
[2023-06-08 21:18:44.816270] Backfilling token ETH OHLCV using ccxt.
Using Binance US for ETH/USD.

[2023-06-08 21:18:46.947767] Inserting OHLCV.
[2023-06-08 21:18:55.839883] Backfilling token DAI OHLCV using ccxt.
Using Binance US for DAI/USD.

[2023-06-08 21:18:57.901673] Inserting OHLCV.
[2023-06-08 21:19:06.483506] Backfilling token BUSD OHLCV using chainlink.
Found the closest round: 18446744073709552239, at 2022-11-25 13:43:11.
Number of iterations: 10
[2023-06-08 21:19:17.503712] Inserting OHLCV.
[2023-06-08 21:19:17.520602] Backfilling token sUSD OHLCV using chainlink.
Found the closest round: 18446744073709553216, at 2022-11-25 08:09:47.
Number of iterations: 11
[2023-06-08 21:19:29.492942] Inserting OHLCV.
[2023-06-08 21:19:29.518529] WETH assumed to be = ETH. Skipping...

[2023-06-08 21:19:29.518585] Backfilling token cvxCRV OHLCV using curveswaps.
[2023-06-08 21:19:29.550831] Inserting OHLCV.
[2023-06-08 21:19:29.550900] No price data for token cvxCRV at this time.

[2023-06-08 21:19:29.550919] Backfilling token USDT OHLCV using ccxt.
Using Binance US for USDT/USD.

[2023-06-08 21:19:31.739482] Inserting OHLCV.
[2023-06-08 21:19:40.228689] Backfilling token USDN OHLCV using chainlink.
Found the closest round: 436, at 2022-11-25 10:10:47.
Number of iterations: 9
[2023-06-08 21:19:49.935101] Inserting OHLCV.
[2023-06-08 21:19:49.951269] Backfilling token frxETH OHLCV using curveswaps.
[2023-06-08 21:19:50.016319] Inserting OHLCV.
[2023-06-08 21:19:50.073929] UST only indexed up to 1653667380 (2022-05-27 12:03:00 PM GMT-04:00 DST). Setting end time to 2022-12-03 00:00:11.
[2023-06-08 21:19:50.073978] Backfilling token UST OHLCV using ccxt.
Using Coinbase Pro for UST/USD.

[2023-06-08 21:19:50.076656] Inserting OHLCV.
[2023-06-08 21:19:50.076679] No price data for token UST at this time.

[2023-06-08 21:19:50.076687] 3Crv uses pool virtual price. Skipping...

[2023-06-08 21:19:50.076695] Backfilling token CRV OHLCV using ccxt.
Using Binance US for CRV/USD.

[2023-06-08 21:19:52.182569] Inserting OHLCV.
[2023-06-08 21:20:00.809680] Done :)
