
[2023-06-08 03:00:04.227797] Starting backfilling process.

[2023-06-08 03:00:05.843401] Backfilling pool Curve.fi ETH/stETH.
[2023-06-08 03:00:05.843697] Start time: 2022-01-14 23:55:00
[2023-06-08 03:00:05.843798] End time: 2022-01-29 00:00:04
[2023-06-08 03:01:51.445553] Inserting pool data...
[2023-06-08 03:03:36.220193] Finished pool data...
[2023-06-08 03:03:48.782510] Inserting swap data...
[2023-06-08 03:03:50.013119] Finished swap data...
[2023-06-08 03:04:01.795371] Inserting lp event data...
[2023-06-08 03:04:02.097668] Finished lp event data...
[2023-06-08 03:04:02.203669] Inserting snapshots data...
[2023-06-08 03:04:02.232300] Finished snapshots data...
[2023-06-08 03:04:02.232335] Finished pool Curve.fi ETH/stETH.

[2023-06-08 03:04:02.232344] Backfilling pool Curve.fi DAI/USDC/USDT.
[2023-06-08 03:04:02.232352] Start time: 2022-01-14 23:55:00
[2023-06-08 03:04:02.232363] End time: 2022-01-29 00:00:04
[2023-06-08 03:07:48.328240] Inserting pool data...
[2023-06-08 03:09:40.258049] Finished pool data...
[2023-06-08 03:09:51.459436] Inserting swap data...
[2023-06-08 03:09:52.641938] Finished swap data...
[2023-06-08 03:10:05.098576] Inserting lp event data...
[2023-06-08 03:10:16.625896] Finished lp event data...
[2023-06-08 03:10:16.758655] Inserting snapshots data...
[2023-06-08 03:10:16.780219] Finished snapshots data...
[2023-06-08 03:10:16.780358] Finished pool Curve.fi DAI/USDC/USDT.

[2023-06-08 03:10:16.780455] Backfilling pool Curve.fi FRAX/USDC.
[2023-06-08 03:10:16.780551] Pools Curve.fi FRAX/USDC was created after the end date. Skipping...

[2023-06-08 03:10:16.780645] Backfilling pool Curve.fi Factory USD Metapool: wormhole v2 UST-3Pool.
[2023-06-08 03:10:16.780740] Start time: 2022-01-14 23:55:00
[2023-06-08 03:10:16.780838] End time: 2022-01-29 00:00:04
[2023-06-08 03:13:55.380260] Inserting pool data...
[2023-06-08 03:15:44.177610] Finished pool data...
[2023-06-08 03:15:54.970117] Inserting swap data...
[2023-06-08 03:15:55.431450] Finished swap data...
[2023-06-08 03:16:05.449142] Inserting lp event data...
[2023-06-08 03:16:05.746163] Finished lp event data...
[2023-06-08 03:16:05.850924] Inserting snapshots data...
[2023-06-08 03:16:05.872822] Finished snapshots data...
[2023-06-08 03:16:05.872861] Finished pool Curve.fi Factory USD Metapool: wormhole v2 UST-3Pool.

[2023-06-08 03:16:05.872871] Backfilling pool Curve.fi USDN/3Crv.
[2023-06-08 03:16:05.872880] Start time: 2022-01-14 23:55:00
[2023-06-08 03:16:05.872890] End time: 2022-01-29 00:00:04
[2023-06-08 03:19:43.929564] Inserting pool data...
[2023-06-08 03:21:36.236665] Finished pool data...
[2023-06-08 03:21:49.219165] Inserting swap data...
[2023-06-08 03:21:49.393407] Finished swap data...
[2023-06-08 03:22:01.019717] Inserting lp event data...
[2023-06-08 03:22:01.174816] Finished lp event data...
[2023-06-08 03:22:02.123404] Inserting snapshots data...
[2023-06-08 03:22:02.151290] Finished snapshots data...
[2023-06-08 03:22:02.151334] Finished pool Curve.fi USDN/3Crv.

[2023-06-08 03:22:02.151344] Backfilling pool Curve.fi Factory USD Metapool: Magic Internet Money 3Pool.
[2023-06-08 03:22:02.151352] Start time: 2022-01-14 23:55:00
[2023-06-08 03:22:02.151363] End time: 2022-01-29 00:00:04
[2023-06-08 03:25:38.613176] Inserting pool data...
[2023-06-08 03:27:28.747028] Finished pool data...
[2023-06-08 03:27:40.326414] Inserting swap data...
[2023-06-08 03:27:43.763453] Finished swap data...
[2023-06-08 03:27:53.808968] Inserting lp event data...
[2023-06-08 03:27:54.775613] Finished lp event data...
[2023-06-08 03:27:54.889636] Inserting snapshots data...
[2023-06-08 03:27:54.912181] Finished snapshots data...
[2023-06-08 03:27:54.912219] Finished pool Curve.fi Factory USD Metapool: Magic Internet Money 3Pool.

[2023-06-08 03:27:54.912232] Backfilling pool Curve.fi DAI/USDC/USDT/sUSD.
[2023-06-08 03:27:54.912242] Start time: 2022-01-14 23:55:00
[2023-06-08 03:27:54.912256] End time: 2022-01-29 00:00:04
[2023-06-08 03:31:35.241352] Inserting pool data...
[2023-06-08 03:33:26.187986] Finished pool data...
[2023-06-08 03:33:39.823737] Inserting swap data...
[2023-06-08 03:33:40.369026] Finished swap data...
[2023-06-08 03:33:52.021045] Inserting lp event data...
[2023-06-08 03:33:52.090526] Finished lp event data...
[2023-06-08 03:33:52.598658] Inserting snapshots data...
[2023-06-08 03:33:52.620798] Finished snapshots data...
[2023-06-08 03:33:52.620831] Finished pool Curve.fi DAI/USDC/USDT/sUSD.

[2023-06-08 03:33:52.620840] Backfilling pool Curve.fi ETH/frxETH.
[2023-06-08 03:33:52.620848] Pools Curve.fi ETH/frxETH was created after the end date. Skipping...

[2023-06-08 03:33:52.620855] Backfilling pool Curve.fi Factory USD Metapool: Liquity.
[2023-06-08 03:33:52.620862] Start time: 2022-01-14 23:55:00
[2023-06-08 03:33:52.620871] End time: 2022-01-29 00:00:04
[2023-06-08 03:37:29.347035] Inserting pool data...
[2023-06-08 03:39:21.329384] Finished pool data...
[2023-06-08 03:39:32.282492] Inserting swap data...
[2023-06-08 03:39:33.533141] Finished swap data...
[2023-06-08 03:39:45.669290] Inserting lp event data...
[2023-06-08 03:39:45.803287] Finished lp event data...
[2023-06-08 03:39:45.910299] Inserting snapshots data...
[2023-06-08 03:39:45.941651] Finished snapshots data...
[2023-06-08 03:39:45.941707] Finished pool Curve.fi Factory USD Metapool: Liquity.

[2023-06-08 03:39:45.941721] Backfilling pool Curve.fi Factory USD Metapool: Binance USD.
[2023-06-08 03:39:45.941732] Start time: 2022-01-14 23:55:00
[2023-06-08 03:39:45.941749] End time: 2022-01-29 00:00:04
[2023-06-08 03:43:32.064838] Inserting pool data...
[2023-06-08 03:45:26.239094] Finished pool data...
[2023-06-08 03:45:37.334114] Inserting swap data...
[2023-06-08 03:45:37.368281] Finished swap data...
[2023-06-08 03:45:49.522413] Inserting lp event data...
[2023-06-08 03:45:49.579040] Finished lp event data...
[2023-06-08 03:45:49.698581] Inserting snapshots data...
[2023-06-08 03:45:49.721928] Finished snapshots data...
[2023-06-08 03:45:49.721963] Finished pool Curve.fi Factory USD Metapool: Binance USD.

[2023-06-08 03:45:49.721972] Backfilling pool Curve.fi Factory Plain Pool: stETH concentrated.
[2023-06-08 03:45:49.721980] Pools Curve.fi Factory Plain Pool: stETH concentrated was created after the end date. Skipping...

[2023-06-08 03:45:49.721987] Backfilling pool Curve.fi Factory Crypto Pool: cbETH/ETH.
[2023-06-08 03:45:49.721994] Pools Curve.fi Factory Crypto Pool: cbETH/ETH was created after the end date. Skipping...

[2023-06-08 03:45:49.722000] Backfilling pool Curve.fi Factory Plain Pool: cvxCrv/Crv.
[2023-06-08 03:45:49.722007] Pools Curve.fi Factory Plain Pool: cvxCrv/Crv was created after the end date. Skipping...

[2023-06-08 03:45:49.722017] Backfilling token LUSD OHLCV using chainlink.
Found the closest round: 18446744073709551846, at 2022-01-14 16:04:45.
Number of iterations: 13
[2023-06-08 03:46:04.827559] Inserting OHLCV.
[2023-06-08 03:46:04.875638] Backfilling token FRAX OHLCV using chainlink.
Found the closest round: 18446744073709551853, at 2022-01-14 05:27:39.
Number of iterations: 14
[2023-06-08 03:46:20.063846] Inserting OHLCV.
[2023-06-08 03:46:20.093814] Backfilling token MIM OHLCV using ccxt.
Using Bitfinex for MIM/USD.

[2023-06-08 03:46:25.107814] Inserting OHLCV.
[2023-06-08 03:46:26.543721] Backfilling token USDC OHLCV using ccxt.
Using Binance US for USDC/USD.

[2023-06-08 03:46:30.134250] Inserting OHLCV.
[2023-06-08 03:46:45.620276] Backfilling token stETH OHLCV using chainlink.
Found the closest round: 18446744073709555590, at 2022-01-14 23:08:46.
Number of iterations: 14
[2023-06-08 03:47:14.407930] Inserting OHLCV.
[2023-06-08 03:47:14.878914] cbETH only indexed from 1661444040 (2022 12:14:00 PM GMT-04:00 DST). Skipping...
[2023-06-08 03:47:14.879081] Backfilling token ETH OHLCV using ccxt.
Using Binance US for ETH/USD.

[2023-06-08 03:47:18.277276] Inserting OHLCV.
[2023-06-08 03:47:33.575307] Backfilling token DAI OHLCV using ccxt.
Using Binance US for DAI/USD.

[2023-06-08 03:47:36.959166] Inserting OHLCV.
[2023-06-08 03:47:52.369148] Backfilling token BUSD OHLCV using chainlink.
Found the closest round: 18446744073709551898, at 2022-01-14 06:39:42.
Number of iterations: 10
[2023-06-08 03:48:03.398914] Inserting OHLCV.
[2023-06-08 03:48:03.421864] Backfilling token sUSD OHLCV using chainlink.
Found the closest round: 18446744073709552324, at 2022-01-14 05:04:38.
Number of iterations: 11
[2023-06-08 03:48:16.128317] Inserting OHLCV.
[2023-06-08 03:48:16.171855] WETH assumed to be = ETH. Skipping...

[2023-06-08 03:48:16.171893] Backfilling token cvxCRV OHLCV using curveswaps.
[2023-06-08 03:48:16.184013] Inserting OHLCV.
[2023-06-08 03:48:16.184185] No price data for token cvxCRV at this time.

[2023-06-08 03:48:16.184212] Backfilling token USDT OHLCV using ccxt.
Using Binance US for USDT/USD.

[2023-06-08 03:48:19.591241] Inserting OHLCV.
[2023-06-08 03:48:34.777429] Backfilling token USDN OHLCV using chainlink.
Found the closest round: 91, at 2022-01-14 00:19:49.
Number of iterations: 9
[2023-06-08 03:48:45.290833] Inserting OHLCV.
[2023-06-08 03:48:45.316088] Backfilling token frxETH OHLCV using curveswaps.
[2023-06-08 03:48:45.322525] Inserting OHLCV.
[2023-06-08 03:48:45.322567] No price data for token frxETH at this time.

[2023-06-08 03:48:45.322578] Backfilling token UST OHLCV using ccxt.
Using Coinbase Pro for UST/USD.

[2023-06-08 03:49:02.863622] Inserting OHLCV.
[2023-06-08 03:49:12.062397] 3Crv uses pool virtual price. Skipping...

[2023-06-08 03:49:12.062448] Backfilling token CRV OHLCV using ccxt.
Using Binance US for CRV/USD.

[2023-06-08 03:49:15.579669] Inserting OHLCV.
[2023-06-08 03:49:30.913818] Done :)
