
[2023-06-08 11:03:27.961751] Starting backfilling process.

[2023-06-08 11:03:28.980606] Backfilling pool Curve.fi ETH/stETH.
[2023-06-08 11:03:28.980628] Start time: 2022-07-01 23:55:03
[2023-06-08 11:03:28.980638] End time: 2022-07-09 00:00:04
[2023-06-08 11:04:23.474160] Inserting pool data...
[2023-06-08 11:05:16.685004] Finished pool data...
[2023-06-08 11:05:22.686771] Inserting swap data...
[2023-06-08 11:05:23.545540] Finished swap data...
[2023-06-08 11:05:30.236396] Inserting lp event data...
[2023-06-08 11:05:30.477373] Finished lp event data...
[2023-06-08 11:05:30.581276] Inserting snapshots data...
[2023-06-08 11:05:30.594130] Finished snapshots data...
[2023-06-08 11:05:30.594150] Finished pool Curve.fi ETH/stETH.

[2023-06-08 11:05:30.594158] Backfilling pool Curve.fi DAI/USDC/USDT.
[2023-06-08 11:05:30.594165] Start time: 2022-07-01 23:55:03
[2023-06-08 11:05:30.594174] End time: 2022-07-09 00:00:04
[2023-06-08 11:06:26.356809] Inserting pool data...
[2023-06-08 11:07:19.212458] Finished pool data...
[2023-06-08 11:07:25.084895] Inserting swap data...
[2023-06-08 11:07:26.685385] Finished swap data...
[2023-06-08 11:07:32.498464] Inserting lp event data...
[2023-06-08 11:07:34.447403] Finished lp event data...
[2023-06-08 11:07:34.613416] Inserting snapshots data...
[2023-06-08 11:07:34.625599] Finished snapshots data...
[2023-06-08 11:07:34.625619] Finished pool Curve.fi DAI/USDC/USDT.

[2023-06-08 11:07:34.625627] Backfilling pool Curve.fi FRAX/USDC.
[2023-06-08 11:07:34.625634] Start time: 2022-07-01 23:55:03
[2023-06-08 11:07:34.625643] End time: 2022-07-09 00:00:04
[2023-06-08 11:08:29.624704] Inserting pool data...
[2023-06-08 11:09:22.232312] Finished pool data...
[2023-06-08 11:09:28.276491] Inserting swap data...
[2023-06-08 11:09:28.380188] Finished swap data...
[2023-06-08 11:09:33.976860] Inserting lp event data...
[2023-06-08 11:09:34.222373] Finished lp event data...
[2023-06-08 11:09:34.334157] Inserting snapshots data...
[2023-06-08 11:09:34.346239] Finished snapshots data...
[2023-06-08 11:09:34.346259] Finished pool Curve.fi FRAX/USDC.

[2023-06-08 11:09:34.346267] Backfilling pool Curve.fi Factory USD Metapool: wormhole v2 UST-3Pool.
[2023-06-08 11:09:34.346273] Start time: 2022-07-01 23:55:03
[2023-06-08 11:09:34.346283] End time: 2022-07-09 00:00:04
[2023-06-08 11:10:28.568671] Inserting pool data...
[2023-06-08 11:11:21.266071] Finished pool data...
[2023-06-08 11:11:27.591546] Inserting swap data...
[2023-06-08 11:11:27.626272] Finished swap data...
[2023-06-08 11:11:33.283460] Inserting lp event data...
[2023-06-08 11:11:33.284867] Finished lp event data...
[2023-06-08 11:11:33.397590] Inserting snapshots data...
[2023-06-08 11:11:33.409932] Finished snapshots data...
[2023-06-08 11:11:33.409952] Finished pool Curve.fi Factory USD Metapool: wormhole v2 UST-3Pool.

[2023-06-08 11:11:33.409960] Backfilling pool Curve.fi USDN/3Crv.
[2023-06-08 11:11:33.409966] Start time: 2022-07-01 23:55:03
[2023-06-08 11:11:33.409975] End time: 2022-07-09 00:00:04
[2023-06-08 11:12:28.849947] Inserting pool data...
[2023-06-08 11:13:22.146199] Finished pool data...
[2023-06-08 11:13:28.450023] Inserting swap data...
[2023-06-08 11:13:28.507042] Finished swap data...
[2023-06-08 11:13:34.163708] Inserting lp event data...
[2023-06-08 11:13:34.209834] Finished lp event data...
[2023-06-08 11:13:34.364063] Inserting snapshots data...
[2023-06-08 11:13:34.375838] Finished snapshots data...
[2023-06-08 11:13:34.375857] Finished pool Curve.fi USDN/3Crv.

[2023-06-08 11:13:34.375866] Backfilling pool Curve.fi Factory USD Metapool: Magic Internet Money 3Pool.
[2023-06-08 11:13:34.375872] Start time: 2022-07-01 23:55:03
[2023-06-08 11:13:34.375881] End time: 2022-07-09 00:00:04
[2023-06-08 11:14:30.869339] Inserting pool data...
[2023-06-08 11:15:24.112529] Finished pool data...
[2023-06-08 11:15:30.128070] Inserting swap data...
[2023-06-08 11:15:30.286233] Finished swap data...
[2023-06-08 11:15:36.256097] Inserting lp event data...
[2023-06-08 11:15:36.346075] Finished lp event data...
[2023-06-08 11:15:36.451928] Inserting snapshots data...
[2023-06-08 11:15:36.463949] Finished snapshots data...
[2023-06-08 11:15:36.463970] Finished pool Curve.fi Factory USD Metapool: Magic Internet Money 3Pool.

[2023-06-08 11:15:36.463977] Backfilling pool Curve.fi DAI/USDC/USDT/sUSD.
[2023-06-08 11:15:36.463984] Start time: 2022-07-01 23:55:03
[2023-06-08 11:15:36.463993] End time: 2022-07-09 00:00:04
[2023-06-08 11:16:31.615445] Inserting pool data...
[2023-06-08 11:17:24.818099] Finished pool data...
[2023-06-08 11:17:31.026694] Inserting swap data...
[2023-06-08 11:17:31.581391] Finished swap data...
[2023-06-08 11:17:37.191996] Inserting lp event data...
[2023-06-08 11:17:37.313404] Finished lp event data...
[2023-06-08 11:17:37.454659] Inserting snapshots data...
[2023-06-08 11:17:37.466718] Finished snapshots data...
[2023-06-08 11:17:37.466737] Finished pool Curve.fi DAI/USDC/USDT/sUSD.

[2023-06-08 11:17:37.466745] Backfilling pool Curve.fi ETH/frxETH.
[2023-06-08 11:17:37.466751] Pools Curve.fi ETH/frxETH was created after the end date. Skipping...

[2023-06-08 11:17:37.466757] Backfilling pool Curve.fi Factory USD Metapool: Liquity.
[2023-06-08 11:17:37.466763] Start time: 2022-07-01 23:55:03
[2023-06-08 11:17:37.466772] End time: 2022-07-09 00:00:04
[2023-06-08 11:18:33.725366] Inserting pool data...
[2023-06-08 11:19:26.961555] Finished pool data...
[2023-06-08 11:19:33.034033] Inserting swap data...
[2023-06-08 11:19:33.199299] Finished swap data...
[2023-06-08 11:19:38.641318] Inserting lp event data...
[2023-06-08 11:19:38.665382] Finished lp event data...
[2023-06-08 11:19:38.759742] Inserting snapshots data...
[2023-06-08 11:19:38.771921] Finished snapshots data...
[2023-06-08 11:19:38.771941] Finished pool Curve.fi Factory USD Metapool: Liquity.

[2023-06-08 11:19:38.771948] Backfilling pool Curve.fi Factory USD Metapool: Binance USD.
[2023-06-08 11:19:38.771954] Start time: 2022-07-01 23:55:03
[2023-06-08 11:19:38.771963] End time: 2022-07-09 00:00:04
[2023-06-08 11:20:35.389060] Inserting pool data...
[2023-06-08 11:21:27.677086] Finished pool data...
[2023-06-08 11:21:33.468407] Inserting swap data...
[2023-06-08 11:21:33.539229] Finished swap data...
[2023-06-08 11:21:39.537389] Inserting lp event data...
[2023-06-08 11:21:39.551453] Finished lp event data...
[2023-06-08 11:21:39.649934] Inserting snapshots data...
[2023-06-08 11:21:39.662110] Finished snapshots data...
[2023-06-08 11:21:39.662130] Finished pool Curve.fi Factory USD Metapool: Binance USD.

[2023-06-08 11:21:39.662138] Backfilling pool Curve.fi Factory Plain Pool: stETH concentrated.
[2023-06-08 11:21:39.662144] Start time: 2022-07-01 23:55:03
[2023-06-08 11:21:39.662153] End time: 2022-07-09 00:00:04
[2023-06-08 11:22:39.047103] Inserting pool data...
[2023-06-08 11:23:32.164017] Finished pool data...
[2023-06-08 11:23:38.496214] Inserting swap data...
[2023-06-08 11:23:38.552338] Finished swap data...
[2023-06-08 11:23:44.391248] Inserting lp event data...
[2023-06-08 11:23:44.415534] Finished lp event data...
[2023-06-08 11:23:45.326683] Inserting snapshots data...
[2023-06-08 11:23:45.339292] Finished snapshots data...
[2023-06-08 11:23:45.339313] Finished pool Curve.fi Factory Plain Pool: stETH concentrated.

[2023-06-08 11:23:45.339320] Backfilling pool Curve.fi Factory Crypto Pool: cbETH/ETH.
[2023-06-08 11:23:45.339327] Pools Curve.fi Factory Crypto Pool: cbETH/ETH was created after the end date. Skipping...

[2023-06-08 11:23:45.339333] Backfilling pool Curve.fi Factory Plain Pool: cvxCrv/Crv.
[2023-06-08 11:23:45.339339] Pools Curve.fi Factory Plain Pool: cvxCrv/Crv was created after the end date. Skipping...

[2023-06-08 11:23:45.339348] Backfilling token LUSD OHLCV using chainlink.
Found the closest round: 18446744073709555147, at 2022-07-01 23:39:57.
Number of iterations: 14
[2023-06-08 11:24:04.979787] Inserting OHLCV.
[2023-06-08 11:24:05.165966] Backfilling token FRAX OHLCV using chainlink.
Found the closest round: 18446744073709555136, at 2022-07-01 23:22:58.
Number of iterations: 14
[2023-06-08 11:24:24.600553] Inserting OHLCV.
[2023-06-08 11:24:24.790476] Backfilling token MIM OHLCV using ccxt.
Using Bitfinex for MIM/USD.

[2023-06-08 11:24:32.835013] Inserting OHLCV.
[2023-06-08 11:24:36.342809] Backfilling token USDC OHLCV using ccxt.
Using Binance US for USDC/USD.

[2023-06-08 11:24:38.763967] Inserting OHLCV.
[2023-06-08 11:24:46.420499] Backfilling token stETH OHLCV using chainlink.
Found the closest round: 18446744073709560531, at 2022-07-01 23:03:18.
Number of iterations: 15
[2023-06-08 11:25:07.642757] Inserting OHLCV.
[2023-06-08 11:25:07.844829] cbETH only indexed from 1661444040 (2022 12:14:00 PM GMT-04:00 DST). Skipping...
[2023-06-08 11:25:07.844855] Backfilling token ETH OHLCV using ccxt.
Using Binance US for ETH/USD.

[2023-06-08 11:25:09.938950] Inserting OHLCV.
[2023-06-08 11:25:17.740177] Backfilling token DAI OHLCV using ccxt.
Using Binance US for DAI/USD.

[2023-06-08 11:25:19.767968] Inserting OHLCV.
[2023-06-08 11:25:27.452605] Backfilling token BUSD OHLCV using chainlink.
Found the closest round: 18446744073709552083, at 2022-07-01 10:15:52.
Number of iterations: 10
[2023-06-08 11:25:38.165192] Inserting OHLCV.
[2023-06-08 11:25:38.180623] Backfilling token sUSD OHLCV using chainlink.
Found the closest round: 18446744073709552706, at 2022-07-01 13:49:04.
Number of iterations: 11
[2023-06-08 11:25:49.896074] Inserting OHLCV.
[2023-06-08 11:25:49.911305] WETH assumed to be = ETH. Skipping...

[2023-06-08 11:25:49.911328] Backfilling token cvxCRV OHLCV using curveswaps.
[2023-06-08 11:25:49.932115] Inserting OHLCV.
[2023-06-08 11:25:49.932155] No price data for token cvxCRV at this time.

[2023-06-08 11:25:49.932166] Backfilling token USDT OHLCV using ccxt.
Using Binance US for USDT/USD.

[2023-06-08 11:25:52.053760] Inserting OHLCV.
[2023-06-08 11:25:59.881953] Backfilling token USDN OHLCV using chainlink.
Found the closest round: 276, at 2022-07-01 02:35:50.
Number of iterations: 9
[2023-06-08 11:26:09.590822] Inserting OHLCV.
[2023-06-08 11:26:09.606179] Backfilling token frxETH OHLCV using curveswaps.
[2023-06-08 11:26:09.622337] Inserting OHLCV.
[2023-06-08 11:26:09.622379] No price data for token frxETH at this time.

[2023-06-08 11:26:09.622387] UST only indexed up to 1653667380 (2022-05-27 12:03:00 PM GMT-04:00 DST). Setting end time to 2022-07-09 00:00:04.
[2023-06-08 11:26:09.622399] Backfilling token UST OHLCV using ccxt.
Using Coinbase Pro for UST/USD.

[2023-06-08 11:26:09.624927] Inserting OHLCV.
[2023-06-08 11:26:09.624939] No price data for token UST at this time.

[2023-06-08 11:26:09.624946] 3Crv uses pool virtual price. Skipping...

[2023-06-08 11:26:09.624954] Backfilling token CRV OHLCV using ccxt.
Using Binance US for CRV/USD.

[2023-06-08 11:26:11.968420] Inserting OHLCV.
[2023-06-08 11:26:19.705433] Done :)
