
[2023-06-08 09:44:44.741926] Starting backfilling process.

[2023-06-08 09:44:45.730368] Backfilling pool Curve.fi ETH/stETH.
[2023-06-08 09:44:45.730401] Start time: 2022-06-03 23:55:07
[2023-06-08 09:44:45.730411] End time: 2022-06-11 00:00:22
[2023-06-08 09:45:33.958402] Inserting pool data...
[2023-06-08 09:46:22.639886] Finished pool data...
[2023-06-08 09:46:27.660131] Inserting swap data...
[2023-06-08 09:46:29.184920] Finished swap data...
[2023-06-08 09:46:34.257576] Inserting lp event data...
[2023-06-08 09:46:34.526070] Finished lp event data...
[2023-06-08 09:46:34.618934] Inserting snapshots data...
[2023-06-08 09:46:34.632147] Finished snapshots data...
[2023-06-08 09:46:34.632167] Finished pool Curve.fi ETH/stETH.

[2023-06-08 09:46:34.632174] Backfilling pool Curve.fi DAI/USDC/USDT.
[2023-06-08 09:46:34.632180] Start time: 2022-06-03 23:55:07
[2023-06-08 09:46:34.632189] End time: 2022-06-11 00:00:22
[2023-06-08 09:47:23.775797] Inserting pool data...
[2023-06-08 09:48:11.974913] Finished pool data...
[2023-06-08 09:48:17.157202] Inserting swap data...
[2023-06-08 09:48:18.054719] Finished swap data...
[2023-06-08 09:48:22.679809] Inserting lp event data...
[2023-06-08 09:48:24.036682] Finished lp event data...
[2023-06-08 09:48:24.137961] Inserting snapshots data...
[2023-06-08 09:48:24.150549] Finished snapshots data...
[2023-06-08 09:48:24.150568] Finished pool Curve.fi DAI/USDC/USDT.

[2023-06-08 09:48:24.150576] Backfilling pool Curve.fi FRAX/USDC.
[2023-06-08 09:48:24.150582] Pools Curve.fi FRAX/USDC was created after the end date. Skipping...

[2023-06-08 09:48:24.150587] Backfilling pool Curve.fi Factory USD Metapool: wormhole v2 UST-3Pool.
[2023-06-08 09:48:24.150593] Start time: 2022-06-03 23:55:07
[2023-06-08 09:48:24.150602] End time: 2022-06-11 00:00:22
[2023-06-08 09:49:12.233514] Inserting pool data...
[2023-06-08 09:50:00.411900] Finished pool data...
[2023-06-08 09:50:05.429683] Inserting swap data...
[2023-06-08 09:50:05.458056] Finished swap data...
[2023-06-08 09:50:10.650475] Inserting lp event data...
[2023-06-08 09:50:10.654765] Finished lp event data...
[2023-06-08 09:50:11.339627] Inserting snapshots data...
[2023-06-08 09:50:11.352861] Finished snapshots data...
[2023-06-08 09:50:11.352880] Finished pool Curve.fi Factory USD Metapool: wormhole v2 UST-3Pool.

[2023-06-08 09:50:11.352888] Backfilling pool Curve.fi USDN/3Crv.
[2023-06-08 09:50:11.352894] Start time: 2022-06-03 23:55:07
[2023-06-08 09:50:11.352903] End time: 2022-06-11 00:00:22
[2023-06-08 09:51:01.105052] Inserting pool data...
[2023-06-08 09:51:50.046065] Finished pool data...
[2023-06-08 09:51:55.640664] Inserting swap data...
[2023-06-08 09:51:55.683499] Finished swap data...
[2023-06-08 09:52:00.581565] Inserting lp event data...
[2023-06-08 09:52:00.653304] Finished lp event data...
[2023-06-08 09:52:00.767448] Inserting snapshots data...
[2023-06-08 09:52:00.780442] Finished snapshots data...
[2023-06-08 09:52:00.780461] Finished pool Curve.fi USDN/3Crv.

[2023-06-08 09:52:00.780469] Backfilling pool Curve.fi Factory USD Metapool: Magic Internet Money 3Pool.
[2023-06-08 09:52:00.780476] Start time: 2022-06-03 23:55:07
[2023-06-08 09:52:00.780485] End time: 2022-06-11 00:00:22
[2023-06-08 09:52:48.211078] Inserting pool data...
[2023-06-08 09:53:36.745835] Finished pool data...
[2023-06-08 09:53:42.553150] Inserting swap data...
[2023-06-08 09:53:42.663711] Finished swap data...
[2023-06-08 09:53:47.916146] Inserting lp event data...
[2023-06-08 09:53:47.963017] Finished lp event data...
[2023-06-08 09:53:48.265439] Inserting snapshots data...
[2023-06-08 09:53:48.279552] Finished snapshots data...
[2023-06-08 09:53:48.279572] Finished pool Curve.fi Factory USD Metapool: Magic Internet Money 3Pool.

[2023-06-08 09:53:48.279580] Backfilling pool Curve.fi DAI/USDC/USDT/sUSD.
[2023-06-08 09:53:48.279587] Start time: 2022-06-03 23:55:07
[2023-06-08 09:53:48.279596] End time: 2022-06-11 00:00:22
[2023-06-08 09:54:38.931854] Inserting pool data...
[2023-06-08 09:55:28.073271] Finished pool data...
[2023-06-08 09:55:33.088382] Inserting swap data...
[2023-06-08 09:55:33.480514] Finished swap data...
[2023-06-08 09:55:38.486903] Inserting lp event data...
[2023-06-08 09:55:38.523696] Finished lp event data...
[2023-06-08 09:55:38.641271] Inserting snapshots data...
[2023-06-08 09:55:38.653538] Finished snapshots data...
[2023-06-08 09:55:38.653557] Finished pool Curve.fi DAI/USDC/USDT/sUSD.

[2023-06-08 09:55:38.653565] Backfilling pool Curve.fi ETH/frxETH.
[2023-06-08 09:55:38.653571] Pools Curve.fi ETH/frxETH was created after the end date. Skipping...

[2023-06-08 09:55:38.653577] Backfilling pool Curve.fi Factory USD Metapool: Liquity.
[2023-06-08 09:55:38.653583] Start time: 2022-06-03 23:55:07
[2023-06-08 09:55:38.653592] End time: 2022-06-11 00:00:22
[2023-06-08 09:56:28.126258] Inserting pool data...
[2023-06-08 09:57:16.650154] Finished pool data...
[2023-06-08 09:57:22.102576] Inserting swap data...
[2023-06-08 09:57:22.231289] Finished swap data...
[2023-06-08 09:57:27.274939] Inserting lp event data...
[2023-06-08 09:57:27.289989] Finished lp event data...
[2023-06-08 09:57:27.381998] Inserting snapshots data...
[2023-06-08 09:57:27.394453] Finished snapshots data...
[2023-06-08 09:57:27.394488] Finished pool Curve.fi Factory USD Metapool: Liquity.

[2023-06-08 09:57:27.394503] Backfilling pool Curve.fi Factory USD Metapool: Binance USD.
[2023-06-08 09:57:27.394515] Start time: 2022-06-03 23:55:07
[2023-06-08 09:57:27.394532] End time: 2022-06-11 00:00:22
[2023-06-08 09:58:16.429624] Inserting pool data...
[2023-06-08 09:59:05.073243] Finished pool data...
[2023-06-08 09:59:10.151469] Inserting swap data...
[2023-06-08 09:59:10.176606] Finished swap data...
[2023-06-08 09:59:15.299057] Inserting lp event data...
[2023-06-08 09:59:15.321381] Finished lp event data...
[2023-06-08 09:59:15.422255] Inserting snapshots data...
[2023-06-08 09:59:15.434462] Finished snapshots data...
[2023-06-08 09:59:15.434481] Finished pool Curve.fi Factory USD Metapool: Binance USD.

[2023-06-08 09:59:15.434488] Backfilling pool Curve.fi Factory Plain Pool: stETH concentrated.
[2023-06-08 09:59:15.434495] Start time: 2022-06-03 23:55:07
[2023-06-08 09:59:15.434504] End time: 2022-06-11 00:00:22
[2023-06-08 10:00:04.505918] Inserting pool data...
[2023-06-08 10:00:53.214497] Finished pool data...
[2023-06-08 10:00:58.114479] Inserting swap data...
[2023-06-08 10:00:58.278068] Finished swap data...
[2023-06-08 10:01:04.803418] Inserting lp event data...
[2023-06-08 10:01:04.882951] Finished lp event data...
[2023-06-08 10:01:04.991829] Inserting snapshots data...
[2023-06-08 10:01:05.003799] Finished snapshots data...
[2023-06-08 10:01:05.003817] Finished pool Curve.fi Factory Plain Pool: stETH concentrated.

[2023-06-08 10:01:05.003825] Backfilling pool Curve.fi Factory Crypto Pool: cbETH/ETH.
[2023-06-08 10:01:05.003831] Pools Curve.fi Factory Crypto Pool: cbETH/ETH was created after the end date. Skipping...

[2023-06-08 10:01:05.003837] Backfilling pool Curve.fi Factory Plain Pool: cvxCrv/Crv.
[2023-06-08 10:01:05.003843] Pools Curve.fi Factory Plain Pool: cvxCrv/Crv was created after the end date. Skipping...

[2023-06-08 10:01:05.003851] Backfilling token LUSD OHLCV using chainlink.
Found the closest round: 18446744073709554469, at 2022-06-03 23:10:32.
Number of iterations: 14
[2023-06-08 10:01:25.231860] Inserting OHLCV.
[2023-06-08 10:01:25.408783] Backfilling token FRAX OHLCV using chainlink.
Found the closest round: 18446744073709554458, at 2022-06-03 23:51:36.
Number of iterations: 13
[2023-06-08 10:01:44.197542] Inserting OHLCV.
[2023-06-08 10:01:44.375007] Backfilling token MIM OHLCV using ccxt.
Using Bitfinex for MIM/USD.

[2023-06-08 10:01:52.318024] Inserting OHLCV.
[2023-06-08 10:01:55.941425] Backfilling token USDC OHLCV using ccxt.
Using Binance US for USDC/USD.

[2023-06-08 10:01:58.144085] Inserting OHLCV.
[2023-06-08 10:02:05.895092] Backfilling token stETH OHLCV using chainlink.
Found the closest round: 18446744073709559537, at 2022-06-03 22:56:35.
Number of iterations: 15
[2023-06-08 10:02:27.436786] Inserting OHLCV.
[2023-06-08 10:02:27.634294] cbETH only indexed from 1661444040 (2022 12:14:00 PM GMT-04:00 DST). Skipping...
[2023-06-08 10:02:27.634335] Backfilling token ETH OHLCV using ccxt.
Using Binance US for ETH/USD.

[2023-06-08 10:02:29.691549] Inserting OHLCV.
[2023-06-08 10:02:37.462823] Backfilling token DAI OHLCV using ccxt.
Using Binance US for DAI/USD.

[2023-06-08 10:02:39.554382] Inserting OHLCV.
[2023-06-08 10:02:47.419682] Backfilling token BUSD OHLCV using chainlink.
Found the closest round: 18446744073709552054, at 2022-06-03 10:01:33.
Number of iterations: 10
[2023-06-08 10:02:58.133008] Inserting OHLCV.
[2023-06-08 10:02:58.148571] Backfilling token sUSD OHLCV using chainlink.
Found the closest round: 18446744073709552633, at 2022-06-03 19:12:03.
Number of iterations: 11
[2023-06-08 10:03:10.042857] Inserting OHLCV.
[2023-06-08 10:03:10.063333] WETH assumed to be = ETH. Skipping...

[2023-06-08 10:03:10.063357] Backfilling token cvxCRV OHLCV using curveswaps.
[2023-06-08 10:03:10.088077] Inserting OHLCV.
[2023-06-08 10:03:10.088102] No price data for token cvxCRV at this time.

[2023-06-08 10:03:10.088111] Backfilling token USDT OHLCV using ccxt.
Using Binance US for USDT/USD.

[2023-06-08 10:03:12.359215] Inserting OHLCV.
[2023-06-08 10:03:20.126286] Backfilling token USDN OHLCV using chainlink.
Found the closest round: 245, at 2022-06-03 10:12:21.
Number of iterations: 9
[2023-06-08 10:03:29.885050] Inserting OHLCV.
[2023-06-08 10:03:29.904783] Backfilling token frxETH OHLCV using curveswaps.
[2023-06-08 10:03:29.922816] Inserting OHLCV.
[2023-06-08 10:03:29.922837] No price data for token frxETH at this time.

[2023-06-08 10:03:29.922846] UST only indexed up to 1653667380 (2022-05-27 12:03:00 PM GMT-04:00 DST). Setting end time to 2022-06-11 00:00:22.
[2023-06-08 10:03:29.922856] Backfilling token UST OHLCV using ccxt.
Using Coinbase Pro for UST/USD.

[2023-06-08 10:03:29.925282] Inserting OHLCV.
[2023-06-08 10:03:29.925294] No price data for token UST at this time.

[2023-06-08 10:03:29.925301] 3Crv uses pool virtual price. Skipping...

[2023-06-08 10:03:29.925309] Backfilling token CRV OHLCV using ccxt.
Using Binance US for CRV/USD.

[2023-06-08 10:03:32.030764] Inserting OHLCV.
[2023-06-08 10:03:39.796170] Done :)
