
[2023-06-08 15:59:43.982492] Starting backfilling process.

[2023-06-08 15:59:45.175008] Backfilling pool Curve.fi ETH/stETH.
[2023-06-08 15:59:45.175056] Start time: 2022-09-23 23:55:11
[2023-06-08 15:59:45.175081] End time: 2022-10-01 00:00:11
[2023-06-08 16:00:47.990356] Inserting pool data...
[2023-06-08 16:01:56.046779] Finished pool data...
[2023-06-08 16:02:02.899654] Inserting swap data...
[2023-06-08 16:02:04.214637] Finished swap data...
[2023-06-08 16:02:10.732247] Inserting lp event data...
[2023-06-08 16:02:11.287088] Finished lp event data...
[2023-06-08 16:02:11.408499] Inserting snapshots data...
[2023-06-08 16:02:11.431286] Finished snapshots data...
[2023-06-08 16:02:11.431485] Finished pool Curve.fi ETH/stETH.

[2023-06-08 16:02:11.431584] Backfilling pool Curve.fi DAI/USDC/USDT.
[2023-06-08 16:02:11.431680] Start time: 2022-09-23 23:55:11
[2023-06-08 16:02:11.431779] End time: 2022-10-01 00:00:11
[2023-06-08 16:03:14.191487] Inserting pool data...
[2023-06-08 16:04:19.412131] Finished pool data...
[2023-06-08 16:04:26.525347] Inserting swap data...
[2023-06-08 16:04:27.887544] Finished swap data...
[2023-06-08 16:04:34.189524] Inserting lp event data...
[2023-06-08 16:04:36.128465] Finished lp event data...
[2023-06-08 16:04:36.369059] Inserting snapshots data...
[2023-06-08 16:04:36.383218] Finished snapshots data...
[2023-06-08 16:04:36.383268] Finished pool Curve.fi DAI/USDC/USDT.

[2023-06-08 16:04:36.383277] Backfilling pool Curve.fi FRAX/USDC.
[2023-06-08 16:04:36.383284] Start time: 2022-09-23 23:55:11
[2023-06-08 16:04:36.383295] End time: 2022-10-01 00:00:11
[2023-06-08 16:05:38.414774] Inserting pool data...
[2023-06-08 16:06:44.392791] Finished pool data...
[2023-06-08 16:06:51.100470] Inserting swap data...
[2023-06-08 16:06:51.190331] Finished swap data...
[2023-06-08 16:06:57.334360] Inserting lp event data...
[2023-06-08 16:06:57.895555] Finished lp event data...
[2023-06-08 16:06:58.016885] Inserting snapshots data...
[2023-06-08 16:06:58.030262] Finished snapshots data...
[2023-06-08 16:06:58.030448] Finished pool Curve.fi FRAX/USDC.

[2023-06-08 16:06:58.030546] Backfilling pool Curve.fi Factory USD Metapool: wormhole v2 UST-3Pool.
[2023-06-08 16:06:58.030642] Start time: 2022-09-23 23:55:11
[2023-06-08 16:06:58.030740] End time: 2022-10-01 00:00:11
[2023-06-08 16:08:02.116424] Inserting pool data...
[2023-06-08 16:09:07.235518] Finished pool data...
[2023-06-08 16:09:13.672135] Inserting swap data...
[2023-06-08 16:09:13.703185] Finished swap data...
[2023-06-08 16:09:19.977643] Inserting lp event data...
[2023-06-08 16:09:19.979458] Finished lp event data...
[2023-06-08 16:09:21.844392] Inserting snapshots data...
[2023-06-08 16:09:21.858657] Finished snapshots data...
[2023-06-08 16:09:21.858830] Finished pool Curve.fi Factory USD Metapool: wormhole v2 UST-3Pool.

[2023-06-08 16:09:21.858929] Backfilling pool Curve.fi USDN/3Crv.
[2023-06-08 16:09:21.859024] Start time: 2022-09-23 23:55:11
[2023-06-08 16:09:21.859123] End time: 2022-10-01 00:00:11
[2023-06-08 16:10:24.778055] Inserting pool data...
[2023-06-08 16:11:30.520995] Finished pool data...
[2023-06-08 16:11:44.651834] Inserting swap data...
[2023-06-08 16:11:44.748956] Finished swap data...
[2023-06-08 16:11:51.397545] Inserting lp event data...
[2023-06-08 16:11:51.425196] Finished lp event data...
[2023-06-08 16:11:52.118642] Inserting snapshots data...
[2023-06-08 16:11:52.134628] Finished snapshots data...
[2023-06-08 16:11:52.134672] Finished pool Curve.fi USDN/3Crv.

[2023-06-08 16:11:52.134682] Backfilling pool Curve.fi Factory USD Metapool: Magic Internet Money 3Pool.
[2023-06-08 16:11:52.134690] Start time: 2022-09-23 23:55:11
[2023-06-08 16:11:52.134700] End time: 2022-10-01 00:00:11
[2023-06-08 16:12:55.232353] Inserting pool data...
[2023-06-08 16:14:01.970799] Finished pool data...
[2023-06-08 16:14:08.797823] Inserting swap data...
[2023-06-08 16:14:08.950472] Finished swap data...
[2023-06-08 16:14:15.460037] Inserting lp event data...
[2023-06-08 16:14:15.529458] Finished lp event data...
[2023-06-08 16:14:15.703030] Inserting snapshots data...
[2023-06-08 16:14:15.718365] Finished snapshots data...
[2023-06-08 16:14:15.718598] Finished pool Curve.fi Factory USD Metapool: Magic Internet Money 3Pool.

[2023-06-08 16:14:15.718768] Backfilling pool Curve.fi DAI/USDC/USDT/sUSD.
[2023-06-08 16:14:15.718930] Start time: 2022-09-23 23:55:11
[2023-06-08 16:14:15.719090] End time: 2022-10-01 00:00:11
[2023-06-08 16:15:17.860006] Inserting pool data...
[2023-06-08 16:16:25.045354] Finished pool data...
[2023-06-08 16:16:31.555983] Inserting swap data...
[2023-06-08 16:16:31.747015] Finished swap data...
[2023-06-08 16:16:38.377546] Inserting lp event data...
[2023-06-08 16:16:38.429808] Finished lp event data...
[2023-06-08 16:16:38.879059] Inserting snapshots data...
[2023-06-08 16:16:38.895118] Finished snapshots data...
[2023-06-08 16:16:38.895235] Finished pool Curve.fi DAI/USDC/USDT/sUSD.

[2023-06-08 16:16:38.895247] Backfilling pool Curve.fi ETH/frxETH.
[2023-06-08 16:16:38.895254] Pools Curve.fi ETH/frxETH was created after the end date. Skipping...

[2023-06-08 16:16:38.895261] Backfilling pool Curve.fi Factory USD Metapool: Liquity.
[2023-06-08 16:16:38.895268] Start time: 2022-09-23 23:55:11
[2023-06-08 16:16:38.895278] End time: 2022-10-01 00:00:11
[2023-06-08 16:17:41.338320] Inserting pool data...
[2023-06-08 16:18:46.457752] Finished pool data...
[2023-06-08 16:18:54.009756] Inserting swap data...
[2023-06-08 16:18:54.480804] Finished swap data...
[2023-06-08 16:19:00.710803] Inserting lp event data...
[2023-06-08 16:19:00.734520] Finished lp event data...
[2023-06-08 16:19:01.830342] Inserting snapshots data...
[2023-06-08 16:19:01.843060] Finished snapshots data...
[2023-06-08 16:19:01.843097] Finished pool Curve.fi Factory USD Metapool: Liquity.

[2023-06-08 16:19:01.843106] Backfilling pool Curve.fi Factory USD Metapool: Binance USD.
[2023-06-08 16:19:01.843113] Start time: 2022-09-23 23:55:11
[2023-06-08 16:19:01.843123] End time: 2022-10-01 00:00:11
[2023-06-08 16:20:03.053121] Inserting pool data...
[2023-06-08 16:21:08.893416] Finished pool data...
[2023-06-08 16:21:15.300584] Inserting swap data...
[2023-06-08 16:21:15.379531] Finished swap data...
[2023-06-08 16:21:21.911085] Inserting lp event data...
[2023-06-08 16:21:21.926378] Finished lp event data...
[2023-06-08 16:21:22.068959] Inserting snapshots data...
[2023-06-08 16:21:22.081721] Finished snapshots data...
[2023-06-08 16:21:22.081870] Finished pool Curve.fi Factory USD Metapool: Binance USD.

[2023-06-08 16:21:22.081968] Backfilling pool Curve.fi Factory Plain Pool: stETH concentrated.
[2023-06-08 16:21:22.082063] Start time: 2022-09-23 23:55:11
[2023-06-08 16:21:22.082161] End time: 2022-10-01 00:00:11
[2023-06-08 16:22:23.380464] Inserting pool data...
[2023-06-08 16:23:29.171586] Finished pool data...
[2023-06-08 16:23:36.385992] Inserting swap data...
[2023-06-08 16:23:36.476065] Finished swap data...
[2023-06-08 16:23:42.639030] Inserting lp event data...
[2023-06-08 16:23:42.643896] Finished lp event data...
[2023-06-08 16:23:42.776827] Inserting snapshots data...
[2023-06-08 16:23:42.789866] Finished snapshots data...
[2023-06-08 16:23:42.790015] Finished pool Curve.fi Factory Plain Pool: stETH concentrated.

[2023-06-08 16:23:42.790113] Backfilling pool Curve.fi Factory Crypto Pool: cbETH/ETH.
[2023-06-08 16:23:42.790212] Start time: 2022-09-23 23:55:11
[2023-06-08 16:23:42.790309] End time: 2022-10-01 00:00:11
[2023-06-08 16:24:46.138192] Inserting pool data...
[2023-06-08 16:25:51.873595] Finished pool data...
[2023-06-08 16:25:58.120306] Inserting swap data...
[2023-06-08 16:25:58.131442] Finished swap data...
[2023-06-08 16:26:04.690902] Inserting lp event data...
[2023-06-08 16:26:04.702237] Finished lp event data...
[2023-06-08 16:26:04.842163] Inserting snapshots data...
[2023-06-08 16:26:04.865513] Finished snapshots data...
[2023-06-08 16:26:04.865547] Finished pool Curve.fi Factory Crypto Pool: cbETH/ETH.

[2023-06-08 16:26:04.865556] Backfilling pool Curve.fi Factory Plain Pool: cvxCrv/Crv.
[2023-06-08 16:26:04.865564] Pools Curve.fi Factory Plain Pool: cvxCrv/Crv was created after the end date. Skipping...

[2023-06-08 16:26:04.865582] Backfilling token LUSD OHLCV using chainlink.
Found the closest round: 18446744073709557183, at 2022-09-23 23:06:35.
Number of iterations: 14
[2023-06-08 16:26:24.589874] Inserting OHLCV.
[2023-06-08 16:26:24.774334] Backfilling token FRAX OHLCV using chainlink.
Found the closest round: 18446744073709557173, at 2022-09-23 23:32:11.
Number of iterations: 14
[2023-06-08 16:26:44.187971] Inserting OHLCV.
[2023-06-08 16:26:44.388120] Backfilling token MIM OHLCV using ccxt.
Using Bitfinex for MIM/USD.

[2023-06-08 16:26:50.836456] Inserting OHLCV.
[2023-06-08 16:26:53.410986] Backfilling token USDC OHLCV using ccxt.
Using Binance US for USDC/USD.

[2023-06-08 16:26:55.624459] Inserting OHLCV.
[2023-06-08 16:27:04.273972] Backfilling token stETH OHLCV using chainlink.
Found the closest round: 18446744073709562907, at 2022-09-23 23:35:47.
Number of iterations: 14
[2023-06-08 16:27:24.400009] Inserting OHLCV.
[2023-06-08 16:27:24.612163] Backfilling token cbETH OHLCV using ccxt.
Using Coinbase Pro for CBETH/USD.

[2023-06-08 16:27:34.204335] Inserting OHLCV.
[2023-06-08 16:27:40.814677] Backfilling token ETH OHLCV using ccxt.
Using Binance US for ETH/USD.

[2023-06-08 16:27:42.992060] Inserting OHLCV.
[2023-06-08 16:27:51.189821] Backfilling token DAI OHLCV using ccxt.
Using Binance US for DAI/USD.

[2023-06-08 16:27:53.251383] Inserting OHLCV.
[2023-06-08 16:28:02.176103] Backfilling token BUSD OHLCV using chainlink.
Found the closest round: 18446744073709552167, at 2022-09-23 10:33:11.
Number of iterations: 10
[2023-06-08 16:28:12.925807] Inserting OHLCV.
[2023-06-08 16:28:12.941893] Backfilling token sUSD OHLCV using chainlink.
Found the closest round: 18446744073709552931, at 2022-09-23 21:35:47.
Number of iterations: 11
[2023-06-08 16:28:24.925094] Inserting OHLCV.
[2023-06-08 16:28:24.953215] WETH assumed to be = ETH. Skipping...

[2023-06-08 16:28:24.953255] Backfilling token cvxCRV OHLCV using curveswaps.
[2023-06-08 16:28:24.987505] Inserting OHLCV.
[2023-06-08 16:28:24.987554] No price data for token cvxCRV at this time.

[2023-06-08 16:28:24.987566] Backfilling token USDT OHLCV using ccxt.
Using Binance US for USDT/USD.

[2023-06-08 16:28:27.128334] Inserting OHLCV.
[2023-06-08 16:28:36.165178] Backfilling token USDN OHLCV using chainlink.
Found the closest round: 367, at 2022-09-23 03:23:11.
Number of iterations: 9
[2023-06-08 16:28:45.980088] Inserting OHLCV.
[2023-06-08 16:28:46.002780] Backfilling token frxETH OHLCV using curveswaps.
[2023-06-08 16:28:46.025210] Inserting OHLCV.
[2023-06-08 16:28:46.025390] No price data for token frxETH at this time.

[2023-06-08 16:28:46.025506] UST only indexed up to 1653667380 (2022-05-27 12:03:00 PM GMT-04:00 DST). Setting end time to 2022-10-01 00:00:11.
[2023-06-08 16:28:46.025535] Backfilling token UST OHLCV using ccxt.
Using Coinbase Pro for UST/USD.

[2023-06-08 16:28:46.029532] Inserting OHLCV.
[2023-06-08 16:28:46.029567] No price data for token UST at this time.

[2023-06-08 16:28:46.029581] 3Crv uses pool virtual price. Skipping...

[2023-06-08 16:28:46.029595] Backfilling token CRV OHLCV using ccxt.
Using Binance US for CRV/USD.

[2023-06-08 16:28:48.458885] Inserting OHLCV.
[2023-06-08 16:28:57.587980] Done :)
