
[2023-06-08 10:03:41.554573] Starting backfilling process.

[2023-06-08 10:03:42.543063] Backfilling pool Curve.fi ETH/stETH.
[2023-06-08 10:03:42.543096] Start time: 2022-06-10 23:55:24
[2023-06-08 10:03:42.543105] End time: 2022-06-18 00:00:05
[2023-06-08 10:04:29.013063] Inserting pool data...
[2023-06-08 10:05:16.573598] Finished pool data...
[2023-06-08 10:05:21.629179] Inserting swap data...
[2023-06-08 10:05:25.392029] Finished swap data...
[2023-06-08 10:05:30.362188] Inserting lp event data...
[2023-06-08 10:05:30.729258] Finished lp event data...
[2023-06-08 10:05:30.822107] Inserting snapshots data...
[2023-06-08 10:05:30.835769] Finished snapshots data...
[2023-06-08 10:05:30.835791] Finished pool Curve.fi ETH/stETH.

[2023-06-08 10:05:30.835799] Backfilling pool Curve.fi DAI/USDC/USDT.
[2023-06-08 10:05:30.835805] Start time: 2022-06-10 23:55:24
[2023-06-08 10:05:30.835814] End time: 2022-06-18 00:00:05
[2023-06-08 10:06:20.300371] Inserting pool data...
[2023-06-08 10:07:08.297179] Finished pool data...
[2023-06-08 10:07:13.321158] Inserting swap data...
[2023-06-08 10:07:16.546319] Finished swap data...
[2023-06-08 10:07:21.227202] Inserting lp event data...
[2023-06-08 10:07:25.701106] Finished lp event data...
[2023-06-08 10:07:25.823946] Inserting snapshots data...
[2023-06-08 10:07:25.841191] Finished snapshots data...
[2023-06-08 10:07:25.841213] Finished pool Curve.fi DAI/USDC/USDT.

[2023-06-08 10:07:25.841221] Backfilling pool Curve.fi FRAX/USDC.
[2023-06-08 10:07:25.841228] Start time: 2022-06-15 13:08:03
[2023-06-08 10:07:25.841237] End time: 2022-06-18 00:00:05
[2023-06-08 10:07:43.213465] Inserting pool data...
[2023-06-08 10:08:00.121368] Finished pool data...
[2023-06-08 10:08:02.250574] Inserting swap data...
[2023-06-08 10:08:02.262524] Finished swap data...
[2023-06-08 10:08:04.212053] Inserting lp event data...
[2023-06-08 10:08:04.213834] Finished lp event data...
[2023-06-08 10:08:04.312119] Inserting snapshots data...
[2023-06-08 10:08:04.318721] Finished snapshots data...
[2023-06-08 10:08:04.318739] Finished pool Curve.fi FRAX/USDC.

[2023-06-08 10:08:04.318747] Backfilling pool Curve.fi Factory USD Metapool: wormhole v2 UST-3Pool.
[2023-06-08 10:08:04.318753] Start time: 2022-06-10 23:55:24
[2023-06-08 10:08:04.318762] End time: 2022-06-18 00:00:05
[2023-06-08 10:08:52.260274] Inserting pool data...
[2023-06-08 10:09:39.951357] Finished pool data...
[2023-06-08 10:09:45.945074] Inserting swap data...
[2023-06-08 10:09:45.983586] Finished swap data...
[2023-06-08 10:09:50.787190] Inserting lp event data...
[2023-06-08 10:09:50.791976] Finished lp event data...
[2023-06-08 10:09:50.905892] Inserting snapshots data...
[2023-06-08 10:09:50.917875] Finished snapshots data...
[2023-06-08 10:09:50.917895] Finished pool Curve.fi Factory USD Metapool: wormhole v2 UST-3Pool.

[2023-06-08 10:09:50.917903] Backfilling pool Curve.fi USDN/3Crv.
[2023-06-08 10:09:50.917910] Start time: 2022-06-10 23:55:24
[2023-06-08 10:09:50.917918] End time: 2022-06-18 00:00:05
[2023-06-08 10:10:39.934145] Inserting pool data...
[2023-06-08 10:11:27.719686] Finished pool data...
[2023-06-08 10:11:33.534547] Inserting swap data...
[2023-06-08 10:11:33.789351] Finished swap data...
[2023-06-08 10:11:38.958324] Inserting lp event data...
[2023-06-08 10:11:39.041644] Finished lp event data...
[2023-06-08 10:11:39.157273] Inserting snapshots data...
[2023-06-08 10:11:39.169295] Finished snapshots data...
[2023-06-08 10:11:39.169315] Finished pool Curve.fi USDN/3Crv.

[2023-06-08 10:11:39.169322] Backfilling pool Curve.fi Factory USD Metapool: Magic Internet Money 3Pool.
[2023-06-08 10:11:39.169329] Start time: 2022-06-10 23:55:24
[2023-06-08 10:11:39.169338] End time: 2022-06-18 00:00:05
[2023-06-08 10:12:27.797428] Inserting pool data...
[2023-06-08 10:13:15.938237] Finished pool data...
[2023-06-08 10:13:21.415922] Inserting swap data...
[2023-06-08 10:13:22.291858] Finished swap data...
[2023-06-08 10:13:27.783764] Inserting lp event data...
[2023-06-08 10:13:27.903085] Finished lp event data...
[2023-06-08 10:13:28.308785] Inserting snapshots data...
[2023-06-08 10:13:28.320968] Finished snapshots data...
[2023-06-08 10:13:28.320988] Finished pool Curve.fi Factory USD Metapool: Magic Internet Money 3Pool.

[2023-06-08 10:13:28.320996] Backfilling pool Curve.fi DAI/USDC/USDT/sUSD.
[2023-06-08 10:13:28.321002] Start time: 2022-06-10 23:55:24
[2023-06-08 10:13:28.321011] End time: 2022-06-18 00:00:05
[2023-06-08 10:14:20.077622] Inserting pool data...
[2023-06-08 10:15:08.387899] Finished pool data...
[2023-06-08 10:15:13.472495] Inserting swap data...
[2023-06-08 10:15:14.316322] Finished swap data...
[2023-06-08 10:15:18.934040] Inserting lp event data...
[2023-06-08 10:15:19.040080] Finished lp event data...
[2023-06-08 10:15:19.159348] Inserting snapshots data...
[2023-06-08 10:15:19.171644] Finished snapshots data...
[2023-06-08 10:15:19.171663] Finished pool Curve.fi DAI/USDC/USDT/sUSD.

[2023-06-08 10:15:19.171670] Backfilling pool Curve.fi ETH/frxETH.
[2023-06-08 10:15:19.171677] Pools Curve.fi ETH/frxETH was created after the end date. Skipping...

[2023-06-08 10:15:19.171683] Backfilling pool Curve.fi Factory USD Metapool: Liquity.
[2023-06-08 10:15:19.171689] Start time: 2022-06-10 23:55:24
[2023-06-08 10:15:19.171698] End time: 2022-06-18 00:00:05
[2023-06-08 10:16:09.297999] Inserting pool data...
[2023-06-08 10:16:57.041110] Finished pool data...
[2023-06-08 10:17:02.266736] Inserting swap data...
[2023-06-08 10:17:03.199750] Finished swap data...
[2023-06-08 10:17:08.258903] Inserting lp event data...
[2023-06-08 10:17:08.293271] Finished lp event data...
[2023-06-08 10:17:10.064543] Inserting snapshots data...
[2023-06-08 10:17:10.077169] Finished snapshots data...
[2023-06-08 10:17:10.077189] Finished pool Curve.fi Factory USD Metapool: Liquity.

[2023-06-08 10:17:10.077197] Backfilling pool Curve.fi Factory USD Metapool: Binance USD.
[2023-06-08 10:17:10.077203] Start time: 2022-06-10 23:55:24
[2023-06-08 10:17:10.077212] End time: 2022-06-18 00:00:05
[2023-06-08 10:17:58.129715] Inserting pool data...
[2023-06-08 10:18:46.183023] Finished pool data...
[2023-06-08 10:18:51.146220] Inserting swap data...
[2023-06-08 10:18:51.240054] Finished swap data...
[2023-06-08 10:18:56.452159] Inserting lp event data...
[2023-06-08 10:18:56.500582] Finished lp event data...
[2023-06-08 10:18:56.602507] Inserting snapshots data...
[2023-06-08 10:18:56.615672] Finished snapshots data...
[2023-06-08 10:18:56.615691] Finished pool Curve.fi Factory USD Metapool: Binance USD.

[2023-06-08 10:18:56.615699] Backfilling pool Curve.fi Factory Plain Pool: stETH concentrated.
[2023-06-08 10:18:56.615705] Start time: 2022-06-10 23:55:24
[2023-06-08 10:18:56.615714] End time: 2022-06-18 00:00:05
[2023-06-08 10:19:46.570565] Inserting pool data...
[2023-06-08 10:20:34.226985] Finished pool data...
[2023-06-08 10:20:39.177918] Inserting swap data...
[2023-06-08 10:20:39.579403] Finished swap data...
[2023-06-08 10:20:44.233010] Inserting lp event data...
[2023-06-08 10:20:44.309015] Finished lp event data...
[2023-06-08 10:20:44.403373] Inserting snapshots data...
[2023-06-08 10:20:44.416823] Finished snapshots data...
[2023-06-08 10:20:44.416844] Finished pool Curve.fi Factory Plain Pool: stETH concentrated.

[2023-06-08 10:20:44.416852] Backfilling pool Curve.fi Factory Crypto Pool: cbETH/ETH.
[2023-06-08 10:20:44.416858] Pools Curve.fi Factory Crypto Pool: cbETH/ETH was created after the end date. Skipping...

[2023-06-08 10:20:44.416864] Backfilling pool Curve.fi Factory Plain Pool: cvxCrv/Crv.
[2023-06-08 10:20:44.416870] Pools Curve.fi Factory Plain Pool: cvxCrv/Crv was created after the end date. Skipping...

[2023-06-08 10:20:44.416879] Backfilling token LUSD OHLCV using chainlink.
Found the closest round: 18446744073709554638, at 2022-06-10 23:37:12.
Number of iterations: 13
[2023-06-08 10:21:03.337075] Inserting OHLCV.
[2023-06-08 10:21:03.512519] Backfilling token FRAX OHLCV using chainlink.
Found the closest round: 18446744073709554626, at 2022-06-10 23:20:54.
Number of iterations: 14
[2023-06-08 10:21:23.366808] Inserting OHLCV.
[2023-06-08 10:21:23.541767] Backfilling token MIM OHLCV using ccxt.
Using Bitfinex for MIM/USD.

[2023-06-08 10:21:31.793479] Inserting OHLCV.
[2023-06-08 10:21:35.311304] Backfilling token USDC OHLCV using ccxt.
Using Binance US for USDC/USD.

[2023-06-08 10:21:37.446056] Inserting OHLCV.
[2023-06-08 10:21:45.080231] Backfilling token stETH OHLCV using chainlink.
Found the closest round: 18446744073709559727, at 2022-06-10 23:39:05.
Number of iterations: 15
[2023-06-08 10:22:11.317122] Inserting OHLCV.
[2023-06-08 10:22:11.664587] cbETH only indexed from 1661444040 (2022 12:14:00 PM GMT-04:00 DST). Skipping...
[2023-06-08 10:22:11.664618] Backfilling token ETH OHLCV using ccxt.
Using Binance US for ETH/USD.

[2023-06-08 10:22:13.781529] Inserting OHLCV.
[2023-06-08 10:22:21.654664] Backfilling token DAI OHLCV using ccxt.
Using Binance US for DAI/USD.

[2023-06-08 10:22:23.674114] Inserting OHLCV.
[2023-06-08 10:22:31.414566] Backfilling token BUSD OHLCV using chainlink.
Found the closest round: 18446744073709552061, at 2022-06-10 10:02:03.
Number of iterations: 10
[2023-06-08 10:22:42.204621] Inserting OHLCV.
[2023-06-08 10:22:42.221902] Backfilling token sUSD OHLCV using chainlink.
Found the closest round: 18446744073709552645, at 2022-06-10 22:27:44.
Number of iterations: 11
[2023-06-08 10:22:54.847795] Inserting OHLCV.
[2023-06-08 10:22:54.887749] WETH assumed to be = ETH. Skipping...

[2023-06-08 10:22:54.887774] Backfilling token cvxCRV OHLCV using curveswaps.
[2023-06-08 10:22:54.908493] Inserting OHLCV.
[2023-06-08 10:22:54.908527] No price data for token cvxCRV at this time.

[2023-06-08 10:22:54.908537] Backfilling token USDT OHLCV using ccxt.
Using Binance US for USDT/USD.

[2023-06-08 10:22:57.190235] Inserting OHLCV.
[2023-06-08 10:23:05.127145] Backfilling token USDN OHLCV using chainlink.
Found the closest round: 254, at 2022-06-10 08:23:14.
Number of iterations: 9
[2023-06-08 10:23:14.865152] Inserting OHLCV.
[2023-06-08 10:23:14.880750] Backfilling token frxETH OHLCV using curveswaps.
[2023-06-08 10:23:14.897588] Inserting OHLCV.
[2023-06-08 10:23:14.897629] No price data for token frxETH at this time.

[2023-06-08 10:23:14.897637] UST only indexed up to 1653667380 (2022-05-27 12:03:00 PM GMT-04:00 DST). Setting end time to 2022-06-18 00:00:05.
[2023-06-08 10:23:14.897649] Backfilling token UST OHLCV using ccxt.
Using Coinbase Pro for UST/USD.

[2023-06-08 10:23:14.900139] Inserting OHLCV.
[2023-06-08 10:23:14.900151] No price data for token UST at this time.

[2023-06-08 10:23:14.900158] 3Crv uses pool virtual price. Skipping...

[2023-06-08 10:23:14.900166] Backfilling token CRV OHLCV using ccxt.
Using Binance US for CRV/USD.

[2023-06-08 10:23:17.034991] Inserting OHLCV.
[2023-06-08 10:23:24.849134] Done :)
