
[2023-06-08 04:01:47.609812] Starting backfilling process.

[2023-06-08 04:01:48.354439] Backfilling pool Curve.fi ETH/stETH.
[2023-06-08 04:01:48.354492] Start time: 2022-01-29 00:00:04
[2023-06-08 04:01:48.354503] End time: 2022-02-05 00:00:01
[2023-06-08 04:02:42.041498] Inserting pool data...
[2023-06-08 04:03:34.239173] Finished pool data...
[2023-06-08 04:03:40.172771] Inserting swap data...
[2023-06-08 04:03:40.646228] Finished swap data...
[2023-06-08 04:03:47.658465] Inserting lp event data...
[2023-06-08 04:03:47.778069] Finished lp event data...
[2023-06-08 04:03:48.041351] Inserting snapshots data...
[2023-06-08 04:03:48.053057] Finished snapshots data...
[2023-06-08 04:03:48.053093] Finished pool Curve.fi ETH/stETH.

[2023-06-08 04:03:48.053102] Backfilling pool Curve.fi DAI/USDC/USDT.
[2023-06-08 04:03:48.053109] Start time: 2022-01-29 00:00:04
[2023-06-08 04:03:48.053119] End time: 2022-02-05 00:00:01
[2023-06-08 04:04:41.976715] Inserting pool data...
[2023-06-08 04:05:34.541816] Finished pool data...
[2023-06-08 04:05:40.096725] Inserting swap data...
[2023-06-08 04:05:40.393324] Finished swap data...
[2023-06-08 04:05:45.941131] Inserting lp event data...
[2023-06-08 04:05:48.850918] Finished lp event data...
[2023-06-08 04:05:48.958157] Inserting snapshots data...
[2023-06-08 04:05:48.968905] Finished snapshots data...
[2023-06-08 04:05:48.968938] Finished pool Curve.fi DAI/USDC/USDT.

[2023-06-08 04:05:48.968947] Backfilling pool Curve.fi FRAX/USDC.
[2023-06-08 04:05:48.968955] Pools Curve.fi FRAX/USDC was created after the end date. Skipping...

[2023-06-08 04:05:48.968962] Backfilling pool Curve.fi Factory USD Metapool: wormhole v2 UST-3Pool.
[2023-06-08 04:05:48.968969] Start time: 2022-01-29 00:00:04
[2023-06-08 04:05:48.968979] End time: 2022-02-05 00:00:01
[2023-06-08 04:06:42.461661] Inserting pool data...
[2023-06-08 04:07:36.246697] Finished pool data...
[2023-06-08 04:07:41.982624] Inserting swap data...
[2023-06-08 04:07:42.171363] Finished swap data...
[2023-06-08 04:07:47.716400] Inserting lp event data...
[2023-06-08 04:07:47.931315] Finished lp event data...
[2023-06-08 04:07:49.460997] Inserting snapshots data...
[2023-06-08 04:07:49.473534] Finished snapshots data...
[2023-06-08 04:07:49.473564] Finished pool Curve.fi Factory USD Metapool: wormhole v2 UST-3Pool.

[2023-06-08 04:07:49.473574] Backfilling pool Curve.fi USDN/3Crv.
[2023-06-08 04:07:49.473582] Start time: 2022-01-29 00:00:04
[2023-06-08 04:07:49.473592] End time: 2022-02-05 00:00:01
[2023-06-08 04:08:44.397316] Inserting pool data...
[2023-06-08 04:09:38.511893] Finished pool data...
[2023-06-08 04:09:44.598531] Inserting swap data...
[2023-06-08 04:09:44.668081] Finished swap data...
[2023-06-08 04:09:50.087655] Inserting lp event data...
[2023-06-08 04:09:50.139041] Finished lp event data...
[2023-06-08 04:09:50.240435] Inserting snapshots data...
[2023-06-08 04:09:50.252652] Finished snapshots data...
[2023-06-08 04:09:50.252684] Finished pool Curve.fi USDN/3Crv.

[2023-06-08 04:09:50.252701] Backfilling pool Curve.fi Factory USD Metapool: Magic Internet Money 3Pool.
[2023-06-08 04:09:50.252709] Start time: 2022-01-29 00:00:04
[2023-06-08 04:09:50.252719] End time: 2022-02-05 00:00:01
[2023-06-08 04:10:44.889333] Inserting pool data...
[2023-06-08 04:11:38.944433] Finished pool data...
[2023-06-08 04:11:45.228243] Inserting swap data...
[2023-06-08 04:11:45.948617] Finished swap data...
[2023-06-08 04:11:51.641371] Inserting lp event data...
[2023-06-08 04:11:51.869375] Finished lp event data...
[2023-06-08 04:11:53.068245] Inserting snapshots data...
[2023-06-08 04:11:53.080646] Finished snapshots data...
[2023-06-08 04:11:53.080684] Finished pool Curve.fi Factory USD Metapool: Magic Internet Money 3Pool.

[2023-06-08 04:11:53.080694] Backfilling pool Curve.fi DAI/USDC/USDT/sUSD.
[2023-06-08 04:11:53.080701] Start time: 2022-01-29 00:00:04
[2023-06-08 04:11:53.080712] End time: 2022-02-05 00:00:01
[2023-06-08 04:12:47.700497] Inserting pool data...
[2023-06-08 04:13:42.117229] Finished pool data...
[2023-06-08 04:13:48.211329] Inserting swap data...
[2023-06-08 04:13:48.486183] Finished swap data...
[2023-06-08 04:13:53.860845] Inserting lp event data...
[2023-06-08 04:13:53.887522] Finished lp event data...
[2023-06-08 04:13:53.985895] Inserting snapshots data...
[2023-06-08 04:13:53.997150] Finished snapshots data...
[2023-06-08 04:13:53.997182] Finished pool Curve.fi DAI/USDC/USDT/sUSD.

[2023-06-08 04:13:53.997191] Backfilling pool Curve.fi ETH/frxETH.
[2023-06-08 04:13:53.997199] Pools Curve.fi ETH/frxETH was created after the end date. Skipping...

[2023-06-08 04:13:53.997206] Backfilling pool Curve.fi Factory USD Metapool: Liquity.
[2023-06-08 04:13:53.997213] Start time: 2022-01-29 00:00:04
[2023-06-08 04:13:53.997223] End time: 2022-02-05 00:00:01
[2023-06-08 04:14:49.332155] Inserting pool data...
[2023-06-08 04:15:43.459382] Finished pool data...
[2023-06-08 04:15:49.178830] Inserting swap data...
[2023-06-08 04:15:49.331300] Finished swap data...
[2023-06-08 04:15:54.535965] Inserting lp event data...
[2023-06-08 04:15:54.563645] Finished lp event data...
[2023-06-08 04:15:54.669848] Inserting snapshots data...
[2023-06-08 04:15:54.681050] Finished snapshots data...
[2023-06-08 04:15:54.681080] Finished pool Curve.fi Factory USD Metapool: Liquity.

[2023-06-08 04:15:54.681089] Backfilling pool Curve.fi Factory USD Metapool: Binance USD.
[2023-06-08 04:15:54.681097] Start time: 2022-01-29 00:00:04
[2023-06-08 04:15:54.681107] End time: 2022-02-05 00:00:01
[2023-06-08 04:16:47.730617] Inserting pool data...
[2023-06-08 04:17:41.812326] Finished pool data...
[2023-06-08 04:17:47.759330] Inserting swap data...
[2023-06-08 04:17:47.775017] Finished swap data...
[2023-06-08 04:17:53.320138] Inserting lp event data...
[2023-06-08 04:17:53.336294] Finished lp event data...
[2023-06-08 04:17:55.049111] Inserting snapshots data...
[2023-06-08 04:17:55.062809] Finished snapshots data...
[2023-06-08 04:17:55.062844] Finished pool Curve.fi Factory USD Metapool: Binance USD.

[2023-06-08 04:17:55.062856] Backfilling pool Curve.fi Factory Plain Pool: stETH concentrated.
[2023-06-08 04:17:55.062865] Pools Curve.fi Factory Plain Pool: stETH concentrated was created after the end date. Skipping...

[2023-06-08 04:17:55.062875] Backfilling pool Curve.fi Factory Crypto Pool: cbETH/ETH.
[2023-06-08 04:17:55.062884] Pools Curve.fi Factory Crypto Pool: cbETH/ETH was created after the end date. Skipping...

[2023-06-08 04:17:55.062893] Backfilling pool Curve.fi Factory Plain Pool: cvxCrv/Crv.
[2023-06-08 04:17:55.062901] Pools Curve.fi Factory Plain Pool: cvxCrv/Crv was created after the end date. Skipping...

[2023-06-08 04:17:55.062913] Backfilling token LUSD OHLCV using chainlink.
Found the closest round: 18446744073709551883, at 2022-01-28 03:56:21.
Number of iterations: 13
[2023-06-08 04:18:09.042887] Inserting OHLCV.
[2023-06-08 04:18:09.062119] Backfilling token FRAX OHLCV using chainlink.
Found the closest round: 18446744073709551868, at 2022-01-28 05:40:54.
Number of iterations: 13
[2023-06-08 04:18:22.977317] Inserting OHLCV.
[2023-06-08 04:18:22.993206] Backfilling token MIM OHLCV using ccxt.
Using Bitfinex for MIM/USD.

[2023-06-08 04:18:31.548097] Inserting OHLCV.
[2023-06-08 04:18:35.122691] Backfilling token USDC OHLCV using ccxt.
Using Binance US for USDC/USD.

[2023-06-08 04:18:37.352431] Inserting OHLCV.
[2023-06-08 04:18:45.334328] Backfilling token stETH OHLCV using chainlink.
Found the closest round: 18446744073709556050, at 2022-01-28 23:55:01.
Number of iterations: 14
[2023-06-08 04:19:06.228681] Inserting OHLCV.
[2023-06-08 04:19:06.439829] cbETH only indexed from 1661444040 (2022 12:14:00 PM GMT-04:00 DST). Skipping...
[2023-06-08 04:19:06.439996] Backfilling token ETH OHLCV using ccxt.
Using Binance US for ETH/USD.

[2023-06-08 04:19:08.552591] Inserting OHLCV.
[2023-06-08 04:19:16.382450] Backfilling token DAI OHLCV using ccxt.
Using Binance US for DAI/USD.

[2023-06-08 04:19:18.454634] Inserting OHLCV.
[2023-06-08 04:19:26.233098] Backfilling token BUSD OHLCV using chainlink.
Found the closest round: 18446744073709551912, at 2022-01-28 06:46:38.
Number of iterations: 9
[2023-06-08 04:19:35.971631] Inserting OHLCV.
[2023-06-08 04:19:35.987704] Backfilling token sUSD OHLCV using chainlink.
Found the closest round: 18446744073709552358, at 2022-01-28 22:23:29.
Number of iterations: 11
[2023-06-08 04:19:48.252037] Inserting OHLCV.
[2023-06-08 04:19:48.282785] WETH assumed to be = ETH. Skipping...

[2023-06-08 04:19:48.282825] Backfilling token cvxCRV OHLCV using curveswaps.
[2023-06-08 04:19:48.293917] Inserting OHLCV.
[2023-06-08 04:19:48.293969] No price data for token cvxCRV at this time.

[2023-06-08 04:19:48.293985] Backfilling token USDT OHLCV using ccxt.
Using Binance US for USDT/USD.

[2023-06-08 04:19:50.367196] Inserting OHLCV.
[2023-06-08 04:19:58.424009] Backfilling token USDN OHLCV using chainlink.
Found the closest round: 107, at 2022-01-28 20:15:12.
Number of iterations: 9
[2023-06-08 04:20:08.161655] Inserting OHLCV.
[2023-06-08 04:20:08.176825] Backfilling token frxETH OHLCV using curveswaps.
[2023-06-08 04:20:08.182817] Inserting OHLCV.
[2023-06-08 04:20:08.182856] No price data for token frxETH at this time.

[2023-06-08 04:20:08.182867] Backfilling token UST OHLCV using ccxt.
Using Coinbase Pro for UST/USD.

[2023-06-08 04:20:17.498518] Inserting OHLCV.
[2023-06-08 04:20:21.603624] 3Crv uses pool virtual price. Skipping...

[2023-06-08 04:20:21.603930] Backfilling token CRV OHLCV using ccxt.
Using Binance US for CRV/USD.

[2023-06-08 04:20:23.771703] Inserting OHLCV.
[2023-06-08 04:20:31.593143] Done :)
