
[2023-06-08 22:20:43.475606] Starting backfilling process.

[2023-06-08 22:20:44.405850] Backfilling pool Curve.fi ETH/stETH.
[2023-06-08 22:20:44.405896] Start time: 2022-12-16 23:55:11
[2023-06-08 22:20:44.405906] End time: 2022-12-24 00:00:11
[2023-06-08 22:21:45.118665] Inserting pool data...
[2023-06-08 22:22:52.215595] Finished pool data...
[2023-06-08 22:22:58.801539] Inserting swap data...
[2023-06-08 22:23:00.132971] Finished swap data...
[2023-06-08 22:23:06.724349] Inserting lp event data...
[2023-06-08 22:23:07.178576] Finished lp event data...
[2023-06-08 22:23:07.288195] Inserting snapshots data...
[2023-06-08 22:23:07.307227] Finished snapshots data...
[2023-06-08 22:23:07.307390] Finished pool Curve.fi ETH/stETH.

[2023-06-08 22:23:07.307487] Backfilling pool Curve.fi DAI/USDC/USDT.
[2023-06-08 22:23:07.307583] Start time: 2022-12-16 23:55:11
[2023-06-08 22:23:07.307682] End time: 2022-12-24 00:00:11
[2023-06-08 22:24:08.760198] Inserting pool data...
[2023-06-08 22:25:15.241184] Finished pool data...
[2023-06-08 22:25:21.925058] Inserting swap data...
[2023-06-08 22:25:24.025189] Finished swap data...
[2023-06-08 22:25:30.900684] Inserting lp event data...
[2023-06-08 22:25:32.592897] Finished lp event data...
[2023-06-08 22:25:32.707027] Inserting snapshots data...
[2023-06-08 22:25:32.719532] Finished snapshots data...
[2023-06-08 22:25:32.719569] Finished pool Curve.fi DAI/USDC/USDT.

[2023-06-08 22:25:32.719578] Backfilling pool Curve.fi FRAX/USDC.
[2023-06-08 22:25:32.719585] Start time: 2022-12-16 23:55:11
[2023-06-08 22:25:32.719596] End time: 2022-12-24 00:00:11
[2023-06-08 22:26:34.596413] Inserting pool data...
[2023-06-08 22:27:39.869325] Finished pool data...
[2023-06-08 22:27:46.104209] Inserting swap data...
[2023-06-08 22:27:46.207979] Finished swap data...
[2023-06-08 22:27:52.632979] Inserting lp event data...
[2023-06-08 22:27:53.145468] Finished lp event data...
[2023-06-08 22:27:53.244434] Inserting snapshots data...
[2023-06-08 22:27:53.260931] Finished snapshots data...
[2023-06-08 22:27:53.261214] Finished pool Curve.fi FRAX/USDC.

[2023-06-08 22:27:53.261314] Backfilling pool Curve.fi Factory USD Metapool: wormhole v2 UST-3Pool.
[2023-06-08 22:27:53.261408] Start time: 2022-12-16 23:55:11
[2023-06-08 22:27:53.261524] End time: 2022-12-24 00:00:11
[2023-06-08 22:28:53.538249] Inserting pool data...
[2023-06-08 22:29:59.907287] Finished pool data...
[2023-06-08 22:30:06.748122] Inserting swap data...
[2023-06-08 22:30:06.767367] Finished swap data...
[2023-06-08 22:30:13.289643] Inserting lp event data...
[2023-06-08 22:30:13.291396] Finished lp event data...
[2023-06-08 22:30:13.390180] Inserting snapshots data...
[2023-06-08 22:30:13.403044] Finished snapshots data...
[2023-06-08 22:30:13.403192] Finished pool Curve.fi Factory USD Metapool: wormhole v2 UST-3Pool.

[2023-06-08 22:30:13.403288] Backfilling pool Curve.fi USDN/3Crv.
[2023-06-08 22:30:13.403384] Start time: 2022-12-16 23:55:11
[2023-06-08 22:30:13.403481] End time: 2022-12-24 00:00:11
[2023-06-08 22:31:14.925137] Inserting pool data...
[2023-06-08 22:32:21.169624] Finished pool data...
[2023-06-08 22:32:27.525548] Inserting swap data...
[2023-06-08 22:32:27.709425] Finished swap data...
[2023-06-08 22:32:33.656921] Inserting lp event data...
[2023-06-08 22:32:33.687029] Finished lp event data...
[2023-06-08 22:32:33.790485] Inserting snapshots data...
[2023-06-08 22:32:33.808699] Finished snapshots data...
[2023-06-08 22:32:33.808743] Finished pool Curve.fi USDN/3Crv.

[2023-06-08 22:32:33.808756] Backfilling pool Curve.fi Factory USD Metapool: Magic Internet Money 3Pool.
[2023-06-08 22:32:33.808767] Start time: 2022-12-16 23:55:11
[2023-06-08 22:32:33.808781] End time: 2022-12-24 00:00:11
[2023-06-08 22:33:34.572557] Inserting pool data...
[2023-06-08 22:34:41.410822] Finished pool data...
[2023-06-08 22:34:47.780929] Inserting swap data...
[2023-06-08 22:34:47.815059] Finished swap data...
[2023-06-08 22:34:53.908941] Inserting lp event data...
[2023-06-08 22:34:53.996142] Finished lp event data...
[2023-06-08 22:34:54.104206] Inserting snapshots data...
[2023-06-08 22:34:54.120656] Finished snapshots data...
[2023-06-08 22:34:54.120817] Finished pool Curve.fi Factory USD Metapool: Magic Internet Money 3Pool.

[2023-06-08 22:34:54.120915] Backfilling pool Curve.fi DAI/USDC/USDT/sUSD.
[2023-06-08 22:34:54.121011] Start time: 2022-12-16 23:55:11
[2023-06-08 22:34:54.121110] End time: 2022-12-24 00:00:11
[2023-06-08 22:35:55.378772] Inserting pool data...
[2023-06-08 22:37:02.371121] Finished pool data...
[2023-06-08 22:37:09.424499] Inserting swap data...
[2023-06-08 22:37:09.843004] Finished swap data...
[2023-06-08 22:37:16.206284] Inserting lp event data...
[2023-06-08 22:37:16.258456] Finished lp event data...
[2023-06-08 22:37:16.362799] Inserting snapshots data...
[2023-06-08 22:37:16.379944] Finished snapshots data...
[2023-06-08 22:37:16.380125] Finished pool Curve.fi DAI/USDC/USDT/sUSD.

[2023-06-08 22:37:16.380354] Backfilling pool Curve.fi ETH/frxETH.
[2023-06-08 22:37:16.380468] Start time: 2022-12-16 23:55:11
[2023-06-08 22:37:16.380567] End time: 2022-12-24 00:00:11
[2023-06-08 22:38:17.663893] Inserting pool data...
[2023-06-08 22:39:23.572534] Finished pool data...
[2023-06-08 22:39:30.290154] Inserting swap data...
[2023-06-08 22:39:30.359036] Finished swap data...
[2023-06-08 22:39:36.800790] Inserting lp event data...
[2023-06-08 22:39:36.894667] Finished lp event data...
[2023-06-08 22:39:36.992829] Inserting snapshots data...
[2023-06-08 22:39:37.013636] Finished snapshots data...
[2023-06-08 22:39:37.013671] Finished pool Curve.fi ETH/frxETH.

[2023-06-08 22:39:37.013680] Backfilling pool Curve.fi Factory USD Metapool: Liquity.
[2023-06-08 22:39:37.013687] Start time: 2022-12-16 23:55:11
[2023-06-08 22:39:37.013698] End time: 2022-12-24 00:00:11
[2023-06-08 22:40:37.781815] Inserting pool data...
[2023-06-08 22:41:44.579126] Finished pool data...
[2023-06-08 22:41:51.391124] Inserting swap data...
[2023-06-08 22:41:51.539201] Finished swap data...
[2023-06-08 22:41:57.937425] Inserting lp event data...
[2023-06-08 22:41:58.172343] Finished lp event data...
[2023-06-08 22:41:58.268210] Inserting snapshots data...
[2023-06-08 22:41:58.282201] Finished snapshots data...
[2023-06-08 22:41:58.282243] Finished pool Curve.fi Factory USD Metapool: Liquity.

[2023-06-08 22:41:58.282252] Backfilling pool Curve.fi Factory USD Metapool: Binance USD.
[2023-06-08 22:41:58.282261] Start time: 2022-12-16 23:55:11
[2023-06-08 22:41:58.282272] End time: 2022-12-24 00:00:11
[2023-06-08 22:42:58.777328] Inserting pool data...
[2023-06-08 22:44:04.930490] Finished pool data...
[2023-06-08 22:44:11.765387] Inserting swap data...
[2023-06-08 22:44:11.866618] Finished swap data...
[2023-06-08 22:44:19.920697] Inserting lp event data...
[2023-06-08 22:44:19.949622] Finished lp event data...
[2023-06-08 22:44:20.047025] Inserting snapshots data...
[2023-06-08 22:44:20.060073] Finished snapshots data...
[2023-06-08 22:44:20.060241] Finished pool Curve.fi Factory USD Metapool: Binance USD.

[2023-06-08 22:44:20.060338] Backfilling pool Curve.fi Factory Plain Pool: stETH concentrated.
[2023-06-08 22:44:20.060433] Start time: 2022-12-16 23:55:11
[2023-06-08 22:44:20.060531] End time: 2022-12-24 00:00:11
[2023-06-08 22:45:20.818665] Inserting pool data...
[2023-06-08 22:46:25.144233] Finished pool data...
[2023-06-08 22:46:31.511038] Inserting swap data...
[2023-06-08 22:46:31.577517] Finished swap data...
[2023-06-08 22:46:38.648729] Inserting lp event data...
[2023-06-08 22:46:38.677226] Finished lp event data...
[2023-06-08 22:46:38.784932] Inserting snapshots data...
[2023-06-08 22:46:38.801819] Finished snapshots data...
[2023-06-08 22:46:38.801955] Finished pool Curve.fi Factory Plain Pool: stETH concentrated.

[2023-06-08 22:46:38.802189] Backfilling pool Curve.fi Factory Crypto Pool: cbETH/ETH.
[2023-06-08 22:46:38.802289] Start time: 2022-12-16 23:55:11
[2023-06-08 22:46:38.802387] End time: 2022-12-24 00:00:11
[2023-06-08 22:48:39.814837] Inserting pool data...
[2023-06-08 22:49:46.478511] Finished pool data...
[2023-06-08 22:49:54.472321] Inserting swap data...
[2023-06-08 22:49:54.523925] Finished swap data...
[2023-06-08 22:50:01.367932] Inserting lp event data...
[2023-06-08 22:50:01.383319] Finished lp event data...
[2023-06-08 22:50:01.496982] Inserting snapshots data...
[2023-06-08 22:50:01.512457] Finished snapshots data...
[2023-06-08 22:50:01.512501] Finished pool Curve.fi Factory Crypto Pool: cbETH/ETH.

[2023-06-08 22:50:01.512514] Backfilling pool Curve.fi Factory Plain Pool: cvxCrv/Crv.
[2023-06-08 22:50:01.512525] Pools Curve.fi Factory Plain Pool: cvxCrv/Crv was created after the end date. Skipping...

[2023-06-08 22:50:01.512538] Backfilling token LUSD OHLCV using chainlink.
Found the closest round: 18446744073709559190, at 2022-12-16 22:58:47.
Number of iterations: 14
[2023-06-08 22:50:21.499976] Inserting OHLCV.
[2023-06-08 22:50:21.726858] Backfilling token FRAX OHLCV using chainlink.
Found the closest round: 18446744073709559175, at 2022-12-16 23:25:11.
Number of iterations: 14
[2023-06-08 22:50:41.998934] Inserting OHLCV.
[2023-06-08 22:50:42.212593] Backfilling token MIM OHLCV using ccxt.
Using Bitfinex for MIM/USD.

[2023-06-08 22:50:50.261078] Inserting OHLCV.
[2023-06-08 22:50:55.013938] Backfilling token USDC OHLCV using ccxt.
Using Binance US for USDC/USD.

[2023-06-08 22:50:57.223067] Inserting OHLCV.
[2023-06-08 22:51:05.802743] Backfilling token stETH OHLCV using chainlink.
Found the closest round: 18446744073709565120, at 2022-12-16 23:17:59.
Number of iterations: 14
[2023-06-08 22:51:25.876137] Inserting OHLCV.
[2023-06-08 22:51:26.117956] Backfilling token cbETH OHLCV using ccxt.
Using Coinbase Pro for CBETH/USD.

[2023-06-08 22:51:35.421991] Inserting OHLCV.
[2023-06-08 22:51:41.616296] Backfilling token ETH OHLCV using ccxt.
Using Binance US for ETH/USD.

[2023-06-08 22:51:43.809627] Inserting OHLCV.
[2023-06-08 22:51:52.428313] Backfilling token DAI OHLCV using ccxt.
Using Binance US for DAI/USD.

[2023-06-08 22:51:54.515829] Inserting OHLCV.
[2023-06-08 22:52:03.268287] Backfilling token BUSD OHLCV using chainlink.
Found the closest round: 18446744073709552260, at 2022-12-16 13:50:35.
Number of iterations: 10
[2023-06-08 22:52:14.053693] Inserting OHLCV.
[2023-06-08 22:52:14.070252] Backfilling token sUSD OHLCV using chainlink.
Found the closest round: 18446744073709553255, at 2022-12-16 21:56:47.
Number of iterations: 11
[2023-06-08 22:52:26.130692] Inserting OHLCV.
[2023-06-08 22:52:26.161741] WETH assumed to be = ETH. Skipping...

[2023-06-08 22:52:26.161912] Backfilling token cvxCRV OHLCV using curveswaps.
[2023-06-08 22:52:26.197081] Inserting OHLCV.
[2023-06-08 22:52:26.197313] No price data for token cvxCRV at this time.

[2023-06-08 22:52:26.197414] Backfilling token USDT OHLCV using ccxt.
Using Binance US for USDT/USD.

[2023-06-08 22:52:28.336336] Inserting OHLCV.
[2023-06-08 22:52:37.093643] Backfilling token USDN OHLCV using chainlink.
Found the closest round: 457, at 2022-12-16 04:22:47.
Number of iterations: 9
[2023-06-08 22:52:46.868746] Inserting OHLCV.
[2023-06-08 22:52:46.889574] Backfilling token frxETH OHLCV using curveswaps.
[2023-06-08 22:52:46.976150] Inserting OHLCV.
[2023-06-08 22:52:47.029434] UST only indexed up to 1653667380 (2022-05-27 12:03:00 PM GMT-04:00 DST). Setting end time to 2022-12-24 00:00:11.
[2023-06-08 22:52:47.029513] Backfilling token UST OHLCV using ccxt.
Using Coinbase Pro for UST/USD.

[2023-06-08 22:52:47.033202] Inserting OHLCV.
[2023-06-08 22:52:47.033234] No price data for token UST at this time.

[2023-06-08 22:52:47.033248] 3Crv uses pool virtual price. Skipping...

[2023-06-08 22:52:47.033260] Backfilling token CRV OHLCV using ccxt.
Using Binance US for CRV/USD.

[2023-06-08 22:52:49.480546] Inserting OHLCV.
[2023-06-08 22:52:57.961645] Done :)
