
[2023-06-08 06:32:52.552970] Starting backfilling process.

[2023-06-08 06:32:53.827907] Backfilling pool Curve.fi ETH/stETH.
[2023-06-08 06:32:53.827938] Start time: 2022-03-25 23:55:06
[2023-06-08 06:32:53.827948] End time: 2022-04-02 00:00:08
[2023-06-08 06:33:43.666485] Inserting pool data...
[2023-06-08 06:34:36.595775] Finished pool data...
[2023-06-08 06:34:42.488496] Inserting swap data...
[2023-06-08 06:34:43.121000] Finished swap data...
[2023-06-08 06:34:48.290783] Inserting lp event data...
[2023-06-08 06:34:48.594720] Finished lp event data...
[2023-06-08 06:34:55.606725] Inserting snapshots data...
[2023-06-08 06:34:55.620722] Finished snapshots data...
[2023-06-08 06:34:55.620744] Finished pool Curve.fi ETH/stETH.

[2023-06-08 06:34:55.620752] Backfilling pool Curve.fi DAI/USDC/USDT.
[2023-06-08 06:34:55.620759] Start time: 2022-03-25 23:55:06
[2023-06-08 06:34:55.620768] End time: 2022-04-02 00:00:08
[2023-06-08 06:35:48.501549] Inserting pool data...
[2023-06-08 06:36:40.941110] Finished pool data...
[2023-06-08 06:36:46.350064] Inserting swap data...
[2023-06-08 06:36:46.853843] Finished swap data...
[2023-06-08 06:36:51.980349] Inserting lp event data...
[2023-06-08 06:36:54.688283] Finished lp event data...
[2023-06-08 06:36:54.785750] Inserting snapshots data...
[2023-06-08 06:36:54.797915] Finished snapshots data...
[2023-06-08 06:36:54.797935] Finished pool Curve.fi DAI/USDC/USDT.

[2023-06-08 06:36:54.797943] Backfilling pool Curve.fi FRAX/USDC.
[2023-06-08 06:36:54.797949] Pools Curve.fi FRAX/USDC was created after the end date. Skipping...

[2023-06-08 06:36:54.797955] Backfilling pool Curve.fi Factory USD Metapool: wormhole v2 UST-3Pool.
[2023-06-08 06:36:54.797961] Start time: 2022-03-25 23:55:06
[2023-06-08 06:36:54.797970] End time: 2022-04-02 00:00:08
[2023-06-08 06:37:46.526931] Inserting pool data...
[2023-06-08 06:38:39.002608] Finished pool data...
[2023-06-08 06:38:44.688499] Inserting swap data...
[2023-06-08 06:38:44.926013] Finished swap data...
[2023-06-08 06:38:50.179915] Inserting lp event data...
[2023-06-08 06:38:50.302963] Finished lp event data...
[2023-06-08 06:38:50.411122] Inserting snapshots data...
[2023-06-08 06:38:50.424685] Finished snapshots data...
[2023-06-08 06:38:50.424704] Finished pool Curve.fi Factory USD Metapool: wormhole v2 UST-3Pool.

[2023-06-08 06:38:50.424712] Backfilling pool Curve.fi USDN/3Crv.
[2023-06-08 06:38:50.424718] Start time: 2022-03-25 23:55:06
[2023-06-08 06:38:50.424727] End time: 2022-04-02 00:00:08
[2023-06-08 06:39:44.538914] Inserting pool data...
[2023-06-08 06:40:37.290680] Finished pool data...
[2023-06-08 06:40:43.176813] Inserting swap data...
[2023-06-08 06:40:43.274341] Finished swap data...
[2023-06-08 06:40:48.508978] Inserting lp event data...
[2023-06-08 06:40:48.600906] Finished lp event data...
[2023-06-08 06:40:49.738999] Inserting snapshots data...
[2023-06-08 06:40:49.751774] Finished snapshots data...
[2023-06-08 06:40:49.751793] Finished pool Curve.fi USDN/3Crv.

[2023-06-08 06:40:49.751801] Backfilling pool Curve.fi Factory USD Metapool: Magic Internet Money 3Pool.
[2023-06-08 06:40:49.751808] Start time: 2022-03-25 23:55:06
[2023-06-08 06:40:49.751817] End time: 2022-04-02 00:00:08
[2023-06-08 06:41:42.908623] Inserting pool data...
[2023-06-08 06:42:35.306933] Finished pool data...
[2023-06-08 06:42:41.039975] Inserting swap data...
[2023-06-08 06:42:41.521782] Finished swap data...
[2023-06-08 06:42:46.703090] Inserting lp event data...
[2023-06-08 06:42:46.819690] Finished lp event data...
[2023-06-08 06:42:46.933651] Inserting snapshots data...
[2023-06-08 06:42:46.945536] Finished snapshots data...
[2023-06-08 06:42:46.945555] Finished pool Curve.fi Factory USD Metapool: Magic Internet Money 3Pool.

[2023-06-08 06:42:46.945563] Backfilling pool Curve.fi DAI/USDC/USDT/sUSD.
[2023-06-08 06:42:46.945570] Start time: 2022-03-25 23:55:06
[2023-06-08 06:42:46.945579] End time: 2022-04-02 00:00:08
[2023-06-08 06:43:40.461175] Inserting pool data...
[2023-06-08 06:44:33.404525] Finished pool data...
[2023-06-08 06:44:39.133867] Inserting swap data...
[2023-06-08 06:44:39.298551] Finished swap data...
[2023-06-08 06:44:44.818622] Inserting lp event data...
[2023-06-08 06:44:44.846602] Finished lp event data...
[2023-06-08 06:44:45.015320] Inserting snapshots data...
[2023-06-08 06:44:45.027441] Finished snapshots data...
[2023-06-08 06:44:45.027460] Finished pool Curve.fi DAI/USDC/USDT/sUSD.

[2023-06-08 06:44:45.027468] Backfilling pool Curve.fi ETH/frxETH.
[2023-06-08 06:44:45.027475] Pools Curve.fi ETH/frxETH was created after the end date. Skipping...

[2023-06-08 06:44:45.027480] Backfilling pool Curve.fi Factory USD Metapool: Liquity.
[2023-06-08 06:44:45.027487] Start time: 2022-03-25 23:55:06
[2023-06-08 06:44:45.027495] End time: 2022-04-02 00:00:08
[2023-06-08 06:45:37.707246] Inserting pool data...
[2023-06-08 06:46:30.393074] Finished pool data...
[2023-06-08 06:46:35.979485] Inserting swap data...
[2023-06-08 06:46:36.035988] Finished swap data...
[2023-06-08 06:46:41.294714] Inserting lp event data...
[2023-06-08 06:46:41.321566] Finished lp event data...
[2023-06-08 06:46:41.419030] Inserting snapshots data...
[2023-06-08 06:46:41.430917] Finished snapshots data...
[2023-06-08 06:46:41.430937] Finished pool Curve.fi Factory USD Metapool: Liquity.

[2023-06-08 06:46:41.430944] Backfilling pool Curve.fi Factory USD Metapool: Binance USD.
[2023-06-08 06:46:41.430951] Start time: 2022-03-25 23:55:06
[2023-06-08 06:46:41.430960] End time: 2022-04-02 00:00:08
[2023-06-08 06:48:30.837666] Inserting pool data...
[2023-06-08 06:49:23.691158] Finished pool data...
[2023-06-08 06:49:29.079464] Inserting swap data...
[2023-06-08 06:49:29.107856] Finished swap data...
[2023-06-08 06:49:34.031581] Inserting lp event data...
[2023-06-08 06:49:34.047246] Finished lp event data...
[2023-06-08 06:49:34.151298] Inserting snapshots data...
[2023-06-08 06:49:34.163916] Finished snapshots data...
[2023-06-08 06:49:34.163936] Finished pool Curve.fi Factory USD Metapool: Binance USD.

[2023-06-08 06:49:34.163945] Backfilling pool Curve.fi Factory Plain Pool: stETH concentrated.
[2023-06-08 06:49:34.163951] Pools Curve.fi Factory Plain Pool: stETH concentrated was created after the end date. Skipping...

[2023-06-08 06:49:34.163957] Backfilling pool Curve.fi Factory Crypto Pool: cbETH/ETH.
[2023-06-08 06:49:34.163963] Pools Curve.fi Factory Crypto Pool: cbETH/ETH was created after the end date. Skipping...

[2023-06-08 06:49:34.163969] Backfilling pool Curve.fi Factory Plain Pool: cvxCrv/Crv.
[2023-06-08 06:49:34.163974] Pools Curve.fi Factory Plain Pool: cvxCrv/Crv was created after the end date. Skipping...

[2023-06-08 06:49:34.163983] Backfilling token LUSD OHLCV using chainlink.
Found the closest round: 18446744073709552773, at 2022-03-25 23:54:21.
Number of iterations: 14
[2023-06-08 06:49:54.054536] Inserting OHLCV.
[2023-06-08 06:49:54.230389] Backfilling token FRAX OHLCV using chainlink.
Found the closest round: 18446744073709552765, at 2022-03-25 23:50:31.
Number of iterations: 14
[2023-06-08 06:50:13.887403] Inserting OHLCV.
[2023-06-08 06:50:14.068975] Backfilling token MIM OHLCV using ccxt.
Using Bitfinex for MIM/USD.

[2023-06-08 06:50:22.194463] Inserting OHLCV.
[2023-06-08 06:50:25.725552] Backfilling token USDC OHLCV using ccxt.
Using Binance US for USDC/USD.

[2023-06-08 06:50:27.868308] Inserting OHLCV.
[2023-06-08 06:50:35.564918] Backfilling token stETH OHLCV using chainlink.
Found the closest round: 18446744073709557578, at 2022-03-25 23:16:10.
Number of iterations: 14
[2023-06-08 06:50:55.239979] Inserting OHLCV.
[2023-06-08 06:50:55.424094] cbETH only indexed from 1661444040 (2022 12:14:00 PM GMT-04:00 DST). Skipping...
[2023-06-08 06:50:55.424119] Backfilling token ETH OHLCV using ccxt.
Using Binance US for ETH/USD.

[2023-06-08 06:50:57.488591] Inserting OHLCV.
[2023-06-08 06:51:05.344274] Backfilling token DAI OHLCV using ccxt.
Using Binance US for DAI/USD.

[2023-06-08 06:51:07.379954] Inserting OHLCV.
[2023-06-08 06:51:15.035874] Backfilling token BUSD OHLCV using chainlink.
Found the closest round: 18446744073709551968, at 2022-03-25 07:13:50.
Number of iterations: 10
[2023-06-08 06:51:25.829711] Inserting OHLCV.
[2023-06-08 06:51:25.846736] Backfilling token sUSD OHLCV using chainlink.
Found the closest round: 18446744073709552445, at 2022-03-25 07:08:36.
Number of iterations: 11
[2023-06-08 06:51:37.753328] Inserting OHLCV.
[2023-06-08 06:51:37.772231] WETH assumed to be = ETH. Skipping...

[2023-06-08 06:51:37.772254] Backfilling token cvxCRV OHLCV using curveswaps.
[2023-06-08 06:51:37.787343] Inserting OHLCV.
[2023-06-08 06:51:37.787382] No price data for token cvxCRV at this time.

[2023-06-08 06:51:37.787392] Backfilling token USDT OHLCV using ccxt.
Using Binance US for USDT/USD.

[2023-06-08 06:51:39.853749] Inserting OHLCV.
[2023-06-08 06:51:47.614548] Backfilling token USDN OHLCV using chainlink.
Found the closest round: 165, at 2022-03-25 04:59:58.
Number of iterations: 9
[2023-06-08 06:51:57.325260] Inserting OHLCV.
[2023-06-08 06:51:57.340469] Backfilling token frxETH OHLCV using curveswaps.
[2023-06-08 06:51:57.349580] Inserting OHLCV.
[2023-06-08 06:51:57.349613] No price data for token frxETH at this time.

[2023-06-08 06:51:57.349623] Backfilling token UST OHLCV using ccxt.
Using Coinbase Pro for UST/USD.

[2023-06-08 06:52:06.341996] Inserting OHLCV.
[2023-06-08 06:52:10.500003] 3Crv uses pool virtual price. Skipping...

[2023-06-08 06:52:10.500037] Backfilling token CRV OHLCV using ccxt.
Using Binance US for CRV/USD.

[2023-06-08 06:52:12.670307] Inserting OHLCV.
[2023-06-08 06:52:20.498558] Done :)
