
[2023-06-08 08:06:40.746801] Starting backfilling process.

[2023-06-08 08:06:41.935179] Backfilling pool Curve.fi ETH/stETH.
[2023-06-08 08:06:41.935214] Start time: 2022-04-29 23:55:14
[2023-06-08 08:06:41.935223] End time: 2022-05-07 00:00:05
[2023-06-08 08:07:33.583599] Inserting pool data...
[2023-06-08 08:08:25.720455] Finished pool data...
[2023-06-08 08:08:31.400403] Inserting swap data...
[2023-06-08 08:08:31.928194] Finished swap data...
[2023-06-08 08:08:37.274142] Inserting lp event data...
[2023-06-08 08:08:37.507387] Finished lp event data...
[2023-06-08 08:08:37.607807] Inserting snapshots data...
[2023-06-08 08:08:37.621353] Finished snapshots data...
[2023-06-08 08:08:37.621374] Finished pool Curve.fi ETH/stETH.

[2023-06-08 08:08:37.621382] Backfilling pool Curve.fi DAI/USDC/USDT.
[2023-06-08 08:08:37.621388] Start time: 2022-04-29 23:55:14
[2023-06-08 08:08:37.621397] End time: 2022-05-07 00:00:05
[2023-06-08 08:09:29.720587] Inserting pool data...
[2023-06-08 08:10:21.707321] Finished pool data...
[2023-06-08 08:10:27.036855] Inserting swap data...
[2023-06-08 08:10:27.371790] Finished swap data...
[2023-06-08 08:10:32.747859] Inserting lp event data...
[2023-06-08 08:10:35.093817] Finished lp event data...
[2023-06-08 08:10:35.193779] Inserting snapshots data...
[2023-06-08 08:10:35.206187] Finished snapshots data...
[2023-06-08 08:10:35.206207] Finished pool Curve.fi DAI/USDC/USDT.

[2023-06-08 08:10:35.206215] Backfilling pool Curve.fi FRAX/USDC.
[2023-06-08 08:10:35.206221] Pools Curve.fi FRAX/USDC was created after the end date. Skipping...

[2023-06-08 08:10:35.206227] Backfilling pool Curve.fi Factory USD Metapool: wormhole v2 UST-3Pool.
[2023-06-08 08:10:35.206234] Start time: 2022-04-29 23:55:14
[2023-06-08 08:10:35.206243] End time: 2022-05-07 00:00:05
[2023-06-08 08:11:26.554001] Inserting pool data...
[2023-06-08 08:12:18.157203] Finished pool data...
[2023-06-08 08:12:24.053529] Inserting swap data...
[2023-06-08 08:12:24.355214] Finished swap data...
[2023-06-08 08:12:29.680097] Inserting lp event data...
[2023-06-08 08:12:29.798226] Finished lp event data...
[2023-06-08 08:12:29.893732] Inserting snapshots data...
[2023-06-08 08:12:29.905644] Finished snapshots data...
[2023-06-08 08:12:29.905664] Finished pool Curve.fi Factory USD Metapool: wormhole v2 UST-3Pool.

[2023-06-08 08:12:29.905672] Backfilling pool Curve.fi USDN/3Crv.
[2023-06-08 08:12:29.905679] Start time: 2022-04-29 23:55:14
[2023-06-08 08:12:29.905688] End time: 2022-05-07 00:00:05
[2023-06-08 08:13:22.098713] Inserting pool data...
[2023-06-08 08:14:13.987108] Finished pool data...
[2023-06-08 08:14:20.191183] Inserting swap data...
[2023-06-08 08:14:20.290838] Finished swap data...
[2023-06-08 08:14:25.340874] Inserting lp event data...
[2023-06-08 08:14:25.395014] Finished lp event data...
[2023-06-08 08:14:25.516925] Inserting snapshots data...
[2023-06-08 08:14:25.529942] Finished snapshots data...
[2023-06-08 08:14:25.529961] Finished pool Curve.fi USDN/3Crv.

[2023-06-08 08:14:25.529969] Backfilling pool Curve.fi Factory USD Metapool: Magic Internet Money 3Pool.
[2023-06-08 08:14:25.529975] Start time: 2022-04-29 23:55:14
[2023-06-08 08:14:25.529984] End time: 2022-05-07 00:00:05
[2023-06-08 08:15:18.667427] Inserting pool data...
[2023-06-08 08:16:10.712880] Finished pool data...
[2023-06-08 08:16:16.027856] Inserting swap data...
[2023-06-08 08:16:16.283510] Finished swap data...
[2023-06-08 08:16:21.476217] Inserting lp event data...
[2023-06-08 08:16:21.535414] Finished lp event data...
[2023-06-08 08:16:21.641680] Inserting snapshots data...
[2023-06-08 08:16:21.653474] Finished snapshots data...
[2023-06-08 08:16:21.653505] Finished pool Curve.fi Factory USD Metapool: Magic Internet Money 3Pool.

[2023-06-08 08:16:21.653513] Backfilling pool Curve.fi DAI/USDC/USDT/sUSD.
[2023-06-08 08:16:21.653520] Start time: 2022-04-29 23:55:14
[2023-06-08 08:16:21.653529] End time: 2022-05-07 00:00:05
[2023-06-08 08:17:13.499417] Inserting pool data...
[2023-06-08 08:18:05.690067] Finished pool data...
[2023-06-08 08:18:12.324071] Inserting swap data...
[2023-06-08 08:18:12.551217] Finished swap data...
[2023-06-08 08:18:17.899787] Inserting lp event data...
[2023-06-08 08:18:17.927960] Finished lp event data...
[2023-06-08 08:18:29.624496] Inserting snapshots data...
[2023-06-08 08:18:29.637446] Finished snapshots data...
[2023-06-08 08:18:29.637466] Finished pool Curve.fi DAI/USDC/USDT/sUSD.

[2023-06-08 08:18:29.637474] Backfilling pool Curve.fi ETH/frxETH.
[2023-06-08 08:18:29.637481] Pools Curve.fi ETH/frxETH was created after the end date. Skipping...

[2023-06-08 08:18:29.637505] Backfilling pool Curve.fi Factory USD Metapool: Liquity.
[2023-06-08 08:18:29.637512] Start time: 2022-04-29 23:55:14
[2023-06-08 08:18:29.637521] End time: 2022-05-07 00:00:05
[2023-06-08 08:19:22.435870] Inserting pool data...
[2023-06-08 08:20:14.450461] Finished pool data...
[2023-06-08 08:20:19.891829] Inserting swap data...
[2023-06-08 08:20:19.991683] Finished swap data...
[2023-06-08 08:20:25.320700] Inserting lp event data...
[2023-06-08 08:20:25.371726] Finished lp event data...
[2023-06-08 08:20:25.486894] Inserting snapshots data...
[2023-06-08 08:20:25.499797] Finished snapshots data...
[2023-06-08 08:20:25.499817] Finished pool Curve.fi Factory USD Metapool: Liquity.

[2023-06-08 08:20:25.499825] Backfilling pool Curve.fi Factory USD Metapool: Binance USD.
[2023-06-08 08:20:25.499832] Start time: 2022-04-29 23:55:14
[2023-06-08 08:20:25.499841] End time: 2022-05-07 00:00:05
[2023-06-08 08:21:20.893599] Inserting pool data...
[2023-06-08 08:22:13.160489] Finished pool data...
[2023-06-08 08:22:19.050229] Inserting swap data...
[2023-06-08 08:22:19.069509] Finished swap data...
[2023-06-08 08:22:24.476837] Inserting lp event data...
[2023-06-08 08:22:24.488152] Finished lp event data...
[2023-06-08 08:22:24.582698] Inserting snapshots data...
[2023-06-08 08:22:24.594664] Finished snapshots data...
[2023-06-08 08:22:24.594683] Finished pool Curve.fi Factory USD Metapool: Binance USD.

[2023-06-08 08:22:24.594691] Backfilling pool Curve.fi Factory Plain Pool: stETH concentrated.
[2023-06-08 08:22:24.594698] Pools Curve.fi Factory Plain Pool: stETH concentrated was created after the end date. Skipping...

[2023-06-08 08:22:24.594704] Backfilling pool Curve.fi Factory Crypto Pool: cbETH/ETH.
[2023-06-08 08:22:24.594711] Pools Curve.fi Factory Crypto Pool: cbETH/ETH was created after the end date. Skipping...

[2023-06-08 08:22:24.594716] Backfilling pool Curve.fi Factory Plain Pool: cvxCrv/Crv.
[2023-06-08 08:22:24.594722] Pools Curve.fi Factory Plain Pool: cvxCrv/Crv was created after the end date. Skipping...

[2023-06-08 08:22:24.594731] Backfilling token LUSD OHLCV using chainlink.
Found the closest round: 18446744073709553618, at 2022-04-29 23:26:39.
Number of iterations: 14
[2023-06-08 08:22:44.547718] Inserting OHLCV.
[2023-06-08 08:22:44.730118] Backfilling token FRAX OHLCV using chainlink.
Found the closest round: 18446744073709553610, at 2022-04-29 23:11:43.
Number of iterations: 14
[2023-06-08 08:23:04.458099] Inserting OHLCV.
[2023-06-08 08:23:04.636037] Backfilling token MIM OHLCV using ccxt.
Using Bitfinex for MIM/USD.

[2023-06-08 08:23:12.782527] Inserting OHLCV.
[2023-06-08 08:23:16.360581] Backfilling token USDC OHLCV using ccxt.
Using Binance US for USDC/USD.

[2023-06-08 08:23:18.530155] Inserting OHLCV.
[2023-06-08 08:23:26.182779] Backfilling token stETH OHLCV using chainlink.
Found the closest round: 18446744073709558463, at 2022-04-29 23:49:08.
Number of iterations: 14
[2023-06-08 08:23:46.585930] Inserting OHLCV.
[2023-06-08 08:23:46.778360] cbETH only indexed from 1661444040 (2022 12:14:00 PM GMT-04:00 DST). Skipping...
[2023-06-08 08:23:46.778387] Backfilling token ETH OHLCV using ccxt.
Using Binance US for ETH/USD.

[2023-06-08 08:23:48.833593] Inserting OHLCV.
[2023-06-08 08:23:56.451954] Backfilling token DAI OHLCV using ccxt.
Using Binance US for DAI/USD.

[2023-06-08 08:23:58.481313] Inserting OHLCV.
[2023-06-08 08:24:06.363122] Backfilling token BUSD OHLCV using chainlink.
Found the closest round: 18446744073709552003, at 2022-04-29 07:28:25.
Number of iterations: 10
[2023-06-08 08:24:17.115134] Inserting OHLCV.
[2023-06-08 08:24:17.131255] Backfilling token sUSD OHLCV using chainlink.
Found the closest round: 18446744073709552507, at 2022-04-29 20:48:26.
Number of iterations: 11
[2023-06-08 08:24:29.486089] Inserting OHLCV.
[2023-06-08 08:24:29.517740] WETH assumed to be = ETH. Skipping...

[2023-06-08 08:24:29.517764] Backfilling token cvxCRV OHLCV using curveswaps.
[2023-06-08 08:24:29.536144] Inserting OHLCV.
[2023-06-08 08:24:29.536186] No price data for token cvxCRV at this time.

[2023-06-08 08:24:29.536197] Backfilling token USDT OHLCV using ccxt.
Using Binance US for USDT/USD.

[2023-06-08 08:24:31.874883] Inserting OHLCV.
[2023-06-08 08:24:39.613835] Backfilling token USDN OHLCV using chainlink.
Found the closest round: 206, at 2022-04-29 19:21:47.
Number of iterations: 9
[2023-06-08 08:24:49.419367] Inserting OHLCV.
[2023-06-08 08:24:49.434952] Backfilling token frxETH OHLCV using curveswaps.
[2023-06-08 08:24:49.445970] Inserting OHLCV.
[2023-06-08 08:24:49.446007] No price data for token frxETH at this time.

[2023-06-08 08:24:49.446017] Backfilling token UST OHLCV using ccxt.
Using Coinbase Pro for UST/USD.

[2023-06-08 08:24:58.476359] Inserting OHLCV.
[2023-06-08 08:25:02.096275] 3Crv uses pool virtual price. Skipping...

[2023-06-08 08:25:02.096313] Backfilling token CRV OHLCV using ccxt.
Using Binance US for CRV/USD.

[2023-06-08 08:25:04.246124] Inserting OHLCV.
[2023-06-08 08:25:12.023402] Done :)
