
[2023-06-08 12:57:31.963938] Starting backfilling process.

[2023-06-08 12:57:33.035482] Backfilling pool Curve.fi ETH/stETH.
[2023-06-08 12:57:33.035517] Start time: 2022-08-05 23:55:00
[2023-06-08 12:57:33.035526] End time: 2022-08-13 00:00:03
[2023-06-08 12:58:24.552235] Inserting pool data...
[2023-06-08 12:59:16.988540] Finished pool data...
[2023-06-08 12:59:22.783638] Inserting swap data...
[2023-06-08 12:59:23.991986] Finished swap data...
[2023-06-08 12:59:29.900015] Inserting lp event data...
[2023-06-08 12:59:30.216183] Finished lp event data...
[2023-06-08 12:59:30.331480] Inserting snapshots data...
[2023-06-08 12:59:30.344659] Finished snapshots data...
[2023-06-08 12:59:30.344679] Finished pool Curve.fi ETH/stETH.

[2023-06-08 12:59:30.344687] Backfilling pool Curve.fi DAI/USDC/USDT.
[2023-06-08 12:59:30.344693] Start time: 2022-08-05 23:55:00
[2023-06-08 12:59:30.344702] End time: 2022-08-13 00:00:03
[2023-06-08 13:00:24.506899] Inserting pool data...
[2023-06-08 13:01:16.736145] Finished pool data...
[2023-06-08 13:01:22.338039] Inserting swap data...
[2023-06-08 13:01:23.953950] Finished swap data...
[2023-06-08 13:01:29.323260] Inserting lp event data...
[2023-06-08 13:01:32.548484] Finished lp event data...
[2023-06-08 13:01:32.681100] Inserting snapshots data...
[2023-06-08 13:01:32.693680] Finished snapshots data...
[2023-06-08 13:01:32.693701] Finished pool Curve.fi DAI/USDC/USDT.

[2023-06-08 13:01:32.693709] Backfilling pool Curve.fi FRAX/USDC.
[2023-06-08 13:01:32.693716] Start time: 2022-08-05 23:55:00
[2023-06-08 13:01:32.693725] End time: 2022-08-13 00:00:03
[2023-06-08 13:02:26.133242] Inserting pool data...
[2023-06-08 13:03:18.270436] Finished pool data...
[2023-06-08 13:03:24.273581] Inserting swap data...
[2023-06-08 13:03:24.372118] Finished swap data...
[2023-06-08 13:03:29.666917] Inserting lp event data...
[2023-06-08 13:03:30.206934] Finished lp event data...
[2023-06-08 13:03:30.609176] Inserting snapshots data...
[2023-06-08 13:03:30.621324] Finished snapshots data...
[2023-06-08 13:03:30.621344] Finished pool Curve.fi FRAX/USDC.

[2023-06-08 13:03:30.621351] Backfilling pool Curve.fi Factory USD Metapool: wormhole v2 UST-3Pool.
[2023-06-08 13:03:30.621358] Start time: 2022-08-05 23:55:00
[2023-06-08 13:03:30.621367] End time: 2022-08-13 00:00:03
[2023-06-08 13:04:25.490571] Inserting pool data...
[2023-06-08 13:05:18.113058] Finished pool data...
[2023-06-08 13:05:23.878718] Inserting swap data...
[2023-06-08 13:05:23.898459] Finished swap data...
[2023-06-08 13:05:29.417156] Inserting lp event data...
[2023-06-08 13:05:29.423166] Finished lp event data...
[2023-06-08 13:05:30.913406] Inserting snapshots data...
[2023-06-08 13:05:30.927199] Finished snapshots data...
[2023-06-08 13:05:30.927220] Finished pool Curve.fi Factory USD Metapool: wormhole v2 UST-3Pool.

[2023-06-08 13:05:30.927228] Backfilling pool Curve.fi USDN/3Crv.
[2023-06-08 13:05:30.927234] Start time: 2022-08-05 23:55:00
[2023-06-08 13:05:30.927243] End time: 2022-08-13 00:00:03
[2023-06-08 13:06:25.053315] Inserting pool data...
[2023-06-08 13:07:17.329608] Finished pool data...
[2023-06-08 13:07:22.969745] Inserting swap data...
[2023-06-08 13:07:23.009439] Finished swap data...
[2023-06-08 13:07:28.422130] Inserting lp event data...
[2023-06-08 13:07:28.451751] Finished lp event data...
[2023-06-08 13:07:28.578632] Inserting snapshots data...
[2023-06-08 13:07:28.591401] Finished snapshots data...
[2023-06-08 13:07:28.591419] Finished pool Curve.fi USDN/3Crv.

[2023-06-08 13:07:28.591427] Backfilling pool Curve.fi Factory USD Metapool: Magic Internet Money 3Pool.
[2023-06-08 13:07:28.591433] Start time: 2022-08-05 23:55:00
[2023-06-08 13:07:28.591442] End time: 2022-08-13 00:00:03
[2023-06-08 13:08:25.220641] Inserting pool data...
[2023-06-08 13:09:17.157667] Finished pool data...
[2023-06-08 13:09:22.649879] Inserting swap data...
[2023-06-08 13:09:22.746249] Finished swap data...
[2023-06-08 13:09:28.145015] Inserting lp event data...
[2023-06-08 13:09:28.226118] Finished lp event data...
[2023-06-08 13:09:28.348545] Inserting snapshots data...
[2023-06-08 13:09:28.360552] Finished snapshots data...
[2023-06-08 13:09:28.360571] Finished pool Curve.fi Factory USD Metapool: Magic Internet Money 3Pool.

[2023-06-08 13:09:28.360579] Backfilling pool Curve.fi DAI/USDC/USDT/sUSD.
[2023-06-08 13:09:28.360585] Start time: 2022-08-05 23:55:00
[2023-06-08 13:09:28.360594] End time: 2022-08-13 00:00:03
[2023-06-08 13:10:23.038977] Inserting pool data...
[2023-06-08 13:11:15.729445] Finished pool data...
[2023-06-08 13:11:21.297734] Inserting swap data...
[2023-06-08 13:11:21.500348] Finished swap data...
[2023-06-08 13:11:27.118058] Inserting lp event data...
[2023-06-08 13:11:27.179663] Finished lp event data...
[2023-06-08 13:11:27.298204] Inserting snapshots data...
[2023-06-08 13:11:27.310313] Finished snapshots data...
[2023-06-08 13:11:27.310332] Finished pool Curve.fi DAI/USDC/USDT/sUSD.

[2023-06-08 13:11:27.310340] Backfilling pool Curve.fi ETH/frxETH.
[2023-06-08 13:11:27.310346] Pools Curve.fi ETH/frxETH was created after the end date. Skipping...

[2023-06-08 13:11:27.310352] Backfilling pool Curve.fi Factory USD Metapool: Liquity.
[2023-06-08 13:11:27.310358] Start time: 2022-08-05 23:55:00
[2023-06-08 13:11:27.310367] End time: 2022-08-13 00:00:03
[2023-06-08 13:12:21.415348] Inserting pool data...
[2023-06-08 13:13:13.973093] Finished pool data...
[2023-06-08 13:13:19.562683] Inserting swap data...
[2023-06-08 13:13:19.925105] Finished swap data...
[2023-06-08 13:13:24.999510] Inserting lp event data...
[2023-06-08 13:13:25.028494] Finished lp event data...
[2023-06-08 13:13:25.913872] Inserting snapshots data...
[2023-06-08 13:13:25.926049] Finished snapshots data...
[2023-06-08 13:13:25.926068] Finished pool Curve.fi Factory USD Metapool: Liquity.

[2023-06-08 13:13:25.926076] Backfilling pool Curve.fi Factory USD Metapool: Binance USD.
[2023-06-08 13:13:25.926082] Start time: 2022-08-05 23:55:00
[2023-06-08 13:13:25.926091] End time: 2022-08-13 00:00:03
[2023-06-08 13:14:19.412693] Inserting pool data...
[2023-06-08 13:15:11.335746] Finished pool data...
[2023-06-08 13:15:52.554014] Inserting swap data...
[2023-06-08 13:15:52.591547] Finished swap data...
[2023-06-08 13:15:58.585533] Inserting lp event data...
[2023-06-08 13:15:58.606316] Finished lp event data...
[2023-06-08 13:15:58.736033] Inserting snapshots data...
[2023-06-08 13:15:58.747935] Finished snapshots data...
[2023-06-08 13:15:58.747953] Finished pool Curve.fi Factory USD Metapool: Binance USD.

[2023-06-08 13:15:58.747961] Backfilling pool Curve.fi Factory Plain Pool: stETH concentrated.
[2023-06-08 13:15:58.747968] Start time: 2022-08-05 23:55:00
[2023-06-08 13:15:58.747977] End time: 2022-08-13 00:00:03
[2023-06-08 13:16:52.422689] Inserting pool data...
[2023-06-08 13:17:44.431318] Finished pool data...
[2023-06-08 13:17:50.142797] Inserting swap data...
[2023-06-08 13:17:50.184300] Finished swap data...
[2023-06-08 13:17:55.563842] Inserting lp event data...
[2023-06-08 13:17:55.573354] Finished lp event data...
[2023-06-08 13:17:56.346994] Inserting snapshots data...
[2023-06-08 13:17:56.359177] Finished snapshots data...
[2023-06-08 13:17:56.359197] Finished pool Curve.fi Factory Plain Pool: stETH concentrated.

[2023-06-08 13:17:56.359205] Backfilling pool Curve.fi Factory Crypto Pool: cbETH/ETH.
[2023-06-08 13:17:56.359212] Pools Curve.fi Factory Crypto Pool: cbETH/ETH was created after the end date. Skipping...

[2023-06-08 13:17:56.359218] Backfilling pool Curve.fi Factory Plain Pool: cvxCrv/Crv.
[2023-06-08 13:17:56.359223] Pools Curve.fi Factory Plain Pool: cvxCrv/Crv was created after the end date. Skipping...

[2023-06-08 13:17:56.359232] Backfilling token LUSD OHLCV using chainlink.
Found the closest round: 18446744073709555995, at 2022-08-05 23:04:50.
Number of iterations: 14
[2023-06-08 13:18:16.059949] Inserting OHLCV.
[2023-06-08 13:18:16.241882] Backfilling token FRAX OHLCV using chainlink.
Found the closest round: 18446744073709555987, at 2022-08-05 23:45:22.
Number of iterations: 14
[2023-06-08 13:18:35.725307] Inserting OHLCV.
[2023-06-08 13:18:35.904329] Backfilling token MIM OHLCV using ccxt.
Using Bitfinex for MIM/USD.

[2023-06-08 13:18:43.823115] Inserting OHLCV.
[2023-06-08 13:18:47.314674] Backfilling token USDC OHLCV using ccxt.
Using Binance US for USDC/USD.

[2023-06-08 13:18:49.672649] Inserting OHLCV.
[2023-06-08 13:18:57.416837] Backfilling token stETH OHLCV using chainlink.
Found the closest round: 18446744073709561564, at 2022-08-05 23:17:35.
Number of iterations: 14
[2023-06-08 13:19:17.336230] Inserting OHLCV.
[2023-06-08 13:19:17.528999] cbETH only indexed from 1661444040 (2022 12:14:00 PM GMT-04:00 DST). Skipping...
[2023-06-08 13:19:17.529042] Backfilling token ETH OHLCV using ccxt.
Using Binance US for ETH/USD.

[2023-06-08 13:19:19.600370] Inserting OHLCV.
[2023-06-08 13:19:27.459915] Backfilling token DAI OHLCV using ccxt.
Using Binance US for DAI/USD.

[2023-06-08 13:19:29.495475] Inserting OHLCV.
[2023-06-08 13:19:37.087347] Backfilling token BUSD OHLCV using chainlink.
Found the closest round: 18446744073709552118, at 2022-08-05 10:24:19.
Number of iterations: 9
[2023-06-08 13:19:46.776097] Inserting OHLCV.
[2023-06-08 13:19:46.793589] Backfilling token sUSD OHLCV using chainlink.
Found the closest round: 18446744073709552759, at 2022-08-05 12:09:09.
Number of iterations: 11
[2023-06-08 13:19:58.992477] Inserting OHLCV.
[2023-06-08 13:19:59.024807] WETH assumed to be = ETH. Skipping...

[2023-06-08 13:19:59.024833] Backfilling token cvxCRV OHLCV using curveswaps.
[2023-06-08 13:19:59.045278] Inserting OHLCV.
[2023-06-08 13:19:59.045317] No price data for token cvxCRV at this time.

[2023-06-08 13:19:59.045328] Backfilling token USDT OHLCV using ccxt.
Using Binance US for USDT/USD.

[2023-06-08 13:20:01.340398] Inserting OHLCV.
[2023-06-08 13:20:09.199572] Backfilling token USDN OHLCV using chainlink.
Found the closest round: 314, at 2022-08-05 16:39:37.
Number of iterations: 9
[2023-06-08 13:20:18.919661] Inserting OHLCV.
[2023-06-08 13:20:18.935224] Backfilling token frxETH OHLCV using curveswaps.
[2023-06-08 13:20:18.950986] Inserting OHLCV.
[2023-06-08 13:20:18.951023] No price data for token frxETH at this time.

[2023-06-08 13:20:18.951032] UST only indexed up to 1653667380 (2022-05-27 12:03:00 PM GMT-04:00 DST). Setting end time to 2022-08-13 00:00:03.
[2023-06-08 13:20:18.951043] Backfilling token UST OHLCV using ccxt.
Using Coinbase Pro for UST/USD.

[2023-06-08 13:20:18.953606] Inserting OHLCV.
[2023-06-08 13:20:18.953624] No price data for token UST at this time.

[2023-06-08 13:20:18.953634] 3Crv uses pool virtual price. Skipping...

[2023-06-08 13:20:18.953643] Backfilling token CRV OHLCV using ccxt.
Using Binance US for CRV/USD.

[2023-06-08 13:20:21.264915] Inserting OHLCV.
[2023-06-08 13:20:29.003409] Done :)
