
[2023-06-08 17:30:34.456598] Starting backfilling process.

[2023-06-08 17:30:35.407773] Backfilling pool Curve.fi ETH/stETH.
[2023-06-08 17:30:35.407830] Start time: 2022-10-14 23:55:11
[2023-06-08 17:30:35.407849] End time: 2022-10-22 00:00:11
[2023-06-08 17:31:36.263626] Inserting pool data...
[2023-06-08 17:32:42.796819] Finished pool data...
[2023-06-08 17:32:49.061981] Inserting swap data...
[2023-06-08 17:32:50.110321] Finished swap data...
[2023-06-08 17:32:56.627207] Inserting lp event data...
[2023-06-08 17:32:56.944893] Finished lp event data...
[2023-06-08 17:32:57.079748] Inserting snapshots data...
[2023-06-08 17:32:57.096666] Finished snapshots data...
[2023-06-08 17:32:57.096826] Finished pool Curve.fi ETH/stETH.

[2023-06-08 17:32:57.096924] Backfilling pool Curve.fi DAI/USDC/USDT.
[2023-06-08 17:32:57.097022] Start time: 2022-10-14 23:55:11
[2023-06-08 17:32:57.097119] End time: 2022-10-22 00:00:11
[2023-06-08 17:33:58.790757] Inserting pool data...
[2023-06-08 17:35:03.866381] Finished pool data...
[2023-06-08 17:35:10.673698] Inserting swap data...
[2023-06-08 17:35:11.861076] Finished swap data...
[2023-06-08 17:35:18.610078] Inserting lp event data...
[2023-06-08 17:35:19.978795] Finished lp event data...
[2023-06-08 17:35:20.132526] Inserting snapshots data...
[2023-06-08 17:35:20.149696] Finished snapshots data...
[2023-06-08 17:35:20.149738] Finished pool Curve.fi DAI/USDC/USDT.

[2023-06-08 17:35:20.149750] Backfilling pool Curve.fi FRAX/USDC.
[2023-06-08 17:35:20.149760] Start time: 2022-10-14 23:55:11
[2023-06-08 17:35:20.149774] End time: 2022-10-22 00:00:11
[2023-06-08 17:36:22.140018] Inserting pool data...
[2023-06-08 17:37:27.733001] Finished pool data...
[2023-06-08 17:37:34.419922] Inserting swap data...
[2023-06-08 17:37:34.501337] Finished swap data...
[2023-06-08 17:37:41.037007] Inserting lp event data...
[2023-06-08 17:37:41.574883] Finished lp event data...
[2023-06-08 17:37:41.836114] Inserting snapshots data...
[2023-06-08 17:37:41.851019] Finished snapshots data...
[2023-06-08 17:37:41.851059] Finished pool Curve.fi FRAX/USDC.

[2023-06-08 17:37:41.851068] Backfilling pool Curve.fi Factory USD Metapool: wormhole v2 UST-3Pool.
[2023-06-08 17:37:41.851076] Start time: 2022-10-14 23:55:11
[2023-06-08 17:37:41.851086] End time: 2022-10-22 00:00:11
[2023-06-08 17:38:45.569141] Inserting pool data...
[2023-06-08 17:39:52.032165] Finished pool data...
[2023-06-08 17:39:58.428675] Inserting swap data...
[2023-06-08 17:39:58.457933] Finished swap data...
[2023-06-08 17:40:04.851319] Inserting lp event data...
[2023-06-08 17:40:04.853271] Finished lp event data...
[2023-06-08 17:40:05.689011] Inserting snapshots data...
[2023-06-08 17:40:05.702230] Finished snapshots data...
[2023-06-08 17:40:05.702380] Finished pool Curve.fi Factory USD Metapool: wormhole v2 UST-3Pool.

[2023-06-08 17:40:05.702592] Backfilling pool Curve.fi USDN/3Crv.
[2023-06-08 17:40:05.702704] Start time: 2022-10-14 23:55:11
[2023-06-08 17:40:05.702803] End time: 2022-10-22 00:00:11
[2023-06-08 17:41:08.166296] Inserting pool data...
[2023-06-08 17:42:13.831240] Finished pool data...
[2023-06-08 17:42:20.876293] Inserting swap data...
[2023-06-08 17:42:20.903222] Finished swap data...
[2023-06-08 17:42:27.496537] Inserting lp event data...
[2023-06-08 17:42:27.504360] Finished lp event data...
[2023-06-08 17:42:28.546326] Inserting snapshots data...
[2023-06-08 17:42:28.558813] Finished snapshots data...
[2023-06-08 17:42:28.558967] Finished pool Curve.fi USDN/3Crv.

[2023-06-08 17:42:28.559064] Backfilling pool Curve.fi Factory USD Metapool: Magic Internet Money 3Pool.
[2023-06-08 17:42:28.559158] Start time: 2022-10-14 23:55:11
[2023-06-08 17:42:28.559254] End time: 2022-10-22 00:00:11
[2023-06-08 17:43:29.920962] Inserting pool data...
[2023-06-08 17:44:34.650637] Finished pool data...
[2023-06-08 17:44:41.562925] Inserting swap data...
[2023-06-08 17:44:41.640948] Finished swap data...
[2023-06-08 17:44:48.330121] Inserting lp event data...
[2023-06-08 17:44:48.379818] Finished lp event data...
[2023-06-08 17:44:48.513625] Inserting snapshots data...
[2023-06-08 17:44:48.528742] Finished snapshots data...
[2023-06-08 17:44:48.528906] Finished pool Curve.fi Factory USD Metapool: Magic Internet Money 3Pool.

[2023-06-08 17:44:48.529002] Backfilling pool Curve.fi DAI/USDC/USDT/sUSD.
[2023-06-08 17:44:48.529097] Start time: 2022-10-14 23:55:11
[2023-06-08 17:44:48.529194] End time: 2022-10-22 00:00:11
[2023-06-08 17:45:49.866019] Inserting pool data...
[2023-06-08 17:46:54.838797] Finished pool data...
[2023-06-08 17:47:01.329956] Inserting swap data...
[2023-06-08 17:47:01.528222] Finished swap data...
[2023-06-08 17:47:10.249589] Inserting lp event data...
[2023-06-08 17:47:10.285793] Finished lp event data...
[2023-06-08 17:47:10.430817] Inserting snapshots data...
[2023-06-08 17:47:10.443711] Finished snapshots data...
[2023-06-08 17:47:10.443748] Finished pool Curve.fi DAI/USDC/USDT/sUSD.

[2023-06-08 17:47:10.443757] Backfilling pool Curve.fi ETH/frxETH.
[2023-06-08 17:47:10.443765] Start time: 2022-10-14 23:55:11
[2023-06-08 17:47:10.443775] End time: 2022-10-22 00:00:11
[2023-06-08 17:48:12.036739] Inserting pool data...
[2023-06-08 17:49:17.390059] Finished pool data...
[2023-06-08 17:49:24.501558] Inserting swap data...
[2023-06-08 17:49:24.503030] Finished swap data...
[2023-06-08 17:49:30.645040] Inserting lp event data...
[2023-06-08 17:49:30.652402] Finished lp event data...
[2023-06-08 17:49:33.134265] Inserting snapshots data...
[2023-06-08 17:49:33.157188] Finished snapshots data...
[2023-06-08 17:49:33.157349] Finished pool Curve.fi ETH/frxETH.

[2023-06-08 17:49:33.157445] Backfilling pool Curve.fi Factory USD Metapool: Liquity.
[2023-06-08 17:49:33.157528] Start time: 2022-10-14 23:55:11
[2023-06-08 17:49:33.157548] End time: 2022-10-22 00:00:11
[2023-06-08 17:50:34.717915] Inserting pool data...
[2023-06-08 17:51:41.867880] Finished pool data...
[2023-06-08 17:51:48.818024] Inserting swap data...
[2023-06-08 17:51:48.958904] Finished swap data...
[2023-06-08 17:51:55.711503] Inserting lp event data...
[2023-06-08 17:51:55.787348] Finished lp event data...
[2023-06-08 17:51:55.901073] Inserting snapshots data...
[2023-06-08 17:51:55.918631] Finished snapshots data...
[2023-06-08 17:51:55.918795] Finished pool Curve.fi Factory USD Metapool: Liquity.

[2023-06-08 17:51:55.918892] Backfilling pool Curve.fi Factory USD Metapool: Binance USD.
[2023-06-08 17:51:55.918987] Start time: 2022-10-14 23:55:11
[2023-06-08 17:51:55.919084] End time: 2022-10-22 00:00:11
[2023-06-08 17:52:59.067164] Inserting pool data...
[2023-06-08 17:54:03.054705] Finished pool data...
[2023-06-08 17:54:09.368582] Inserting swap data...
[2023-06-08 17:54:09.387561] Finished swap data...
[2023-06-08 17:54:16.279859] Inserting lp event data...
[2023-06-08 17:54:16.304742] Finished lp event data...
[2023-06-08 17:54:24.608265] Inserting snapshots data...
[2023-06-08 17:54:24.621610] Finished snapshots data...
[2023-06-08 17:54:24.621653] Finished pool Curve.fi Factory USD Metapool: Binance USD.

[2023-06-08 17:54:24.621663] Backfilling pool Curve.fi Factory Plain Pool: stETH concentrated.
[2023-06-08 17:54:24.621671] Start time: 2022-10-14 23:55:11
[2023-06-08 17:54:24.621682] End time: 2022-10-22 00:00:11
[2023-06-08 17:55:25.751534] Inserting pool data...
[2023-06-08 17:56:30.303444] Finished pool data...
[2023-06-08 17:56:36.797136] Inserting swap data...
[2023-06-08 17:56:36.856390] Finished swap data...
[2023-06-08 17:56:43.413160] Inserting lp event data...
[2023-06-08 17:56:43.426577] Finished lp event data...
[2023-06-08 17:56:43.961442] Inserting snapshots data...
[2023-06-08 17:56:43.976734] Finished snapshots data...
[2023-06-08 17:56:43.976783] Finished pool Curve.fi Factory Plain Pool: stETH concentrated.

[2023-06-08 17:56:43.976793] Backfilling pool Curve.fi Factory Crypto Pool: cbETH/ETH.
[2023-06-08 17:56:43.976801] Start time: 2022-10-14 23:55:11
[2023-06-08 17:56:43.976812] End time: 2022-10-22 00:00:11
[2023-06-08 17:57:46.632733] Inserting pool data...
[2023-06-08 17:58:52.063396] Finished pool data...
[2023-06-08 17:58:59.298481] Inserting swap data...
[2023-06-08 17:58:59.304693] Finished swap data...
[2023-06-08 17:59:05.533908] Inserting lp event data...
[2023-06-08 17:59:05.535142] Finished lp event data...
[2023-06-08 17:59:05.657642] Inserting snapshots data...
[2023-06-08 17:59:05.675794] Finished snapshots data...
[2023-06-08 17:59:05.675835] Finished pool Curve.fi Factory Crypto Pool: cbETH/ETH.

[2023-06-08 17:59:05.675844] Backfilling pool Curve.fi Factory Plain Pool: cvxCrv/Crv.
[2023-06-08 17:59:05.675852] Pools Curve.fi Factory Plain Pool: cvxCrv/Crv was created after the end date. Skipping...

[2023-06-08 17:59:05.675864] Backfilling token LUSD OHLCV using chainlink.
Found the closest round: 18446744073709557684, at 2022-10-14 23:40:35.
Number of iterations: 13
[2023-06-08 17:59:24.866860] Inserting OHLCV.
[2023-06-08 17:59:25.069324] Backfilling token FRAX OHLCV using chainlink.
Found the closest round: 18446744073709557672, at 2022-10-14 23:05:47.
Number of iterations: 13
[2023-06-08 17:59:44.208925] Inserting OHLCV.
[2023-06-08 17:59:44.422639] Backfilling token MIM OHLCV using ccxt.
Using Bitfinex for MIM/USD.

[2023-06-08 17:59:53.254446] Inserting OHLCV.
[2023-06-08 17:59:57.181621] Backfilling token USDC OHLCV using ccxt.
Using Binance US for USDC/USD.

[2023-06-08 17:59:59.283021] Inserting OHLCV.
[2023-06-08 18:00:07.987632] Backfilling token stETH OHLCV using chainlink.
Found the closest round: 18446744073709563436, at 2022-10-14 23:23:59.
Number of iterations: 14
[2023-06-08 18:00:28.406594] Inserting OHLCV.
[2023-06-08 18:00:28.608381] Backfilling token cbETH OHLCV using ccxt.
Using Coinbase Pro for CBETH/USD.

[2023-06-08 18:00:37.854787] Inserting OHLCV.
[2023-06-08 18:00:43.329850] Backfilling token ETH OHLCV using ccxt.
Using Binance US for ETH/USD.

[2023-06-08 18:00:45.511248] Inserting OHLCV.
[2023-06-08 18:00:54.355877] Backfilling token DAI OHLCV using ccxt.
Using Binance US for DAI/USD.

[2023-06-08 18:00:56.424535] Inserting OHLCV.
[2023-06-08 18:01:04.910943] Backfilling token BUSD OHLCV using chainlink.
Found the closest round: 18446744073709552188, at 2022-10-14 10:41:47.
Number of iterations: 9
[2023-06-08 18:01:14.636308] Inserting OHLCV.
[2023-06-08 18:01:14.654234] Backfilling token sUSD OHLCV using chainlink.
Found the closest round: 18446744073709552983, at 2022-10-14 15:28:11.
Number of iterations: 11
[2023-06-08 18:01:26.749435] Inserting OHLCV.
[2023-06-08 18:01:26.784614] WETH assumed to be = ETH. Skipping...

[2023-06-08 18:01:26.784664] Backfilling token cvxCRV OHLCV using curveswaps.
[2023-06-08 18:01:26.811514] Inserting OHLCV.
[2023-06-08 18:01:26.811566] No price data for token cvxCRV at this time.

[2023-06-08 18:01:26.811579] Backfilling token USDT OHLCV using ccxt.
Using Binance US for USDT/USD.

[2023-06-08 18:01:29.184199] Inserting OHLCV.
[2023-06-08 18:01:37.975784] Backfilling token USDN OHLCV using chainlink.
Found the closest round: 392, at 2022-10-14 21:39:11.
Number of iterations: 9
[2023-06-08 18:01:47.760714] Inserting OHLCV.
[2023-06-08 18:01:47.777962] Backfilling token frxETH OHLCV using curveswaps.
[2023-06-08 18:01:47.799498] Inserting OHLCV.
[2023-06-08 18:01:47.799679] No price data for token frxETH at this time.

[2023-06-08 18:01:47.799779] UST only indexed up to 1653667380 (2022-05-27 12:03:00 PM GMT-04:00 DST). Setting end time to 2022-10-22 00:00:11.
[2023-06-08 18:01:47.799879] Backfilling token UST OHLCV using ccxt.
Using Coinbase Pro for UST/USD.

[2023-06-08 18:01:47.802634] Inserting OHLCV.
[2023-06-08 18:01:47.802743] No price data for token UST at this time.

[2023-06-08 18:01:47.802840] 3Crv uses pool virtual price. Skipping...

[2023-06-08 18:01:47.802935] Backfilling token CRV OHLCV using ccxt.
Using Binance US for CRV/USD.

[2023-06-08 18:01:49.945700] Inserting OHLCV.
[2023-06-08 18:01:58.795971] Done :)
