
[2023-06-08 12:35:01.264694] Starting backfilling process.

[2023-06-08 12:35:02.257876] Backfilling pool Curve.fi ETH/stETH.
[2023-06-08 12:35:02.257906] Start time: 2022-07-29 23:55:04
[2023-06-08 12:35:02.257916] End time: 2022-08-06 00:00:07
[2023-06-08 12:35:54.580713] Inserting pool data...
[2023-06-08 12:36:47.006783] Finished pool data...
[2023-06-08 12:36:53.108127] Inserting swap data...
[2023-06-08 12:36:54.246929] Finished swap data...
[2023-06-08 12:37:00.694692] Inserting lp event data...
[2023-06-08 12:37:01.016579] Finished lp event data...
[2023-06-08 12:37:01.130067] Inserting snapshots data...
[2023-06-08 12:37:01.145299] Finished snapshots data...
[2023-06-08 12:37:01.145321] Finished pool Curve.fi ETH/stETH.

[2023-06-08 12:37:01.145329] Backfilling pool Curve.fi DAI/USDC/USDT.
[2023-06-08 12:37:01.145335] Start time: 2022-07-29 23:55:04
[2023-06-08 12:37:01.145344] End time: 2022-08-06 00:00:07
[2023-06-08 12:37:54.899329] Inserting pool data...
[2023-06-08 12:38:47.739217] Finished pool data...
[2023-06-08 12:38:53.519198] Inserting swap data...
[2023-06-08 12:38:54.699930] Finished swap data...
[2023-06-08 12:39:00.160768] Inserting lp event data...
[2023-06-08 12:39:01.864876] Finished lp event data...
[2023-06-08 12:39:02.863694] Inserting snapshots data...
[2023-06-08 12:39:02.879604] Finished snapshots data...
[2023-06-08 12:39:02.879624] Finished pool Curve.fi DAI/USDC/USDT.

[2023-06-08 12:39:02.879632] Backfilling pool Curve.fi FRAX/USDC.
[2023-06-08 12:39:02.879638] Start time: 2022-07-29 23:55:04
[2023-06-08 12:39:02.879647] End time: 2022-08-06 00:00:07
[2023-06-08 12:39:56.460460] Inserting pool data...
[2023-06-08 12:40:48.974410] Finished pool data...
[2023-06-08 12:40:54.863554] Inserting swap data...
[2023-06-08 12:40:54.982216] Finished swap data...
[2023-06-08 12:41:00.832994] Inserting lp event data...
[2023-06-08 12:41:01.375797] Finished lp event data...
[2023-06-08 12:41:01.517632] Inserting snapshots data...
[2023-06-08 12:41:01.529846] Finished snapshots data...
[2023-06-08 12:41:01.529866] Finished pool Curve.fi FRAX/USDC.

[2023-06-08 12:41:01.529873] Backfilling pool Curve.fi Factory USD Metapool: wormhole v2 UST-3Pool.
[2023-06-08 12:41:01.529880] Start time: 2022-07-29 23:55:04
[2023-06-08 12:41:01.529889] End time: 2022-08-06 00:00:07
[2023-06-08 12:41:57.127790] Inserting pool data...
[2023-06-08 12:42:49.522954] Finished pool data...
[2023-06-08 12:42:55.428498] Inserting swap data...
[2023-06-08 12:42:55.448759] Finished swap data...
[2023-06-08 12:43:00.916784] Inserting lp event data...
[2023-06-08 12:43:00.918332] Finished lp event data...
[2023-06-08 12:43:01.997920] Inserting snapshots data...
[2023-06-08 12:43:02.011110] Finished snapshots data...
[2023-06-08 12:43:02.011133] Finished pool Curve.fi Factory USD Metapool: wormhole v2 UST-3Pool.

[2023-06-08 12:43:02.011141] Backfilling pool Curve.fi USDN/3Crv.
[2023-06-08 12:43:02.011147] Start time: 2022-07-29 23:55:04
[2023-06-08 12:43:02.011156] End time: 2022-08-06 00:00:07
[2023-06-08 12:43:55.805351] Inserting pool data...
[2023-06-08 12:44:48.359017] Finished pool data...
[2023-06-08 12:44:54.285908] Inserting swap data...
[2023-06-08 12:44:54.349208] Finished swap data...
[2023-06-08 12:45:00.102215] Inserting lp event data...
[2023-06-08 12:45:00.141568] Finished lp event data...
[2023-06-08 12:45:00.254699] Inserting snapshots data...
[2023-06-08 12:45:00.266877] Finished snapshots data...
[2023-06-08 12:45:00.266896] Finished pool Curve.fi USDN/3Crv.

[2023-06-08 12:45:00.266904] Backfilling pool Curve.fi Factory USD Metapool: Magic Internet Money 3Pool.
[2023-06-08 12:45:00.266910] Start time: 2022-07-29 23:55:04
[2023-06-08 12:45:00.266919] End time: 2022-08-06 00:00:07
[2023-06-08 12:45:55.881417] Inserting pool data...
[2023-06-08 12:46:48.438856] Finished pool data...
[2023-06-08 12:46:54.176010] Inserting swap data...
[2023-06-08 12:46:54.358125] Finished swap data...
[2023-06-08 12:47:00.120138] Inserting lp event data...
[2023-06-08 12:47:00.194403] Finished lp event data...
[2023-06-08 12:47:00.355107] Inserting snapshots data...
[2023-06-08 12:47:00.367071] Finished snapshots data...
[2023-06-08 12:47:00.367090] Finished pool Curve.fi Factory USD Metapool: Magic Internet Money 3Pool.

[2023-06-08 12:47:00.367098] Backfilling pool Curve.fi DAI/USDC/USDT/sUSD.
[2023-06-08 12:47:00.367104] Start time: 2022-07-29 23:55:04
[2023-06-08 12:47:00.367113] End time: 2022-08-06 00:00:07
[2023-06-08 12:47:54.944101] Inserting pool data...
[2023-06-08 12:48:47.783305] Finished pool data...
[2023-06-08 12:48:53.446658] Inserting swap data...
[2023-06-08 12:48:53.602360] Finished swap data...
[2023-06-08 12:48:58.901444] Inserting lp event data...
[2023-06-08 12:48:58.975939] Finished lp event data...
[2023-06-08 12:48:59.092935] Inserting snapshots data...
[2023-06-08 12:48:59.105102] Finished snapshots data...
[2023-06-08 12:48:59.105121] Finished pool Curve.fi DAI/USDC/USDT/sUSD.

[2023-06-08 12:48:59.105128] Backfilling pool Curve.fi ETH/frxETH.
[2023-06-08 12:48:59.105135] Pools Curve.fi ETH/frxETH was created after the end date. Skipping...

[2023-06-08 12:48:59.105141] Backfilling pool Curve.fi Factory USD Metapool: Liquity.
[2023-06-08 12:48:59.105147] Start time: 2022-07-29 23:55:04
[2023-06-08 12:48:59.105156] End time: 2022-08-06 00:00:07
[2023-06-08 12:49:53.936749] Inserting pool data...
[2023-06-08 12:50:46.103229] Finished pool data...
[2023-06-08 12:50:52.057096] Inserting swap data...
[2023-06-08 12:50:52.240086] Finished swap data...
[2023-06-08 12:50:57.927560] Inserting lp event data...
[2023-06-08 12:50:57.979112] Finished lp event data...
[2023-06-08 12:50:58.090194] Inserting snapshots data...
[2023-06-08 12:50:58.109954] Finished snapshots data...
[2023-06-08 12:50:58.109974] Finished pool Curve.fi Factory USD Metapool: Liquity.

[2023-06-08 12:50:58.109982] Backfilling pool Curve.fi Factory USD Metapool: Binance USD.
[2023-06-08 12:50:58.109988] Start time: 2022-07-29 23:55:04
[2023-06-08 12:50:58.109997] End time: 2022-08-06 00:00:07
[2023-06-08 12:51:52.579916] Inserting pool data...
[2023-06-08 12:52:44.876244] Finished pool data...
[2023-06-08 12:52:50.789287] Inserting swap data...
[2023-06-08 12:52:50.815855] Finished swap data...
[2023-06-08 12:52:56.321236] Inserting lp event data...
[2023-06-08 12:52:56.351426] Finished lp event data...
[2023-06-08 12:52:57.373854] Inserting snapshots data...
[2023-06-08 12:52:57.385996] Finished snapshots data...
[2023-06-08 12:52:57.386017] Finished pool Curve.fi Factory USD Metapool: Binance USD.

[2023-06-08 12:52:57.386027] Backfilling pool Curve.fi Factory Plain Pool: stETH concentrated.
[2023-06-08 12:52:57.386033] Start time: 2022-07-29 23:55:04
[2023-06-08 12:52:57.386042] End time: 2022-08-06 00:00:07
[2023-06-08 12:53:51.666794] Inserting pool data...
[2023-06-08 12:54:43.644823] Finished pool data...
[2023-06-08 12:54:49.585554] Inserting swap data...
[2023-06-08 12:54:49.649288] Finished swap data...
[2023-06-08 12:54:54.932096] Inserting lp event data...
[2023-06-08 12:54:54.947757] Finished lp event data...
[2023-06-08 12:54:55.669862] Inserting snapshots data...
[2023-06-08 12:54:55.682354] Finished snapshots data...
[2023-06-08 12:54:55.682374] Finished pool Curve.fi Factory Plain Pool: stETH concentrated.

[2023-06-08 12:54:55.682381] Backfilling pool Curve.fi Factory Crypto Pool: cbETH/ETH.
[2023-06-08 12:54:55.682388] Pools Curve.fi Factory Crypto Pool: cbETH/ETH was created after the end date. Skipping...

[2023-06-08 12:54:55.682394] Backfilling pool Curve.fi Factory Plain Pool: cvxCrv/Crv.
[2023-06-08 12:54:55.682400] Pools Curve.fi Factory Plain Pool: cvxCrv/Crv was created after the end date. Skipping...

[2023-06-08 12:54:55.682409] Backfilling token LUSD OHLCV using chainlink.
Found the closest round: 18446744073709555827, at 2022-07-29 23:37:25.
Number of iterations: 14
[2023-06-08 12:55:15.987059] Inserting OHLCV.
[2023-06-08 12:55:16.165329] Backfilling token FRAX OHLCV using chainlink.
Found the closest round: 18446744073709555817, at 2022-07-29 23:24:19.
Number of iterations: 14
[2023-06-08 12:55:36.077664] Inserting OHLCV.
[2023-06-08 12:55:36.259985] Backfilling token MIM OHLCV using ccxt.
Using Bitfinex for MIM/USD.

[2023-06-08 12:55:44.866610] Inserting OHLCV.
[2023-06-08 12:55:48.294647] Backfilling token USDC OHLCV using ccxt.
Using Binance US for USDC/USD.

[2023-06-08 12:55:50.431232] Inserting OHLCV.
[2023-06-08 12:55:58.178143] Backfilling token stETH OHLCV using chainlink.
Found the closest round: 18446744073709561370, at 2022-07-29 23:10:37.
Number of iterations: 14
[2023-06-08 12:56:18.805773] Inserting OHLCV.
[2023-06-08 12:56:19.017430] cbETH only indexed from 1661444040 (2022 12:14:00 PM GMT-04:00 DST). Skipping...
[2023-06-08 12:56:19.017456] Backfilling token ETH OHLCV using ccxt.
Using Binance US for ETH/USD.

[2023-06-08 12:56:21.098705] Inserting OHLCV.
[2023-06-08 12:56:28.725150] Backfilling token DAI OHLCV using ccxt.
Using Binance US for DAI/USD.

[2023-06-08 12:56:30.749542] Inserting OHLCV.
[2023-06-08 12:56:38.426808] Backfilling token BUSD OHLCV using chainlink.
Found the closest round: 18446744073709552111, at 2022-07-29 10:22:56.
Number of iterations: 9
[2023-06-08 12:56:48.153430] Inserting OHLCV.
[2023-06-08 12:56:48.168642] Backfilling token sUSD OHLCV using chainlink.
Found the closest round: 18446744073709552746, at 2022-07-29 17:17:36.
Number of iterations: 11
[2023-06-08 12:57:00.111588] Inserting OHLCV.
[2023-06-08 12:57:00.132584] WETH assumed to be = ETH. Skipping...

[2023-06-08 12:57:00.132608] Backfilling token cvxCRV OHLCV using curveswaps.
[2023-06-08 12:57:00.155132] Inserting OHLCV.
[2023-06-08 12:57:00.155173] No price data for token cvxCRV at this time.

[2023-06-08 12:57:00.155184] Backfilling token USDT OHLCV using ccxt.
Using Binance US for USDT/USD.

[2023-06-08 12:57:02.478194] Inserting OHLCV.
[2023-06-08 12:57:10.406179] Backfilling token USDN OHLCV using chainlink.
Found the closest round: 307, at 2022-07-29 18:37:32.
Number of iterations: 9
[2023-06-08 12:57:20.158861] Inserting OHLCV.
[2023-06-08 12:57:20.174339] Backfilling token frxETH OHLCV using curveswaps.
[2023-06-08 12:57:20.191643] Inserting OHLCV.
[2023-06-08 12:57:20.191681] No price data for token frxETH at this time.

[2023-06-08 12:57:20.191690] UST only indexed up to 1653667380 (2022-05-27 12:03:00 PM GMT-04:00 DST). Setting end time to 2022-08-06 00:00:07.
[2023-06-08 12:57:20.191702] Backfilling token UST OHLCV using ccxt.
Using Coinbase Pro for UST/USD.

[2023-06-08 12:57:20.194231] Inserting OHLCV.
[2023-06-08 12:57:20.194244] No price data for token UST at this time.

[2023-06-08 12:57:20.194251] 3Crv uses pool virtual price. Skipping...

[2023-06-08 12:57:20.194259] Backfilling token CRV OHLCV using ccxt.
Using Binance US for CRV/USD.

[2023-06-08 12:57:22.277026] Inserting OHLCV.
[2023-06-08 12:57:30.185169] Done :)
