
[2023-06-08 15:05:25.749955] Starting backfilling process.

[2023-06-08 15:05:26.793765] Backfilling pool Curve.fi ETH/stETH.
[2023-06-08 15:05:26.793805] Start time: 2022-09-10 00:00:18
[2023-06-08 15:05:26.793816] End time: 2022-09-17 00:00:11
[2023-06-08 15:06:18.856651] Inserting pool data...
[2023-06-08 15:07:08.889365] Finished pool data...
[2023-06-08 15:07:20.998500] Inserting swap data...
[2023-06-08 15:07:22.663989] Finished swap data...
[2023-06-08 15:07:28.335661] Inserting lp event data...
[2023-06-08 15:07:28.846465] Finished lp event data...
[2023-06-08 15:07:28.973496] Inserting snapshots data...
[2023-06-08 15:07:28.987993] Finished snapshots data...
[2023-06-08 15:07:28.988025] Finished pool Curve.fi ETH/stETH.

[2023-06-08 15:07:28.988035] Backfilling pool Curve.fi DAI/USDC/USDT.
[2023-06-08 15:07:28.988042] Start time: 2022-09-10 00:00:18
[2023-06-08 15:07:28.988052] End time: 2022-09-17 00:00:11
[2023-06-08 15:08:22.751817] Inserting pool data...
[2023-06-08 15:09:13.055901] Finished pool data...
[2023-06-08 15:09:19.746139] Inserting swap data...
[2023-06-08 15:09:21.116015] Finished swap data...
[2023-06-08 15:09:26.968020] Inserting lp event data...
[2023-06-08 15:09:28.558934] Finished lp event data...
[2023-06-08 15:09:29.824761] Inserting snapshots data...
[2023-06-08 15:09:29.836524] Finished snapshots data...
[2023-06-08 15:09:29.836557] Finished pool Curve.fi DAI/USDC/USDT.

[2023-06-08 15:09:29.836566] Backfilling pool Curve.fi FRAX/USDC.
[2023-06-08 15:09:29.836573] Start time: 2022-09-10 00:00:18
[2023-06-08 15:09:29.836584] End time: 2022-09-17 00:00:11
[2023-06-08 15:10:23.716196] Inserting pool data...
[2023-06-08 15:11:13.601701] Finished pool data...
[2023-06-08 15:11:19.579991] Inserting swap data...
[2023-06-08 15:11:19.687382] Finished swap data...
[2023-06-08 15:11:25.314835] Inserting lp event data...
[2023-06-08 15:11:25.634345] Finished lp event data...
[2023-06-08 15:11:25.766436] Inserting snapshots data...
[2023-06-08 15:11:25.779548] Finished snapshots data...
[2023-06-08 15:11:25.779584] Finished pool Curve.fi FRAX/USDC.

[2023-06-08 15:11:25.779593] Backfilling pool Curve.fi Factory USD Metapool: wormhole v2 UST-3Pool.
[2023-06-08 15:11:25.779601] Start time: 2022-09-10 00:00:18
[2023-06-08 15:11:25.779611] End time: 2022-09-17 00:00:11
[2023-06-08 15:12:20.734149] Inserting pool data...
[2023-06-08 15:13:11.895051] Finished pool data...
[2023-06-08 15:13:17.711604] Inserting swap data...
[2023-06-08 15:13:17.751008] Finished swap data...
[2023-06-08 15:13:23.374865] Inserting lp event data...
[2023-06-08 15:13:23.376511] Finished lp event data...
[2023-06-08 15:13:23.493352] Inserting snapshots data...
[2023-06-08 15:13:23.505057] Finished snapshots data...
[2023-06-08 15:13:23.505101] Finished pool Curve.fi Factory USD Metapool: wormhole v2 UST-3Pool.

[2023-06-08 15:13:23.505110] Backfilling pool Curve.fi USDN/3Crv.
[2023-06-08 15:13:23.505118] Start time: 2022-09-10 00:00:18
[2023-06-08 15:13:23.505128] End time: 2022-09-17 00:00:11
[2023-06-08 15:14:17.330500] Inserting pool data...
[2023-06-08 15:15:09.739118] Finished pool data...
[2023-06-08 15:15:16.019296] Inserting swap data...
[2023-06-08 15:15:16.053081] Finished swap data...
[2023-06-08 15:15:21.795637] Inserting lp event data...
[2023-06-08 15:15:21.819081] Finished lp event data...
[2023-06-08 15:15:21.938008] Inserting snapshots data...
[2023-06-08 15:15:21.949462] Finished snapshots data...
[2023-06-08 15:15:21.949505] Finished pool Curve.fi USDN/3Crv.

[2023-06-08 15:15:21.949515] Backfilling pool Curve.fi Factory USD Metapool: Magic Internet Money 3Pool.
[2023-06-08 15:15:21.949523] Start time: 2022-09-10 00:00:18
[2023-06-08 15:15:21.949533] End time: 2022-09-17 00:00:11
[2023-06-08 15:16:16.739658] Inserting pool data...
[2023-06-08 15:17:08.574145] Finished pool data...
[2023-06-08 15:17:14.380417] Inserting swap data...
[2023-06-08 15:17:14.499239] Finished swap data...
[2023-06-08 15:17:20.227486] Inserting lp event data...
[2023-06-08 15:17:20.297028] Finished lp event data...
[2023-06-08 15:17:20.474637] Inserting snapshots data...
[2023-06-08 15:17:20.496352] Finished snapshots data...
[2023-06-08 15:17:20.496395] Finished pool Curve.fi Factory USD Metapool: Magic Internet Money 3Pool.

[2023-06-08 15:17:20.496404] Backfilling pool Curve.fi DAI/USDC/USDT/sUSD.
[2023-06-08 15:17:20.496412] Start time: 2022-09-10 00:00:18
[2023-06-08 15:17:20.496437] End time: 2022-09-17 00:00:11
[2023-06-08 15:18:15.669592] Inserting pool data...
[2023-06-08 15:19:06.166388] Finished pool data...
[2023-06-08 15:19:11.694379] Inserting swap data...
[2023-06-08 15:19:11.943397] Finished swap data...
[2023-06-08 15:19:17.939953] Inserting lp event data...
[2023-06-08 15:19:18.005011] Finished lp event data...
[2023-06-08 15:19:19.206168] Inserting snapshots data...
[2023-06-08 15:19:19.218715] Finished snapshots data...
[2023-06-08 15:19:19.218745] Finished pool Curve.fi DAI/USDC/USDT/sUSD.

[2023-06-08 15:19:19.218754] Backfilling pool Curve.fi ETH/frxETH.
[2023-06-08 15:19:19.218762] Pools Curve.fi ETH/frxETH was created after the end date. Skipping...

[2023-06-08 15:19:19.218768] Backfilling pool Curve.fi Factory USD Metapool: Liquity.
[2023-06-08 15:19:19.218776] Start time: 2022-09-10 00:00:18
[2023-06-08 15:19:19.218786] End time: 2022-09-17 00:00:11
[2023-06-08 15:20:12.499321] Inserting pool data...
[2023-06-08 15:21:08.310746] Finished pool data...
[2023-06-08 15:21:14.769218] Inserting swap data...
[2023-06-08 15:21:15.080967] Finished swap data...
[2023-06-08 15:21:20.854430] Inserting lp event data...
[2023-06-08 15:21:20.872021] Finished lp event data...
[2023-06-08 15:21:21.007589] Inserting snapshots data...
[2023-06-08 15:21:21.019269] Finished snapshots data...
[2023-06-08 15:21:21.019416] Finished pool Curve.fi Factory USD Metapool: Liquity.

[2023-06-08 15:21:21.019514] Backfilling pool Curve.fi Factory USD Metapool: Binance USD.
[2023-06-08 15:21:21.019609] Start time: 2022-09-10 00:00:18
[2023-06-08 15:21:21.019706] End time: 2022-09-17 00:00:11
[2023-06-08 15:22:15.786303] Inserting pool data...
[2023-06-08 15:23:09.808467] Finished pool data...
[2023-06-08 15:23:15.918089] Inserting swap data...
[2023-06-08 15:23:15.949848] Finished swap data...
[2023-06-08 15:23:22.029043] Inserting lp event data...
[2023-06-08 15:23:22.041802] Finished lp event data...
[2023-06-08 15:23:22.999070] Inserting snapshots data...
[2023-06-08 15:23:23.011031] Finished snapshots data...
[2023-06-08 15:23:23.011074] Finished pool Curve.fi Factory USD Metapool: Binance USD.

[2023-06-08 15:23:23.011087] Backfilling pool Curve.fi Factory Plain Pool: stETH concentrated.
[2023-06-08 15:23:23.011100] Start time: 2022-09-10 00:00:18
[2023-06-08 15:23:23.011116] End time: 2022-09-17 00:00:11
[2023-06-08 15:24:17.318958] Inserting pool data...
[2023-06-08 15:25:13.194239] Finished pool data...
[2023-06-08 15:25:19.153831] Inserting swap data...
[2023-06-08 15:25:19.230767] Finished swap data...
[2023-06-08 15:25:24.951653] Inserting lp event data...
[2023-06-08 15:25:24.964825] Finished lp event data...
[2023-06-08 15:25:25.086512] Inserting snapshots data...
[2023-06-08 15:25:25.101202] Finished snapshots data...
[2023-06-08 15:25:25.101240] Finished pool Curve.fi Factory Plain Pool: stETH concentrated.

[2023-06-08 15:25:25.101262] Backfilling pool Curve.fi Factory Crypto Pool: cbETH/ETH.
[2023-06-08 15:25:25.101270] Start time: 2022-09-10 00:00:18
[2023-06-08 15:25:25.101280] End time: 2022-09-17 00:00:11
[2023-06-08 15:26:18.309976] Inserting pool data...
[2023-06-08 15:27:14.089037] Finished pool data...
[2023-06-08 15:27:20.127290] Inserting swap data...
[2023-06-08 15:27:20.154251] Finished swap data...
[2023-06-08 15:27:25.887602] Inserting lp event data...
[2023-06-08 15:27:25.892899] Finished lp event data...
[2023-06-08 15:27:26.030505] Inserting snapshots data...
[2023-06-08 15:27:26.046055] Finished snapshots data...
[2023-06-08 15:27:26.046147] Finished pool Curve.fi Factory Crypto Pool: cbETH/ETH.

[2023-06-08 15:27:26.046167] Backfilling pool Curve.fi Factory Plain Pool: cvxCrv/Crv.
[2023-06-08 15:27:26.046182] Pools Curve.fi Factory Plain Pool: cvxCrv/Crv was created after the end date. Skipping...

[2023-06-08 15:27:26.046217] Backfilling token LUSD OHLCV using chainlink.
Found the closest round: 18446744073709556849, at 2022-09-09 23:05:50.
Number of iterations: 14
[2023-06-08 15:27:46.515304] Inserting OHLCV.
[2023-06-08 15:27:46.719024] Backfilling token FRAX OHLCV using chainlink.
Found the closest round: 18446744073709556836, at 2022-09-09 23:00:21.
Number of iterations: 14
[2023-06-08 15:28:07.241437] Inserting OHLCV.
[2023-06-08 15:28:07.450209] Backfilling token MIM OHLCV using ccxt.
Using Bitfinex for MIM/USD.

[2023-06-08 15:28:12.476049] Inserting OHLCV.
[2023-06-08 15:28:14.141595] Backfilling token USDC OHLCV using ccxt.
Using Binance US for USDC/USD.

[2023-06-08 15:28:16.338800] Inserting OHLCV.
[2023-06-08 15:28:25.192466] Backfilling token stETH OHLCV using chainlink.
Found the closest round: 18446744073709562512, at 2022-09-09 23:05:57.
Number of iterations: 14
[2023-06-08 15:28:46.762426] Inserting OHLCV.
[2023-06-08 15:28:46.995812] Backfilling token cbETH OHLCV using ccxt.
Using Coinbase Pro for CBETH/USD.

[2023-06-08 15:28:56.952672] Inserting OHLCV.
[2023-06-08 15:29:04.023392] Backfilling token ETH OHLCV using ccxt.
Using Binance US for ETH/USD.

[2023-06-08 15:29:06.154220] Inserting OHLCV.
[2023-06-08 15:29:14.854457] Backfilling token DAI OHLCV using ccxt.
Using Binance US for DAI/USD.

[2023-06-08 15:29:16.973303] Inserting OHLCV.
[2023-06-08 15:29:25.477555] Backfilling token BUSD OHLCV using chainlink.
Found the closest round: 18446744073709552153, at 2022-09-09 10:27:42.
Number of iterations: 10
[2023-06-08 15:29:36.306854] Inserting OHLCV.
[2023-06-08 15:29:36.328296] Backfilling token sUSD OHLCV using chainlink.
Found the closest round: 18446744073709552890, at 2022-09-09 09:23:37.
Number of iterations: 11
[2023-06-08 15:29:48.841741] Inserting OHLCV.
[2023-06-08 15:29:48.883422] WETH assumed to be = ETH. Skipping...

[2023-06-08 15:29:48.883599] Backfilling token cvxCRV OHLCV using curveswaps.
[2023-06-08 15:29:48.910016] Inserting OHLCV.
[2023-06-08 15:29:48.910071] No price data for token cvxCRV at this time.

[2023-06-08 15:29:48.910083] Backfilling token USDT OHLCV using ccxt.
Using Binance US for USDT/USD.

[2023-06-08 15:29:51.023059] Inserting OHLCV.
[2023-06-08 15:29:59.476576] Backfilling token USDN OHLCV using chainlink.
Found the closest round: 351, at 2022-09-09 07:05:23.
Number of iterations: 9
[2023-06-08 15:30:09.354451] Inserting OHLCV.
[2023-06-08 15:30:09.370820] Backfilling token frxETH OHLCV using curveswaps.
[2023-06-08 15:30:09.391022] Inserting OHLCV.
[2023-06-08 15:30:09.391080] No price data for token frxETH at this time.

[2023-06-08 15:30:09.391090] UST only indexed up to 1653667380 (2022-05-27 12:03:00 PM GMT-04:00 DST). Setting end time to 2022-09-17 00:00:11.
[2023-06-08 15:30:09.391103] Backfilling token UST OHLCV using ccxt.
Using Coinbase Pro for UST/USD.

[2023-06-08 15:30:09.393733] Inserting OHLCV.
[2023-06-08 15:30:09.393755] No price data for token UST at this time.

[2023-06-08 15:30:09.393764] 3Crv uses pool virtual price. Skipping...

[2023-06-08 15:30:09.393773] Backfilling token CRV OHLCV using ccxt.
Using Binance US for CRV/USD.

[2023-06-08 15:30:11.829765] Inserting OHLCV.
[2023-06-08 15:30:20.253716] Done :)
