
[2023-06-08 05:37:18.653162] Starting backfilling process.

[2023-06-08 05:37:19.752120] Backfilling pool Curve.fi ETH/stETH.
[2023-06-08 05:37:19.752146] Start time: 2022-03-04 23:55:31
[2023-06-08 05:37:19.752157] End time: 2022-03-12 00:00:05
[2023-06-08 05:38:11.157119] Inserting pool data...
[2023-06-08 05:39:03.622603] Finished pool data...
[2023-06-08 05:39:10.282179] Inserting swap data...
[2023-06-08 05:39:10.969179] Finished swap data...
[2023-06-08 05:39:16.261029] Inserting lp event data...
[2023-06-08 05:39:16.543313] Finished lp event data...
[2023-06-08 05:39:16.640644] Inserting snapshots data...
[2023-06-08 05:39:16.654045] Finished snapshots data...
[2023-06-08 05:39:16.654066] Finished pool Curve.fi ETH/stETH.

[2023-06-08 05:39:16.654074] Backfilling pool Curve.fi DAI/USDC/USDT.
[2023-06-08 05:39:16.654081] Start time: 2022-03-04 23:55:31
[2023-06-08 05:39:16.654090] End time: 2022-03-12 00:00:05
[2023-06-08 05:40:09.640630] Inserting pool data...
[2023-06-08 05:41:02.197855] Finished pool data...
[2023-06-08 05:41:07.662736] Inserting swap data...
[2023-06-08 05:41:08.073149] Finished swap data...
[2023-06-08 05:41:13.286792] Inserting lp event data...
[2023-06-08 05:41:16.291807] Finished lp event data...
[2023-06-08 05:41:16.391896] Inserting snapshots data...
[2023-06-08 05:41:16.404185] Finished snapshots data...
[2023-06-08 05:41:16.404208] Finished pool Curve.fi DAI/USDC/USDT.

[2023-06-08 05:41:16.404216] Backfilling pool Curve.fi FRAX/USDC.
[2023-06-08 05:41:16.404222] Pools Curve.fi FRAX/USDC was created after the end date. Skipping...

[2023-06-08 05:41:16.404228] Backfilling pool Curve.fi Factory USD Metapool: wormhole v2 UST-3Pool.
[2023-06-08 05:41:16.404234] Start time: 2022-03-04 23:55:31
[2023-06-08 05:41:16.404243] End time: 2022-03-12 00:00:05
[2023-06-08 05:42:08.513763] Inserting pool data...
[2023-06-08 05:43:01.249242] Finished pool data...
[2023-06-08 05:43:07.054466] Inserting swap data...
[2023-06-08 05:43:07.499269] Finished swap data...
[2023-06-08 05:43:12.740544] Inserting lp event data...
[2023-06-08 05:43:12.845347] Finished lp event data...
[2023-06-08 05:43:13.305192] Inserting snapshots data...
[2023-06-08 05:43:13.317473] Finished snapshots data...
[2023-06-08 05:43:13.317504] Finished pool Curve.fi Factory USD Metapool: wormhole v2 UST-3Pool.

[2023-06-08 05:43:13.317513] Backfilling pool Curve.fi USDN/3Crv.
[2023-06-08 05:43:13.317520] Start time: 2022-03-04 23:55:31
[2023-06-08 05:43:13.317529] End time: 2022-03-12 00:00:05
[2023-06-08 05:44:08.169644] Inserting pool data...
[2023-06-08 05:45:00.664082] Finished pool data...
[2023-06-08 05:45:06.662472] Inserting swap data...
[2023-06-08 05:45:06.720024] Finished swap data...
[2023-06-08 05:45:11.959391] Inserting lp event data...
[2023-06-08 05:45:12.065093] Finished lp event data...
[2023-06-08 05:45:12.167838] Inserting snapshots data...
[2023-06-08 05:45:12.179844] Finished snapshots data...
[2023-06-08 05:45:12.179864] Finished pool Curve.fi USDN/3Crv.

[2023-06-08 05:45:12.179872] Backfilling pool Curve.fi Factory USD Metapool: Magic Internet Money 3Pool.
[2023-06-08 05:45:12.179878] Start time: 2022-03-04 23:55:31
[2023-06-08 05:45:12.179887] End time: 2022-03-12 00:00:05
[2023-06-08 05:46:06.946552] Inserting pool data...
[2023-06-08 05:46:59.443616] Finished pool data...
[2023-06-08 05:47:05.255038] Inserting swap data...
[2023-06-08 05:47:05.561251] Finished swap data...
[2023-06-08 05:47:10.734636] Inserting lp event data...
[2023-06-08 05:47:10.826524] Finished lp event data...
[2023-06-08 05:47:10.926501] Inserting snapshots data...
[2023-06-08 05:47:10.938622] Finished snapshots data...
[2023-06-08 05:47:10.938643] Finished pool Curve.fi Factory USD Metapool: Magic Internet Money 3Pool.

[2023-06-08 05:47:10.938651] Backfilling pool Curve.fi DAI/USDC/USDT/sUSD.
[2023-06-08 05:47:10.938657] Start time: 2022-03-04 23:55:31
[2023-06-08 05:47:10.938666] End time: 2022-03-12 00:00:05
[2023-06-08 05:48:04.337342] Inserting pool data...
[2023-06-08 05:48:56.889469] Finished pool data...
[2023-06-08 05:49:02.383559] Inserting swap data...
[2023-06-08 05:49:02.629270] Finished swap data...
[2023-06-08 05:49:08.093175] Inserting lp event data...
[2023-06-08 05:49:08.129210] Finished lp event data...
[2023-06-08 05:49:09.622392] Inserting snapshots data...
[2023-06-08 05:49:09.644716] Finished snapshots data...
[2023-06-08 05:49:09.644736] Finished pool Curve.fi DAI/USDC/USDT/sUSD.

[2023-06-08 05:49:09.644744] Backfilling pool Curve.fi ETH/frxETH.
[2023-06-08 05:49:09.644750] Pools Curve.fi ETH/frxETH was created after the end date. Skipping...

[2023-06-08 05:49:09.644756] Backfilling pool Curve.fi Factory USD Metapool: Liquity.
[2023-06-08 05:49:09.644762] Start time: 2022-03-04 23:55:31
[2023-06-08 05:49:09.644771] End time: 2022-03-12 00:00:05
[2023-06-08 05:50:04.783131] Inserting pool data...
[2023-06-08 05:50:57.610618] Finished pool data...
[2023-06-08 05:51:03.520290] Inserting swap data...
[2023-06-08 05:51:03.651369] Finished swap data...
[2023-06-08 05:51:09.006494] Inserting lp event data...
[2023-06-08 05:51:09.047652] Finished lp event data...
[2023-06-08 05:51:09.883122] Inserting snapshots data...
[2023-06-08 05:51:09.895362] Finished snapshots data...
[2023-06-08 05:51:09.895382] Finished pool Curve.fi Factory USD Metapool: Liquity.

[2023-06-08 05:51:09.895390] Backfilling pool Curve.fi Factory USD Metapool: Binance USD.
[2023-06-08 05:51:09.895396] Start time: 2022-03-04 23:55:31
[2023-06-08 05:51:09.895405] End time: 2022-03-12 00:00:05
[2023-06-08 05:52:03.872729] Inserting pool data...
[2023-06-08 05:52:56.850878] Finished pool data...
[2023-06-08 05:53:02.545793] Inserting swap data...
[2023-06-08 05:53:02.560299] Finished swap data...
[2023-06-08 05:53:07.717191] Inserting lp event data...
[2023-06-08 05:53:07.731840] Finished lp event data...
[2023-06-08 05:53:07.838632] Inserting snapshots data...
[2023-06-08 05:53:07.850401] Finished snapshots data...
[2023-06-08 05:53:07.850420] Finished pool Curve.fi Factory USD Metapool: Binance USD.

[2023-06-08 05:53:07.850427] Backfilling pool Curve.fi Factory Plain Pool: stETH concentrated.
[2023-06-08 05:53:07.850434] Pools Curve.fi Factory Plain Pool: stETH concentrated was created after the end date. Skipping...

[2023-06-08 05:53:07.850440] Backfilling pool Curve.fi Factory Crypto Pool: cbETH/ETH.
[2023-06-08 05:53:07.850446] Pools Curve.fi Factory Crypto Pool: cbETH/ETH was created after the end date. Skipping...

[2023-06-08 05:53:07.850451] Backfilling pool Curve.fi Factory Plain Pool: cvxCrv/Crv.
[2023-06-08 05:53:07.850457] Pools Curve.fi Factory Plain Pool: cvxCrv/Crv was created after the end date. Skipping...

[2023-06-08 05:53:07.850465] Backfilling token LUSD OHLCV using chainlink.
Found the closest round: 18446744073709552268, at 2022-03-04 23:52:59.
Number of iterations: 14
[2023-06-08 05:53:28.005778] Inserting OHLCV.
[2023-06-08 05:53:28.423294] Backfilling token FRAX OHLCV using chainlink.
Found the closest round: 18446744073709552254, at 2022-03-04 23:34:06.
Number of iterations: 14
[2023-06-08 05:53:48.427338] Inserting OHLCV.
[2023-06-08 05:53:48.609145] Backfilling token MIM OHLCV using ccxt.
Using Bitfinex for MIM/USD.

[2023-06-08 05:53:56.351275] Inserting OHLCV.
[2023-06-08 05:53:59.812951] Backfilling token USDC OHLCV using ccxt.
Using Binance US for USDC/USD.

[2023-06-08 05:54:01.994896] Inserting OHLCV.
[2023-06-08 05:54:09.899408] Backfilling token stETH OHLCV using chainlink.
Found the closest round: 18446744073709557035, at 2022-03-04 23:25:53.
Number of iterations: 14
[2023-06-08 05:54:30.732525] Inserting OHLCV.
[2023-06-08 05:54:30.924600] cbETH only indexed from 1661444040 (2022 12:14:00 PM GMT-04:00 DST). Skipping...
[2023-06-08 05:54:30.924627] Backfilling token ETH OHLCV using ccxt.
Using Binance US for ETH/USD.

[2023-06-08 05:54:33.030724] Inserting OHLCV.
[2023-06-08 05:54:40.641237] Backfilling token DAI OHLCV using ccxt.
Using Binance US for DAI/USD.

[2023-06-08 05:54:42.681825] Inserting OHLCV.
[2023-06-08 05:54:50.457664] Backfilling token BUSD OHLCV using chainlink.
Found the closest round: 18446744073709551947, at 2022-03-04 07:08:37.
Number of iterations: 10
[2023-06-08 05:55:01.231270] Inserting OHLCV.
[2023-06-08 05:55:01.246647] Backfilling token sUSD OHLCV using chainlink.
Found the closest round: 18446744073709552419, at 2022-03-04 10:39:11.
Number of iterations: 11
[2023-06-08 05:55:13.172603] Inserting OHLCV.
[2023-06-08 05:55:13.190431] WETH assumed to be = ETH. Skipping...

[2023-06-08 05:55:13.190455] Backfilling token cvxCRV OHLCV using curveswaps.
[2023-06-08 05:55:13.202606] Inserting OHLCV.
[2023-06-08 05:55:13.202643] No price data for token cvxCRV at this time.

[2023-06-08 05:55:13.202654] Backfilling token USDT OHLCV using ccxt.
Using Binance US for USDT/USD.

[2023-06-08 05:55:15.548904] Inserting OHLCV.
[2023-06-08 05:55:23.303065] Backfilling token USDN OHLCV using chainlink.
Found the closest round: 144, at 2022-03-04 10:46:15.
Number of iterations: 9
[2023-06-08 05:55:33.109832] Inserting OHLCV.
[2023-06-08 05:55:33.125707] Backfilling token frxETH OHLCV using curveswaps.
[2023-06-08 05:55:33.133291] Inserting OHLCV.
[2023-06-08 05:55:33.133320] No price data for token frxETH at this time.

[2023-06-08 05:55:33.133330] Backfilling token UST OHLCV using ccxt.
Using Coinbase Pro for UST/USD.

[2023-06-08 05:55:42.004965] Inserting OHLCV.
[2023-06-08 05:55:45.482474] 3Crv uses pool virtual price. Skipping...

[2023-06-08 05:55:45.482511] Backfilling token CRV OHLCV using ccxt.
Using Binance US for CRV/USD.

[2023-06-08 05:55:47.622414] Inserting OHLCV.
[2023-06-08 05:55:55.316747] Done :)
