
[2023-06-08 17:01:48.155797] Starting backfilling process.

[2023-06-08 17:01:49.295962] Backfilling pool Curve.fi ETH/stETH.
[2023-06-08 17:01:49.296004] Start time: 2022-10-07 23:55:11
[2023-06-08 17:01:49.296015] End time: 2022-10-15 00:00:11
[2023-06-08 17:02:49.586534] Inserting pool data...
[2023-06-08 17:03:54.164863] Finished pool data...
[2023-06-08 17:04:00.450828] Inserting swap data...
[2023-06-08 17:04:01.523022] Finished swap data...
[2023-06-08 17:04:07.795715] Inserting lp event data...
[2023-06-08 17:04:08.134713] Finished lp event data...
[2023-06-08 17:04:08.594831] Inserting snapshots data...
[2023-06-08 17:04:08.609945] Finished snapshots data...
[2023-06-08 17:04:08.610104] Finished pool Curve.fi ETH/stETH.

[2023-06-08 17:04:08.610338] Backfilling pool Curve.fi DAI/USDC/USDT.
[2023-06-08 17:04:08.610438] Start time: 2022-10-07 23:55:11
[2023-06-08 17:04:08.610537] End time: 2022-10-15 00:00:11
[2023-06-08 17:05:09.984529] Inserting pool data...
[2023-06-08 17:06:14.855710] Finished pool data...
[2023-06-08 17:06:22.005843] Inserting swap data...
[2023-06-08 17:06:23.169093] Finished swap data...
[2023-06-08 17:06:29.405747] Inserting lp event data...
[2023-06-08 17:06:30.975190] Finished lp event data...
[2023-06-08 17:06:31.235133] Inserting snapshots data...
[2023-06-08 17:06:31.251901] Finished snapshots data...
[2023-06-08 17:06:31.252042] Finished pool Curve.fi DAI/USDC/USDT.

[2023-06-08 17:06:31.252140] Backfilling pool Curve.fi FRAX/USDC.
[2023-06-08 17:06:31.252235] Start time: 2022-10-07 23:55:11
[2023-06-08 17:06:31.252337] End time: 2022-10-15 00:00:11
[2023-06-08 17:07:33.108103] Inserting pool data...
[2023-06-08 17:08:36.945238] Finished pool data...
[2023-06-08 17:08:43.901526] Inserting swap data...
[2023-06-08 17:08:43.960353] Finished swap data...
[2023-06-08 17:08:50.496066] Inserting lp event data...
[2023-06-08 17:08:50.979470] Finished lp event data...
[2023-06-08 17:08:51.115920] Inserting snapshots data...
[2023-06-08 17:08:51.128978] Finished snapshots data...
[2023-06-08 17:08:51.129016] Finished pool Curve.fi FRAX/USDC.

[2023-06-08 17:08:51.129025] Backfilling pool Curve.fi Factory USD Metapool: wormhole v2 UST-3Pool.
[2023-06-08 17:08:51.129033] Start time: 2022-10-07 23:55:11
[2023-06-08 17:08:51.129043] End time: 2022-10-15 00:00:11
[2023-06-08 17:09:53.249676] Inserting pool data...
[2023-06-08 17:10:58.737517] Finished pool data...
[2023-06-08 17:11:05.337549] Inserting swap data...
[2023-06-08 17:11:05.371797] Finished swap data...
[2023-06-08 17:11:12.303892] Inserting lp event data...
[2023-06-08 17:11:12.306107] Finished lp event data...
[2023-06-08 17:11:12.422475] Inserting snapshots data...
[2023-06-08 17:11:12.435660] Finished snapshots data...
[2023-06-08 17:11:12.435934] Finished pool Curve.fi Factory USD Metapool: wormhole v2 UST-3Pool.

[2023-06-08 17:11:12.436034] Backfilling pool Curve.fi USDN/3Crv.
[2023-06-08 17:11:12.436128] Start time: 2022-10-07 23:55:11
[2023-06-08 17:11:12.436345] End time: 2022-10-15 00:00:11
[2023-06-08 17:12:13.146440] Inserting pool data...
[2023-06-08 17:13:19.010465] Finished pool data...
[2023-06-08 17:13:25.323757] Inserting swap data...
[2023-06-08 17:13:25.391679] Finished swap data...
[2023-06-08 17:13:31.824317] Inserting lp event data...
[2023-06-08 17:13:31.842547] Finished lp event data...
[2023-06-08 17:13:32.113747] Inserting snapshots data...
[2023-06-08 17:13:32.128455] Finished snapshots data...
[2023-06-08 17:13:32.128725] Finished pool Curve.fi USDN/3Crv.

[2023-06-08 17:13:32.128838] Backfilling pool Curve.fi Factory USD Metapool: Magic Internet Money 3Pool.
[2023-06-08 17:13:32.128933] Start time: 2022-10-07 23:55:11
[2023-06-08 17:13:32.129029] End time: 2022-10-15 00:00:11
[2023-06-08 17:14:32.331689] Inserting pool data...
[2023-06-08 17:15:38.279382] Finished pool data...
[2023-06-08 17:15:45.717023] Inserting swap data...
[2023-06-08 17:15:45.836849] Finished swap data...
[2023-06-08 17:15:52.026739] Inserting lp event data...
[2023-06-08 17:15:52.086767] Finished lp event data...
[2023-06-08 17:15:52.510630] Inserting snapshots data...
[2023-06-08 17:15:52.523569] Finished snapshots data...
[2023-06-08 17:15:52.523610] Finished pool Curve.fi Factory USD Metapool: Magic Internet Money 3Pool.

[2023-06-08 17:15:52.523623] Backfilling pool Curve.fi DAI/USDC/USDT/sUSD.
[2023-06-08 17:15:52.523633] Start time: 2022-10-07 23:55:11
[2023-06-08 17:15:52.523647] End time: 2022-10-15 00:00:11
[2023-06-08 17:16:53.764379] Inserting pool data...
[2023-06-08 17:18:00.426120] Finished pool data...
[2023-06-08 17:18:07.653022] Inserting swap data...
[2023-06-08 17:18:07.828275] Finished swap data...
[2023-06-08 17:18:14.268013] Inserting lp event data...
[2023-06-08 17:18:14.328381] Finished lp event data...
[2023-06-08 17:18:14.543337] Inserting snapshots data...
[2023-06-08 17:18:14.559268] Finished snapshots data...
[2023-06-08 17:18:14.559415] Finished pool Curve.fi DAI/USDC/USDT/sUSD.

[2023-06-08 17:18:14.559628] Backfilling pool Curve.fi ETH/frxETH.
[2023-06-08 17:18:14.559738] Start time: 2022-10-14 23:45:11
[2023-06-08 17:18:14.559844] End time: 2022-10-15 00:00:11
[2023-06-08 17:18:14.820361] Inserting pool data...
[2023-06-08 17:18:14.939533] Finished pool data...
[2023-06-08 17:18:15.056068] Inserting swap data...
[2023-06-08 17:18:15.057141] Finished swap data...
[2023-06-08 17:18:15.164462] Inserting lp event data...
[2023-06-08 17:18:15.165330] Finished lp event data...
[2023-06-08 17:18:15.276629] Inserting snapshots data...
[2023-06-08 17:18:15.282003] Finished snapshots data...
[2023-06-08 17:18:15.282038] Finished pool Curve.fi ETH/frxETH.

[2023-06-08 17:18:15.282048] Backfilling pool Curve.fi Factory USD Metapool: Liquity.
[2023-06-08 17:18:15.282055] Start time: 2022-10-07 23:55:11
[2023-06-08 17:18:15.282066] End time: 2022-10-15 00:00:11
[2023-06-08 17:19:14.804370] Inserting pool data...
[2023-06-08 17:20:21.908965] Finished pool data...
[2023-06-08 17:20:29.357738] Inserting swap data...
[2023-06-08 17:20:29.473606] Finished swap data...
[2023-06-08 17:20:36.075575] Inserting lp event data...
[2023-06-08 17:20:36.090514] Finished lp event data...
[2023-06-08 17:20:36.227629] Inserting snapshots data...
[2023-06-08 17:20:36.240652] Finished snapshots data...
[2023-06-08 17:20:36.240808] Finished pool Curve.fi Factory USD Metapool: Liquity.

[2023-06-08 17:20:36.240905] Backfilling pool Curve.fi Factory USD Metapool: Binance USD.
[2023-06-08 17:20:36.240999] Start time: 2022-10-07 23:55:11
[2023-06-08 17:20:36.241097] End time: 2022-10-15 00:00:11
[2023-06-08 17:21:37.212060] Inserting pool data...
[2023-06-08 17:22:43.476443] Finished pool data...
[2023-06-08 17:22:51.255467] Inserting swap data...
[2023-06-08 17:22:51.288764] Finished swap data...
[2023-06-08 17:22:57.584596] Inserting lp event data...
[2023-06-08 17:22:57.602369] Finished lp event data...
[2023-06-08 17:22:58.349006] Inserting snapshots data...
[2023-06-08 17:22:58.364765] Finished snapshots data...
[2023-06-08 17:22:58.364799] Finished pool Curve.fi Factory USD Metapool: Binance USD.

[2023-06-08 17:22:58.364809] Backfilling pool Curve.fi Factory Plain Pool: stETH concentrated.
[2023-06-08 17:22:58.364817] Start time: 2022-10-07 23:55:11
[2023-06-08 17:22:58.364827] End time: 2022-10-15 00:00:11
[2023-06-08 17:24:00.457056] Inserting pool data...
[2023-06-08 17:25:05.941583] Finished pool data...
[2023-06-08 17:25:13.196006] Inserting swap data...
[2023-06-08 17:25:13.249411] Finished swap data...
[2023-06-08 17:25:20.130020] Inserting lp event data...
[2023-06-08 17:25:20.135903] Finished lp event data...
[2023-06-08 17:25:20.269546] Inserting snapshots data...
[2023-06-08 17:25:20.286627] Finished snapshots data...
[2023-06-08 17:25:20.286779] Finished pool Curve.fi Factory Plain Pool: stETH concentrated.

[2023-06-08 17:25:20.286875] Backfilling pool Curve.fi Factory Crypto Pool: cbETH/ETH.
[2023-06-08 17:25:20.287108] Start time: 2022-10-07 23:55:11
[2023-06-08 17:25:20.287210] End time: 2022-10-15 00:00:11
[2023-06-08 17:26:22.184034] Inserting pool data...
[2023-06-08 17:27:28.913969] Finished pool data...
[2023-06-08 17:27:35.321056] Inserting swap data...
[2023-06-08 17:27:35.336638] Finished swap data...
[2023-06-08 17:27:41.904989] Inserting lp event data...
[2023-06-08 17:27:41.906208] Finished lp event data...
[2023-06-08 17:27:42.273103] Inserting snapshots data...
[2023-06-08 17:27:42.290758] Finished snapshots data...
[2023-06-08 17:27:42.291051] Finished pool Curve.fi Factory Crypto Pool: cbETH/ETH.

[2023-06-08 17:27:42.291153] Backfilling pool Curve.fi Factory Plain Pool: cvxCrv/Crv.
[2023-06-08 17:27:42.291246] Pools Curve.fi Factory Plain Pool: cvxCrv/Crv was created after the end date. Skipping...

[2023-06-08 17:27:42.291343] Backfilling token LUSD OHLCV using chainlink.
Found the closest round: 18446744073709557517, at 2022-10-07 23:13:23.
Number of iterations: 14
[2023-06-08 17:28:02.319187] Inserting OHLCV.
[2023-06-08 17:28:02.521784] Backfilling token FRAX OHLCV using chainlink.
Found the closest round: 18446744073709557506, at 2022-10-07 23:41:59.
Number of iterations: 13
[2023-06-08 17:28:21.265221] Inserting OHLCV.
[2023-06-08 17:28:21.471054] Backfilling token MIM OHLCV using ccxt.
Using Bitfinex for MIM/USD.

[2023-06-08 17:28:27.232899] Inserting OHLCV.
[2023-06-08 17:28:29.608037] Backfilling token USDC OHLCV using ccxt.
Using Binance US for USDC/USD.

[2023-06-08 17:28:31.753746] Inserting OHLCV.
[2023-06-08 17:28:40.484374] Backfilling token stETH OHLCV using chainlink.
Found the closest round: 18446744073709563262, at 2022-10-07 23:34:47.
Number of iterations: 14
[2023-06-08 17:29:00.331344] Inserting OHLCV.
[2023-06-08 17:29:00.544989] Backfilling token cbETH OHLCV using ccxt.
Using Coinbase Pro for CBETH/USD.

[2023-06-08 17:29:09.846797] Inserting OHLCV.
[2023-06-08 17:29:15.494107] Backfilling token ETH OHLCV using ccxt.
Using Binance US for ETH/USD.

[2023-06-08 17:29:17.629667] Inserting OHLCV.
[2023-06-08 17:29:26.207482] Backfilling token DAI OHLCV using ccxt.
Using Binance US for DAI/USD.

[2023-06-08 17:29:28.305136] Inserting OHLCV.
[2023-06-08 17:29:37.497824] Backfilling token BUSD OHLCV using chainlink.
Found the closest round: 18446744073709552181, at 2022-10-07 10:38:47.
Number of iterations: 10
[2023-06-08 17:29:48.249664] Inserting OHLCV.
[2023-06-08 17:29:48.270056] Backfilling token sUSD OHLCV using chainlink.
Found the closest round: 18446744073709552973, at 2022-10-07 16:32:59.
Number of iterations: 11
[2023-06-08 17:30:00.415269] Inserting OHLCV.
[2023-06-08 17:30:00.433795] WETH assumed to be = ETH. Skipping...

[2023-06-08 17:30:00.433842] Backfilling token cvxCRV OHLCV using curveswaps.
[2023-06-08 17:30:00.460086] Inserting OHLCV.
[2023-06-08 17:30:00.460140] No price data for token cvxCRV at this time.

[2023-06-08 17:30:00.460152] Backfilling token USDT OHLCV using ccxt.
Using Binance US for USDT/USD.

[2023-06-08 17:30:02.842297] Inserting OHLCV.
[2023-06-08 17:30:11.197290] Backfilling token USDN OHLCV using chainlink.
Found the closest round: 384, at 2022-10-07 23:26:35.
Number of iterations: 9
[2023-06-08 17:30:21.010052] Inserting OHLCV.
[2023-06-08 17:30:21.029117] Backfilling token frxETH OHLCV using curveswaps.
[2023-06-08 17:30:21.053725] Inserting OHLCV.
[2023-06-08 17:30:21.053910] No price data for token frxETH at this time.

[2023-06-08 17:30:21.053928] UST only indexed up to 1653667380 (2022-05-27 12:03:00 PM GMT-04:00 DST). Setting end time to 2022-10-15 00:00:11.
[2023-06-08 17:30:21.053941] Backfilling token UST OHLCV using ccxt.
Using Coinbase Pro for UST/USD.

[2023-06-08 17:30:21.056575] Inserting OHLCV.
[2023-06-08 17:30:21.056696] No price data for token UST at this time.

[2023-06-08 17:30:21.056794] 3Crv uses pool virtual price. Skipping...

[2023-06-08 17:30:21.056891] Backfilling token CRV OHLCV using ccxt.
Using Binance US for CRV/USD.

[2023-06-08 17:30:23.226372] Inserting OHLCV.
[2023-06-08 17:30:32.155649] Done :)
