
[2023-06-08 23:27:14.288773] Starting backfilling process.

[2023-06-08 23:27:15.184596] Backfilling pool Curve.fi ETH/stETH.
[2023-06-08 23:27:15.184645] Start time: 2022-12-30 23:55:11
[2023-06-08 23:27:15.184657] End time: 2023-01-07 00:00:11
[2023-06-08 23:28:15.324377] Inserting pool data...
[2023-06-08 23:29:26.452388] Finished pool data...
[2023-06-08 23:29:32.728113] Inserting swap data...
[2023-06-08 23:29:34.015299] Finished swap data...
[2023-06-08 23:29:40.419239] Inserting lp event data...
[2023-06-08 23:29:40.897239] Finished lp event data...
[2023-06-08 23:29:41.011464] Inserting snapshots data...
[2023-06-08 23:29:41.041269] Finished snapshots data...
[2023-06-08 23:29:41.041315] Finished pool Curve.fi ETH/stETH.

[2023-06-08 23:29:41.041324] Backfilling pool Curve.fi DAI/USDC/USDT.
[2023-06-08 23:29:41.041332] Start time: 2022-12-30 23:55:11
[2023-06-08 23:29:41.041344] End time: 2023-01-07 00:00:11
[2023-06-08 23:30:41.570553] Inserting pool data...
[2023-06-08 23:31:50.942008] Finished pool data...
[2023-06-08 23:31:57.811549] Inserting swap data...
[2023-06-08 23:31:59.494325] Finished swap data...
[2023-06-08 23:32:05.905234] Inserting lp event data...
[2023-06-08 23:32:07.206208] Finished lp event data...
[2023-06-08 23:32:07.309228] Inserting snapshots data...
[2023-06-08 23:32:07.322362] Finished snapshots data...
[2023-06-08 23:32:07.322403] Finished pool Curve.fi DAI/USDC/USDT.

[2023-06-08 23:32:07.322416] Backfilling pool Curve.fi FRAX/USDC.
[2023-06-08 23:32:07.322426] Start time: 2022-12-30 23:55:11
[2023-06-08 23:32:07.322441] End time: 2023-01-07 00:00:11
[2023-06-08 23:33:08.202059] Inserting pool data...
[2023-06-08 23:34:17.073277] Finished pool data...
[2023-06-08 23:34:24.130820] Inserting swap data...
[2023-06-08 23:34:24.279797] Finished swap data...
[2023-06-08 23:34:32.867957] Inserting lp event data...
[2023-06-08 23:34:33.516544] Finished lp event data...
[2023-06-08 23:34:33.632591] Inserting snapshots data...
[2023-06-08 23:34:33.646464] Finished snapshots data...
[2023-06-08 23:34:33.646510] Finished pool Curve.fi FRAX/USDC.

[2023-06-08 23:34:33.646519] Backfilling pool Curve.fi Factory USD Metapool: wormhole v2 UST-3Pool.
[2023-06-08 23:34:33.646528] Start time: 2022-12-30 23:55:11
[2023-06-08 23:34:33.646538] End time: 2023-01-07 00:00:11
[2023-06-08 23:35:35.476533] Inserting pool data...
[2023-06-08 23:36:40.692259] Finished pool data...
[2023-06-08 23:36:47.490712] Inserting swap data...
[2023-06-08 23:36:47.521751] Finished swap data...
[2023-06-08 23:36:54.119468] Inserting lp event data...
[2023-06-08 23:36:54.121247] Finished lp event data...
[2023-06-08 23:36:54.236566] Inserting snapshots data...
[2023-06-08 23:36:54.249724] Finished snapshots data...
[2023-06-08 23:36:54.249763] Finished pool Curve.fi Factory USD Metapool: wormhole v2 UST-3Pool.

[2023-06-08 23:36:54.249776] Backfilling pool Curve.fi USDN/3Crv.
[2023-06-08 23:36:54.249786] Start time: 2022-12-30 23:55:11
[2023-06-08 23:36:54.249800] End time: 2023-01-07 00:00:11
[2023-06-08 23:37:54.990036] Inserting pool data...
[2023-06-08 23:39:01.952384] Finished pool data...
[2023-06-08 23:39:08.778738] Inserting swap data...
[2023-06-08 23:39:08.944243] Finished swap data...
[2023-06-08 23:39:15.805457] Inserting lp event data...
[2023-06-08 23:39:15.837027] Finished lp event data...
[2023-06-08 23:39:15.948341] Inserting snapshots data...
[2023-06-08 23:39:15.961099] Finished snapshots data...
[2023-06-08 23:39:15.961250] Finished pool Curve.fi USDN/3Crv.

[2023-06-08 23:39:15.961266] Backfilling pool Curve.fi Factory USD Metapool: Magic Internet Money 3Pool.
[2023-06-08 23:39:15.961274] Start time: 2022-12-30 23:55:11
[2023-06-08 23:39:15.961284] End time: 2023-01-07 00:00:11
[2023-06-08 23:40:17.056852] Inserting pool data...
[2023-06-08 23:41:25.967159] Finished pool data...
[2023-06-08 23:41:32.487621] Inserting swap data...
[2023-06-08 23:41:32.531982] Finished swap data...
[2023-06-08 23:41:38.935592] Inserting lp event data...
[2023-06-08 23:41:38.999665] Finished lp event data...
[2023-06-08 23:41:39.107438] Inserting snapshots data...
[2023-06-08 23:41:39.126324] Finished snapshots data...
[2023-06-08 23:41:39.126365] Finished pool Curve.fi Factory USD Metapool: Magic Internet Money 3Pool.

[2023-06-08 23:41:39.126375] Backfilling pool Curve.fi DAI/USDC/USDT/sUSD.
[2023-06-08 23:41:39.126382] Start time: 2022-12-30 23:55:11
[2023-06-08 23:41:39.126392] End time: 2023-01-07 00:00:11
[2023-06-08 23:42:39.465146] Inserting pool data...
[2023-06-08 23:43:46.307897] Finished pool data...
[2023-06-08 23:43:52.751956] Inserting swap data...
[2023-06-08 23:43:53.090927] Finished swap data...
[2023-06-08 23:43:59.849480] Inserting lp event data...
[2023-06-08 23:43:59.898015] Finished lp event data...
[2023-06-08 23:44:00.017189] Inserting snapshots data...
[2023-06-08 23:44:00.032891] Finished snapshots data...
[2023-06-08 23:44:00.032937] Finished pool Curve.fi DAI/USDC/USDT/sUSD.

[2023-06-08 23:44:00.032946] Backfilling pool Curve.fi ETH/frxETH.
[2023-06-08 23:44:00.032953] Start time: 2022-12-30 23:55:11
[2023-06-08 23:44:00.032964] End time: 2023-01-07 00:00:11
[2023-06-08 23:45:01.240344] Inserting pool data...
[2023-06-08 23:46:07.498713] Finished pool data...
[2023-06-08 23:46:14.129121] Inserting swap data...
[2023-06-08 23:46:14.176732] Finished swap data...
[2023-06-08 23:46:20.661497] Inserting lp event data...
[2023-06-08 23:46:20.764899] Finished lp event data...
[2023-06-08 23:46:20.876765] Inserting snapshots data...
[2023-06-08 23:46:20.889902] Finished snapshots data...
[2023-06-08 23:46:20.889945] Finished pool Curve.fi ETH/frxETH.

[2023-06-08 23:46:20.889954] Backfilling pool Curve.fi Factory USD Metapool: Liquity.
[2023-06-08 23:46:20.889962] Start time: 2022-12-30 23:55:11
[2023-06-08 23:46:20.889972] End time: 2023-01-07 00:00:11
[2023-06-08 23:49:26.083528] Inserting pool data...
[2023-06-08 23:50:35.870015] Finished pool data...
[2023-06-08 23:50:42.184956] Inserting swap data...
[2023-06-08 23:50:42.310388] Finished swap data...
[2023-06-08 23:50:49.047282] Inserting lp event data...
[2023-06-08 23:50:49.202454] Finished lp event data...
[2023-06-08 23:50:49.391893] Inserting snapshots data...
[2023-06-08 23:50:49.404730] Finished snapshots data...
[2023-06-08 23:50:49.404858] Finished pool Curve.fi Factory USD Metapool: Liquity.

[2023-06-08 23:50:49.404955] Backfilling pool Curve.fi Factory USD Metapool: Binance USD.
[2023-06-08 23:50:49.405050] Start time: 2022-12-30 23:55:11
[2023-06-08 23:50:49.405149] End time: 2023-01-07 00:00:11
[2023-06-08 23:51:49.591841] Inserting pool data...
[2023-06-08 23:52:57.626238] Finished pool data...
[2023-06-08 23:53:05.059119] Inserting swap data...
[2023-06-08 23:53:05.090898] Finished swap data...
[2023-06-08 23:53:11.141598] Inserting lp event data...
[2023-06-08 23:53:11.162970] Finished lp event data...
[2023-06-08 23:53:11.269842] Inserting snapshots data...
[2023-06-08 23:53:11.283417] Finished snapshots data...
[2023-06-08 23:53:11.283470] Finished pool Curve.fi Factory USD Metapool: Binance USD.

[2023-06-08 23:53:11.283483] Backfilling pool Curve.fi Factory Plain Pool: stETH concentrated.
[2023-06-08 23:53:11.283493] Start time: 2022-12-30 23:55:11
[2023-06-08 23:53:11.283507] End time: 2023-01-07 00:00:11
[2023-06-08 23:55:14.188421] Inserting pool data...
[2023-06-08 23:56:20.197640] Finished pool data...
[2023-06-08 23:56:33.224587] Inserting swap data...
[2023-06-08 23:56:33.289801] Finished swap data...
[2023-06-08 23:56:39.451413] Inserting lp event data...
[2023-06-08 23:56:39.473364] Finished lp event data...
[2023-06-08 23:56:39.615007] Inserting snapshots data...
[2023-06-08 23:56:39.628481] Finished snapshots data...
[2023-06-08 23:56:39.628524] Finished pool Curve.fi Factory Plain Pool: stETH concentrated.

[2023-06-08 23:56:39.628533] Backfilling pool Curve.fi Factory Crypto Pool: cbETH/ETH.
[2023-06-08 23:56:39.628541] Start time: 2022-12-30 23:55:11
[2023-06-08 23:56:39.628552] End time: 2023-01-07 00:00:11
[2023-06-08 23:57:41.993709] Inserting pool data...
[2023-06-08 23:58:49.724974] Finished pool data...
[2023-06-08 23:58:56.953519] Inserting swap data...
[2023-06-08 23:58:57.017855] Finished swap data...
[2023-06-08 23:59:04.216026] Inserting lp event data...
[2023-06-08 23:59:04.240536] Finished lp event data...
[2023-06-08 23:59:04.359523] Inserting snapshots data...
[2023-06-08 23:59:04.377601] Finished snapshots data...
[2023-06-08 23:59:04.377638] Finished pool Curve.fi Factory Crypto Pool: cbETH/ETH.

[2023-06-08 23:59:04.377647] Backfilling pool Curve.fi Factory Plain Pool: cvxCrv/Crv.
[2023-06-08 23:59:04.377655] Pools Curve.fi Factory Plain Pool: cvxCrv/Crv was created after the end date. Skipping...

[2023-06-08 23:59:04.377666] Backfilling token LUSD OHLCV using chainlink.
Found the closest round: 18446744073709559525, at 2022-12-30 23:44:47.
Number of iterations: 14
[2023-06-08 23:59:23.563915] Inserting OHLCV.
[2023-06-08 23:59:23.741308] Backfilling token FRAX OHLCV using chainlink.
Found the closest round: 18446744073709559508, at 2022-12-30 23:08:11.
Number of iterations: 14
[2023-06-08 23:59:42.879228] Inserting OHLCV.
[2023-06-08 23:59:43.081771] Backfilling token MIM OHLCV using ccxt.
Using Bitfinex for MIM/USD.

[2023-06-08 23:59:51.874493] Inserting OHLCV.
[2023-06-08 23:59:56.178865] Backfilling token USDC OHLCV using ccxt.
Using Binance US for USDC/USD.

[2023-06-08 23:59:58.328190] Inserting OHLCV.
[2023-06-09 00:00:07.433840] Backfilling token stETH OHLCV using chainlink.
Found the closest round: 18446744073709565457, at 2022-12-30 23:09:23.
Number of iterations: 14
[2023-06-09 00:00:26.651852] Inserting OHLCV.
[2023-06-09 00:00:26.869132] Backfilling token cbETH OHLCV using ccxt.
Using Coinbase Pro for CBETH/USD.

[2023-06-09 00:00:36.120943] Inserting OHLCV.
[2023-06-09 00:00:41.882239] Backfilling token ETH OHLCV using ccxt.
Using Binance US for ETH/USD.

[2023-06-09 00:00:44.036637] Inserting OHLCV.
[2023-06-09 00:00:53.429148] Backfilling token DAI OHLCV using ccxt.
Using Binance US for DAI/USD.

[2023-06-09 00:00:55.470826] Inserting OHLCV.
[2023-06-09 00:01:04.151253] Backfilling token BUSD OHLCV using chainlink.
Found the closest round: 18446744073709552274, at 2022-12-30 13:56:11.
Number of iterations: 10
[2023-06-09 00:01:14.852100] Inserting OHLCV.
[2023-06-09 00:01:14.871523] Backfilling token sUSD OHLCV using chainlink.
Found the closest round: 18446744073709553278, at 2022-12-30 09:31:11.
Number of iterations: 11
[2023-06-09 00:01:26.654121] Inserting OHLCV.
[2023-06-09 00:01:26.672106] WETH assumed to be = ETH. Skipping...

[2023-06-09 00:01:26.672145] Backfilling token cvxCRV OHLCV using curveswaps.
[2023-06-09 00:01:26.702570] Inserting OHLCV.
[2023-06-09 00:01:26.702621] No price data for token cvxCRV at this time.

[2023-06-09 00:01:26.702633] Backfilling token USDT OHLCV using ccxt.
Using Binance US for USDT/USD.

[2023-06-09 00:01:29.138573] Inserting OHLCV.
[2023-06-09 00:01:37.955198] Backfilling token USDN OHLCV using chainlink.
Found the closest round: 471, at 2022-12-30 00:29:11.
Number of iterations: 9
[2023-06-09 00:01:47.654711] Inserting OHLCV.
[2023-06-09 00:01:47.673016] Backfilling token frxETH OHLCV using curveswaps.
[2023-06-09 00:01:47.734578] Inserting OHLCV.
[2023-06-09 00:01:47.782107] UST only indexed up to 1653667380 (2022-05-27 12:03:00 PM GMT-04:00 DST). Setting end time to 2023-01-07 00:00:11.
[2023-06-09 00:01:47.782175] Backfilling token UST OHLCV using ccxt.
Using Coinbase Pro for UST/USD.

[2023-06-09 00:01:47.786033] Inserting OHLCV.
[2023-06-09 00:01:47.786066] No price data for token UST at this time.

[2023-06-09 00:01:47.786080] 3Crv uses pool virtual price. Skipping...

[2023-06-09 00:01:47.786093] Backfilling token CRV OHLCV using ccxt.
Using Binance US for CRV/USD.

[2023-06-09 00:01:49.873084] Inserting OHLCV.
[2023-06-09 00:01:58.911404] Done :)
