
[2023-06-08 05:18:33.797812] Starting backfilling process.

[2023-06-08 05:18:35.445063] Backfilling pool Curve.fi ETH/stETH.
[2023-06-08 05:18:35.445095] Start time: 2022-02-25 23:55:06
[2023-06-08 05:18:35.445105] End time: 2022-03-05 00:00:30
[2023-06-08 05:19:26.609829] Inserting pool data...
[2023-06-08 05:20:20.188626] Finished pool data...
[2023-06-08 05:20:26.265890] Inserting swap data...
[2023-06-08 05:20:26.777347] Finished swap data...
[2023-06-08 05:20:32.188220] Inserting lp event data...
[2023-06-08 05:20:32.353817] Finished lp event data...
[2023-06-08 05:20:32.460771] Inserting snapshots data...
[2023-06-08 05:20:32.473897] Finished snapshots data...
[2023-06-08 05:20:32.473916] Finished pool Curve.fi ETH/stETH.

[2023-06-08 05:20:32.473924] Backfilling pool Curve.fi DAI/USDC/USDT.
[2023-06-08 05:20:32.473930] Start time: 2022-02-25 23:55:06
[2023-06-08 05:20:32.473939] End time: 2022-03-05 00:00:30
[2023-06-08 05:21:30.023404] Inserting pool data...
[2023-06-08 05:22:23.292106] Finished pool data...
[2023-06-08 05:22:28.923749] Inserting swap data...
[2023-06-08 05:22:29.383304] Finished swap data...
[2023-06-08 05:22:35.061332] Inserting lp event data...
[2023-06-08 05:22:37.595900] Finished lp event data...
[2023-06-08 05:22:37.784875] Inserting snapshots data...
[2023-06-08 05:22:37.799771] Finished snapshots data...
[2023-06-08 05:22:37.799790] Finished pool Curve.fi DAI/USDC/USDT.

[2023-06-08 05:22:37.799797] Backfilling pool Curve.fi FRAX/USDC.
[2023-06-08 05:22:37.799804] Pools Curve.fi FRAX/USDC was created after the end date. Skipping...

[2023-06-08 05:22:37.799810] Backfilling pool Curve.fi Factory USD Metapool: wormhole v2 UST-3Pool.
[2023-06-08 05:22:37.799816] Start time: 2022-02-25 23:55:06
[2023-06-08 05:22:37.799824] End time: 2022-03-05 00:00:30
[2023-06-08 05:23:31.956888] Inserting pool data...
[2023-06-08 05:24:25.172969] Finished pool data...
[2023-06-08 05:24:31.041985] Inserting swap data...
[2023-06-08 05:24:31.268268] Finished swap data...
[2023-06-08 05:24:36.760906] Inserting lp event data...
[2023-06-08 05:24:36.852932] Finished lp event data...
[2023-06-08 05:24:37.052168] Inserting snapshots data...
[2023-06-08 05:24:37.064402] Finished snapshots data...
[2023-06-08 05:24:37.064420] Finished pool Curve.fi Factory USD Metapool: wormhole v2 UST-3Pool.

[2023-06-08 05:24:37.064428] Backfilling pool Curve.fi USDN/3Crv.
[2023-06-08 05:24:37.064434] Start time: 2022-02-25 23:55:06
[2023-06-08 05:24:37.064444] End time: 2022-03-05 00:00:30
[2023-06-08 05:25:29.935870] Inserting pool data...
[2023-06-08 05:26:23.473061] Finished pool data...
[2023-06-08 05:26:28.870724] Inserting swap data...
[2023-06-08 05:26:28.928001] Finished swap data...
[2023-06-08 05:26:35.122379] Inserting lp event data...
[2023-06-08 05:26:35.183512] Finished lp event data...
[2023-06-08 05:26:35.288371] Inserting snapshots data...
[2023-06-08 05:26:35.300374] Finished snapshots data...
[2023-06-08 05:26:35.300393] Finished pool Curve.fi USDN/3Crv.

[2023-06-08 05:26:35.300401] Backfilling pool Curve.fi Factory USD Metapool: Magic Internet Money 3Pool.
[2023-06-08 05:26:35.300407] Start time: 2022-02-25 23:55:06
[2023-06-08 05:26:35.300416] End time: 2022-03-05 00:00:30
[2023-06-08 05:27:27.627221] Inserting pool data...
[2023-06-08 05:28:21.312392] Finished pool data...
[2023-06-08 05:28:27.590759] Inserting swap data...
[2023-06-08 05:28:27.882508] Finished swap data...
[2023-06-08 05:28:33.352852] Inserting lp event data...
[2023-06-08 05:28:33.462741] Finished lp event data...
[2023-06-08 05:28:33.565189] Inserting snapshots data...
[2023-06-08 05:28:33.577294] Finished snapshots data...
[2023-06-08 05:28:33.577313] Finished pool Curve.fi Factory USD Metapool: Magic Internet Money 3Pool.

[2023-06-08 05:28:33.577321] Backfilling pool Curve.fi DAI/USDC/USDT/sUSD.
[2023-06-08 05:28:33.577327] Start time: 2022-02-25 23:55:06
[2023-06-08 05:28:33.577336] End time: 2022-03-05 00:00:30
[2023-06-08 05:29:26.096824] Inserting pool data...
[2023-06-08 05:30:19.690464] Finished pool data...
[2023-06-08 05:30:25.562454] Inserting swap data...
[2023-06-08 05:30:25.837309] Finished swap data...
[2023-06-08 05:30:31.509642] Inserting lp event data...
[2023-06-08 05:30:31.538496] Finished lp event data...
[2023-06-08 05:30:31.692442] Inserting snapshots data...
[2023-06-08 05:30:31.704512] Finished snapshots data...
[2023-06-08 05:30:31.704529] Finished pool Curve.fi DAI/USDC/USDT/sUSD.

[2023-06-08 05:30:31.704537] Backfilling pool Curve.fi ETH/frxETH.
[2023-06-08 05:30:31.704543] Pools Curve.fi ETH/frxETH was created after the end date. Skipping...

[2023-06-08 05:30:31.704549] Backfilling pool Curve.fi Factory USD Metapool: Liquity.
[2023-06-08 05:30:31.704555] Start time: 2022-02-25 23:55:06
[2023-06-08 05:30:31.704563] End time: 2022-03-05 00:00:30
[2023-06-08 05:31:24.802383] Inserting pool data...
[2023-06-08 05:32:18.209738] Finished pool data...
[2023-06-08 05:32:23.677145] Inserting swap data...
[2023-06-08 05:32:23.821104] Finished swap data...
[2023-06-08 05:32:29.376698] Inserting lp event data...
[2023-06-08 05:32:29.402593] Finished lp event data...
[2023-06-08 05:32:29.502876] Inserting snapshots data...
[2023-06-08 05:32:29.515011] Finished snapshots data...
[2023-06-08 05:32:29.515030] Finished pool Curve.fi Factory USD Metapool: Liquity.

[2023-06-08 05:32:29.515038] Backfilling pool Curve.fi Factory USD Metapool: Binance USD.
[2023-06-08 05:32:29.515044] Start time: 2022-02-25 23:55:06
[2023-06-08 05:32:29.515053] End time: 2022-03-05 00:00:30
[2023-06-08 05:33:21.966281] Inserting pool data...
[2023-06-08 05:34:15.573273] Finished pool data...
[2023-06-08 05:34:21.659712] Inserting swap data...
[2023-06-08 05:34:21.679104] Finished swap data...
[2023-06-08 05:34:27.301254] Inserting lp event data...
[2023-06-08 05:34:27.315301] Finished lp event data...
[2023-06-08 05:34:27.605307] Inserting snapshots data...
[2023-06-08 05:34:27.617605] Finished snapshots data...
[2023-06-08 05:34:27.617624] Finished pool Curve.fi Factory USD Metapool: Binance USD.

[2023-06-08 05:34:27.617631] Backfilling pool Curve.fi Factory Plain Pool: stETH concentrated.
[2023-06-08 05:34:27.617638] Pools Curve.fi Factory Plain Pool: stETH concentrated was created after the end date. Skipping...

[2023-06-08 05:34:27.617644] Backfilling pool Curve.fi Factory Crypto Pool: cbETH/ETH.
[2023-06-08 05:34:27.617649] Pools Curve.fi Factory Crypto Pool: cbETH/ETH was created after the end date. Skipping...

[2023-06-08 05:34:27.617655] Backfilling pool Curve.fi Factory Plain Pool: cvxCrv/Crv.
[2023-06-08 05:34:27.617661] Pools Curve.fi Factory Plain Pool: cvxCrv/Crv was created after the end date. Skipping...

[2023-06-08 05:34:27.617669] Backfilling token LUSD OHLCV using chainlink.
Found the closest round: 18446744073709552100, at 2022-02-25 23:35:37.
Number of iterations: 13
[2023-06-08 05:34:47.038483] Inserting OHLCV.
[2023-06-08 05:34:47.214053] Backfilling token FRAX OHLCV using chainlink.
Found the closest round: 18446744073709552085, at 2022-02-25 23:39:39.
Number of iterations: 14
[2023-06-08 05:35:07.491298] Inserting OHLCV.
[2023-06-08 05:35:07.669852] Backfilling token MIM OHLCV using ccxt.
Using Bitfinex for MIM/USD.

[2023-06-08 05:35:15.804343] Inserting OHLCV.
[2023-06-08 05:35:19.285250] Backfilling token USDC OHLCV using ccxt.
Using Binance US for USDC/USD.

[2023-06-08 05:35:21.442716] Inserting OHLCV.
[2023-06-08 05:35:29.361175] Backfilling token stETH OHLCV using chainlink.
Found the closest round: 18446744073709556837, at 2022-02-25 23:47:57.
Number of iterations: 15
[2023-06-08 05:35:52.160013] Inserting OHLCV.
[2023-06-08 05:35:52.362856] cbETH only indexed from 1661444040 (2022 12:14:00 PM GMT-04:00 DST). Skipping...
[2023-06-08 05:35:52.362883] Backfilling token ETH OHLCV using ccxt.
Using Binance US for ETH/USD.

[2023-06-08 05:35:54.671124] Inserting OHLCV.
[2023-06-08 05:36:02.321025] Backfilling token DAI OHLCV using ccxt.
Using Binance US for DAI/USD.

[2023-06-08 05:36:04.360106] Inserting OHLCV.
[2023-06-08 05:36:12.087427] Backfilling token BUSD OHLCV using chainlink.
Found the closest round: 18446744073709551940, at 2022-02-25 07:03:07.
Number of iterations: 9
[2023-06-08 05:36:21.883234] Inserting OHLCV.
[2023-06-08 05:36:21.898490] Backfilling token sUSD OHLCV using chainlink.
Found the closest round: 18446744073709552406, at 2022-02-25 20:24:46.
Number of iterations: 11
[2023-06-08 05:36:33.978686] Inserting OHLCV.
[2023-06-08 05:36:34.000311] WETH assumed to be = ETH. Skipping...

[2023-06-08 05:36:34.000335] Backfilling token cvxCRV OHLCV using curveswaps.
[2023-06-08 05:36:34.011451] Inserting OHLCV.
[2023-06-08 05:36:34.011485] No price data for token cvxCRV at this time.

[2023-06-08 05:36:34.011495] Backfilling token USDT OHLCV using ccxt.
Using Binance US for USDT/USD.

[2023-06-08 05:36:36.118941] Inserting OHLCV.
[2023-06-08 05:36:43.905937] Backfilling token USDN OHLCV using chainlink.
Found the closest round: 136, at 2022-02-25 12:43:44.
Number of iterations: 9
[2023-06-08 05:36:53.743765] Inserting OHLCV.
[2023-06-08 05:36:53.759778] Backfilling token frxETH OHLCV using curveswaps.
[2023-06-08 05:36:53.767048] Inserting OHLCV.
[2023-06-08 05:36:53.767075] No price data for token frxETH at this time.

[2023-06-08 05:36:53.767085] Backfilling token UST OHLCV using ccxt.
Using Coinbase Pro for UST/USD.

[2023-06-08 05:37:02.734916] Inserting OHLCV.
[2023-06-08 05:37:06.781690] 3Crv uses pool virtual price. Skipping...

[2023-06-08 05:37:06.781736] Backfilling token CRV OHLCV using ccxt.
Using Binance US for CRV/USD.

[2023-06-08 05:37:09.158793] Inserting OHLCV.
[2023-06-08 05:37:16.877114] Done :)
