
[2023-06-08 18:02:00.980912] Starting backfilling process.

[2023-06-08 18:02:02.311158] Backfilling pool Curve.fi ETH/stETH.
[2023-06-08 18:02:02.311438] Start time: 2022-10-21 23:55:11
[2023-06-08 18:02:02.311539] End time: 2022-10-29 00:00:11
[2023-06-08 18:03:03.817978] Inserting pool data...
[2023-06-08 18:04:09.139695] Finished pool data...
[2023-06-08 18:04:15.455304] Inserting swap data...
[2023-06-08 18:04:16.860637] Finished swap data...
[2023-06-08 18:04:23.267395] Inserting lp event data...
[2023-06-08 18:04:23.609823] Finished lp event data...
[2023-06-08 18:04:23.768536] Inserting snapshots data...
[2023-06-08 18:04:23.788960] Finished snapshots data...
[2023-06-08 18:04:23.789013] Finished pool Curve.fi ETH/stETH.

[2023-06-08 18:04:23.789028] Backfilling pool Curve.fi DAI/USDC/USDT.
[2023-06-08 18:04:23.789041] Start time: 2022-10-21 23:55:11
[2023-06-08 18:04:23.789059] End time: 2022-10-29 00:00:11
[2023-06-08 18:05:24.588834] Inserting pool data...
[2023-06-08 18:06:30.795887] Finished pool data...
[2023-06-08 18:06:37.273990] Inserting swap data...
[2023-06-08 18:06:38.660137] Finished swap data...
[2023-06-08 18:06:45.133997] Inserting lp event data...
[2023-06-08 18:06:47.300320] Finished lp event data...
[2023-06-08 18:06:48.060163] Inserting snapshots data...
[2023-06-08 18:06:48.073313] Finished snapshots data...
[2023-06-08 18:06:48.073352] Finished pool Curve.fi DAI/USDC/USDT.

[2023-06-08 18:06:48.073361] Backfilling pool Curve.fi FRAX/USDC.
[2023-06-08 18:06:48.073369] Start time: 2022-10-21 23:55:11
[2023-06-08 18:06:48.073380] End time: 2022-10-29 00:00:11
[2023-06-08 18:07:49.680113] Inserting pool data...
[2023-06-08 18:08:55.418087] Finished pool data...
[2023-06-08 18:09:01.793913] Inserting swap data...
[2023-06-08 18:09:01.890848] Finished swap data...
[2023-06-08 18:09:27.595412] Inserting lp event data...
[2023-06-08 18:09:28.215680] Finished lp event data...
[2023-06-08 18:09:28.371954] Inserting snapshots data...
[2023-06-08 18:09:28.388156] Finished snapshots data...
[2023-06-08 18:09:28.388325] Finished pool Curve.fi FRAX/USDC.

[2023-06-08 18:09:28.388336] Backfilling pool Curve.fi Factory USD Metapool: wormhole v2 UST-3Pool.
[2023-06-08 18:09:28.388344] Start time: 2022-10-21 23:55:11
[2023-06-08 18:09:28.388354] End time: 2022-10-29 00:00:11
[2023-06-08 18:10:30.080005] Inserting pool data...
[2023-06-08 18:11:37.135991] Finished pool data...
[2023-06-08 18:11:43.406436] Inserting swap data...
[2023-06-08 18:11:43.428693] Finished swap data...
[2023-06-08 18:11:49.955588] Inserting lp event data...
[2023-06-08 18:11:49.957615] Finished lp event data...
[2023-06-08 18:11:50.522781] Inserting snapshots data...
[2023-06-08 18:11:50.538479] Finished snapshots data...
[2023-06-08 18:11:50.538543] Finished pool Curve.fi Factory USD Metapool: wormhole v2 UST-3Pool.

[2023-06-08 18:11:50.538558] Backfilling pool Curve.fi USDN/3Crv.
[2023-06-08 18:11:50.538571] Start time: 2022-10-21 23:55:11
[2023-06-08 18:11:50.538587] End time: 2022-10-29 00:00:11
[2023-06-08 18:12:53.886947] Inserting pool data...
[2023-06-08 18:13:59.994422] Finished pool data...
[2023-06-08 18:14:06.300544] Inserting swap data...
[2023-06-08 18:14:06.426366] Finished swap data...
[2023-06-08 18:14:12.818099] Inserting lp event data...
[2023-06-08 18:14:12.837140] Finished lp event data...
[2023-06-08 18:14:12.958115] Inserting snapshots data...
[2023-06-08 18:14:12.971072] Finished snapshots data...
[2023-06-08 18:14:12.971224] Finished pool Curve.fi USDN/3Crv.

[2023-06-08 18:14:12.971323] Backfilling pool Curve.fi Factory USD Metapool: Magic Internet Money 3Pool.
[2023-06-08 18:14:12.971417] Start time: 2022-10-21 23:55:11
[2023-06-08 18:14:12.971513] End time: 2022-10-29 00:00:11
[2023-06-08 18:15:15.216613] Inserting pool data...
[2023-06-08 18:16:22.376726] Finished pool data...
[2023-06-08 18:16:29.408966] Inserting swap data...
[2023-06-08 18:16:29.507579] Finished swap data...
[2023-06-08 18:16:36.407289] Inserting lp event data...
[2023-06-08 18:16:36.492455] Finished lp event data...
[2023-06-08 18:16:36.652516] Inserting snapshots data...
[2023-06-08 18:16:36.669619] Finished snapshots data...
[2023-06-08 18:16:36.669661] Finished pool Curve.fi Factory USD Metapool: Magic Internet Money 3Pool.

[2023-06-08 18:16:36.669670] Backfilling pool Curve.fi DAI/USDC/USDT/sUSD.
[2023-06-08 18:16:36.669679] Start time: 2022-10-21 23:55:11
[2023-06-08 18:16:36.669689] End time: 2022-10-29 00:00:11
[2023-06-08 18:17:39.089119] Inserting pool data...
[2023-06-08 18:18:46.257690] Finished pool data...
[2023-06-08 18:18:52.631473] Inserting swap data...
[2023-06-08 18:18:52.834924] Finished swap data...
[2023-06-08 18:19:00.539878] Inserting lp event data...
[2023-06-08 18:19:00.595986] Finished lp event data...
[2023-06-08 18:19:00.719126] Inserting snapshots data...
[2023-06-08 18:19:00.732852] Finished snapshots data...
[2023-06-08 18:19:00.733012] Finished pool Curve.fi DAI/USDC/USDT/sUSD.

[2023-06-08 18:19:00.733108] Backfilling pool Curve.fi ETH/frxETH.
[2023-06-08 18:19:00.733203] Start time: 2022-10-21 23:55:11
[2023-06-08 18:19:00.733301] End time: 2022-10-29 00:00:11
[2023-06-08 18:20:03.121552] Inserting pool data...
[2023-06-08 18:21:09.914822] Finished pool data...
[2023-06-08 18:21:16.422516] Inserting swap data...
[2023-06-08 18:21:16.432057] Finished swap data...
[2023-06-08 18:21:23.006036] Inserting lp event data...
[2023-06-08 18:21:23.014156] Finished lp event data...
[2023-06-08 18:21:24.560325] Inserting snapshots data...
[2023-06-08 18:21:24.572941] Finished snapshots data...
[2023-06-08 18:21:24.572980] Finished pool Curve.fi ETH/frxETH.

[2023-06-08 18:21:24.572989] Backfilling pool Curve.fi Factory USD Metapool: Liquity.
[2023-06-08 18:21:24.572997] Start time: 2022-10-21 23:55:11
[2023-06-08 18:21:24.573006] End time: 2022-10-29 00:00:11
[2023-06-08 18:22:25.703490] Inserting pool data...
[2023-06-08 18:23:30.860621] Finished pool data...
[2023-06-08 18:23:37.232795] Inserting swap data...
[2023-06-08 18:23:37.516350] Finished swap data...
[2023-06-08 18:23:44.021946] Inserting lp event data...
[2023-06-08 18:23:44.127511] Finished lp event data...
[2023-06-08 18:23:44.231361] Inserting snapshots data...
[2023-06-08 18:23:44.247108] Finished snapshots data...
[2023-06-08 18:23:44.247267] Finished pool Curve.fi Factory USD Metapool: Liquity.

[2023-06-08 18:23:44.247536] Backfilling pool Curve.fi Factory USD Metapool: Binance USD.
[2023-06-08 18:23:44.247636] Start time: 2022-10-21 23:55:11
[2023-06-08 18:23:44.247735] End time: 2022-10-29 00:00:11
[2023-06-08 18:24:45.512939] Inserting pool data...
[2023-06-08 18:25:52.125703] Finished pool data...
[2023-06-08 18:25:59.097018] Inserting swap data...
[2023-06-08 18:25:59.132919] Finished swap data...
[2023-06-08 18:26:05.589439] Inserting lp event data...
[2023-06-08 18:26:05.676311] Finished lp event data...
[2023-06-08 18:26:05.808424] Inserting snapshots data...
[2023-06-08 18:26:05.821047] Finished snapshots data...
[2023-06-08 18:26:05.821193] Finished pool Curve.fi Factory USD Metapool: Binance USD.

[2023-06-08 18:26:05.821290] Backfilling pool Curve.fi Factory Plain Pool: stETH concentrated.
[2023-06-08 18:26:05.821386] Start time: 2022-10-21 23:55:11
[2023-06-08 18:26:05.821482] End time: 2022-10-29 00:00:11
[2023-06-08 18:27:07.158227] Inserting pool data...
[2023-06-08 18:28:14.939678] Finished pool data...
[2023-06-08 18:28:23.532173] Inserting swap data...
[2023-06-08 18:28:23.589812] Finished swap data...
[2023-06-08 18:28:30.474179] Inserting lp event data...
[2023-06-08 18:28:30.479227] Finished lp event data...
[2023-06-08 18:28:30.658381] Inserting snapshots data...
[2023-06-08 18:28:30.676749] Finished snapshots data...
[2023-06-08 18:28:30.676792] Finished pool Curve.fi Factory Plain Pool: stETH concentrated.

[2023-06-08 18:28:30.676801] Backfilling pool Curve.fi Factory Crypto Pool: cbETH/ETH.
[2023-06-08 18:28:30.676809] Start time: 2022-10-21 23:55:11
[2023-06-08 18:28:30.676819] End time: 2022-10-29 00:00:11
[2023-06-08 18:29:33.033201] Inserting pool data...
[2023-06-08 18:30:41.005193] Finished pool data...
[2023-06-08 18:30:47.376871] Inserting swap data...
[2023-06-08 18:30:47.393783] Finished swap data...
[2023-06-08 18:30:57.901295] Inserting lp event data...
[2023-06-08 18:30:57.928637] Finished lp event data...
[2023-06-08 18:30:58.054442] Inserting snapshots data...
[2023-06-08 18:30:58.069933] Finished snapshots data...
[2023-06-08 18:30:58.069980] Finished pool Curve.fi Factory Crypto Pool: cbETH/ETH.

[2023-06-08 18:30:58.069993] Backfilling pool Curve.fi Factory Plain Pool: cvxCrv/Crv.
[2023-06-08 18:30:58.070004] Pools Curve.fi Factory Plain Pool: cvxCrv/Crv was created after the end date. Skipping...

[2023-06-08 18:30:58.070018] Backfilling token LUSD OHLCV using chainlink.
Found the closest round: 18446744073709557852, at 2022-10-21 23:19:59.
Number of iterations: 14
[2023-06-08 18:31:18.322643] Inserting OHLCV.
[2023-06-08 18:31:18.518826] Backfilling token FRAX OHLCV using chainlink.
Found the closest round: 18446744073709557839, at 2022-10-21 23:19:59.
Number of iterations: 14
[2023-06-08 18:31:38.514199] Inserting OHLCV.
[2023-06-08 18:31:38.707328] Backfilling token MIM OHLCV using ccxt.
Using Bitfinex for MIM/USD.

[2023-06-08 18:31:46.923697] Inserting OHLCV.
[2023-06-08 18:31:50.766047] Backfilling token USDC OHLCV using ccxt.
Using Binance US for USDC/USD.

[2023-06-08 18:31:52.926957] Inserting OHLCV.
[2023-06-08 18:32:01.984950] Backfilling token stETH OHLCV using chainlink.
Found the closest round: 18446744073709563606, at 2022-10-21 23:19:59.
Number of iterations: 14
[2023-06-08 18:32:22.603212] Inserting OHLCV.
[2023-06-08 18:32:22.813730] Backfilling token cbETH OHLCV using ccxt.
Using Coinbase Pro for CBETH/USD.

[2023-06-08 18:32:32.087931] Inserting OHLCV.
[2023-06-08 18:32:37.390096] Backfilling token ETH OHLCV using ccxt.
Using Binance US for ETH/USD.

[2023-06-08 18:32:39.487619] Inserting OHLCV.
[2023-06-08 18:32:48.383806] Backfilling token DAI OHLCV using ccxt.
Using Binance US for DAI/USD.

[2023-06-08 18:32:50.461284] Inserting OHLCV.
[2023-06-08 18:32:58.699672] Backfilling token BUSD OHLCV using chainlink.
Found the closest round: 18446744073709552195, at 2022-10-21 10:45:11.
Number of iterations: 9
[2023-06-08 18:33:08.436590] Inserting OHLCV.
[2023-06-08 18:33:08.454148] Backfilling token sUSD OHLCV using chainlink.
Found the closest round: 18446744073709552999, at 2022-10-21 13:18:11.
Number of iterations: 11
[2023-06-08 18:33:20.536280] Inserting OHLCV.
[2023-06-08 18:33:20.562074] WETH assumed to be = ETH. Skipping...

[2023-06-08 18:33:20.562285] Backfilling token cvxCRV OHLCV using curveswaps.
[2023-06-08 18:33:20.586718] Inserting OHLCV.
[2023-06-08 18:33:20.586903] No price data for token cvxCRV at this time.

[2023-06-08 18:33:20.587004] Backfilling token USDT OHLCV using ccxt.
Using Binance US for USDT/USD.

[2023-06-08 18:33:22.671707] Inserting OHLCV.
[2023-06-08 18:33:31.473794] Backfilling token USDN OHLCV using chainlink.
Found the closest round: 399, at 2022-10-21 19:42:11.
Number of iterations: 9
[2023-06-08 18:33:41.258047] Inserting OHLCV.
[2023-06-08 18:33:41.279355] Backfilling token frxETH OHLCV using curveswaps.
[2023-06-08 18:33:41.311822] Inserting OHLCV.
[2023-06-08 18:33:41.320965] UST only indexed up to 1653667380 (2022-05-27 12:03:00 PM GMT-04:00 DST). Setting end time to 2022-10-29 00:00:11.
[2023-06-08 18:33:41.321002] Backfilling token UST OHLCV using ccxt.
Using Coinbase Pro for UST/USD.

[2023-06-08 18:33:41.323523] Inserting OHLCV.
[2023-06-08 18:33:41.323544] No price data for token UST at this time.

[2023-06-08 18:33:41.323553] 3Crv uses pool virtual price. Skipping...

[2023-06-08 18:33:41.323562] Backfilling token CRV OHLCV using ccxt.
Using Binance US for CRV/USD.

[2023-06-08 18:33:43.692245] Inserting OHLCV.
[2023-06-08 18:33:52.210452] Done :)
