
[2023-06-08 21:20:03.001948] Starting backfilling process.

[2023-06-08 21:20:04.155152] Backfilling pool Curve.fi ETH/stETH.
[2023-06-08 21:20:04.155199] Start time: 2022-12-02 23:55:11
[2023-06-08 21:20:04.155210] End time: 2022-12-10 00:00:11
[2023-06-08 21:21:03.478306] Inserting pool data...
[2023-06-08 21:22:08.901981] Finished pool data...
[2023-06-08 21:22:15.213142] Inserting swap data...
[2023-06-08 21:22:16.334800] Finished swap data...
[2023-06-08 21:22:22.846508] Inserting lp event data...
[2023-06-08 21:22:23.359234] Finished lp event data...
[2023-06-08 21:22:23.499411] Inserting snapshots data...
[2023-06-08 21:22:23.515659] Finished snapshots data...
[2023-06-08 21:22:23.515711] Finished pool Curve.fi ETH/stETH.

[2023-06-08 21:22:23.515723] Backfilling pool Curve.fi DAI/USDC/USDT.
[2023-06-08 21:22:23.515733] Start time: 2022-12-02 23:55:11
[2023-06-08 21:22:23.515747] End time: 2022-12-10 00:00:11
[2023-06-08 21:23:24.894133] Inserting pool data...
[2023-06-08 21:24:27.490543] Finished pool data...
[2023-06-08 21:24:34.286543] Inserting swap data...
[2023-06-08 21:24:35.711103] Finished swap data...
[2023-06-08 21:24:41.797875] Inserting lp event data...
[2023-06-08 21:24:44.377246] Finished lp event data...
[2023-06-08 21:24:44.494977] Inserting snapshots data...
[2023-06-08 21:24:44.509745] Finished snapshots data...
[2023-06-08 21:24:44.509782] Finished pool Curve.fi DAI/USDC/USDT.

[2023-06-08 21:24:44.509792] Backfilling pool Curve.fi FRAX/USDC.
[2023-06-08 21:24:44.509800] Start time: 2022-12-02 23:55:11
[2023-06-08 21:24:44.509811] End time: 2022-12-10 00:00:11
[2023-06-08 21:25:45.337164] Inserting pool data...
[2023-06-08 21:26:46.564920] Finished pool data...
[2023-06-08 21:26:53.471476] Inserting swap data...
[2023-06-08 21:26:53.533146] Finished swap data...
[2023-06-08 21:26:59.636130] Inserting lp event data...
[2023-06-08 21:27:00.204231] Finished lp event data...
[2023-06-08 21:27:00.357944] Inserting snapshots data...
[2023-06-08 21:27:00.370645] Finished snapshots data...
[2023-06-08 21:27:00.370679] Finished pool Curve.fi FRAX/USDC.

[2023-06-08 21:27:00.370687] Backfilling pool Curve.fi Factory USD Metapool: wormhole v2 UST-3Pool.
[2023-06-08 21:27:00.370695] Start time: 2022-12-02 23:55:11
[2023-06-08 21:27:00.370705] End time: 2022-12-10 00:00:11
[2023-06-08 21:28:00.918169] Inserting pool data...
[2023-06-08 21:29:01.736316] Finished pool data...
[2023-06-08 21:29:07.850707] Inserting swap data...
[2023-06-08 21:29:07.871688] Finished swap data...
[2023-06-08 21:29:14.310511] Inserting lp event data...
[2023-06-08 21:29:14.312087] Finished lp event data...
[2023-06-08 21:29:14.434064] Inserting snapshots data...
[2023-06-08 21:29:14.448244] Finished snapshots data...
[2023-06-08 21:29:14.448286] Finished pool Curve.fi Factory USD Metapool: wormhole v2 UST-3Pool.

[2023-06-08 21:29:14.448295] Backfilling pool Curve.fi USDN/3Crv.
[2023-06-08 21:29:14.448303] Start time: 2022-12-02 23:55:11
[2023-06-08 21:29:14.448313] End time: 2022-12-10 00:00:11
[2023-06-08 21:30:15.162591] Inserting pool data...
[2023-06-08 21:31:16.127117] Finished pool data...
[2023-06-08 21:31:22.892133] Inserting swap data...
[2023-06-08 21:31:23.139749] Finished swap data...
[2023-06-08 21:31:29.276631] Inserting lp event data...
[2023-06-08 21:31:29.304226] Finished lp event data...
[2023-06-08 21:31:29.425939] Inserting snapshots data...
[2023-06-08 21:31:29.439648] Finished snapshots data...
[2023-06-08 21:31:29.439677] Finished pool Curve.fi USDN/3Crv.

[2023-06-08 21:31:29.439686] Backfilling pool Curve.fi Factory USD Metapool: Magic Internet Money 3Pool.
[2023-06-08 21:31:29.439694] Start time: 2022-12-02 23:55:11
[2023-06-08 21:31:29.439704] End time: 2022-12-10 00:00:11
[2023-06-08 21:32:30.842712] Inserting pool data...
[2023-06-08 21:33:33.851817] Finished pool data...
[2023-06-08 21:33:41.072518] Inserting swap data...
[2023-06-08 21:33:41.101938] Finished swap data...
[2023-06-08 21:33:47.240253] Inserting lp event data...
[2023-06-08 21:33:47.351771] Finished lp event data...
[2023-06-08 21:33:47.470473] Inserting snapshots data...
[2023-06-08 21:33:47.484652] Finished snapshots data...
[2023-06-08 21:33:47.484789] Finished pool Curve.fi Factory USD Metapool: Magic Internet Money 3Pool.

[2023-06-08 21:33:47.484885] Backfilling pool Curve.fi DAI/USDC/USDT/sUSD.
[2023-06-08 21:33:47.484980] Start time: 2022-12-02 23:55:11
[2023-06-08 21:33:47.485078] End time: 2022-12-10 00:00:11
[2023-06-08 21:34:48.972583] Inserting pool data...
[2023-06-08 21:35:48.574250] Finished pool data...
[2023-06-08 21:35:55.104905] Inserting swap data...
[2023-06-08 21:35:55.433859] Finished swap data...
[2023-06-08 21:36:01.714176] Inserting lp event data...
[2023-06-08 21:36:01.773337] Finished lp event data...
[2023-06-08 21:36:01.954230] Inserting snapshots data...
[2023-06-08 21:36:01.967132] Finished snapshots data...
[2023-06-08 21:36:01.967262] Finished pool Curve.fi DAI/USDC/USDT/sUSD.

[2023-06-08 21:36:01.967358] Backfilling pool Curve.fi ETH/frxETH.
[2023-06-08 21:36:01.967453] Start time: 2022-12-02 23:55:11
[2023-06-08 21:36:01.967549] End time: 2022-12-10 00:00:11
[2023-06-08 21:37:02.387358] Inserting pool data...
[2023-06-08 21:38:01.283758] Finished pool data...
[2023-06-08 21:38:08.187702] Inserting swap data...
[2023-06-08 21:38:08.265137] Finished swap data...
[2023-06-08 21:38:14.535453] Inserting lp event data...
[2023-06-08 21:38:14.711807] Finished lp event data...
[2023-06-08 21:38:14.812849] Inserting snapshots data...
[2023-06-08 21:38:14.825096] Finished snapshots data...
[2023-06-08 21:38:14.825226] Finished pool Curve.fi ETH/frxETH.

[2023-06-08 21:38:14.825323] Backfilling pool Curve.fi Factory USD Metapool: Liquity.
[2023-06-08 21:38:14.825418] Start time: 2022-12-02 23:55:11
[2023-06-08 21:38:14.825535] End time: 2022-12-10 00:00:11
[2023-06-08 21:39:14.718758] Inserting pool data...
[2023-06-08 21:40:13.819557] Finished pool data...
[2023-06-08 21:40:20.936184] Inserting swap data...
[2023-06-08 21:40:21.081077] Finished swap data...
[2023-06-08 21:40:27.104918] Inserting lp event data...
[2023-06-08 21:40:27.175443] Finished lp event data...
[2023-06-08 21:40:27.287825] Inserting snapshots data...
[2023-06-08 21:40:27.300334] Finished snapshots data...
[2023-06-08 21:40:27.300368] Finished pool Curve.fi Factory USD Metapool: Liquity.

[2023-06-08 21:40:27.300377] Backfilling pool Curve.fi Factory USD Metapool: Binance USD.
[2023-06-08 21:40:27.300384] Start time: 2022-12-02 23:55:11
[2023-06-08 21:40:27.300394] End time: 2022-12-10 00:00:11
[2023-06-08 21:41:28.466779] Inserting pool data...
[2023-06-08 21:42:27.859332] Finished pool data...
[2023-06-08 21:42:34.251234] Inserting swap data...
[2023-06-08 21:42:34.293548] Finished swap data...
[2023-06-08 21:42:40.798217] Inserting lp event data...
[2023-06-08 21:42:40.815274] Finished lp event data...
[2023-06-08 21:42:40.915756] Inserting snapshots data...
[2023-06-08 21:42:40.933009] Finished snapshots data...
[2023-06-08 21:42:40.933041] Finished pool Curve.fi Factory USD Metapool: Binance USD.

[2023-06-08 21:42:40.933050] Backfilling pool Curve.fi Factory Plain Pool: stETH concentrated.
[2023-06-08 21:42:40.933058] Start time: 2022-12-02 23:55:11
[2023-06-08 21:42:40.933067] End time: 2022-12-10 00:00:11
[2023-06-08 21:43:41.945768] Inserting pool data...
[2023-06-08 21:44:41.334875] Finished pool data...
[2023-06-08 21:44:47.605959] Inserting swap data...
[2023-06-08 21:44:47.691200] Finished swap data...
[2023-06-08 21:44:54.136090] Inserting lp event data...
[2023-06-08 21:44:54.181771] Finished lp event data...
[2023-06-08 21:44:54.328172] Inserting snapshots data...
[2023-06-08 21:44:54.340549] Finished snapshots data...
[2023-06-08 21:44:54.340584] Finished pool Curve.fi Factory Plain Pool: stETH concentrated.

[2023-06-08 21:44:54.340594] Backfilling pool Curve.fi Factory Crypto Pool: cbETH/ETH.
[2023-06-08 21:44:54.340602] Start time: 2022-12-02 23:55:11
[2023-06-08 21:44:54.340612] End time: 2022-12-10 00:00:11
[2023-06-08 21:45:55.023313] Inserting pool data...
[2023-06-08 21:46:53.760968] Finished pool data...
[2023-06-08 21:47:00.677615] Inserting swap data...
[2023-06-08 21:47:00.706008] Finished swap data...
[2023-06-08 21:47:07.141077] Inserting lp event data...
[2023-06-08 21:47:07.167491] Finished lp event data...
[2023-06-08 21:47:07.275195] Inserting snapshots data...
[2023-06-08 21:47:07.288489] Finished snapshots data...
[2023-06-08 21:47:07.288621] Finished pool Curve.fi Factory Crypto Pool: cbETH/ETH.

[2023-06-08 21:47:07.288715] Backfilling pool Curve.fi Factory Plain Pool: cvxCrv/Crv.
[2023-06-08 21:47:07.288806] Pools Curve.fi Factory Plain Pool: cvxCrv/Crv was created after the end date. Skipping...

[2023-06-08 21:47:07.288821] Backfilling token LUSD OHLCV using chainlink.
Found the closest round: 18446744073709558856, at 2022-12-02 23:03:11.
Number of iterations: 14
[2023-06-08 21:47:27.284207] Inserting OHLCV.
[2023-06-08 21:47:27.461420] Backfilling token FRAX OHLCV using chainlink.
Found the closest round: 18446744073709558842, at 2022-12-02 23:42:23.
Number of iterations: 14
[2023-06-08 21:47:47.219733] Inserting OHLCV.
[2023-06-08 21:47:47.396986] Backfilling token MIM OHLCV using ccxt.
Using Bitfinex for MIM/USD.

[2023-06-08 21:47:56.297839] Inserting OHLCV.
[2023-06-08 21:47:59.939669] Backfilling token USDC OHLCV using ccxt.
Using Binance US for USDC/USD.

[2023-06-08 21:48:02.020562] Inserting OHLCV.
[2023-06-08 21:48:10.141907] Backfilling token stETH OHLCV using chainlink.
Found the closest round: 18446744073709564774, at 2022-12-02 23:40:59.
Number of iterations: 14
[2023-06-08 21:48:30.332818] Inserting OHLCV.
[2023-06-08 21:48:30.519449] Backfilling token cbETH OHLCV using ccxt.
Using Coinbase Pro for CBETH/USD.

[2023-06-08 21:48:39.842400] Inserting OHLCV.
[2023-06-08 21:48:45.077433] Backfilling token ETH OHLCV using ccxt.
Using Binance US for ETH/USD.

[2023-06-08 21:48:47.161814] Inserting OHLCV.
[2023-06-08 21:48:55.279337] Backfilling token DAI OHLCV using ccxt.
Using Binance US for DAI/USD.

[2023-06-08 21:48:57.599092] Inserting OHLCV.
[2023-06-08 21:49:05.378346] Backfilling token BUSD OHLCV using chainlink.
Found the closest round: 18446744073709552246, at 2022-12-02 13:45:35.
Number of iterations: 9
[2023-06-08 21:49:15.097145] Inserting OHLCV.
[2023-06-08 21:49:15.112905] Backfilling token sUSD OHLCV using chainlink.
Found the closest round: 18446744073709553229, at 2022-12-02 15:30:47.
Number of iterations: 11
[2023-06-08 21:49:26.932237] Inserting OHLCV.
[2023-06-08 21:49:26.949311] WETH assumed to be = ETH. Skipping...

[2023-06-08 21:49:26.949350] Backfilling token cvxCRV OHLCV using curveswaps.
[2023-06-08 21:49:26.977142] Inserting OHLCV.
[2023-06-08 21:49:26.977195] No price data for token cvxCRV at this time.

[2023-06-08 21:49:26.977208] Backfilling token USDT OHLCV using ccxt.
Using Binance US for USDT/USD.

[2023-06-08 21:49:29.040159] Inserting OHLCV.
[2023-06-08 21:49:36.958819] Backfilling token USDN OHLCV using chainlink.
Found the closest round: 443, at 2022-12-02 08:14:47.
Number of iterations: 9
[2023-06-08 21:49:46.723753] Inserting OHLCV.
[2023-06-08 21:49:46.739337] Backfilling token frxETH OHLCV using curveswaps.
[2023-06-08 21:49:46.822840] Inserting OHLCV.
[2023-06-08 21:49:46.901814] UST only indexed up to 1653667380 (2022-05-27 12:03:00 PM GMT-04:00 DST). Setting end time to 2022-12-10 00:00:11.
[2023-06-08 21:49:46.901863] Backfilling token UST OHLCV using ccxt.
Using Coinbase Pro for UST/USD.

[2023-06-08 21:49:46.904466] Inserting OHLCV.
[2023-06-08 21:49:46.904487] No price data for token UST at this time.

[2023-06-08 21:49:46.904495] 3Crv uses pool virtual price. Skipping...

[2023-06-08 21:49:46.904504] Backfilling token CRV OHLCV using ccxt.
Using Binance US for CRV/USD.

[2023-06-08 21:49:48.973494] Inserting OHLCV.
[2023-06-08 21:49:56.813216] Done :)
