
[2023-06-08 14:31:18.830491] Starting backfilling process.

[2023-06-08 14:31:19.818801] Backfilling pool Curve.fi ETH/stETH.
[2023-06-08 14:31:19.818855] Start time: 2022-09-02 23:55:10
[2023-06-08 14:31:19.818874] End time: 2022-09-10 00:00:18
[2023-06-08 14:32:13.674484] Inserting pool data...
[2023-06-08 14:33:09.506629] Finished pool data...
[2023-06-08 14:33:16.132121] Inserting swap data...
[2023-06-08 14:33:17.291461] Finished swap data...
[2023-06-08 14:33:22.866754] Inserting lp event data...
[2023-06-08 14:33:23.154988] Finished lp event data...
[2023-06-08 14:33:23.302779] Inserting snapshots data...
[2023-06-08 14:33:23.316589] Finished snapshots data...
[2023-06-08 14:33:23.316733] Finished pool Curve.fi ETH/stETH.

[2023-06-08 14:33:23.316840] Backfilling pool Curve.fi DAI/USDC/USDT.
[2023-06-08 14:33:23.316937] Start time: 2022-09-02 23:55:10
[2023-06-08 14:33:23.317036] End time: 2022-09-10 00:00:18
[2023-06-08 14:34:16.167273] Inserting pool data...
[2023-06-08 14:35:12.726385] Finished pool data...
[2023-06-08 14:35:18.406538] Inserting swap data...
[2023-06-08 14:35:19.630302] Finished swap data...
[2023-06-08 14:35:25.268370] Inserting lp event data...
[2023-06-08 14:35:26.881983] Finished lp event data...
[2023-06-08 14:35:26.993733] Inserting snapshots data...
[2023-06-08 14:35:27.009230] Finished snapshots data...
[2023-06-08 14:35:27.009390] Finished pool Curve.fi DAI/USDC/USDT.

[2023-06-08 14:35:27.009506] Backfilling pool Curve.fi FRAX/USDC.
[2023-06-08 14:35:27.009523] Start time: 2022-09-02 23:55:10
[2023-06-08 14:35:27.009533] End time: 2022-09-10 00:00:18
[2023-06-08 14:36:19.342124] Inserting pool data...
[2023-06-08 14:37:15.399098] Finished pool data...
[2023-06-08 14:37:21.188262] Inserting swap data...
[2023-06-08 14:37:21.329944] Finished swap data...
[2023-06-08 14:37:27.040622] Inserting lp event data...
[2023-06-08 14:37:27.395719] Finished lp event data...
[2023-06-08 14:37:28.172213] Inserting snapshots data...
[2023-06-08 14:37:28.185224] Finished snapshots data...
[2023-06-08 14:37:28.185262] Finished pool Curve.fi FRAX/USDC.

[2023-06-08 14:37:28.185271] Backfilling pool Curve.fi Factory USD Metapool: wormhole v2 UST-3Pool.
[2023-06-08 14:37:28.185279] Start time: 2022-09-02 23:55:10
[2023-06-08 14:37:28.185289] End time: 2022-09-10 00:00:18
[2023-06-08 14:38:22.049632] Inserting pool data...
[2023-06-08 14:39:13.131851] Finished pool data...
[2023-06-08 14:39:19.612876] Inserting swap data...
[2023-06-08 14:39:19.654310] Finished swap data...
[2023-06-08 14:39:24.927942] Inserting lp event data...
[2023-06-08 14:39:24.929522] Finished lp event data...
[2023-06-08 14:39:25.054292] Inserting snapshots data...
[2023-06-08 14:39:25.067991] Finished snapshots data...
[2023-06-08 14:39:25.068023] Finished pool Curve.fi Factory USD Metapool: wormhole v2 UST-3Pool.

[2023-06-08 14:39:25.068032] Backfilling pool Curve.fi USDN/3Crv.
[2023-06-08 14:39:25.068039] Start time: 2022-09-02 23:55:10
[2023-06-08 14:39:25.068049] End time: 2022-09-10 00:00:18
[2023-06-08 14:40:18.380217] Inserting pool data...
[2023-06-08 14:41:09.327288] Finished pool data...
[2023-06-08 14:41:15.747088] Inserting swap data...
[2023-06-08 14:41:15.786023] Finished swap data...
[2023-06-08 14:41:21.503187] Inserting lp event data...
[2023-06-08 14:41:21.528914] Finished lp event data...
[2023-06-08 14:41:21.639374] Inserting snapshots data...
[2023-06-08 14:41:21.651906] Finished snapshots data...
[2023-06-08 14:41:21.652037] Finished pool Curve.fi USDN/3Crv.

[2023-06-08 14:41:21.652132] Backfilling pool Curve.fi Factory USD Metapool: Magic Internet Money 3Pool.
[2023-06-08 14:41:21.652224] Start time: 2022-09-02 23:55:10
[2023-06-08 14:41:21.652321] End time: 2022-09-10 00:00:18
[2023-06-08 14:42:15.214406] Inserting pool data...
[2023-06-08 14:43:11.403636] Finished pool data...
[2023-06-08 14:43:17.490820] Inserting swap data...
[2023-06-08 14:43:17.575207] Finished swap data...
[2023-06-08 14:43:23.252079] Inserting lp event data...
[2023-06-08 14:43:23.326688] Finished lp event data...
[2023-06-08 14:43:23.439195] Inserting snapshots data...
[2023-06-08 14:43:23.452576] Finished snapshots data...
[2023-06-08 14:43:23.452694] Finished pool Curve.fi Factory USD Metapool: Magic Internet Money 3Pool.

[2023-06-08 14:43:23.452712] Backfilling pool Curve.fi DAI/USDC/USDT/sUSD.
[2023-06-08 14:43:23.452724] Start time: 2022-09-02 23:55:10
[2023-06-08 14:43:23.452738] End time: 2022-09-10 00:00:18
[2023-06-08 14:44:17.653567] Inserting pool data...
[2023-06-08 14:45:16.251823] Finished pool data...
[2023-06-08 14:45:22.038643] Inserting swap data...
[2023-06-08 14:45:22.478964] Finished swap data...
[2023-06-08 14:45:28.235638] Inserting lp event data...
[2023-06-08 14:45:28.300279] Finished lp event data...
[2023-06-08 14:45:28.420327] Inserting snapshots data...
[2023-06-08 14:45:28.440069] Finished snapshots data...
[2023-06-08 14:45:28.440457] Finished pool Curve.fi DAI/USDC/USDT/sUSD.

[2023-06-08 14:45:28.440628] Backfilling pool Curve.fi ETH/frxETH.
[2023-06-08 14:45:28.440923] Pools Curve.fi ETH/frxETH was created after the end date. Skipping...

[2023-06-08 14:45:28.441101] Backfilling pool Curve.fi Factory USD Metapool: Liquity.
[2023-06-08 14:45:28.441267] Start time: 2022-09-02 23:55:10
[2023-06-08 14:45:28.441517] End time: 2022-09-10 00:00:18
[2023-06-08 14:46:23.921497] Inserting pool data...
[2023-06-08 14:47:21.678118] Finished pool data...
[2023-06-08 14:47:27.758623] Inserting swap data...
[2023-06-08 14:47:27.942155] Finished swap data...
[2023-06-08 14:47:33.522295] Inserting lp event data...
[2023-06-08 14:47:33.550573] Finished lp event data...
[2023-06-08 14:47:33.665408] Inserting snapshots data...
[2023-06-08 14:47:33.678755] Finished snapshots data...
[2023-06-08 14:47:33.678796] Finished pool Curve.fi Factory USD Metapool: Liquity.

[2023-06-08 14:47:33.678805] Backfilling pool Curve.fi Factory USD Metapool: Binance USD.
[2023-06-08 14:47:33.678813] Start time: 2022-09-02 23:55:10
[2023-06-08 14:47:33.678824] End time: 2022-09-10 00:00:18
[2023-06-08 14:49:19.685796] Inserting pool data...
[2023-06-08 14:50:18.888327] Finished pool data...
[2023-06-08 14:50:27.939000] Inserting swap data...
[2023-06-08 14:50:27.985163] Finished swap data...
[2023-06-08 14:50:33.621577] Inserting lp event data...
[2023-06-08 14:50:33.649054] Finished lp event data...
[2023-06-08 14:50:33.767136] Inserting snapshots data...
[2023-06-08 14:50:33.782201] Finished snapshots data...
[2023-06-08 14:50:33.782352] Finished pool Curve.fi Factory USD Metapool: Binance USD.

[2023-06-08 14:50:33.782451] Backfilling pool Curve.fi Factory Plain Pool: stETH concentrated.
[2023-06-08 14:50:33.782546] Start time: 2022-09-02 23:55:10
[2023-06-08 14:50:33.782661] End time: 2022-09-10 00:00:18
[2023-06-08 14:51:27.166840] Inserting pool data...
[2023-06-08 14:52:24.721865] Finished pool data...
[2023-06-08 14:52:31.197742] Inserting swap data...
[2023-06-08 14:52:31.240509] Finished swap data...
[2023-06-08 14:52:37.017988] Inserting lp event data...
[2023-06-08 14:52:37.025836] Finished lp event data...
[2023-06-08 14:52:37.129615] Inserting snapshots data...
[2023-06-08 14:52:37.142415] Finished snapshots data...
[2023-06-08 14:52:37.142453] Finished pool Curve.fi Factory Plain Pool: stETH concentrated.

[2023-06-08 14:52:37.142462] Backfilling pool Curve.fi Factory Crypto Pool: cbETH/ETH.
[2023-06-08 14:52:37.142470] Start time: 2022-09-02 23:55:10
[2023-06-08 14:52:37.142481] End time: 2022-09-10 00:00:18
[2023-06-08 14:53:30.932749] Inserting pool data...
[2023-06-08 14:54:28.811722] Finished pool data...
[2023-06-08 14:54:35.109424] Inserting swap data...
[2023-06-08 14:54:35.285656] Finished swap data...
[2023-06-08 14:54:40.356267] Inserting lp event data...
[2023-06-08 14:54:40.364513] Finished lp event data...
[2023-06-08 14:54:40.487188] Inserting snapshots data...
[2023-06-08 14:54:40.500052] Finished snapshots data...
[2023-06-08 14:54:40.500093] Finished pool Curve.fi Factory Crypto Pool: cbETH/ETH.

[2023-06-08 14:54:40.500105] Backfilling pool Curve.fi Factory Plain Pool: cvxCrv/Crv.
[2023-06-08 14:54:40.500116] Pools Curve.fi Factory Plain Pool: cvxCrv/Crv was created after the end date. Skipping...

[2023-06-08 14:54:40.500173] Backfilling token LUSD OHLCV using chainlink.
Found the closest round: 18446744073709556677, at 2022-09-02 23:34:51.
Number of iterations: 14
[2023-06-08 14:55:00.776746] Inserting OHLCV.
[2023-06-08 14:55:00.980817] Backfilling token FRAX OHLCV using chainlink.
Found the closest round: 18446744073709556665, at 2022-09-02 23:21:59.
Number of iterations: 14
[2023-06-08 14:55:21.213424] Inserting OHLCV.
[2023-06-08 14:55:21.412165] Backfilling token MIM OHLCV using ccxt.
Using Bitfinex for MIM/USD.

[2023-06-08 14:55:25.982993] Inserting OHLCV.
[2023-06-08 14:55:27.681976] Backfilling token USDC OHLCV using ccxt.
Using Binance US for USDC/USD.

[2023-06-08 14:55:30.146503] Inserting OHLCV.
[2023-06-08 14:55:38.876170] Backfilling token stETH OHLCV using chainlink.
Found the closest round: 18446744073709562324, at 2022-09-02 23:26:02.
Number of iterations: 14
[2023-06-08 14:55:59.445020] Inserting OHLCV.
[2023-06-08 14:55:59.641961] Backfilling token cbETH OHLCV using ccxt.
Using Coinbase Pro for CBETH/USD.

[2023-06-08 14:56:09.187379] Inserting OHLCV.
[2023-06-08 14:56:15.581710] Backfilling token ETH OHLCV using ccxt.
Using Binance US for ETH/USD.

[2023-06-08 14:56:17.641778] Inserting OHLCV.
[2023-06-08 14:56:25.409027] Backfilling token DAI OHLCV using ccxt.
Using Binance US for DAI/USD.

[2023-06-08 14:56:27.451917] Inserting OHLCV.
[2023-06-08 14:56:35.191544] Backfilling token BUSD OHLCV using chainlink.
Found the closest round: 18446744073709552146, at 2022-09-02 10:27:39.
Number of iterations: 9
[2023-06-08 14:56:45.128909] Inserting OHLCV.
[2023-06-08 14:56:45.144618] Backfilling token sUSD OHLCV using chainlink.
Found the closest round: 18446744073709552882, at 2022-09-02 17:30:55.
Number of iterations: 10
[2023-06-08 14:56:55.999825] Inserting OHLCV.
[2023-06-08 14:56:56.017804] WETH assumed to be = ETH. Skipping...

[2023-06-08 14:56:56.017840] Backfilling token cvxCRV OHLCV using curveswaps.
[2023-06-08 14:56:56.043414] Inserting OHLCV.
[2023-06-08 14:56:56.043589] No price data for token cvxCRV at this time.

[2023-06-08 14:56:56.043688] Backfilling token USDT OHLCV using ccxt.
Using Binance US for USDT/USD.

[2023-06-08 14:56:58.123664] Inserting OHLCV.
[2023-06-08 14:57:05.832867] Backfilling token USDN OHLCV using chainlink.
Found the closest round: 344, at 2022-09-02 09:04:23.
Number of iterations: 9
[2023-06-08 14:57:15.658941] Inserting OHLCV.
[2023-06-08 14:57:15.675794] Backfilling token frxETH OHLCV using curveswaps.
[2023-06-08 14:57:15.697093] Inserting OHLCV.
[2023-06-08 14:57:15.697142] No price data for token frxETH at this time.

[2023-06-08 14:57:15.697153] UST only indexed up to 1653667380 (2022-05-27 12:03:00 PM GMT-04:00 DST). Setting end time to 2022-09-10 00:00:18.
[2023-06-08 14:57:15.697166] Backfilling token UST OHLCV using ccxt.
Using Coinbase Pro for UST/USD.

[2023-06-08 14:57:15.699902] Inserting OHLCV.
[2023-06-08 14:57:15.699920] No price data for token UST at this time.

[2023-06-08 14:57:15.699929] 3Crv uses pool virtual price. Skipping...

[2023-06-08 14:57:15.699938] Backfilling token CRV OHLCV using ccxt.
Using Binance US for CRV/USD.

[2023-06-08 14:57:18.039347] Inserting OHLCV.
[2023-06-08 14:57:25.777164] Done :)
