
[2023-06-08 14:06:09.277147] Starting backfilling process.

[2023-06-08 14:06:10.429387] Backfilling pool Curve.fi ETH/stETH.
[2023-06-08 14:06:10.429441] Start time: 2022-08-26 23:55:33
[2023-06-08 14:06:10.429453] End time: 2022-09-03 00:00:30
[2023-06-08 14:07:01.989109] Inserting pool data...
[2023-06-08 14:07:53.669745] Finished pool data...
[2023-06-08 14:07:59.194665] Inserting swap data...
[2023-06-08 14:07:59.994930] Finished swap data...
[2023-06-08 14:08:05.612500] Inserting lp event data...
[2023-06-08 14:08:05.859159] Finished lp event data...
[2023-06-08 14:08:06.810578] Inserting snapshots data...
[2023-06-08 14:08:06.824948] Finished snapshots data...
[2023-06-08 14:08:06.824981] Finished pool Curve.fi ETH/stETH.

[2023-06-08 14:08:06.824990] Backfilling pool Curve.fi DAI/USDC/USDT.
[2023-06-08 14:08:06.824997] Start time: 2022-08-26 23:55:33
[2023-06-08 14:08:06.825008] End time: 2022-09-03 00:00:30
[2023-06-08 14:08:59.804647] Inserting pool data...
[2023-06-08 14:09:50.677434] Finished pool data...
[2023-06-08 14:09:56.763096] Inserting swap data...
[2023-06-08 14:09:57.993499] Finished swap data...
[2023-06-08 14:10:04.045110] Inserting lp event data...
[2023-06-08 14:10:06.076514] Finished lp event data...
[2023-06-08 14:10:06.195564] Inserting snapshots data...
[2023-06-08 14:10:06.207763] Finished snapshots data...
[2023-06-08 14:10:06.207795] Finished pool Curve.fi DAI/USDC/USDT.

[2023-06-08 14:10:06.207804] Backfilling pool Curve.fi FRAX/USDC.
[2023-06-08 14:10:06.207812] Start time: 2022-08-26 23:55:33
[2023-06-08 14:10:06.207822] End time: 2022-09-03 00:00:30
[2023-06-08 14:10:58.338569] Inserting pool data...
[2023-06-08 14:11:49.518198] Finished pool data...
[2023-06-08 14:11:55.611184] Inserting swap data...
[2023-06-08 14:11:55.706885] Finished swap data...
[2023-06-08 14:12:01.268569] Inserting lp event data...
[2023-06-08 14:12:01.581111] Finished lp event data...
[2023-06-08 14:12:01.717317] Inserting snapshots data...
[2023-06-08 14:12:01.730487] Finished snapshots data...
[2023-06-08 14:12:01.730519] Finished pool Curve.fi FRAX/USDC.

[2023-06-08 14:12:01.730529] Backfilling pool Curve.fi Factory USD Metapool: wormhole v2 UST-3Pool.
[2023-06-08 14:12:01.730536] Start time: 2022-08-26 23:55:33
[2023-06-08 14:12:01.730546] End time: 2022-09-03 00:00:30
[2023-06-08 14:12:55.289510] Inserting pool data...
[2023-06-08 14:13:46.617702] Finished pool data...
[2023-06-08 14:13:52.247242] Inserting swap data...
[2023-06-08 14:13:52.270595] Finished swap data...
[2023-06-08 14:13:57.689299] Inserting lp event data...
[2023-06-08 14:13:57.690794] Finished lp event data...
[2023-06-08 14:14:01.155584] Inserting snapshots data...
[2023-06-08 14:14:01.168729] Finished snapshots data...
[2023-06-08 14:14:01.168763] Finished pool Curve.fi Factory USD Metapool: wormhole v2 UST-3Pool.

[2023-06-08 14:14:01.168773] Backfilling pool Curve.fi USDN/3Crv.
[2023-06-08 14:14:01.168780] Start time: 2022-08-26 23:55:33
[2023-06-08 14:14:01.168790] End time: 2022-09-03 00:00:30
[2023-06-08 14:14:54.688921] Inserting pool data...
[2023-06-08 14:15:45.745101] Finished pool data...
[2023-06-08 14:15:51.389010] Inserting swap data...
[2023-06-08 14:15:51.425700] Finished swap data...
[2023-06-08 14:15:56.868367] Inserting lp event data...
[2023-06-08 14:15:56.889826] Finished lp event data...
[2023-06-08 14:15:57.013382] Inserting snapshots data...
[2023-06-08 14:15:57.025637] Finished snapshots data...
[2023-06-08 14:15:57.025668] Finished pool Curve.fi USDN/3Crv.

[2023-06-08 14:15:57.025677] Backfilling pool Curve.fi Factory USD Metapool: Magic Internet Money 3Pool.
[2023-06-08 14:15:57.025684] Start time: 2022-08-26 23:55:33
[2023-06-08 14:15:57.025694] End time: 2022-09-03 00:00:30
[2023-06-08 14:16:49.936635] Inserting pool data...
[2023-06-08 14:17:42.132715] Finished pool data...
[2023-06-08 14:17:48.509696] Inserting swap data...
[2023-06-08 14:17:48.632340] Finished swap data...
[2023-06-08 14:17:53.925895] Inserting lp event data...
[2023-06-08 14:17:53.992430] Finished lp event data...
[2023-06-08 14:17:54.104732] Inserting snapshots data...
[2023-06-08 14:17:54.130595] Finished snapshots data...
[2023-06-08 14:17:54.130630] Finished pool Curve.fi Factory USD Metapool: Magic Internet Money 3Pool.

[2023-06-08 14:17:54.130640] Backfilling pool Curve.fi DAI/USDC/USDT/sUSD.
[2023-06-08 14:17:54.130647] Start time: 2022-08-26 23:55:33
[2023-06-08 14:17:54.130657] End time: 2022-09-03 00:00:30
[2023-06-08 14:18:47.800863] Inserting pool data...
[2023-06-08 14:19:47.000495] Finished pool data...
[2023-06-08 14:19:53.088805] Inserting swap data...
[2023-06-08 14:19:53.357835] Finished swap data...
[2023-06-08 14:19:59.163087] Inserting lp event data...
[2023-06-08 14:19:59.211820] Finished lp event data...
[2023-06-08 14:19:59.389236] Inserting snapshots data...
[2023-06-08 14:19:59.401931] Finished snapshots data...
[2023-06-08 14:19:59.402079] Finished pool Curve.fi DAI/USDC/USDT/sUSD.

[2023-06-08 14:19:59.402179] Backfilling pool Curve.fi ETH/frxETH.
[2023-06-08 14:19:59.402275] Pools Curve.fi ETH/frxETH was created after the end date. Skipping...

[2023-06-08 14:19:59.402370] Backfilling pool Curve.fi Factory USD Metapool: Liquity.
[2023-06-08 14:19:59.402465] Start time: 2022-08-26 23:55:33
[2023-06-08 14:19:59.402563] End time: 2022-09-03 00:00:30
[2023-06-08 14:20:53.896990] Inserting pool data...
[2023-06-08 14:21:51.291437] Finished pool data...
[2023-06-08 14:21:57.213245] Inserting swap data...
[2023-06-08 14:21:58.079213] Finished swap data...
[2023-06-08 14:22:03.579576] Inserting lp event data...
[2023-06-08 14:22:03.611281] Finished lp event data...
[2023-06-08 14:22:10.863200] Inserting snapshots data...
[2023-06-08 14:22:10.876761] Finished snapshots data...
[2023-06-08 14:22:10.876801] Finished pool Curve.fi Factory USD Metapool: Liquity.

[2023-06-08 14:22:10.876810] Backfilling pool Curve.fi Factory USD Metapool: Binance USD.
[2023-06-08 14:22:10.876818] Start time: 2022-08-26 23:55:33
[2023-06-08 14:22:10.876828] End time: 2022-09-03 00:00:30
[2023-06-08 14:23:05.553830] Inserting pool data...
[2023-06-08 14:24:03.762694] Finished pool data...
[2023-06-08 14:24:10.457028] Inserting swap data...
[2023-06-08 14:24:10.481268] Finished swap data...
[2023-06-08 14:24:16.366112] Inserting lp event data...
[2023-06-08 14:24:16.401684] Finished lp event data...
[2023-06-08 14:24:16.519474] Inserting snapshots data...
[2023-06-08 14:24:16.534847] Finished snapshots data...
[2023-06-08 14:24:16.534889] Finished pool Curve.fi Factory USD Metapool: Binance USD.

[2023-06-08 14:24:16.534900] Backfilling pool Curve.fi Factory Plain Pool: stETH concentrated.
[2023-06-08 14:24:16.534910] Start time: 2022-08-26 23:55:33
[2023-06-08 14:24:16.534924] End time: 2022-09-03 00:00:30
[2023-06-08 14:25:11.167046] Inserting pool data...
[2023-06-08 14:26:08.779533] Finished pool data...
[2023-06-08 14:26:15.773276] Inserting swap data...
[2023-06-08 14:26:15.807666] Finished swap data...
[2023-06-08 14:26:21.383957] Inserting lp event data...
[2023-06-08 14:26:21.394682] Finished lp event data...
[2023-06-08 14:26:21.559438] Inserting snapshots data...
[2023-06-08 14:26:21.572064] Finished snapshots data...
[2023-06-08 14:26:21.572097] Finished pool Curve.fi Factory Plain Pool: stETH concentrated.

[2023-06-08 14:26:21.572106] Backfilling pool Curve.fi Factory Crypto Pool: cbETH/ETH.
[2023-06-08 14:26:21.572114] Start time: 2022-08-26 23:55:33
[2023-06-08 14:26:21.572124] End time: 2022-09-03 00:00:30
[2023-06-08 14:27:16.198437] Inserting pool data...
[2023-06-08 14:28:13.564668] Finished pool data...
[2023-06-08 14:28:19.188266] Inserting swap data...
[2023-06-08 14:28:19.256343] Finished swap data...
[2023-06-08 14:28:24.624917] Inserting lp event data...
[2023-06-08 14:28:24.647456] Finished lp event data...
[2023-06-08 14:28:24.766349] Inserting snapshots data...
[2023-06-08 14:28:24.786260] Finished snapshots data...
[2023-06-08 14:28:24.786293] Finished pool Curve.fi Factory Crypto Pool: cbETH/ETH.

[2023-06-08 14:28:24.786302] Backfilling pool Curve.fi Factory Plain Pool: cvxCrv/Crv.
[2023-06-08 14:28:24.786310] Pools Curve.fi Factory Plain Pool: cvxCrv/Crv was created after the end date. Skipping...

[2023-06-08 14:28:24.786327] Backfilling token LUSD OHLCV using chainlink.
Found the closest round: 18446744073709556508, at 2022-08-26 23:39:52.
Number of iterations: 14
[2023-06-08 14:28:44.926256] Inserting OHLCV.
[2023-06-08 14:28:45.106580] Backfilling token FRAX OHLCV using chainlink.
Found the closest round: 18446744073709556494, at 2022-08-26 22:57:31.
Number of iterations: 14
[2023-06-08 14:29:05.498197] Inserting OHLCV.
[2023-06-08 14:29:05.681407] Backfilling token MIM OHLCV using ccxt.
Using Bitfinex for MIM/USD.

[2023-06-08 14:29:09.836622] Inserting OHLCV.
[2023-06-08 14:29:10.546715] Backfilling token USDC OHLCV using ccxt.
Using Binance US for USDC/USD.

[2023-06-08 14:29:12.650175] Inserting OHLCV.
[2023-06-08 14:29:20.765750] Backfilling token stETH OHLCV using chainlink.
Found the closest round: 18446744073709562127, at 2022-08-26 23:36:27.
Number of iterations: 14
[2023-06-08 14:29:41.865123] Inserting OHLCV.
[2023-06-08 14:29:42.087139] Backfilling token cbETH OHLCV using ccxt.
Using Coinbase Pro for CBETH/USD.

[2023-06-08 14:29:51.471732] Inserting OHLCV.
[2023-06-08 14:29:59.367481] Backfilling token ETH OHLCV using ccxt.
Using Binance US for ETH/USD.

[2023-06-08 14:30:01.868883] Inserting OHLCV.
[2023-06-08 14:30:10.701742] Backfilling token DAI OHLCV using ccxt.
Using Binance US for DAI/USD.

[2023-06-08 14:30:12.758590] Inserting OHLCV.
[2023-06-08 14:30:21.563115] Backfilling token BUSD OHLCV using chainlink.
Found the closest round: 18446744073709552139, at 2022-08-26 10:26:54.
Number of iterations: 10
[2023-06-08 14:30:32.369944] Inserting OHLCV.
[2023-06-08 14:30:32.387416] Backfilling token sUSD OHLCV using chainlink.
Found the closest round: 18446744073709552856, at 2022-08-26 23:34:54.
Number of iterations: 11
[2023-06-08 14:30:44.840811] Inserting OHLCV.
[2023-06-08 14:30:44.877287] WETH assumed to be = ETH. Skipping...

[2023-06-08 14:30:44.877449] Backfilling token cvxCRV OHLCV using curveswaps.
[2023-06-08 14:30:44.898747] Inserting OHLCV.
[2023-06-08 14:30:44.898803] No price data for token cvxCRV at this time.

[2023-06-08 14:30:44.898819] Backfilling token USDT OHLCV using ccxt.
Using Binance US for USDT/USD.

[2023-06-08 14:30:47.013946] Inserting OHLCV.
[2023-06-08 14:30:56.156328] Backfilling token USDN OHLCV using chainlink.
Found the closest round: 336, at 2022-08-26 10:53:14.
Number of iterations: 9
[2023-06-08 14:31:05.990099] Inserting OHLCV.
[2023-06-08 14:31:06.006762] Backfilling token frxETH OHLCV using curveswaps.
[2023-06-08 14:31:06.026613] Inserting OHLCV.
[2023-06-08 14:31:06.026783] No price data for token frxETH at this time.

[2023-06-08 14:31:06.026882] UST only indexed up to 1653667380 (2022-05-27 12:03:00 PM GMT-04:00 DST). Setting end time to 2022-09-03 00:00:30.
[2023-06-08 14:31:06.026983] Backfilling token UST OHLCV using ccxt.
Using Coinbase Pro for UST/USD.

[2023-06-08 14:31:06.029714] Inserting OHLCV.
[2023-06-08 14:31:06.029829] No price data for token UST at this time.

[2023-06-08 14:31:06.029927] 3Crv uses pool virtual price. Skipping...

[2023-06-08 14:31:06.029942] Backfilling token CRV OHLCV using ccxt.
Using Binance US for CRV/USD.

[2023-06-08 14:31:08.188657] Inserting OHLCV.
[2023-06-08 14:31:16.874919] Done :)
