
[2023-06-08 11:26:21.468624] Starting backfilling process.

[2023-06-08 11:26:22.421712] Backfilling pool Curve.fi ETH/stETH.
[2023-06-08 11:26:22.421747] Start time: 2022-07-08 23:55:17
[2023-06-08 11:26:22.421757] End time: 2022-07-16 00:00:00
[2023-06-08 11:27:14.128115] Inserting pool data...
[2023-06-08 11:28:06.958855] Finished pool data...
[2023-06-08 11:28:12.870104] Inserting swap data...
[2023-06-08 11:28:13.887342] Finished swap data...
[2023-06-08 11:28:19.490921] Inserting lp event data...
[2023-06-08 11:28:19.738232] Finished lp event data...
[2023-06-08 11:28:20.028809] Inserting snapshots data...
[2023-06-08 11:28:20.042346] Finished snapshots data...
[2023-06-08 11:28:20.042366] Finished pool Curve.fi ETH/stETH.

[2023-06-08 11:28:20.042374] Backfilling pool Curve.fi DAI/USDC/USDT.
[2023-06-08 11:28:20.042380] Start time: 2022-07-08 23:55:17
[2023-06-08 11:28:20.042389] End time: 2022-07-16 00:00:00
[2023-06-08 11:29:14.578961] Inserting pool data...
[2023-06-08 11:30:07.697292] Finished pool data...
[2023-06-08 11:30:13.287534] Inserting swap data...
[2023-06-08 11:30:14.514220] Finished swap data...
[2023-06-08 11:30:20.231522] Inserting lp event data...
[2023-06-08 11:30:22.056841] Finished lp event data...
[2023-06-08 11:30:22.160878] Inserting snapshots data...
[2023-06-08 11:30:22.173248] Finished snapshots data...
[2023-06-08 11:30:22.173268] Finished pool Curve.fi DAI/USDC/USDT.

[2023-06-08 11:30:22.173276] Backfilling pool Curve.fi FRAX/USDC.
[2023-06-08 11:30:22.173282] Start time: 2022-07-08 23:55:17
[2023-06-08 11:30:22.173290] End time: 2022-07-16 00:00:00
[2023-06-08 11:31:16.080376] Inserting pool data...
[2023-06-08 11:32:09.656737] Finished pool data...
[2023-06-08 11:32:15.659460] Inserting swap data...
[2023-06-08 11:32:15.737127] Finished swap data...
[2023-06-08 11:32:21.915508] Inserting lp event data...
[2023-06-08 11:32:22.100400] Finished lp event data...
[2023-06-08 11:32:22.249349] Inserting snapshots data...
[2023-06-08 11:32:22.261554] Finished snapshots data...
[2023-06-08 11:32:22.261575] Finished pool Curve.fi FRAX/USDC.

[2023-06-08 11:32:22.261582] Backfilling pool Curve.fi Factory USD Metapool: wormhole v2 UST-3Pool.
[2023-06-08 11:32:22.261589] Start time: 2022-07-08 23:55:17
[2023-06-08 11:32:22.261598] End time: 2022-07-16 00:00:00
[2023-06-08 11:33:16.094680] Inserting pool data...
[2023-06-08 11:34:09.615459] Finished pool data...
[2023-06-08 11:34:15.120563] Inserting swap data...
[2023-06-08 11:34:15.157113] Finished swap data...
[2023-06-08 11:34:20.102957] Inserting lp event data...
[2023-06-08 11:34:20.107076] Finished lp event data...
[2023-06-08 11:34:20.353536] Inserting snapshots data...
[2023-06-08 11:34:20.365428] Finished snapshots data...
[2023-06-08 11:34:20.365447] Finished pool Curve.fi Factory USD Metapool: wormhole v2 UST-3Pool.

[2023-06-08 11:34:20.365455] Backfilling pool Curve.fi USDN/3Crv.
[2023-06-08 11:34:20.365462] Start time: 2022-07-08 23:55:17
[2023-06-08 11:34:20.365471] End time: 2022-07-16 00:00:00
[2023-06-08 11:35:15.397154] Inserting pool data...
[2023-06-08 11:36:08.931813] Finished pool data...
[2023-06-08 11:36:15.022876] Inserting swap data...
[2023-06-08 11:36:15.075887] Finished swap data...
[2023-06-08 11:36:20.394817] Inserting lp event data...
[2023-06-08 11:36:20.425265] Finished lp event data...
[2023-06-08 11:36:20.540125] Inserting snapshots data...
[2023-06-08 11:36:20.552600] Finished snapshots data...
[2023-06-08 11:36:20.552619] Finished pool Curve.fi USDN/3Crv.

[2023-06-08 11:36:20.552627] Backfilling pool Curve.fi Factory USD Metapool: Magic Internet Money 3Pool.
[2023-06-08 11:36:20.552634] Start time: 2022-07-08 23:55:17
[2023-06-08 11:36:20.552643] End time: 2022-07-16 00:00:00
[2023-06-08 11:37:15.331639] Inserting pool data...
[2023-06-08 11:38:08.981962] Finished pool data...
[2023-06-08 11:38:14.621361] Inserting swap data...
[2023-06-08 11:38:14.740790] Finished swap data...
[2023-06-08 11:38:19.896475] Inserting lp event data...
[2023-06-08 11:38:19.982261] Finished lp event data...
[2023-06-08 11:38:20.120562] Inserting snapshots data...
[2023-06-08 11:38:20.132902] Finished snapshots data...
[2023-06-08 11:38:20.132922] Finished pool Curve.fi Factory USD Metapool: Magic Internet Money 3Pool.

[2023-06-08 11:38:20.132929] Backfilling pool Curve.fi DAI/USDC/USDT/sUSD.
[2023-06-08 11:38:20.132936] Start time: 2022-07-08 23:55:17
[2023-06-08 11:38:20.132945] End time: 2022-07-16 00:00:00
[2023-06-08 11:39:14.680859] Inserting pool data...
[2023-06-08 11:40:08.653952] Finished pool data...
[2023-06-08 11:40:14.809876] Inserting swap data...
[2023-06-08 11:40:15.141835] Finished swap data...
[2023-06-08 11:40:20.814928] Inserting lp event data...
[2023-06-08 11:40:20.912519] Finished lp event data...
[2023-06-08 11:40:21.023697] Inserting snapshots data...
[2023-06-08 11:40:21.035834] Finished snapshots data...
[2023-06-08 11:40:21.035854] Finished pool Curve.fi DAI/USDC/USDT/sUSD.

[2023-06-08 11:40:21.035861] Backfilling pool Curve.fi ETH/frxETH.
[2023-06-08 11:40:21.035868] Pools Curve.fi ETH/frxETH was created after the end date. Skipping...

[2023-06-08 11:40:21.035874] Backfilling pool Curve.fi Factory USD Metapool: Liquity.
[2023-06-08 11:40:21.035880] Start time: 2022-07-08 23:55:17
[2023-06-08 11:40:21.035888] End time: 2022-07-16 00:00:00
[2023-06-08 11:41:14.571193] Inserting pool data...
[2023-06-08 11:42:08.049867] Finished pool data...
[2023-06-08 11:42:14.132227] Inserting swap data...
[2023-06-08 11:42:14.223763] Finished swap data...
[2023-06-08 11:42:19.855318] Inserting lp event data...
[2023-06-08 11:42:19.876004] Finished lp event data...
[2023-06-08 11:42:23.622342] Inserting snapshots data...
[2023-06-08 11:42:23.638016] Finished snapshots data...
[2023-06-08 11:42:23.638036] Finished pool Curve.fi Factory USD Metapool: Liquity.

[2023-06-08 11:42:23.638044] Backfilling pool Curve.fi Factory USD Metapool: Binance USD.
[2023-06-08 11:42:23.638050] Start time: 2022-07-08 23:55:17
[2023-06-08 11:42:23.638059] End time: 2022-07-16 00:00:00
[2023-06-08 11:43:18.549360] Inserting pool data...
[2023-06-08 11:44:12.115895] Finished pool data...
[2023-06-08 11:44:18.477668] Inserting swap data...
[2023-06-08 11:44:18.574603] Finished swap data...
[2023-06-08 11:44:24.474632] Inserting lp event data...
[2023-06-08 11:44:24.499755] Finished lp event data...
[2023-06-08 11:44:24.620338] Inserting snapshots data...
[2023-06-08 11:44:24.633666] Finished snapshots data...
[2023-06-08 11:44:24.633686] Finished pool Curve.fi Factory USD Metapool: Binance USD.

[2023-06-08 11:44:24.633693] Backfilling pool Curve.fi Factory Plain Pool: stETH concentrated.
[2023-06-08 11:44:24.633700] Start time: 2022-07-08 23:55:17
[2023-06-08 11:44:24.633709] End time: 2022-07-16 00:00:00
[2023-06-08 11:45:19.018257] Inserting pool data...
[2023-06-08 11:46:12.441805] Finished pool data...
[2023-06-08 11:46:17.972547] Inserting swap data...
[2023-06-08 11:46:18.060299] Finished swap data...
[2023-06-08 11:46:23.659829] Inserting lp event data...
[2023-06-08 11:46:23.676145] Finished lp event data...
[2023-06-08 11:46:23.791269] Inserting snapshots data...
[2023-06-08 11:46:23.803559] Finished snapshots data...
[2023-06-08 11:46:23.803579] Finished pool Curve.fi Factory Plain Pool: stETH concentrated.

[2023-06-08 11:46:23.803587] Backfilling pool Curve.fi Factory Crypto Pool: cbETH/ETH.
[2023-06-08 11:46:23.803593] Pools Curve.fi Factory Crypto Pool: cbETH/ETH was created after the end date. Skipping...

[2023-06-08 11:46:23.803599] Backfilling pool Curve.fi Factory Plain Pool: cvxCrv/Crv.
[2023-06-08 11:46:23.803605] Pools Curve.fi Factory Plain Pool: cvxCrv/Crv was created after the end date. Skipping...

[2023-06-08 11:46:23.803613] Backfilling token LUSD OHLCV using chainlink.
Found the closest round: 18446744073709555317, at 2022-07-08 23:20:49.
Number of iterations: 14
[2023-06-08 11:46:43.709869] Inserting OHLCV.
[2023-06-08 11:46:43.890248] Backfilling token FRAX OHLCV using chainlink.
Found the closest round: 18446744073709555308, at 2022-07-08 23:27:15.
Number of iterations: 13
[2023-06-08 11:47:02.722466] Inserting OHLCV.
[2023-06-08 11:47:02.903282] Backfilling token MIM OHLCV using ccxt.
Using Bitfinex for MIM/USD.

[2023-06-08 11:47:11.341800] Inserting OHLCV.
[2023-06-08 11:47:14.810182] Backfilling token USDC OHLCV using ccxt.
Using Binance US for USDC/USD.

[2023-06-08 11:47:16.927053] Inserting OHLCV.
[2023-06-08 11:47:24.769658] Backfilling token stETH OHLCV using chainlink.
Found the closest round: 18446744073709560727, at 2022-07-08 23:52:58.
Number of iterations: 14
[2023-06-08 11:47:44.972212] Inserting OHLCV.
[2023-06-08 11:47:45.176342] cbETH only indexed from 1661444040 (2022 12:14:00 PM GMT-04:00 DST). Skipping...
[2023-06-08 11:47:45.176367] Backfilling token ETH OHLCV using ccxt.
Using Binance US for ETH/USD.

[2023-06-08 11:47:47.269860] Inserting OHLCV.
[2023-06-08 11:47:55.033757] Backfilling token DAI OHLCV using ccxt.
Using Binance US for DAI/USD.

[2023-06-08 11:47:57.311329] Inserting OHLCV.
[2023-06-08 11:48:04.975185] Backfilling token BUSD OHLCV using chainlink.
Found the closest round: 18446744073709552090, at 2022-07-08 10:17:00.
Number of iterations: 10
[2023-06-08 11:48:15.721766] Inserting OHLCV.
[2023-06-08 11:48:15.737467] Backfilling token sUSD OHLCV using chainlink.
Found the closest round: 18446744073709552713, at 2022-07-08 13:49:31.
Number of iterations: 11
[2023-06-08 11:48:27.542612] Inserting OHLCV.
[2023-06-08 11:48:27.560883] WETH assumed to be = ETH. Skipping...

[2023-06-08 11:48:27.560910] Backfilling token cvxCRV OHLCV using curveswaps.
[2023-06-08 11:48:27.583032] Inserting OHLCV.
[2023-06-08 11:48:27.583066] No price data for token cvxCRV at this time.

[2023-06-08 11:48:27.583076] Backfilling token USDT OHLCV using ccxt.
Using Binance US for USDT/USD.

[2023-06-08 11:48:29.692567] Inserting OHLCV.
[2023-06-08 11:48:37.521621] Backfilling token USDN OHLCV using chainlink.
Found the closest round: 283, at 2022-07-08 00:38:46.
Number of iterations: 9
[2023-06-08 11:48:47.329748] Inserting OHLCV.
[2023-06-08 11:48:47.347112] Backfilling token frxETH OHLCV using curveswaps.
[2023-06-08 11:48:47.361798] Inserting OHLCV.
[2023-06-08 11:48:47.361834] No price data for token frxETH at this time.

[2023-06-08 11:48:47.361843] UST only indexed up to 1653667380 (2022-05-27 12:03:00 PM GMT-04:00 DST). Setting end time to 2022-07-16 00:00:00.
[2023-06-08 11:48:47.361854] Backfilling token UST OHLCV using ccxt.
Using Coinbase Pro for UST/USD.

[2023-06-08 11:48:47.364328] Inserting OHLCV.
[2023-06-08 11:48:47.364340] No price data for token UST at this time.

[2023-06-08 11:48:47.364346] 3Crv uses pool virtual price. Skipping...

[2023-06-08 11:48:47.364354] Backfilling token CRV OHLCV using ccxt.
Using Binance US for CRV/USD.

[2023-06-08 11:48:49.512089] Inserting OHLCV.
[2023-06-08 11:48:57.338657] Done :)
