
[2023-06-08 08:45:17.956289] Starting backfilling process.

[2023-06-08 08:45:18.767192] Backfilling pool Curve.fi ETH/stETH.
[2023-06-08 08:45:18.767225] Start time: 2022-05-13 23:55:00
[2023-06-08 08:45:18.767235] End time: 2022-05-21 00:00:03
[2023-06-08 08:46:08.415183] Inserting pool data...
[2023-06-08 08:46:58.930131] Finished pool data...
[2023-06-08 08:47:04.640935] Inserting swap data...
[2023-06-08 08:47:06.150597] Finished swap data...
[2023-06-08 08:47:11.678360] Inserting lp event data...
[2023-06-08 08:47:12.038349] Finished lp event data...
[2023-06-08 08:47:12.134983] Inserting snapshots data...
[2023-06-08 08:47:12.148062] Finished snapshots data...
[2023-06-08 08:47:12.148082] Finished pool Curve.fi ETH/stETH.

[2023-06-08 08:47:12.148090] Backfilling pool Curve.fi DAI/USDC/USDT.
[2023-06-08 08:47:12.148097] Start time: 2022-05-13 23:55:00
[2023-06-08 08:47:12.148106] End time: 2022-05-21 00:00:03
[2023-06-08 08:48:03.651920] Inserting pool data...
[2023-06-08 08:48:54.153372] Finished pool data...
[2023-06-08 08:48:59.809924] Inserting swap data...
[2023-06-08 08:49:01.490315] Finished swap data...
[2023-06-08 08:49:06.928126] Inserting lp event data...
[2023-06-08 08:49:13.645921] Finished lp event data...
[2023-06-08 08:49:15.836283] Inserting snapshots data...
[2023-06-08 08:49:15.849270] Finished snapshots data...
[2023-06-08 08:49:15.849293] Finished pool Curve.fi DAI/USDC/USDT.

[2023-06-08 08:49:15.849300] Backfilling pool Curve.fi FRAX/USDC.
[2023-06-08 08:49:15.849307] Pools Curve.fi FRAX/USDC was created after the end date. Skipping...

[2023-06-08 08:49:15.849313] Backfilling pool Curve.fi Factory USD Metapool: wormhole v2 UST-3Pool.
[2023-06-08 08:49:15.849319] Start time: 2022-05-13 23:55:00
[2023-06-08 08:49:15.849328] End time: 2022-05-21 00:00:03
[2023-06-08 08:50:07.319873] Inserting pool data...
[2023-06-08 08:50:58.061040] Finished pool data...
[2023-06-08 08:51:03.996957] Inserting swap data...
[2023-06-08 08:51:07.958397] Finished swap data...
[2023-06-08 08:51:13.052020] Inserting lp event data...
[2023-06-08 08:51:13.109317] Finished lp event data...
[2023-06-08 08:51:13.275254] Inserting snapshots data...
[2023-06-08 08:51:13.287205] Finished snapshots data...
[2023-06-08 08:51:13.287224] Finished pool Curve.fi Factory USD Metapool: wormhole v2 UST-3Pool.

[2023-06-08 08:51:13.287233] Backfilling pool Curve.fi USDN/3Crv.
[2023-06-08 08:51:13.287239] Start time: 2022-05-13 23:55:00
[2023-06-08 08:51:13.287248] End time: 2022-05-21 00:00:03
[2023-06-08 08:52:04.270460] Inserting pool data...
[2023-06-08 08:52:55.200851] Finished pool data...
[2023-06-08 08:53:00.472685] Inserting swap data...
[2023-06-08 08:53:00.768861] Finished swap data...
[2023-06-08 08:53:05.947969] Inserting lp event data...
[2023-06-08 08:53:06.049877] Finished lp event data...
[2023-06-08 08:53:06.149381] Inserting snapshots data...
[2023-06-08 08:53:06.161619] Finished snapshots data...
[2023-06-08 08:53:06.161639] Finished pool Curve.fi USDN/3Crv.

[2023-06-08 08:53:06.161647] Backfilling pool Curve.fi Factory USD Metapool: Magic Internet Money 3Pool.
[2023-06-08 08:53:06.161653] Start time: 2022-05-13 23:55:00
[2023-06-08 08:53:06.161663] End time: 2022-05-21 00:00:03
[2023-06-08 08:53:56.649927] Inserting pool data...
[2023-06-08 08:54:47.459066] Finished pool data...
[2023-06-08 08:54:52.516839] Inserting swap data...
[2023-06-08 08:54:52.954837] Finished swap data...
[2023-06-08 08:54:57.955422] Inserting lp event data...
[2023-06-08 08:54:58.062960] Finished lp event data...
[2023-06-08 08:54:58.169362] Inserting snapshots data...
[2023-06-08 08:54:58.181613] Finished snapshots data...
[2023-06-08 08:54:58.181633] Finished pool Curve.fi Factory USD Metapool: Magic Internet Money 3Pool.

[2023-06-08 08:54:58.181641] Backfilling pool Curve.fi DAI/USDC/USDT/sUSD.
[2023-06-08 08:54:58.181647] Start time: 2022-05-13 23:55:00
[2023-06-08 08:54:58.181656] End time: 2022-05-21 00:00:03
[2023-06-08 08:55:49.191329] Inserting pool data...
[2023-06-08 08:56:40.391206] Finished pool data...
[2023-06-08 08:56:45.807013] Inserting swap data...
[2023-06-08 08:56:46.152521] Finished swap data...
[2023-06-08 08:56:51.401874] Inserting lp event data...
[2023-06-08 08:56:51.445642] Finished lp event data...
[2023-06-08 08:56:51.608682] Inserting snapshots data...
[2023-06-08 08:56:51.620784] Finished snapshots data...
[2023-06-08 08:56:51.620804] Finished pool Curve.fi DAI/USDC/USDT/sUSD.

[2023-06-08 08:56:51.620812] Backfilling pool Curve.fi ETH/frxETH.
[2023-06-08 08:56:51.620818] Pools Curve.fi ETH/frxETH was created after the end date. Skipping...

[2023-06-08 08:56:51.620824] Backfilling pool Curve.fi Factory USD Metapool: Liquity.
[2023-06-08 08:56:51.620830] Start time: 2022-05-13 23:55:00
[2023-06-08 08:56:51.620839] End time: 2022-05-21 00:00:03
[2023-06-08 08:57:42.780300] Inserting pool data...
[2023-06-08 08:58:33.781148] Finished pool data...
[2023-06-08 08:58:39.410343] Inserting swap data...
[2023-06-08 08:58:39.550183] Finished swap data...
[2023-06-08 08:58:44.826188] Inserting lp event data...
[2023-06-08 08:58:44.877007] Finished lp event data...
[2023-06-08 08:58:44.987608] Inserting snapshots data...
[2023-06-08 08:58:45.001931] Finished snapshots data...
[2023-06-08 08:58:45.001951] Finished pool Curve.fi Factory USD Metapool: Liquity.

[2023-06-08 08:58:45.001959] Backfilling pool Curve.fi Factory USD Metapool: Binance USD.
[2023-06-08 08:58:45.001965] Start time: 2022-05-13 23:55:00
[2023-06-08 08:58:45.001975] End time: 2022-05-21 00:00:03
[2023-06-08 08:59:36.667192] Inserting pool data...
[2023-06-08 09:00:27.690089] Finished pool data...
[2023-06-08 09:00:33.795173] Inserting swap data...
[2023-06-08 09:00:33.903303] Finished swap data...
[2023-06-08 09:00:39.246990] Inserting lp event data...
[2023-06-08 09:00:39.298205] Finished lp event data...
[2023-06-08 09:00:39.463593] Inserting snapshots data...
[2023-06-08 09:00:39.475405] Finished snapshots data...
[2023-06-08 09:00:39.475425] Finished pool Curve.fi Factory USD Metapool: Binance USD.

[2023-06-08 09:00:39.475432] Backfilling pool Curve.fi Factory Plain Pool: stETH concentrated.
[2023-06-08 09:00:39.475439] Start time: 2022-05-13 23:55:00
[2023-06-08 09:00:39.475448] End time: 2022-05-21 00:00:03
[2023-06-08 09:01:32.047657] Inserting pool data...
[2023-06-08 09:02:22.557217] Finished pool data...
[2023-06-08 09:02:27.914613] Inserting swap data...
[2023-06-08 09:02:28.115310] Finished swap data...
[2023-06-08 09:02:33.458689] Inserting lp event data...
[2023-06-08 09:02:33.692001] Finished lp event data...
[2023-06-08 09:02:37.167228] Inserting snapshots data...
[2023-06-08 09:02:37.179319] Finished snapshots data...
[2023-06-08 09:02:37.179342] Finished pool Curve.fi Factory Plain Pool: stETH concentrated.

[2023-06-08 09:02:37.179351] Backfilling pool Curve.fi Factory Crypto Pool: cbETH/ETH.
[2023-06-08 09:02:37.179359] Pools Curve.fi Factory Crypto Pool: cbETH/ETH was created after the end date. Skipping...

[2023-06-08 09:02:37.179365] Backfilling pool Curve.fi Factory Plain Pool: cvxCrv/Crv.
[2023-06-08 09:02:37.179371] Pools Curve.fi Factory Plain Pool: cvxCrv/Crv was created after the end date. Skipping...

[2023-06-08 09:02:37.179380] Backfilling token LUSD OHLCV using chainlink.
Found the closest round: 18446744073709553963, at 2022-05-13 23:23:07.
Number of iterations: 14
[2023-06-08 09:02:56.972783] Inserting OHLCV.
[2023-06-08 09:02:57.153184] Backfilling token FRAX OHLCV using chainlink.
Found the closest round: 18446744073709553947, at 2022-05-13 23:10:54.
Number of iterations: 14
[2023-06-08 09:03:17.029785] Inserting OHLCV.
[2023-06-08 09:03:17.208205] Backfilling token MIM OHLCV using ccxt.
Using Bitfinex for MIM/USD.

[2023-06-08 09:03:25.473679] Inserting OHLCV.
[2023-06-08 09:03:28.917368] Backfilling token USDC OHLCV using ccxt.
Using Binance US for USDC/USD.

[2023-06-08 09:03:31.024205] Inserting OHLCV.
[2023-06-08 09:03:38.823765] Backfilling token stETH OHLCV using chainlink.
Found the closest round: 18446744073709558958, at 2022-05-13 23:43:28.
Number of iterations: 14
[2023-06-08 09:03:59.347074] Inserting OHLCV.
[2023-06-08 09:03:59.553083] cbETH only indexed from 1661444040 (2022 12:14:00 PM GMT-04:00 DST). Skipping...
[2023-06-08 09:03:59.553117] Backfilling token ETH OHLCV using ccxt.
Using Binance US for ETH/USD.

[2023-06-08 09:04:01.637783] Inserting OHLCV.
[2023-06-08 09:04:09.348882] Backfilling token DAI OHLCV using ccxt.
Using Binance US for DAI/USD.

[2023-06-08 09:04:11.407766] Inserting OHLCV.
[2023-06-08 09:04:18.978619] Backfilling token BUSD OHLCV using chainlink.
Found the closest round: 18446744073709552033, at 2022-05-13 09:52:06.
Number of iterations: 10
[2023-06-08 09:04:29.721276] Inserting OHLCV.
[2023-06-08 09:04:29.737237] Backfilling token sUSD OHLCV using chainlink.
Found the closest round: 18446744073709552590, at 2022-05-13 07:25:50.
Number of iterations: 11
[2023-06-08 09:04:41.663839] Inserting OHLCV.
[2023-06-08 09:04:41.683329] WETH assumed to be = ETH. Skipping...

[2023-06-08 09:04:41.683355] Backfilling token cvxCRV OHLCV using curveswaps.
[2023-06-08 09:04:41.707928] Inserting OHLCV.
[2023-06-08 09:04:41.707957] No price data for token cvxCRV at this time.

[2023-06-08 09:04:41.707968] Backfilling token USDT OHLCV using ccxt.
Using Binance US for USDT/USD.

[2023-06-08 09:04:43.770426] Inserting OHLCV.
[2023-06-08 09:04:51.536177] Backfilling token USDN OHLCV using chainlink.
Found the closest round: 222, at 2022-05-13 15:47:38.
Number of iterations: 9
[2023-06-08 09:05:01.242946] Inserting OHLCV.
[2023-06-08 09:05:01.258219] Backfilling token frxETH OHLCV using curveswaps.
[2023-06-08 09:05:01.275612] Inserting OHLCV.
[2023-06-08 09:05:01.275640] No price data for token frxETH at this time.

[2023-06-08 09:05:01.275651] Backfilling token UST OHLCV using ccxt.
Using Coinbase Pro for UST/USD.

[2023-06-08 09:05:10.657819] Inserting OHLCV.
[2023-06-08 09:05:17.948738] 3Crv uses pool virtual price. Skipping...

[2023-06-08 09:05:17.948776] Backfilling token CRV OHLCV using ccxt.
Using Binance US for CRV/USD.

[2023-06-08 09:05:20.290899] Inserting OHLCV.
[2023-06-08 09:05:28.007981] Done :)
