
[2023-06-08 10:23:26.647323] Starting backfilling process.

[2023-06-08 10:23:27.810089] Backfilling pool Curve.fi ETH/stETH.
[2023-06-08 10:23:27.810125] Start time: 2022-06-17 23:55:12
[2023-06-08 10:23:27.810135] End time: 2022-06-25 00:00:00
[2023-06-08 10:24:12.479513] Inserting pool data...
[2023-06-08 10:24:57.944524] Finished pool data...
[2023-06-08 10:25:03.158862] Inserting swap data...
[2023-06-08 10:25:04.733143] Finished swap data...
[2023-06-08 10:25:09.699996] Inserting lp event data...
[2023-06-08 10:25:09.976890] Finished lp event data...
[2023-06-08 10:25:11.604349] Inserting snapshots data...
[2023-06-08 10:25:11.618658] Finished snapshots data...
[2023-06-08 10:25:11.618684] Finished pool Curve.fi ETH/stETH.

[2023-06-08 10:25:11.618691] Backfilling pool Curve.fi DAI/USDC/USDT.
[2023-06-08 10:25:11.618698] Start time: 2022-06-17 23:55:12
[2023-06-08 10:25:11.618707] End time: 2022-06-25 00:00:00
[2023-06-08 10:26:02.971043] Inserting pool data...
[2023-06-08 10:26:48.017263] Finished pool data...
[2023-06-08 10:26:52.953729] Inserting swap data...
[2023-06-08 10:26:55.247613] Finished swap data...
[2023-06-08 10:26:59.715471] Inserting lp event data...
[2023-06-08 10:27:03.778326] Finished lp event data...
[2023-06-08 10:27:03.876491] Inserting snapshots data...
[2023-06-08 10:27:03.888800] Finished snapshots data...
[2023-06-08 10:27:03.888820] Finished pool Curve.fi DAI/USDC/USDT.

[2023-06-08 10:27:03.888828] Backfilling pool Curve.fi FRAX/USDC.
[2023-06-08 10:27:03.888835] Start time: 2022-06-17 23:55:12
[2023-06-08 10:27:03.888844] End time: 2022-06-25 00:00:00
[2023-06-08 10:27:50.406683] Inserting pool data...
[2023-06-08 10:28:36.137748] Finished pool data...
[2023-06-08 10:28:41.557757] Inserting swap data...
[2023-06-08 10:28:41.592341] Finished swap data...
[2023-06-08 10:28:47.015033] Inserting lp event data...
[2023-06-08 10:28:47.017047] Finished lp event data...
[2023-06-08 10:28:47.119037] Inserting snapshots data...
[2023-06-08 10:28:47.133308] Finished snapshots data...
[2023-06-08 10:28:47.133329] Finished pool Curve.fi FRAX/USDC.

[2023-06-08 10:28:47.133337] Backfilling pool Curve.fi Factory USD Metapool: wormhole v2 UST-3Pool.
[2023-06-08 10:28:47.133343] Start time: 2022-06-17 23:55:12
[2023-06-08 10:28:47.133352] End time: 2022-06-25 00:00:00
[2023-06-08 10:29:32.804816] Inserting pool data...
[2023-06-08 10:30:17.936559] Finished pool data...
[2023-06-08 10:30:23.695360] Inserting swap data...
[2023-06-08 10:30:23.729740] Finished swap data...
[2023-06-08 10:30:28.584011] Inserting lp event data...
[2023-06-08 10:30:28.588993] Finished lp event data...
[2023-06-08 10:30:28.805238] Inserting snapshots data...
[2023-06-08 10:30:28.818299] Finished snapshots data...
[2023-06-08 10:30:28.818320] Finished pool Curve.fi Factory USD Metapool: wormhole v2 UST-3Pool.

[2023-06-08 10:30:28.818327] Backfilling pool Curve.fi USDN/3Crv.
[2023-06-08 10:30:28.818334] Start time: 2022-06-17 23:55:12
[2023-06-08 10:30:28.818342] End time: 2022-06-25 00:00:00
[2023-06-08 10:31:15.293286] Inserting pool data...
[2023-06-08 10:32:00.740922] Finished pool data...
[2023-06-08 10:32:06.011592] Inserting swap data...
[2023-06-08 10:32:06.087134] Finished swap data...
[2023-06-08 10:32:10.983412] Inserting lp event data...
[2023-06-08 10:32:11.037066] Finished lp event data...
[2023-06-08 10:32:13.937417] Inserting snapshots data...
[2023-06-08 10:32:13.954184] Finished snapshots data...
[2023-06-08 10:32:13.954205] Finished pool Curve.fi USDN/3Crv.

[2023-06-08 10:32:13.954213] Backfilling pool Curve.fi Factory USD Metapool: Magic Internet Money 3Pool.
[2023-06-08 10:32:13.954220] Start time: 2022-06-17 23:55:12
[2023-06-08 10:32:13.954228] End time: 2022-06-25 00:00:00
[2023-06-08 10:33:00.380264] Inserting pool data...
[2023-06-08 10:33:45.781207] Finished pool data...
[2023-06-08 10:33:51.166703] Inserting swap data...
[2023-06-08 10:33:53.103720] Finished swap data...
[2023-06-08 10:33:58.042555] Inserting lp event data...
[2023-06-08 10:33:58.180264] Finished lp event data...
[2023-06-08 10:33:58.296669] Inserting snapshots data...
[2023-06-08 10:33:58.308552] Finished snapshots data...
[2023-06-08 10:33:58.308571] Finished pool Curve.fi Factory USD Metapool: Magic Internet Money 3Pool.

[2023-06-08 10:33:58.308578] Backfilling pool Curve.fi DAI/USDC/USDT/sUSD.
[2023-06-08 10:33:58.308585] Start time: 2022-06-17 23:55:12
[2023-06-08 10:33:58.308594] End time: 2022-06-25 00:00:00
[2023-06-08 10:34:44.820485] Inserting pool data...
[2023-06-08 10:35:30.864462] Finished pool data...
[2023-06-08 10:35:35.895565] Inserting swap data...
[2023-06-08 10:35:37.349970] Finished swap data...
[2023-06-08 10:35:42.267379] Inserting lp event data...
[2023-06-08 10:35:42.414739] Finished lp event data...
[2023-06-08 10:35:42.592273] Inserting snapshots data...
[2023-06-08 10:35:42.604769] Finished snapshots data...
[2023-06-08 10:35:42.604788] Finished pool Curve.fi DAI/USDC/USDT/sUSD.

[2023-06-08 10:35:42.604796] Backfilling pool Curve.fi ETH/frxETH.
[2023-06-08 10:35:42.604802] Pools Curve.fi ETH/frxETH was created after the end date. Skipping...

[2023-06-08 10:35:42.604808] Backfilling pool Curve.fi Factory USD Metapool: Liquity.
[2023-06-08 10:35:42.604814] Start time: 2022-06-17 23:55:12
[2023-06-08 10:35:42.604822] End time: 2022-06-25 00:00:00
[2023-06-08 10:36:27.708326] Inserting pool data...
[2023-06-08 10:37:13.010883] Finished pool data...
[2023-06-08 10:37:18.308995] Inserting swap data...
[2023-06-08 10:37:18.791787] Finished swap data...
[2023-06-08 10:37:23.525082] Inserting lp event data...
[2023-06-08 10:37:23.548832] Finished lp event data...
[2023-06-08 10:37:23.688888] Inserting snapshots data...
[2023-06-08 10:37:23.700701] Finished snapshots data...
[2023-06-08 10:37:23.700719] Finished pool Curve.fi Factory USD Metapool: Liquity.

[2023-06-08 10:37:23.700726] Backfilling pool Curve.fi Factory USD Metapool: Binance USD.
[2023-06-08 10:37:23.700733] Start time: 2022-06-17 23:55:12
[2023-06-08 10:37:23.700742] End time: 2022-06-25 00:00:00
[2023-06-08 10:38:10.711477] Inserting pool data...
[2023-06-08 10:38:55.942641] Finished pool data...
[2023-06-08 10:39:01.439411] Inserting swap data...
[2023-06-08 10:39:01.505701] Finished swap data...
[2023-06-08 10:39:06.469603] Inserting lp event data...
[2023-06-08 10:39:06.490704] Finished lp event data...
[2023-06-08 10:39:06.590413] Inserting snapshots data...
[2023-06-08 10:39:06.602767] Finished snapshots data...
[2023-06-08 10:39:06.602787] Finished pool Curve.fi Factory USD Metapool: Binance USD.

[2023-06-08 10:39:06.602794] Backfilling pool Curve.fi Factory Plain Pool: stETH concentrated.
[2023-06-08 10:39:06.602801] Start time: 2022-06-17 23:55:12
[2023-06-08 10:39:06.602810] End time: 2022-06-25 00:00:00
[2023-06-08 10:39:53.132006] Inserting pool data...
[2023-06-08 10:40:38.290160] Finished pool data...
[2023-06-08 10:40:43.803055] Inserting swap data...
[2023-06-08 10:40:43.899350] Finished swap data...
[2023-06-08 10:40:48.809433] Inserting lp event data...
[2023-06-08 10:40:48.833960] Finished lp event data...
[2023-06-08 10:40:48.937976] Inserting snapshots data...
[2023-06-08 10:40:48.949587] Finished snapshots data...
[2023-06-08 10:40:48.949606] Finished pool Curve.fi Factory Plain Pool: stETH concentrated.

[2023-06-08 10:40:48.949613] Backfilling pool Curve.fi Factory Crypto Pool: cbETH/ETH.
[2023-06-08 10:40:48.949620] Pools Curve.fi Factory Crypto Pool: cbETH/ETH was created after the end date. Skipping...

[2023-06-08 10:40:48.949625] Backfilling pool Curve.fi Factory Plain Pool: cvxCrv/Crv.
[2023-06-08 10:40:48.949631] Pools Curve.fi Factory Plain Pool: cvxCrv/Crv was created after the end date. Skipping...

[2023-06-08 10:40:48.949640] Backfilling token LUSD OHLCV using chainlink.
Found the closest round: 18446744073709554805, at 2022-06-17 23:01:57.
Number of iterations: 14
[2023-06-08 10:41:08.397290] Inserting OHLCV.
[2023-06-08 10:41:08.576275] Backfilling token FRAX OHLCV using chainlink.
Found the closest round: 18446744073709554794, at 2022-06-17 23:02:58.
Number of iterations: 14
[2023-06-08 10:41:27.973289] Inserting OHLCV.
[2023-06-08 10:41:28.150152] Backfilling token MIM OHLCV using ccxt.
Using Bitfinex for MIM/USD.

[2023-06-08 10:41:35.086496] Inserting OHLCV.
[2023-06-08 10:41:37.833888] Backfilling token USDC OHLCV using ccxt.
Using Binance US for USDC/USD.

[2023-06-08 10:41:40.233380] Inserting OHLCV.
[2023-06-08 10:41:48.104079] Backfilling token stETH OHLCV using chainlink.
Found the closest round: 18446744073709560069, at 2022-06-17 22:57:33.
Number of iterations: 14
[2023-06-08 10:42:09.891643] Inserting OHLCV.
[2023-06-08 10:42:10.146589] cbETH only indexed from 1661444040 (2022 12:14:00 PM GMT-04:00 DST). Skipping...
[2023-06-08 10:42:10.146618] Backfilling token ETH OHLCV using ccxt.
Using Binance US for ETH/USD.

[2023-06-08 10:42:12.217136] Inserting OHLCV.
[2023-06-08 10:42:19.733504] Backfilling token DAI OHLCV using ccxt.
Using Binance US for DAI/USD.

[2023-06-08 10:42:21.764379] Inserting OHLCV.
[2023-06-08 10:42:29.694980] Backfilling token BUSD OHLCV using chainlink.
Found the closest round: 18446744073709552069, at 2022-06-17 10:11:19.
Number of iterations: 9
[2023-06-08 10:42:39.378051] Inserting OHLCV.
[2023-06-08 10:42:39.393897] Backfilling token sUSD OHLCV using chainlink.
Found the closest round: 18446744073709552677, at 2022-06-17 01:18:39.
Number of iterations: 11
[2023-06-08 10:42:51.565631] Inserting OHLCV.
[2023-06-08 10:42:51.593595] WETH assumed to be = ETH. Skipping...

[2023-06-08 10:42:51.593622] Backfilling token cvxCRV OHLCV using curveswaps.
[2023-06-08 10:42:51.614432] Inserting OHLCV.
[2023-06-08 10:42:51.614474] No price data for token cvxCRV at this time.

[2023-06-08 10:42:51.614486] Backfilling token USDT OHLCV using ccxt.
Using Binance US for USDT/USD.

[2023-06-08 10:42:53.725412] Inserting OHLCV.
[2023-06-08 10:43:01.379085] Backfilling token USDN OHLCV using chainlink.
Found the closest round: 261, at 2022-06-17 06:28:22.
Number of iterations: 9
[2023-06-08 10:43:11.208212] Inserting OHLCV.
[2023-06-08 10:43:11.225046] Backfilling token frxETH OHLCV using curveswaps.
[2023-06-08 10:43:11.241588] Inserting OHLCV.
[2023-06-08 10:43:11.241631] No price data for token frxETH at this time.

[2023-06-08 10:43:11.241642] UST only indexed up to 1653667380 (2022-05-27 12:03:00 PM GMT-04:00 DST). Setting end time to 2022-06-25 00:00:00.
[2023-06-08 10:43:11.241657] Backfilling token UST OHLCV using ccxt.
Using Coinbase Pro for UST/USD.

[2023-06-08 10:43:11.244200] Inserting OHLCV.
[2023-06-08 10:43:11.244212] No price data for token UST at this time.

[2023-06-08 10:43:11.244220] 3Crv uses pool virtual price. Skipping...

[2023-06-08 10:43:11.244227] Backfilling token CRV OHLCV using ccxt.
Using Binance US for CRV/USD.

[2023-06-08 10:43:13.592282] Inserting OHLCV.
[2023-06-08 10:43:21.339939] Done :)
