
[2023-06-08 20:16:21.783272] Starting backfilling process.

[2023-06-08 20:16:22.616191] Backfilling pool Curve.fi ETH/stETH.
[2023-06-08 20:16:22.616246] Start time: 2022-11-18 23:55:23
[2023-06-08 20:16:22.616264] End time: 2022-11-26 00:00:11
[2023-06-08 20:17:22.448929] Inserting pool data...
[2023-06-08 20:18:29.054986] Finished pool data...
[2023-06-08 20:18:35.470530] Inserting swap data...
[2023-06-08 20:18:37.750225] Finished swap data...
[2023-06-08 20:18:44.226232] Inserting lp event data...
[2023-06-08 20:18:44.827545] Finished lp event data...
[2023-06-08 20:18:44.964180] Inserting snapshots data...
[2023-06-08 20:18:44.977895] Finished snapshots data...
[2023-06-08 20:18:44.977937] Finished pool Curve.fi ETH/stETH.

[2023-06-08 20:18:44.977946] Backfilling pool Curve.fi DAI/USDC/USDT.
[2023-06-08 20:18:44.977954] Start time: 2022-11-18 23:55:23
[2023-06-08 20:18:44.977965] End time: 2022-11-26 00:00:11
[2023-06-08 20:19:46.465323] Inserting pool data...
[2023-06-08 20:20:52.637854] Finished pool data...
[2023-06-08 20:20:59.207324] Inserting swap data...
[2023-06-08 20:21:03.642056] Finished swap data...
[2023-06-08 20:21:10.183782] Inserting lp event data...
[2023-06-08 20:21:15.309454] Finished lp event data...
[2023-06-08 20:21:15.438888] Inserting snapshots data...
[2023-06-08 20:21:15.452806] Finished snapshots data...
[2023-06-08 20:21:15.452966] Finished pool Curve.fi DAI/USDC/USDT.

[2023-06-08 20:21:15.453064] Backfilling pool Curve.fi FRAX/USDC.
[2023-06-08 20:21:15.453159] Start time: 2022-11-18 23:55:23
[2023-06-08 20:21:15.453258] End time: 2022-11-26 00:00:11
[2023-06-08 20:22:17.275452] Inserting pool data...
[2023-06-08 20:23:23.052266] Finished pool data...
[2023-06-08 20:23:29.599162] Inserting swap data...
[2023-06-08 20:23:29.726881] Finished swap data...
[2023-06-08 20:23:36.306434] Inserting lp event data...
[2023-06-08 20:23:37.212875] Finished lp event data...
[2023-06-08 20:23:37.339753] Inserting snapshots data...
[2023-06-08 20:23:37.354517] Finished snapshots data...
[2023-06-08 20:23:37.354668] Finished pool Curve.fi FRAX/USDC.

[2023-06-08 20:23:37.354788] Backfilling pool Curve.fi Factory USD Metapool: wormhole v2 UST-3Pool.
[2023-06-08 20:23:37.354884] Start time: 2022-11-18 23:55:23
[2023-06-08 20:23:37.354983] End time: 2022-11-26 00:00:11
[2023-06-08 20:24:40.001769] Inserting pool data...
[2023-06-08 20:25:47.126594] Finished pool data...
[2023-06-08 20:25:54.142204] Inserting swap data...
[2023-06-08 20:25:54.161426] Finished swap data...
[2023-06-08 20:26:00.759673] Inserting lp event data...
[2023-06-08 20:26:00.764402] Finished lp event data...
[2023-06-08 20:26:00.908896] Inserting snapshots data...
[2023-06-08 20:26:00.922223] Finished snapshots data...
[2023-06-08 20:26:00.922263] Finished pool Curve.fi Factory USD Metapool: wormhole v2 UST-3Pool.

[2023-06-08 20:26:00.922273] Backfilling pool Curve.fi USDN/3Crv.
[2023-06-08 20:26:00.922281] Start time: 2022-11-18 23:55:23
[2023-06-08 20:26:00.922291] End time: 2022-11-26 00:00:11
[2023-06-08 20:27:03.390982] Inserting pool data...
[2023-06-08 20:28:12.472940] Finished pool data...
[2023-06-08 20:28:19.174544] Inserting swap data...
[2023-06-08 20:28:19.386978] Finished swap data...
[2023-06-08 20:28:25.914054] Inserting lp event data...
[2023-06-08 20:28:25.941562] Finished lp event data...
[2023-06-08 20:28:26.078963] Inserting snapshots data...
[2023-06-08 20:28:26.092749] Finished snapshots data...
[2023-06-08 20:28:26.092786] Finished pool Curve.fi USDN/3Crv.

[2023-06-08 20:28:26.092795] Backfilling pool Curve.fi Factory USD Metapool: Magic Internet Money 3Pool.
[2023-06-08 20:28:26.092804] Start time: 2022-11-18 23:55:23
[2023-06-08 20:28:26.092814] End time: 2022-11-26 00:00:11
[2023-06-08 20:29:27.418184] Inserting pool data...
[2023-06-08 20:30:33.494392] Finished pool data...
[2023-06-08 20:30:40.689894] Inserting swap data...
[2023-06-08 20:30:40.817810] Finished swap data...
[2023-06-08 20:30:47.020506] Inserting lp event data...
[2023-06-08 20:30:47.128771] Finished lp event data...
[2023-06-08 20:30:47.239555] Inserting snapshots data...
[2023-06-08 20:30:47.256400] Finished snapshots data...
[2023-06-08 20:30:47.256441] Finished pool Curve.fi Factory USD Metapool: Magic Internet Money 3Pool.

[2023-06-08 20:30:47.256454] Backfilling pool Curve.fi DAI/USDC/USDT/sUSD.
[2023-06-08 20:30:47.256464] Start time: 2022-11-18 23:55:23
[2023-06-08 20:30:47.256478] End time: 2022-11-26 00:00:11
[2023-06-08 20:31:49.192112] Inserting pool data...
[2023-06-08 20:32:58.111733] Finished pool data...
[2023-06-08 20:33:04.546994] Inserting swap data...
[2023-06-08 20:33:05.065358] Finished swap data...
[2023-06-08 20:33:11.433405] Inserting lp event data...
[2023-06-08 20:33:11.536910] Finished lp event data...
[2023-06-08 20:33:11.659327] Inserting snapshots data...
[2023-06-08 20:33:11.672556] Finished snapshots data...
[2023-06-08 20:33:11.672739] Finished pool Curve.fi DAI/USDC/USDT/sUSD.

[2023-06-08 20:33:11.672871] Backfilling pool Curve.fi ETH/frxETH.
[2023-06-08 20:33:11.673019] Start time: 2022-11-18 23:55:23
[2023-06-08 20:33:11.673163] End time: 2022-11-26 00:00:11
[2023-06-08 20:34:13.734088] Inserting pool data...
[2023-06-08 20:35:22.704205] Finished pool data...
[2023-06-08 20:35:29.047158] Inserting swap data...
[2023-06-08 20:35:29.082572] Finished swap data...
[2023-06-08 20:35:35.560748] Inserting lp event data...
[2023-06-08 20:35:35.759682] Finished lp event data...
[2023-06-08 20:35:35.903191] Inserting snapshots data...
[2023-06-08 20:35:35.919991] Finished snapshots data...
[2023-06-08 20:35:35.920048] Finished pool Curve.fi ETH/frxETH.

[2023-06-08 20:35:35.920061] Backfilling pool Curve.fi Factory USD Metapool: Liquity.
[2023-06-08 20:35:35.920073] Start time: 2022-11-18 23:55:23
[2023-06-08 20:35:35.920089] End time: 2022-11-26 00:00:11
[2023-06-08 20:36:37.683565] Inserting pool data...
[2023-06-08 20:37:48.458344] Finished pool data...
[2023-06-08 20:37:55.946246] Inserting swap data...
[2023-06-08 20:37:56.165707] Finished swap data...
[2023-06-08 20:38:02.343183] Inserting lp event data...
[2023-06-08 20:38:02.440920] Finished lp event data...
[2023-06-08 20:38:02.549726] Inserting snapshots data...
[2023-06-08 20:38:02.565829] Finished snapshots data...
[2023-06-08 20:38:02.565871] Finished pool Curve.fi Factory USD Metapool: Liquity.

[2023-06-08 20:38:02.565880] Backfilling pool Curve.fi Factory USD Metapool: Binance USD.
[2023-06-08 20:38:02.565888] Start time: 2022-11-18 23:55:23
[2023-06-08 20:38:02.565899] End time: 2022-11-26 00:00:11
[2023-06-08 20:39:10.944387] Inserting pool data...
[2023-06-08 20:40:19.460494] Finished pool data...
[2023-06-08 20:40:26.123989] Inserting swap data...
[2023-06-08 20:40:26.261400] Finished swap data...
[2023-06-08 20:40:32.845457] Inserting lp event data...
[2023-06-08 20:40:32.890795] Finished lp event data...
[2023-06-08 20:40:33.003937] Inserting snapshots data...
[2023-06-08 20:40:33.019643] Finished snapshots data...
[2023-06-08 20:40:33.019809] Finished pool Curve.fi Factory USD Metapool: Binance USD.

[2023-06-08 20:40:33.019907] Backfilling pool Curve.fi Factory Plain Pool: stETH concentrated.
[2023-06-08 20:40:33.020002] Start time: 2022-11-18 23:55:23
[2023-06-08 20:40:33.020101] End time: 2022-11-26 00:00:11
[2023-06-08 20:41:36.192098] Inserting pool data...
[2023-06-08 20:42:44.227667] Finished pool data...
[2023-06-08 20:42:50.919200] Inserting swap data...
[2023-06-08 20:42:51.003136] Finished swap data...
[2023-06-08 20:42:57.800949] Inserting lp event data...
[2023-06-08 20:42:57.847658] Finished lp event data...
[2023-06-08 20:42:57.960042] Inserting snapshots data...
[2023-06-08 20:42:57.975999] Finished snapshots data...
[2023-06-08 20:42:57.976164] Finished pool Curve.fi Factory Plain Pool: stETH concentrated.

[2023-06-08 20:42:57.976262] Backfilling pool Curve.fi Factory Crypto Pool: cbETH/ETH.
[2023-06-08 20:42:57.976359] Start time: 2022-11-18 23:55:23
[2023-06-08 20:42:57.976458] End time: 2022-11-26 00:00:11
[2023-06-08 20:43:59.299894] Inserting pool data...
[2023-06-08 20:45:08.296616] Finished pool data...
[2023-06-08 20:45:15.559145] Inserting swap data...
[2023-06-08 20:45:15.623357] Finished swap data...
[2023-06-08 20:45:22.113855] Inserting lp event data...
[2023-06-08 20:45:22.139734] Finished lp event data...
[2023-06-08 20:45:22.250364] Inserting snapshots data...
[2023-06-08 20:45:22.264003] Finished snapshots data...
[2023-06-08 20:45:22.264044] Finished pool Curve.fi Factory Crypto Pool: cbETH/ETH.

[2023-06-08 20:45:22.264054] Backfilling pool Curve.fi Factory Plain Pool: cvxCrv/Crv.
[2023-06-08 20:45:22.264062] Pools Curve.fi Factory Plain Pool: cvxCrv/Crv was created after the end date. Skipping...

[2023-06-08 20:45:22.264073] Backfilling token LUSD OHLCV using chainlink.
Found the closest round: 18446744073709558523, at 2022-11-18 23:45:23.
Number of iterations: 13
[2023-06-08 20:45:41.780663] Inserting OHLCV.
[2023-06-08 20:45:42.076626] Backfilling token FRAX OHLCV using chainlink.
Found the closest round: 18446744073709558506, at 2022-11-18 23:50:23.
Number of iterations: 14
[2023-06-08 20:46:02.279664] Inserting OHLCV.
[2023-06-08 20:46:02.507915] Backfilling token MIM OHLCV using ccxt.
Using Bitfinex for MIM/USD.

[2023-06-08 20:46:10.401648] Inserting OHLCV.
[2023-06-08 20:46:14.141885] Backfilling token USDC OHLCV using ccxt.
Using Binance US for USDC/USD.

[2023-06-08 20:46:16.624391] Inserting OHLCV.
[2023-06-08 20:46:24.934381] Backfilling token stETH OHLCV using chainlink.
Found the closest round: 18446744073709564426, at 2022-11-18 23:06:35.
Number of iterations: 14
[2023-06-08 20:46:45.477520] Inserting OHLCV.
[2023-06-08 20:46:45.666221] Backfilling token cbETH OHLCV using ccxt.
Using Coinbase Pro for CBETH/USD.

[2023-06-08 20:46:54.984880] Inserting OHLCV.
[2023-06-08 20:47:00.885884] Backfilling token ETH OHLCV using ccxt.
Using Binance US for ETH/USD.

[2023-06-08 20:47:03.000736] Inserting OHLCV.
[2023-06-08 20:47:11.701228] Backfilling token DAI OHLCV using ccxt.
Using Binance US for DAI/USD.

[2023-06-08 20:47:13.819825] Inserting OHLCV.
[2023-06-08 20:47:22.795277] Backfilling token BUSD OHLCV using chainlink.
Found the closest round: 18446744073709552232, at 2022-11-18 13:40:11.
Number of iterations: 10
[2023-06-08 20:47:33.594289] Inserting OHLCV.
[2023-06-08 20:47:33.621500] Backfilling token sUSD OHLCV using chainlink.
Found the closest round: 18446744073709553200, at 2022-11-18 15:34:47.
Number of iterations: 11
[2023-06-08 20:47:45.728085] Inserting OHLCV.
[2023-06-08 20:47:45.753823] WETH assumed to be = ETH. Skipping...

[2023-06-08 20:47:45.753995] Backfilling token cvxCRV OHLCV using curveswaps.
[2023-06-08 20:47:45.783651] Inserting OHLCV.
[2023-06-08 20:47:45.783838] No price data for token cvxCRV at this time.

[2023-06-08 20:47:45.783938] Backfilling token USDT OHLCV using ccxt.
Using Binance US for USDT/USD.

[2023-06-08 20:47:48.164224] Inserting OHLCV.
[2023-06-08 20:47:56.448552] Backfilling token USDN OHLCV using chainlink.
Found the closest round: 429, at 2022-11-18 12:06:11.
Number of iterations: 9
[2023-06-08 20:48:06.264076] Inserting OHLCV.
[2023-06-08 20:48:06.283113] Backfilling token frxETH OHLCV using curveswaps.
[2023-06-08 20:48:06.349045] Inserting OHLCV.
[2023-06-08 20:48:06.389296] UST only indexed up to 1653667380 (2022-05-27 12:03:00 PM GMT-04:00 DST). Setting end time to 2022-11-26 00:00:11.
[2023-06-08 20:48:06.389345] Backfilling token UST OHLCV using ccxt.
Using Coinbase Pro for UST/USD.

[2023-06-08 20:48:06.392628] Inserting OHLCV.
[2023-06-08 20:48:06.392650] No price data for token UST at this time.

[2023-06-08 20:48:06.392658] 3Crv uses pool virtual price. Skipping...

[2023-06-08 20:48:06.392667] Backfilling token CRV OHLCV using ccxt.
Using Binance US for CRV/USD.

[2023-06-08 20:48:08.468679] Inserting OHLCV.
[2023-06-08 20:48:17.127058] Done :)
