
[2023-06-08 09:25:12.911595] Starting backfilling process.

[2023-06-08 09:25:13.972904] Backfilling pool Curve.fi ETH/stETH.
[2023-06-08 09:25:13.972935] Start time: 2022-05-27 23:55:03
[2023-06-08 09:25:13.972945] End time: 2022-06-04 00:00:00
[2023-06-08 09:26:02.913216] Inserting pool data...
[2023-06-08 09:26:52.819490] Finished pool data...
[2023-06-08 09:26:58.282917] Inserting swap data...
[2023-06-08 09:26:59.093025] Finished swap data...
[2023-06-08 09:27:04.142469] Inserting lp event data...
[2023-06-08 09:27:04.368849] Finished lp event data...
[2023-06-08 09:27:04.475371] Inserting snapshots data...
[2023-06-08 09:27:04.488727] Finished snapshots data...
[2023-06-08 09:27:04.488747] Finished pool Curve.fi ETH/stETH.

[2023-06-08 09:27:04.488754] Backfilling pool Curve.fi DAI/USDC/USDT.
[2023-06-08 09:27:04.488761] Start time: 2022-05-27 23:55:03
[2023-06-08 09:27:04.488770] End time: 2022-06-04 00:00:00
[2023-06-08 09:27:57.271118] Inserting pool data...
[2023-06-08 09:28:46.709868] Finished pool data...
[2023-06-08 09:28:52.127524] Inserting swap data...
[2023-06-08 09:28:53.225272] Finished swap data...
[2023-06-08 09:28:58.082530] Inserting lp event data...
[2023-06-08 09:28:59.808704] Finished lp event data...
[2023-06-08 09:28:59.911427] Inserting snapshots data...
[2023-06-08 09:28:59.923415] Finished snapshots data...
[2023-06-08 09:28:59.923435] Finished pool Curve.fi DAI/USDC/USDT.

[2023-06-08 09:28:59.923442] Backfilling pool Curve.fi FRAX/USDC.
[2023-06-08 09:28:59.923449] Pools Curve.fi FRAX/USDC was created after the end date. Skipping...

[2023-06-08 09:28:59.923455] Backfilling pool Curve.fi Factory USD Metapool: wormhole v2 UST-3Pool.
[2023-06-08 09:28:59.923461] Start time: 2022-05-27 23:55:03
[2023-06-08 09:28:59.923470] End time: 2022-06-04 00:00:00
[2023-06-08 09:29:50.627986] Inserting pool data...
[2023-06-08 09:30:40.293853] Finished pool data...
[2023-06-08 09:30:45.733725] Inserting swap data...
[2023-06-08 09:30:45.897322] Finished swap data...
[2023-06-08 09:30:51.335853] Inserting lp event data...
[2023-06-08 09:30:51.355789] Finished lp event data...
[2023-06-08 09:30:51.485536] Inserting snapshots data...
[2023-06-08 09:30:51.497513] Finished snapshots data...
[2023-06-08 09:30:51.497533] Finished pool Curve.fi Factory USD Metapool: wormhole v2 UST-3Pool.

[2023-06-08 09:30:51.497540] Backfilling pool Curve.fi USDN/3Crv.
[2023-06-08 09:30:51.497547] Start time: 2022-05-27 23:55:03
[2023-06-08 09:30:51.497555] End time: 2022-06-04 00:00:00
[2023-06-08 09:31:42.985858] Inserting pool data...
[2023-06-08 09:32:32.976026] Finished pool data...
[2023-06-08 09:32:38.547818] Inserting swap data...
[2023-06-08 09:32:38.686424] Finished swap data...
[2023-06-08 09:32:43.761429] Inserting lp event data...
[2023-06-08 09:32:43.809227] Finished lp event data...
[2023-06-08 09:32:46.249760] Inserting snapshots data...
[2023-06-08 09:32:46.262496] Finished snapshots data...
[2023-06-08 09:32:46.262516] Finished pool Curve.fi USDN/3Crv.

[2023-06-08 09:32:46.262523] Backfilling pool Curve.fi Factory USD Metapool: Magic Internet Money 3Pool.
[2023-06-08 09:32:46.262530] Start time: 2022-05-27 23:55:03
[2023-06-08 09:32:46.262539] End time: 2022-06-04 00:00:00
[2023-06-08 09:33:38.799040] Inserting pool data...
[2023-06-08 09:34:28.739395] Finished pool data...
[2023-06-08 09:34:34.166420] Inserting swap data...
[2023-06-08 09:34:34.281085] Finished swap data...
[2023-06-08 09:34:39.568648] Inserting lp event data...
[2023-06-08 09:34:39.616347] Finished lp event data...
[2023-06-08 09:34:39.734082] Inserting snapshots data...
[2023-06-08 09:34:39.745868] Finished snapshots data...
[2023-06-08 09:34:39.745887] Finished pool Curve.fi Factory USD Metapool: Magic Internet Money 3Pool.

[2023-06-08 09:34:39.745894] Backfilling pool Curve.fi DAI/USDC/USDT/sUSD.
[2023-06-08 09:34:39.745901] Start time: 2022-05-27 23:55:03
[2023-06-08 09:34:39.745910] End time: 2022-06-04 00:00:00
[2023-06-08 09:35:31.627697] Inserting pool data...
[2023-06-08 09:36:21.657450] Finished pool data...
[2023-06-08 09:36:27.466750] Inserting swap data...
[2023-06-08 09:36:27.730040] Finished swap data...
[2023-06-08 09:36:32.818572] Inserting lp event data...
[2023-06-08 09:36:32.859193] Finished lp event data...
[2023-06-08 09:36:33.029935] Inserting snapshots data...
[2023-06-08 09:36:33.041945] Finished snapshots data...
[2023-06-08 09:36:33.041964] Finished pool Curve.fi DAI/USDC/USDT/sUSD.

[2023-06-08 09:36:33.041971] Backfilling pool Curve.fi ETH/frxETH.
[2023-06-08 09:36:33.041978] Pools Curve.fi ETH/frxETH was created after the end date. Skipping...

[2023-06-08 09:36:33.041984] Backfilling pool Curve.fi Factory USD Metapool: Liquity.
[2023-06-08 09:36:33.041990] Start time: 2022-05-27 23:55:03
[2023-06-08 09:36:33.041998] End time: 2022-06-04 00:00:00
[2023-06-08 09:37:23.802013] Inserting pool data...
[2023-06-08 09:38:13.414219] Finished pool data...
[2023-06-08 09:38:18.800208] Inserting swap data...
[2023-06-08 09:38:18.941266] Finished swap data...
[2023-06-08 09:38:24.277663] Inserting lp event data...
[2023-06-08 09:38:24.298533] Finished lp event data...
[2023-06-08 09:38:24.392386] Inserting snapshots data...
[2023-06-08 09:38:24.404336] Finished snapshots data...
[2023-06-08 09:38:24.404354] Finished pool Curve.fi Factory USD Metapool: Liquity.

[2023-06-08 09:38:24.404362] Backfilling pool Curve.fi Factory USD Metapool: Binance USD.
[2023-06-08 09:38:24.404368] Start time: 2022-05-27 23:55:03
[2023-06-08 09:38:24.404377] End time: 2022-06-04 00:00:00
[2023-06-08 09:39:15.882342] Inserting pool data...
[2023-06-08 09:40:05.952545] Finished pool data...
[2023-06-08 09:40:11.601544] Inserting swap data...
[2023-06-08 09:40:11.631790] Finished swap data...
[2023-06-08 09:40:17.078574] Inserting lp event data...
[2023-06-08 09:40:17.113752] Finished lp event data...
[2023-06-08 09:40:17.211754] Inserting snapshots data...
[2023-06-08 09:40:17.227395] Finished snapshots data...
[2023-06-08 09:40:17.227417] Finished pool Curve.fi Factory USD Metapool: Binance USD.

[2023-06-08 09:40:17.227424] Backfilling pool Curve.fi Factory Plain Pool: stETH concentrated.
[2023-06-08 09:40:17.227431] Start time: 2022-05-27 23:55:03
[2023-06-08 09:40:17.227440] End time: 2022-06-04 00:00:00
[2023-06-08 09:41:09.847437] Inserting pool data...
[2023-06-08 09:41:59.034178] Finished pool data...
[2023-06-08 09:42:04.856976] Inserting swap data...
[2023-06-08 09:42:04.912515] Finished swap data...
[2023-06-08 09:42:10.170671] Inserting lp event data...
[2023-06-08 09:42:10.243020] Finished lp event data...
[2023-06-08 09:42:10.351405] Inserting snapshots data...
[2023-06-08 09:42:10.364572] Finished snapshots data...
[2023-06-08 09:42:10.364592] Finished pool Curve.fi Factory Plain Pool: stETH concentrated.

[2023-06-08 09:42:10.364600] Backfilling pool Curve.fi Factory Crypto Pool: cbETH/ETH.
[2023-06-08 09:42:10.364606] Pools Curve.fi Factory Crypto Pool: cbETH/ETH was created after the end date. Skipping...

[2023-06-08 09:42:10.364612] Backfilling pool Curve.fi Factory Plain Pool: cvxCrv/Crv.
[2023-06-08 09:42:10.364618] Pools Curve.fi Factory Plain Pool: cvxCrv/Crv was created after the end date. Skipping...

[2023-06-08 09:42:10.364626] Backfilling token LUSD OHLCV using chainlink.
Found the closest round: 18446744073709554301, at 2022-05-27 23:37:24.
Number of iterations: 13
[2023-06-08 09:42:28.951434] Inserting OHLCV.
[2023-06-08 09:42:29.126426] Backfilling token FRAX OHLCV using chainlink.
Found the closest round: 18446744073709554287, at 2022-05-27 23:18:03.
Number of iterations: 14
[2023-06-08 09:42:48.736268] Inserting OHLCV.
[2023-06-08 09:42:48.916399] Backfilling token MIM OHLCV using ccxt.
Using Bitfinex for MIM/USD.

[2023-06-08 09:42:56.869227] Inserting OHLCV.
[2023-06-08 09:43:00.454230] Backfilling token USDC OHLCV using ccxt.
Using Binance US for USDC/USD.

[2023-06-08 09:43:02.575659] Inserting OHLCV.
[2023-06-08 09:43:10.268447] Backfilling token stETH OHLCV using chainlink.
Found the closest round: 18446744073709559350, at 2022-05-27 23:28:57.
Number of iterations: 14
[2023-06-08 09:43:30.799745] Inserting OHLCV.
[2023-06-08 09:43:30.992302] cbETH only indexed from 1661444040 (2022 12:14:00 PM GMT-04:00 DST). Skipping...
[2023-06-08 09:43:30.992336] Backfilling token ETH OHLCV using ccxt.
Using Binance US for ETH/USD.

[2023-06-08 09:43:33.273681] Inserting OHLCV.
[2023-06-08 09:43:40.824097] Backfilling token DAI OHLCV using ccxt.
Using Binance US for DAI/USD.

[2023-06-08 09:43:42.853979] Inserting OHLCV.
[2023-06-08 09:43:50.576831] Backfilling token BUSD OHLCV using chainlink.
Found the closest round: 18446744073709552047, at 2022-05-27 09:57:04.
Number of iterations: 10
[2023-06-08 09:44:01.303135] Inserting OHLCV.
[2023-06-08 09:44:01.318374] Backfilling token sUSD OHLCV using chainlink.
Found the closest round: 18446744073709552614, at 2022-05-27 19:34:49.
Number of iterations: 11
[2023-06-08 09:44:13.453102] Inserting OHLCV.
[2023-06-08 09:44:13.481198] WETH assumed to be = ETH. Skipping...

[2023-06-08 09:44:13.481223] Backfilling token cvxCRV OHLCV using curveswaps.
[2023-06-08 09:44:13.506598] Inserting OHLCV.
[2023-06-08 09:44:13.506625] No price data for token cvxCRV at this time.

[2023-06-08 09:44:13.506634] Backfilling token USDT OHLCV using ccxt.
Using Binance US for USDT/USD.

[2023-06-08 09:44:15.588550] Inserting OHLCV.
[2023-06-08 09:44:23.215495] Backfilling token USDN OHLCV using chainlink.
Found the closest round: 237, at 2022-05-27 12:01:04.
Number of iterations: 9
[2023-06-08 09:44:32.956509] Inserting OHLCV.
[2023-06-08 09:44:32.974269] Backfilling token frxETH OHLCV using curveswaps.
[2023-06-08 09:44:32.991653] Inserting OHLCV.
[2023-06-08 09:44:32.991676] No price data for token frxETH at this time.

[2023-06-08 09:44:32.991683] UST only indexed up to 1653667380 (2022-05-27 12:03:00 PM GMT-04:00 DST). Setting end time to 2022-06-04 00:00:00.
[2023-06-08 09:44:32.991695] Backfilling token UST OHLCV using ccxt.
Using Coinbase Pro for UST/USD.

[2023-06-08 09:44:32.994136] Inserting OHLCV.
[2023-06-08 09:44:32.994149] No price data for token UST at this time.

[2023-06-08 09:44:32.994156] 3Crv uses pool virtual price. Skipping...

[2023-06-08 09:44:32.994164] Backfilling token CRV OHLCV using ccxt.
Using Binance US for CRV/USD.

[2023-06-08 09:44:35.321613] Inserting OHLCV.
[2023-06-08 09:44:42.970716] Done :)
