
[2023-06-08 07:29:34.717147] Starting backfilling process.

[2023-06-08 07:29:35.877961] Backfilling pool Curve.fi ETH/stETH.
[2023-06-08 07:29:35.877993] Start time: 2022-04-15 23:55:23
[2023-06-08 07:29:35.878002] End time: 2022-04-23 00:00:16
[2023-06-08 07:30:27.362780] Inserting pool data...
[2023-06-08 07:31:19.502750] Finished pool data...
[2023-06-08 07:31:25.430175] Inserting swap data...
[2023-06-08 07:31:25.999899] Finished swap data...
[2023-06-08 07:31:31.522855] Inserting lp event data...
[2023-06-08 07:31:31.730301] Finished lp event data...
[2023-06-08 07:31:31.852313] Inserting snapshots data...
[2023-06-08 07:31:31.867818] Finished snapshots data...
[2023-06-08 07:31:31.867837] Finished pool Curve.fi ETH/stETH.

[2023-06-08 07:31:31.867845] Backfilling pool Curve.fi DAI/USDC/USDT.
[2023-06-08 07:31:31.867851] Start time: 2022-04-15 23:55:23
[2023-06-08 07:31:31.867861] End time: 2022-04-23 00:00:16
[2023-06-08 07:32:23.992226] Inserting pool data...
[2023-06-08 07:33:16.246800] Finished pool data...
[2023-06-08 07:33:22.502678] Inserting swap data...
[2023-06-08 07:33:22.966741] Finished swap data...
[2023-06-08 07:33:27.822803] Inserting lp event data...
[2023-06-08 07:33:30.705070] Finished lp event data...
[2023-06-08 07:33:30.806269] Inserting snapshots data...
[2023-06-08 07:33:30.820398] Finished snapshots data...
[2023-06-08 07:33:30.820418] Finished pool Curve.fi DAI/USDC/USDT.

[2023-06-08 07:33:30.820426] Backfilling pool Curve.fi FRAX/USDC.
[2023-06-08 07:33:30.820432] Pools Curve.fi FRAX/USDC was created after the end date. Skipping...

[2023-06-08 07:33:30.820438] Backfilling pool Curve.fi Factory USD Metapool: wormhole v2 UST-3Pool.
[2023-06-08 07:33:30.820445] Start time: 2022-04-15 23:55:23
[2023-06-08 07:33:30.820454] End time: 2022-04-23 00:00:16
[2023-06-08 07:34:22.642728] Inserting pool data...
[2023-06-08 07:35:14.652731] Finished pool data...
[2023-06-08 07:35:20.676426] Inserting swap data...
[2023-06-08 07:35:21.091356] Finished swap data...
[2023-06-08 07:35:26.587875] Inserting lp event data...
[2023-06-08 07:35:26.704814] Finished lp event data...
[2023-06-08 07:35:27.068829] Inserting snapshots data...
[2023-06-08 07:35:27.081009] Finished snapshots data...
[2023-06-08 07:35:27.081029] Finished pool Curve.fi Factory USD Metapool: wormhole v2 UST-3Pool.

[2023-06-08 07:35:27.081037] Backfilling pool Curve.fi USDN/3Crv.
[2023-06-08 07:35:27.081043] Start time: 2022-04-15 23:55:23
[2023-06-08 07:35:27.081052] End time: 2022-04-23 00:00:16
[2023-06-08 07:36:20.690260] Inserting pool data...
[2023-06-08 07:37:12.744545] Finished pool data...
[2023-06-08 07:37:18.112187] Inserting swap data...
[2023-06-08 07:37:18.191483] Finished swap data...
[2023-06-08 07:37:23.427715] Inserting lp event data...
[2023-06-08 07:37:23.484830] Finished lp event data...
[2023-06-08 07:37:23.583532] Inserting snapshots data...
[2023-06-08 07:37:23.595339] Finished snapshots data...
[2023-06-08 07:37:23.595357] Finished pool Curve.fi USDN/3Crv.

[2023-06-08 07:37:23.595364] Backfilling pool Curve.fi Factory USD Metapool: Magic Internet Money 3Pool.
[2023-06-08 07:37:23.595371] Start time: 2022-04-15 23:55:23
[2023-06-08 07:37:23.595380] End time: 2022-04-23 00:00:16
[2023-06-08 07:38:15.295397] Inserting pool data...
[2023-06-08 07:39:07.665934] Finished pool data...
[2023-06-08 07:39:13.560660] Inserting swap data...
[2023-06-08 07:39:13.793755] Finished swap data...
[2023-06-08 07:39:18.999369] Inserting lp event data...
[2023-06-08 07:39:19.076576] Finished lp event data...
[2023-06-08 07:39:19.530740] Inserting snapshots data...
[2023-06-08 07:39:19.543463] Finished snapshots data...
[2023-06-08 07:39:19.543482] Finished pool Curve.fi Factory USD Metapool: Magic Internet Money 3Pool.

[2023-06-08 07:39:19.543490] Backfilling pool Curve.fi DAI/USDC/USDT/sUSD.
[2023-06-08 07:39:19.543496] Start time: 2022-04-15 23:55:23
[2023-06-08 07:39:19.543505] End time: 2022-04-23 00:00:16
[2023-06-08 07:40:11.544213] Inserting pool data...
[2023-06-08 07:41:04.001466] Finished pool data...
[2023-06-08 07:41:09.583285] Inserting swap data...
[2023-06-08 07:41:09.751497] Finished swap data...
[2023-06-08 07:41:14.923306] Inserting lp event data...
[2023-06-08 07:41:14.946237] Finished lp event data...
[2023-06-08 07:41:15.053693] Inserting snapshots data...
[2023-06-08 07:41:15.065562] Finished snapshots data...
[2023-06-08 07:41:15.065580] Finished pool Curve.fi DAI/USDC/USDT/sUSD.

[2023-06-08 07:41:15.065588] Backfilling pool Curve.fi ETH/frxETH.
[2023-06-08 07:41:15.065595] Pools Curve.fi ETH/frxETH was created after the end date. Skipping...

[2023-06-08 07:41:15.065601] Backfilling pool Curve.fi Factory USD Metapool: Liquity.
[2023-06-08 07:41:15.065607] Start time: 2022-04-15 23:55:23
[2023-06-08 07:41:15.065615] End time: 2022-04-23 00:00:16
[2023-06-08 07:42:07.911683] Inserting pool data...
[2023-06-08 07:43:00.255224] Finished pool data...
[2023-06-08 07:43:05.978975] Inserting swap data...
[2023-06-08 07:43:06.065991] Finished swap data...
[2023-06-08 07:43:11.252844] Inserting lp event data...
[2023-06-08 07:43:11.289188] Finished lp event data...
[2023-06-08 07:43:11.393598] Inserting snapshots data...
[2023-06-08 07:43:11.405511] Finished snapshots data...
[2023-06-08 07:43:11.405529] Finished pool Curve.fi Factory USD Metapool: Liquity.

[2023-06-08 07:43:11.405537] Backfilling pool Curve.fi Factory USD Metapool: Binance USD.
[2023-06-08 07:43:11.405543] Start time: 2022-04-15 23:55:23
[2023-06-08 07:43:11.405552] End time: 2022-04-23 00:00:16
[2023-06-08 07:44:04.780142] Inserting pool data...
[2023-06-08 07:44:57.303723] Finished pool data...
[2023-06-08 07:45:02.629213] Inserting swap data...
[2023-06-08 07:45:02.648838] Finished swap data...
[2023-06-08 07:45:07.840771] Inserting lp event data...
[2023-06-08 07:45:07.857216] Finished lp event data...
[2023-06-08 07:45:08.504210] Inserting snapshots data...
[2023-06-08 07:45:08.516171] Finished snapshots data...
[2023-06-08 07:45:08.516194] Finished pool Curve.fi Factory USD Metapool: Binance USD.

[2023-06-08 07:45:08.516202] Backfilling pool Curve.fi Factory Plain Pool: stETH concentrated.
[2023-06-08 07:45:08.516209] Pools Curve.fi Factory Plain Pool: stETH concentrated was created after the end date. Skipping...

[2023-06-08 07:45:08.516214] Backfilling pool Curve.fi Factory Crypto Pool: cbETH/ETH.
[2023-06-08 07:45:08.516220] Pools Curve.fi Factory Crypto Pool: cbETH/ETH was created after the end date. Skipping...

[2023-06-08 07:45:08.516226] Backfilling pool Curve.fi Factory Plain Pool: cvxCrv/Crv.
[2023-06-08 07:45:08.516232] Pools Curve.fi Factory Plain Pool: cvxCrv/Crv was created after the end date. Skipping...

[2023-06-08 07:45:08.516240] Backfilling token LUSD OHLCV using chainlink.
Found the closest round: 18446744073709553281, at 2022-04-15 23:18:41.
Number of iterations: 14
[2023-06-08 07:45:28.416899] Inserting OHLCV.
[2023-06-08 07:45:28.593247] Backfilling token FRAX OHLCV using chainlink.
Found the closest round: 18446744073709553272, at 2022-04-15 23:28:18.
Number of iterations: 13
[2023-06-08 07:45:47.216651] Inserting OHLCV.
[2023-06-08 07:45:47.392600] Backfilling token MIM OHLCV using ccxt.
Using Bitfinex for MIM/USD.

[2023-06-08 07:45:54.433181] Inserting OHLCV.
[2023-06-08 07:45:57.305225] Backfilling token USDC OHLCV using ccxt.
Using Binance US for USDC/USD.

[2023-06-08 07:45:59.454887] Inserting OHLCV.
[2023-06-08 07:46:07.181052] Backfilling token stETH OHLCV using chainlink.
Found the closest round: 18446744073709558111, at 2022-04-15 23:09:08.
Number of iterations: 14
[2023-06-08 07:46:27.166062] Inserting OHLCV.
[2023-06-08 07:46:27.346262] cbETH only indexed from 1661444040 (2022 12:14:00 PM GMT-04:00 DST). Skipping...
[2023-06-08 07:46:27.346294] Backfilling token ETH OHLCV using ccxt.
Using Binance US for ETH/USD.

[2023-06-08 07:46:29.399668] Inserting OHLCV.
[2023-06-08 07:46:36.950685] Backfilling token DAI OHLCV using ccxt.
Using Binance US for DAI/USD.

[2023-06-08 07:46:38.993972] Inserting OHLCV.
[2023-06-08 07:46:46.725113] Backfilling token BUSD OHLCV using chainlink.
Found the closest round: 18446744073709551989, at 2022-04-15 07:23:33.
Number of iterations: 9
[2023-06-08 07:46:56.416768] Inserting OHLCV.
[2023-06-08 07:46:56.432528] Backfilling token sUSD OHLCV using chainlink.
Found the closest round: 18446744073709552474, at 2022-04-15 09:02:34.
Number of iterations: 11
[2023-06-08 07:47:08.305630] Inserting OHLCV.
[2023-06-08 07:47:08.325120] WETH assumed to be = ETH. Skipping...

[2023-06-08 07:47:08.325146] Backfilling token cvxCRV OHLCV using curveswaps.
[2023-06-08 07:47:08.343759] Inserting OHLCV.
[2023-06-08 07:47:08.343801] No price data for token cvxCRV at this time.

[2023-06-08 07:47:08.343811] Backfilling token USDT OHLCV using ccxt.
Using Binance US for USDT/USD.

[2023-06-08 07:47:10.437317] Inserting OHLCV.
[2023-06-08 07:47:18.254036] Backfilling token USDN OHLCV using chainlink.
Found the closest round: 190, at 2022-04-15 23:07:49.
Number of iterations: 9
[2023-06-08 07:47:28.027434] Inserting OHLCV.
[2023-06-08 07:47:28.043845] Backfilling token frxETH OHLCV using curveswaps.
[2023-06-08 07:47:28.055015] Inserting OHLCV.
[2023-06-08 07:47:28.055052] No price data for token frxETH at this time.

[2023-06-08 07:47:28.055062] Backfilling token UST OHLCV using ccxt.
Using Coinbase Pro for UST/USD.

[2023-06-08 07:47:37.052589] Inserting OHLCV.
[2023-06-08 07:47:40.412455] 3Crv uses pool virtual price. Skipping...

[2023-06-08 07:47:40.412491] Backfilling token CRV OHLCV using ccxt.
Using Binance US for CRV/USD.

[2023-06-08 07:47:42.501040] Inserting OHLCV.
[2023-06-08 07:47:50.178268] Done :)
