
[2023-06-09 00:02:01.327226] Starting backfilling process.

[2023-06-09 00:02:02.432746] Backfilling pool Curve.fi ETH/stETH.
[2023-06-09 00:02:02.432790] Start time: 2023-01-06 23:55:11
[2023-06-09 00:02:02.432801] End time: 2023-01-14 00:00:11
[2023-06-09 00:03:01.590503] Inserting pool data...
[2023-06-09 00:04:08.139765] Finished pool data...
[2023-06-09 00:04:14.609704] Inserting swap data...
[2023-06-09 00:04:16.406289] Finished swap data...
[2023-06-09 00:04:22.772902] Inserting lp event data...
[2023-06-09 00:04:23.426444] Finished lp event data...
[2023-06-09 00:04:23.543049] Inserting snapshots data...
[2023-06-09 00:04:23.573697] Finished snapshots data...
[2023-06-09 00:04:23.573758] Finished pool Curve.fi ETH/stETH.

[2023-06-09 00:04:23.573781] Backfilling pool Curve.fi DAI/USDC/USDT.
[2023-06-09 00:04:23.573789] Start time: 2023-01-06 23:55:11
[2023-06-09 00:04:23.573800] End time: 2023-01-14 00:00:11
[2023-06-09 00:05:24.676141] Inserting pool data...
[2023-06-09 00:06:31.805413] Finished pool data...
[2023-06-09 00:06:38.689470] Inserting swap data...
[2023-06-09 00:06:40.747084] Finished swap data...
[2023-06-09 00:06:47.405436] Inserting lp event data...
[2023-06-09 00:06:48.888672] Finished lp event data...
[2023-06-09 00:06:48.995412] Inserting snapshots data...
[2023-06-09 00:06:49.008788] Finished snapshots data...
[2023-06-09 00:06:49.008828] Finished pool Curve.fi DAI/USDC/USDT.

[2023-06-09 00:06:49.008838] Backfilling pool Curve.fi FRAX/USDC.
[2023-06-09 00:06:49.008845] Start time: 2023-01-06 23:55:11
[2023-06-09 00:06:49.008856] End time: 2023-01-14 00:00:11
[2023-06-09 00:09:56.892512] Inserting pool data...
[2023-06-09 00:11:05.917510] Finished pool data...
[2023-06-09 00:11:12.287273] Inserting swap data...
[2023-06-09 00:11:12.413665] Finished swap data...
[2023-06-09 00:11:18.302578] Inserting lp event data...
[2023-06-09 00:11:19.054349] Finished lp event data...
[2023-06-09 00:11:19.169703] Inserting snapshots data...
[2023-06-09 00:11:19.183019] Finished snapshots data...
[2023-06-09 00:11:19.183065] Finished pool Curve.fi FRAX/USDC.

[2023-06-09 00:11:19.183078] Backfilling pool Curve.fi Factory USD Metapool: wormhole v2 UST-3Pool.
[2023-06-09 00:11:19.183090] Start time: 2023-01-06 23:55:11
[2023-06-09 00:11:19.183105] End time: 2023-01-14 00:00:11
[2023-06-09 00:12:19.928428] Inserting pool data...
[2023-06-09 00:13:27.700822] Finished pool data...
[2023-06-09 00:13:34.818102] Inserting swap data...
[2023-06-09 00:13:34.845434] Finished swap data...
[2023-06-09 00:13:41.067099] Inserting lp event data...
[2023-06-09 00:13:41.069551] Finished lp event data...
[2023-06-09 00:13:41.189304] Inserting snapshots data...
[2023-06-09 00:13:41.213968] Finished snapshots data...
[2023-06-09 00:13:41.214010] Finished pool Curve.fi Factory USD Metapool: wormhole v2 UST-3Pool.

[2023-06-09 00:13:41.214021] Backfilling pool Curve.fi USDN/3Crv.
[2023-06-09 00:13:41.214029] Start time: 2023-01-06 23:55:11
[2023-06-09 00:13:41.214039] End time: 2023-01-14 00:00:11
[2023-06-09 00:16:49.391174] Inserting pool data...
[2023-06-09 00:17:57.925609] Finished pool data...
[2023-06-09 00:18:04.374115] Inserting swap data...
[2023-06-09 00:18:04.583707] Finished swap data...
[2023-06-09 00:18:10.498071] Inserting lp event data...
[2023-06-09 00:18:10.520550] Finished lp event data...
[2023-06-09 00:18:10.626009] Inserting snapshots data...
[2023-06-09 00:18:10.641171] Finished snapshots data...
[2023-06-09 00:18:10.641215] Finished pool Curve.fi USDN/3Crv.

[2023-06-09 00:18:10.641224] Backfilling pool Curve.fi Factory USD Metapool: Magic Internet Money 3Pool.
[2023-06-09 00:18:10.641232] Start time: 2023-01-06 23:55:11
[2023-06-09 00:18:10.641243] End time: 2023-01-14 00:00:11
[2023-06-09 00:19:14.080958] Inserting pool data...
[2023-06-09 00:20:20.880535] Finished pool data...
[2023-06-09 00:20:27.128933] Inserting swap data...
[2023-06-09 00:20:27.182721] Finished swap data...
[2023-06-09 00:20:32.949560] Inserting lp event data...
[2023-06-09 00:20:33.041699] Finished lp event data...
[2023-06-09 00:20:33.153020] Inserting snapshots data...
[2023-06-09 00:20:33.165468] Finished snapshots data...
[2023-06-09 00:20:33.165513] Finished pool Curve.fi Factory USD Metapool: Magic Internet Money 3Pool.

[2023-06-09 00:20:33.165523] Backfilling pool Curve.fi DAI/USDC/USDT/sUSD.
[2023-06-09 00:20:33.165530] Start time: 2023-01-06 23:55:11
[2023-06-09 00:20:33.165540] End time: 2023-01-14 00:00:11
[2023-06-09 00:21:35.977929] Inserting pool data...
[2023-06-09 00:22:42.914643] Finished pool data...
[2023-06-09 00:22:49.647190] Inserting swap data...
[2023-06-09 00:22:50.004204] Finished swap data...
[2023-06-09 00:22:56.457974] Inserting lp event data...
[2023-06-09 00:22:56.521538] Finished lp event data...
[2023-06-09 00:22:56.648929] Inserting snapshots data...
[2023-06-09 00:22:56.663145] Finished snapshots data...
[2023-06-09 00:22:56.663184] Finished pool Curve.fi DAI/USDC/USDT/sUSD.

[2023-06-09 00:22:56.663193] Backfilling pool Curve.fi ETH/frxETH.
[2023-06-09 00:22:56.663201] Start time: 2023-01-06 23:55:11
[2023-06-09 00:22:56.663212] End time: 2023-01-14 00:00:11
[2023-06-09 00:23:58.281319] Inserting pool data...
[2023-06-09 00:25:05.233937] Finished pool data...
[2023-06-09 00:25:12.100655] Inserting swap data...
[2023-06-09 00:25:12.214982] Finished swap data...
[2023-06-09 00:25:18.795930] Inserting lp event data...
[2023-06-09 00:25:18.933151] Finished lp event data...
[2023-06-09 00:25:19.079178] Inserting snapshots data...
[2023-06-09 00:25:19.091774] Finished snapshots data...
[2023-06-09 00:25:19.091811] Finished pool Curve.fi ETH/frxETH.

[2023-06-09 00:25:19.091821] Backfilling pool Curve.fi Factory USD Metapool: Liquity.
[2023-06-09 00:25:19.091829] Start time: 2023-01-06 23:55:11
[2023-06-09 00:25:19.091839] End time: 2023-01-14 00:00:11
[2023-06-09 00:26:20.586575] Inserting pool data...
[2023-06-09 00:27:27.147461] Finished pool data...
[2023-06-09 00:27:33.325049] Inserting swap data...
[2023-06-09 00:27:33.533984] Finished swap data...
[2023-06-09 00:27:39.739210] Inserting lp event data...
[2023-06-09 00:27:39.861124] Finished lp event data...
[2023-06-09 00:27:39.968968] Inserting snapshots data...
[2023-06-09 00:27:39.989319] Finished snapshots data...
[2023-06-09 00:27:39.989355] Finished pool Curve.fi Factory USD Metapool: Liquity.

[2023-06-09 00:27:39.989364] Backfilling pool Curve.fi Factory USD Metapool: Binance USD.
[2023-06-09 00:27:39.989372] Start time: 2023-01-06 23:55:11
[2023-06-09 00:27:39.989382] End time: 2023-01-14 00:00:11
[2023-06-09 00:28:41.355846] Inserting pool data...
[2023-06-09 00:29:47.267737] Finished pool data...
[2023-06-09 00:29:53.992122] Inserting swap data...
[2023-06-09 00:29:54.019192] Finished swap data...
[2023-06-09 00:30:00.114075] Inserting lp event data...
[2023-06-09 00:30:00.135642] Finished lp event data...
[2023-06-09 00:30:00.250858] Inserting snapshots data...
[2023-06-09 00:30:00.263376] Finished snapshots data...
[2023-06-09 00:30:00.263554] Finished pool Curve.fi Factory USD Metapool: Binance USD.

[2023-06-09 00:30:00.263652] Backfilling pool Curve.fi Factory Plain Pool: stETH concentrated.
[2023-06-09 00:30:00.263748] Start time: 2023-01-06 23:55:11
[2023-06-09 00:30:00.263846] End time: 2023-01-14 00:00:11
[2023-06-09 00:31:03.037578] Inserting pool data...
[2023-06-09 00:32:09.176572] Finished pool data...
[2023-06-09 00:32:15.780681] Inserting swap data...
[2023-06-09 00:32:15.845037] Finished swap data...
[2023-06-09 00:32:22.088564] Inserting lp event data...
[2023-06-09 00:32:22.105426] Finished lp event data...
[2023-06-09 00:32:22.215845] Inserting snapshots data...
[2023-06-09 00:32:22.228699] Finished snapshots data...
[2023-06-09 00:32:22.228853] Finished pool Curve.fi Factory Plain Pool: stETH concentrated.

[2023-06-09 00:32:22.228958] Backfilling pool Curve.fi Factory Crypto Pool: cbETH/ETH.
[2023-06-09 00:32:22.229053] Start time: 2023-01-06 23:55:11
[2023-06-09 00:32:22.229150] End time: 2023-01-14 00:00:11
[2023-06-09 00:33:23.793442] Inserting pool data...
[2023-06-09 00:34:29.927358] Finished pool data...
[2023-06-09 00:34:36.331850] Inserting swap data...
[2023-06-09 00:34:36.370294] Finished swap data...
[2023-06-09 00:34:43.199361] Inserting lp event data...
[2023-06-09 00:34:43.211533] Finished lp event data...
[2023-06-09 00:34:43.313544] Inserting snapshots data...
[2023-06-09 00:34:43.326478] Finished snapshots data...
[2023-06-09 00:34:43.326643] Finished pool Curve.fi Factory Crypto Pool: cbETH/ETH.

[2023-06-09 00:34:43.326742] Backfilling pool Curve.fi Factory Plain Pool: cvxCrv/Crv.
[2023-06-09 00:34:43.326801] Pools Curve.fi Factory Plain Pool: cvxCrv/Crv was created after the end date. Skipping...

[2023-06-09 00:34:43.326814] Backfilling token LUSD OHLCV using chainlink.
Found the closest round: 18446744073709559691, at 2023-01-06 23:07:23.
Number of iterations: 14
[2023-06-09 00:35:02.799987] Inserting OHLCV.
[2023-06-09 00:35:02.993684] Backfilling token FRAX OHLCV using chainlink.
Found the closest round: 18446744073709559675, at 2023-01-06 23:31:23.
Number of iterations: 14
[2023-06-09 00:35:22.348900] Inserting OHLCV.
[2023-06-09 00:35:22.543670] Backfilling token MIM OHLCV using ccxt.
Using Bitfinex for MIM/USD.

[2023-06-09 00:35:31.134194] Inserting OHLCV.
[2023-06-09 00:35:34.925348] Backfilling token USDC OHLCV using ccxt.
Using Binance US for USDC/USD.

[2023-06-09 00:35:37.112781] Inserting OHLCV.
[2023-06-09 00:35:46.037699] Backfilling token stETH OHLCV using chainlink.
Found the closest round: 18446744073709565625, at 2023-01-06 23:52:35.
Number of iterations: 15
[2023-06-09 00:36:06.665371] Inserting OHLCV.
[2023-06-09 00:36:06.887903] Backfilling token cbETH OHLCV using ccxt.
Using Coinbase Pro for CBETH/USD.

[2023-06-09 00:36:16.120005] Inserting OHLCV.
[2023-06-09 00:36:22.112200] Backfilling token ETH OHLCV using ccxt.
Using Binance US for ETH/USD.

[2023-06-09 00:36:24.250615] Inserting OHLCV.
[2023-06-09 00:36:32.911264] Backfilling token DAI OHLCV using ccxt.
Using Binance US for DAI/USD.

[2023-06-09 00:36:34.982420] Inserting OHLCV.
[2023-06-09 00:36:43.541411] Backfilling token BUSD OHLCV using chainlink.
Found the closest round: 18446744073709552281, at 2023-01-06 13:58:35.
Number of iterations: 10
[2023-06-09 00:36:54.279628] Inserting OHLCV.
[2023-06-09 00:36:54.302441] Backfilling token sUSD OHLCV using chainlink.
Found the closest round: 18446744073709553287, at 2023-01-06 16:30:35.
Number of iterations: 11
[2023-06-09 00:37:06.169473] Inserting OHLCV.
[2023-06-09 00:37:06.189694] WETH assumed to be = ETH. Skipping...

[2023-06-09 00:37:06.189738] Backfilling token cvxCRV OHLCV using curveswaps.
[2023-06-09 00:37:06.219976] Inserting OHLCV.
[2023-06-09 00:37:06.220024] No price data for token cvxCRV at this time.

[2023-06-09 00:37:06.220038] Backfilling token USDT OHLCV using ccxt.
Using Binance US for USDT/USD.

[2023-06-09 00:37:08.395347] Inserting OHLCV.
[2023-06-09 00:37:17.432853] Backfilling token USDN OHLCV using chainlink.
Found the closest round: 479, at 2023-01-06 22:16:11.
Number of iterations: 9
[2023-06-09 00:37:27.102055] Inserting OHLCV.
[2023-06-09 00:37:27.118336] Backfilling token frxETH OHLCV using curveswaps.
[2023-06-09 00:37:27.224502] Inserting OHLCV.
[2023-06-09 00:37:27.310335] UST only indexed up to 1653667380 (2022-05-27 12:03:00 PM GMT-04:00 DST). Setting end time to 2023-01-14 00:00:11.
[2023-06-09 00:37:27.310386] Backfilling token UST OHLCV using ccxt.
Using Coinbase Pro for UST/USD.

[2023-06-09 00:37:27.313299] Inserting OHLCV.
[2023-06-09 00:37:27.313321] No price data for token UST at this time.

[2023-06-09 00:37:27.313330] 3Crv uses pool virtual price. Skipping...

[2023-06-09 00:37:27.313339] Backfilling token CRV OHLCV using ccxt.
Using Binance US for CRV/USD.

[2023-06-09 00:37:29.700161] Inserting OHLCV.
[2023-06-09 00:37:38.363282] Done :)
