
[2023-06-07 23:23:45.492310] Starting backfilling process.

[2023-06-07 23:23:46.426286] Backfilling pool Curve.fi DAI/USDC/USDT.
[2023-06-07 23:23:46.426335] Start time: 2023-01-01 00:00:11
[2023-06-07 23:23:46.426347] End time: 2023-01-02 00:00:11
Database session closed.
Database session closed.
[2023-06-07 23:24:05.649729] Finished reserve data...
[2023-06-07 23:24:06.757686] Finished swap data...
[2023-06-07 23:24:07.948552] Finished lp event data...

[2023-06-07 23:24:18.706603] Finished snapshots data...

[2023-06-07 23:24:18.706673] Backfilling token FRAX OHLCV using chainlink.
Found the closest round: 18446744073709559532, at 2022-12-31 23:20:11.
Number of iterations: 14
[2023-06-07 23:24:34.265781] Backfilling token USDC OHLCV using ccxt.
Using Binance US for USDC/USD.

[2023-06-07 23:24:37.101652] Backfilling token DAI OHLCV using ccxt.
Using Binance US for DAI/USD.

[2023-06-07 23:24:40.085072] Backfilling token USDC OHLCV using ccxt.
Using Binance US for USDC/USD.

[2023-06-07 23:24:43.040575] Backfilling token USDT OHLCV using ccxt.
Using Binance US for USDT/USD.

[2023-06-07 23:24:45.968363] Done :)
Database session closed.
Database session closed.
