
[2023-06-08 08:25:13.802708] Starting backfilling process.

[2023-06-08 08:25:14.956624] Backfilling pool Curve.fi ETH/stETH.
[2023-06-08 08:25:14.956655] Start time: 2022-05-06 23:55:00
[2023-06-08 08:25:14.956665] End time: 2022-05-14 00:00:11
[2023-06-08 08:26:05.153866] Inserting pool data...
[2023-06-08 08:26:57.560133] Finished pool data...
[2023-06-08 08:27:03.309389] Inserting swap data...
[2023-06-08 08:27:06.777773] Finished swap data...
[2023-06-08 08:27:12.657200] Inserting lp event data...
[2023-06-08 08:27:13.059362] Finished lp event data...
[2023-06-08 08:27:13.176590] Inserting snapshots data...
[2023-06-08 08:27:13.189798] Finished snapshots data...
[2023-06-08 08:27:13.189818] Finished pool Curve.fi ETH/stETH.

[2023-06-08 08:27:13.189826] Backfilling pool Curve.fi DAI/USDC/USDT.
[2023-06-08 08:27:13.189832] Start time: 2022-05-06 23:55:00
[2023-06-08 08:27:13.189841] End time: 2022-05-14 00:00:11
[2023-06-08 08:28:03.810755] Inserting pool data...
[2023-06-08 08:28:55.544256] Finished pool data...
[2023-06-08 08:29:01.871493] Inserting swap data...
[2023-06-08 08:29:04.999145] Finished swap data...
[2023-06-08 08:29:10.217003] Inserting lp event data...
[2023-06-08 08:29:43.939317] Finished lp event data...
[2023-06-08 08:29:44.110381] Inserting snapshots data...
[2023-06-08 08:29:44.123064] Finished snapshots data...
[2023-06-08 08:29:44.123087] Finished pool Curve.fi DAI/USDC/USDT.

[2023-06-08 08:29:44.123095] Backfilling pool Curve.fi FRAX/USDC.
[2023-06-08 08:29:44.123101] Pools Curve.fi FRAX/USDC was created after the end date. Skipping...

[2023-06-08 08:29:44.123108] Backfilling pool Curve.fi Factory USD Metapool: wormhole v2 UST-3Pool.
[2023-06-08 08:29:44.123114] Start time: 2022-05-06 23:55:00
[2023-06-08 08:29:44.123123] End time: 2022-05-14 00:00:11
[2023-06-08 08:30:38.069191] Inserting pool data...
[2023-06-08 08:31:30.739653] Finished pool data...
[2023-06-08 08:31:36.203048] Inserting swap data...
[2023-06-08 08:31:57.168351] Finished swap data...
[2023-06-08 08:32:02.866883] Inserting lp event data...
[2023-06-08 08:32:03.233148] Finished lp event data...
[2023-06-08 08:32:05.320429] Inserting snapshots data...
[2023-06-08 08:32:05.334048] Finished snapshots data...
[2023-06-08 08:32:05.334069] Finished pool Curve.fi Factory USD Metapool: wormhole v2 UST-3Pool.

[2023-06-08 08:32:05.334077] Backfilling pool Curve.fi USDN/3Crv.
[2023-06-08 08:32:05.334084] Start time: 2022-05-06 23:55:00
[2023-06-08 08:32:05.334093] End time: 2022-05-14 00:00:11
[2023-06-08 08:32:59.362784] Inserting pool data...
[2023-06-08 08:33:52.381482] Finished pool data...
[2023-06-08 08:33:57.787773] Inserting swap data...
[2023-06-08 08:33:58.015667] Finished swap data...
[2023-06-08 08:34:03.204883] Inserting lp event data...
[2023-06-08 08:34:03.325961] Finished lp event data...
[2023-06-08 08:34:03.426139] Inserting snapshots data...
[2023-06-08 08:34:03.438859] Finished snapshots data...
[2023-06-08 08:34:03.438879] Finished pool Curve.fi USDN/3Crv.

[2023-06-08 08:34:03.438887] Backfilling pool Curve.fi Factory USD Metapool: Magic Internet Money 3Pool.
[2023-06-08 08:34:03.438893] Start time: 2022-05-06 23:55:00
[2023-06-08 08:34:03.438903] End time: 2022-05-14 00:00:11
[2023-06-08 08:34:55.114010] Inserting pool data...
[2023-06-08 08:35:47.450196] Finished pool data...
[2023-06-08 08:35:53.313525] Inserting swap data...
[2023-06-08 08:35:56.916553] Finished swap data...
[2023-06-08 08:36:02.261974] Inserting lp event data...
[2023-06-08 08:36:02.475146] Finished lp event data...
[2023-06-08 08:36:02.570411] Inserting snapshots data...
[2023-06-08 08:36:02.584219] Finished snapshots data...
[2023-06-08 08:36:02.584238] Finished pool Curve.fi Factory USD Metapool: Magic Internet Money 3Pool.

[2023-06-08 08:36:02.584245] Backfilling pool Curve.fi DAI/USDC/USDT/sUSD.
[2023-06-08 08:36:02.584252] Start time: 2022-05-06 23:55:00
[2023-06-08 08:36:02.584261] End time: 2022-05-14 00:00:11
[2023-06-08 08:36:54.032385] Inserting pool data...
[2023-06-08 08:37:46.956741] Finished pool data...
[2023-06-08 08:37:52.277867] Inserting swap data...
[2023-06-08 08:37:53.425898] Finished swap data...
[2023-06-08 08:37:58.578391] Inserting lp event data...
[2023-06-08 08:37:58.652273] Finished lp event data...
[2023-06-08 08:37:58.755042] Inserting snapshots data...
[2023-06-08 08:37:58.767719] Finished snapshots data...
[2023-06-08 08:37:58.767739] Finished pool Curve.fi DAI/USDC/USDT/sUSD.

[2023-06-08 08:37:58.767746] Backfilling pool Curve.fi ETH/frxETH.
[2023-06-08 08:37:58.767753] Pools Curve.fi ETH/frxETH was created after the end date. Skipping...

[2023-06-08 08:37:58.767759] Backfilling pool Curve.fi Factory USD Metapool: Liquity.
[2023-06-08 08:37:58.767765] Start time: 2022-05-06 23:55:00
[2023-06-08 08:37:58.767774] End time: 2022-05-14 00:00:11
[2023-06-08 08:38:50.169705] Inserting pool data...
[2023-06-08 08:39:42.405472] Finished pool data...
[2023-06-08 08:39:48.240195] Inserting swap data...
[2023-06-08 08:39:48.631973] Finished swap data...
[2023-06-08 08:39:53.679441] Inserting lp event data...
[2023-06-08 08:39:53.746129] Finished lp event data...
[2023-06-08 08:39:55.262703] Inserting snapshots data...
[2023-06-08 08:39:55.274973] Finished snapshots data...
[2023-06-08 08:39:55.274993] Finished pool Curve.fi Factory USD Metapool: Liquity.

[2023-06-08 08:39:55.275001] Backfilling pool Curve.fi Factory USD Metapool: Binance USD.
[2023-06-08 08:39:55.275007] Start time: 2022-05-06 23:55:00
[2023-06-08 08:39:55.275016] End time: 2022-05-14 00:00:11
[2023-06-08 08:40:47.923441] Inserting pool data...
[2023-06-08 08:41:40.208713] Finished pool data...
[2023-06-08 08:41:45.662923] Inserting swap data...
[2023-06-08 08:41:45.774452] Finished swap data...
[2023-06-08 08:41:51.140076] Inserting lp event data...
[2023-06-08 08:41:51.173911] Finished lp event data...
[2023-06-08 08:41:51.277546] Inserting snapshots data...
[2023-06-08 08:41:51.290267] Finished snapshots data...
[2023-06-08 08:41:51.290286] Finished pool Curve.fi Factory USD Metapool: Binance USD.

[2023-06-08 08:41:51.290293] Backfilling pool Curve.fi Factory Plain Pool: stETH concentrated.
[2023-06-08 08:41:51.290300] Start time: 2022-05-12 06:55:54
[2023-06-08 08:41:51.290311] End time: 2022-05-14 00:00:11
[2023-06-08 08:42:03.886955] Inserting pool data...
[2023-06-08 08:42:16.972622] Finished pool data...
[2023-06-08 08:42:18.413638] Inserting swap data...
[2023-06-08 08:42:18.520309] Finished swap data...
[2023-06-08 08:42:19.965558] Inserting lp event data...
[2023-06-08 08:42:20.139180] Finished lp event data...
[2023-06-08 08:42:20.229007] Inserting snapshots data...
[2023-06-08 08:42:20.233693] Finished snapshots data...
[2023-06-08 08:42:20.233710] Finished pool Curve.fi Factory Plain Pool: stETH concentrated.

[2023-06-08 08:42:20.233718] Backfilling pool Curve.fi Factory Crypto Pool: cbETH/ETH.
[2023-06-08 08:42:20.233724] Pools Curve.fi Factory Crypto Pool: cbETH/ETH was created after the end date. Skipping...

[2023-06-08 08:42:20.233730] Backfilling pool Curve.fi Factory Plain Pool: cvxCrv/Crv.
[2023-06-08 08:42:20.233736] Pools Curve.fi Factory Plain Pool: cvxCrv/Crv was created after the end date. Skipping...

[2023-06-08 08:42:20.233745] Backfilling token LUSD OHLCV using chainlink.
Found the closest round: 18446744073709553789, at 2022-05-06 23:10:57.
Number of iterations: 14
[2023-06-08 08:42:40.486165] Inserting OHLCV.
[2023-06-08 08:42:40.670333] Backfilling token FRAX OHLCV using chainlink.
Found the closest round: 18446744073709553779, at 2022-05-06 23:43:31.
Number of iterations: 13
[2023-06-08 08:42:59.664728] Inserting OHLCV.
[2023-06-08 08:42:59.856826] Backfilling token MIM OHLCV using ccxt.
Using Bitfinex for MIM/USD.

[2023-06-08 08:43:08.053420] Inserting OHLCV.
[2023-06-08 08:43:11.613764] Backfilling token USDC OHLCV using ccxt.
Using Binance US for USDC/USD.

[2023-06-08 08:43:13.783009] Inserting OHLCV.
[2023-06-08 08:43:21.715420] Backfilling token stETH OHLCV using chainlink.
Found the closest round: 18446744073709558651, at 2022-05-06 23:28:02.
Number of iterations: 14
[2023-06-08 08:43:45.901224] Inserting OHLCV.
[2023-06-08 08:43:46.224285] cbETH only indexed from 1661444040 (2022 12:14:00 PM GMT-04:00 DST). Skipping...
[2023-06-08 08:43:46.224338] Backfilling token ETH OHLCV using ccxt.
Using Binance US for ETH/USD.

[2023-06-08 08:43:48.306261] Inserting OHLCV.
[2023-06-08 08:43:56.079715] Backfilling token DAI OHLCV using ccxt.
Using Binance US for DAI/USD.

[2023-06-08 08:43:58.258396] Inserting OHLCV.
[2023-06-08 08:44:06.119177] Backfilling token BUSD OHLCV using chainlink.
Found the closest round: 18446744073709552011, at 2022-05-06 07:32:41.
Number of iterations: 10
[2023-06-08 08:44:17.375779] Inserting OHLCV.
[2023-06-08 08:44:17.406148] Backfilling token sUSD OHLCV using chainlink.
Found the closest round: 18446744073709552530, at 2022-05-06 21:14:41.
Number of iterations: 11
[2023-06-08 08:44:31.018197] Inserting OHLCV.
[2023-06-08 08:44:31.090313] WETH assumed to be = ETH. Skipping...

[2023-06-08 08:44:31.090347] Backfilling token cvxCRV OHLCV using curveswaps.
[2023-06-08 08:44:31.118418] Inserting OHLCV.
[2023-06-08 08:44:31.118462] No price data for token cvxCRV at this time.

[2023-06-08 08:44:31.118474] Backfilling token USDT OHLCV using ccxt.
Using Binance US for USDT/USD.

[2023-06-08 08:44:33.290420] Inserting OHLCV.
[2023-06-08 08:44:41.067745] Backfilling token USDN OHLCV using chainlink.
Found the closest round: 213, at 2022-05-06 17:29:26.
Number of iterations: 9
[2023-06-08 08:44:50.941559] Inserting OHLCV.
[2023-06-08 08:44:50.959629] Backfilling token frxETH OHLCV using curveswaps.
[2023-06-08 08:44:50.977874] Inserting OHLCV.
[2023-06-08 08:44:50.977917] No price data for token frxETH at this time.

[2023-06-08 08:44:50.977928] Backfilling token UST OHLCV using ccxt.
Using Coinbase Pro for UST/USD.

[2023-06-08 08:45:00.142295] Inserting OHLCV.
[2023-06-08 08:45:06.087637] 3Crv uses pool virtual price. Skipping...

[2023-06-08 08:45:06.087685] Backfilling token CRV OHLCV using ccxt.
Using Binance US for CRV/USD.

[2023-06-08 08:45:08.314489] Inserting OHLCV.
[2023-06-08 08:45:16.222374] Done :)
