
[2023-06-08 16:28:59.774344] Starting backfilling process.

[2023-06-08 16:29:01.143887] Backfilling pool Curve.fi ETH/stETH.
[2023-06-08 16:29:01.144110] Start time: 2022-09-30 23:55:11
[2023-06-08 16:29:01.144212] End time: 2022-10-08 00:00:11
[2023-06-08 16:30:00.958183] Inserting pool data...
[2023-06-08 16:31:07.457519] Finished pool data...
[2023-06-08 16:31:13.871632] Inserting swap data...
[2023-06-08 16:31:15.390529] Finished swap data...
[2023-06-08 16:31:21.929894] Inserting lp event data...
[2023-06-08 16:31:22.464724] Finished lp event data...
[2023-06-08 16:31:22.619672] Inserting snapshots data...
[2023-06-08 16:31:22.633609] Finished snapshots data...
[2023-06-08 16:31:22.633649] Finished pool Curve.fi ETH/stETH.

[2023-06-08 16:31:22.633658] Backfilling pool Curve.fi DAI/USDC/USDT.
[2023-06-08 16:31:22.633665] Start time: 2022-09-30 23:55:11
[2023-06-08 16:31:22.633675] End time: 2022-10-08 00:00:11
[2023-06-08 16:32:24.469471] Inserting pool data...
[2023-06-08 16:33:30.440676] Finished pool data...
[2023-06-08 16:33:36.926632] Inserting swap data...
[2023-06-08 16:33:38.292498] Finished swap data...
[2023-06-08 16:33:44.878876] Inserting lp event data...
[2023-06-08 16:33:46.729146] Finished lp event data...
[2023-06-08 16:33:47.087410] Inserting snapshots data...
[2023-06-08 16:33:47.100712] Finished snapshots data...
[2023-06-08 16:33:47.100751] Finished pool Curve.fi DAI/USDC/USDT.

[2023-06-08 16:33:47.100762] Backfilling pool Curve.fi FRAX/USDC.
[2023-06-08 16:33:47.100769] Start time: 2022-09-30 23:55:11
[2023-06-08 16:33:47.100779] End time: 2022-10-08 00:00:11
[2023-06-08 16:34:48.438922] Inserting pool data...
[2023-06-08 16:35:54.322500] Finished pool data...
[2023-06-08 16:36:00.675136] Inserting swap data...
[2023-06-08 16:36:00.864807] Finished swap data...
[2023-06-08 16:36:07.704072] Inserting lp event data...
[2023-06-08 16:36:08.258839] Finished lp event data...
[2023-06-08 16:36:08.992339] Inserting snapshots data...
[2023-06-08 16:36:09.005467] Finished snapshots data...
[2023-06-08 16:36:09.005515] Finished pool Curve.fi FRAX/USDC.

[2023-06-08 16:36:09.005525] Backfilling pool Curve.fi Factory USD Metapool: wormhole v2 UST-3Pool.
[2023-06-08 16:36:09.005533] Start time: 2022-09-30 23:55:11
[2023-06-08 16:36:09.005543] End time: 2022-10-08 00:00:11
[2023-06-08 16:37:10.653965] Inserting pool data...
[2023-06-08 16:38:18.175740] Finished pool data...
[2023-06-08 16:38:24.588752] Inserting swap data...
[2023-06-08 16:38:24.614886] Finished swap data...
[2023-06-08 16:38:31.230742] Inserting lp event data...
[2023-06-08 16:38:31.236985] Finished lp event data...
[2023-06-08 16:38:32.063418] Inserting snapshots data...
[2023-06-08 16:38:32.077241] Finished snapshots data...
[2023-06-08 16:38:32.077412] Finished pool Curve.fi Factory USD Metapool: wormhole v2 UST-3Pool.

[2023-06-08 16:38:32.077534] Backfilling pool Curve.fi USDN/3Crv.
[2023-06-08 16:38:32.077642] Start time: 2022-09-30 23:55:11
[2023-06-08 16:38:32.077745] End time: 2022-10-08 00:00:11
[2023-06-08 16:39:33.451530] Inserting pool data...
[2023-06-08 16:40:39.467685] Finished pool data...
[2023-06-08 16:40:46.998434] Inserting swap data...
[2023-06-08 16:40:47.070779] Finished swap data...
