
[2023-06-08 22:53:00.799605] Starting backfilling process.

[2023-06-08 22:53:01.864620] Backfilling pool Curve.fi ETH/stETH.
[2023-06-08 22:53:01.864673] Start time: 2022-12-23 23:55:11
[2023-06-08 22:53:01.864691] End time: 2022-12-31 00:00:11
[2023-06-08 22:54:01.381016] Inserting pool data...
[2023-06-08 22:55:07.582763] Finished pool data...
[2023-06-08 22:55:13.746968] Inserting swap data...
[2023-06-08 22:55:14.741400] Finished swap data...
[2023-06-08 22:55:21.110981] Inserting lp event data...
[2023-06-08 22:55:21.544425] Finished lp event data...
[2023-06-08 22:55:21.662820] Inserting snapshots data...
[2023-06-08 22:55:21.683222] Finished snapshots data...
[2023-06-08 22:55:21.683271] Finished pool Curve.fi ETH/stETH.

[2023-06-08 22:55:21.683283] Backfilling pool Curve.fi DAI/USDC/USDT.
[2023-06-08 22:55:21.683292] Start time: 2022-12-23 23:55:11
[2023-06-08 22:55:21.683306] End time: 2022-12-31 00:00:11
[2023-06-08 22:57:23.394931] Inserting pool data...
[2023-06-08 22:58:33.292392] Finished pool data...
[2023-06-08 22:58:39.823984] Inserting swap data...
[2023-06-08 22:58:41.535747] Finished swap data...
[2023-06-08 22:58:49.000034] Inserting lp event data...
[2023-06-08 22:58:50.543997] Finished lp event data...
[2023-06-08 22:58:50.683935] Inserting snapshots data...
[2023-06-08 22:58:50.706910] Finished snapshots data...
[2023-06-08 22:58:50.706952] Finished pool Curve.fi DAI/USDC/USDT.

[2023-06-08 22:58:50.706961] Backfilling pool Curve.fi FRAX/USDC.
[2023-06-08 22:58:50.706969] Start time: 2022-12-23 23:55:11
[2023-06-08 22:58:50.706980] End time: 2022-12-31 00:00:11
[2023-06-08 23:00:53.222586] Inserting pool data...
[2023-06-08 23:01:52.084752] Finished pool data...
[2023-06-08 23:01:59.936263] Inserting swap data...
[2023-06-08 23:02:00.024760] Finished swap data...
[2023-06-08 23:02:06.926774] Inserting lp event data...
[2023-06-08 23:02:07.352862] Finished lp event data...
[2023-06-08 23:02:07.476774] Inserting snapshots data...
[2023-06-08 23:02:07.490592] Finished snapshots data...
[2023-06-08 23:02:07.490694] Finished pool Curve.fi FRAX/USDC.

[2023-06-08 23:02:07.490705] Backfilling pool Curve.fi Factory USD Metapool: wormhole v2 UST-3Pool.
[2023-06-08 23:02:07.490713] Start time: 2022-12-23 23:55:11
[2023-06-08 23:02:07.490723] End time: 2022-12-31 00:00:11
[2023-06-08 23:03:08.404414] Inserting pool data...
[2023-06-08 23:04:07.235572] Finished pool data...
[2023-06-08 23:04:13.549049] Inserting swap data...
[2023-06-08 23:04:13.568774] Finished swap data...
[2023-06-08 23:04:19.862274] Inserting lp event data...
[2023-06-08 23:04:19.864074] Finished lp event data...
[2023-06-08 23:04:19.982768] Inserting snapshots data...
[2023-06-08 23:04:19.995576] Finished snapshots data...
[2023-06-08 23:04:19.995614] Finished pool Curve.fi Factory USD Metapool: wormhole v2 UST-3Pool.

[2023-06-08 23:04:19.995627] Backfilling pool Curve.fi USDN/3Crv.
[2023-06-08 23:04:19.995638] Start time: 2022-12-23 23:55:11
[2023-06-08 23:04:19.995651] End time: 2022-12-31 00:00:11
[2023-06-08 23:05:20.344894] Inserting pool data...
[2023-06-08 23:06:18.866961] Finished pool data...
[2023-06-08 23:06:26.389901] Inserting swap data...
[2023-06-08 23:06:26.549661] Finished swap data...
[2023-06-08 23:06:34.651100] Inserting lp event data...
[2023-06-08 23:06:34.678353] Finished lp event data...
[2023-06-08 23:06:34.785109] Inserting snapshots data...
[2023-06-08 23:06:34.797107] Finished snapshots data...
[2023-06-08 23:06:34.797139] Finished pool Curve.fi USDN/3Crv.

[2023-06-08 23:06:34.797148] Backfilling pool Curve.fi Factory USD Metapool: Magic Internet Money 3Pool.
[2023-06-08 23:06:34.797156] Start time: 2022-12-23 23:55:11
[2023-06-08 23:06:34.797165] End time: 2022-12-31 00:00:11
[2023-06-08 23:07:34.582381] Inserting pool data...
[2023-06-08 23:08:33.331552] Finished pool data...
[2023-06-08 23:08:40.368371] Inserting swap data...
[2023-06-08 23:08:40.394813] Finished swap data...
[2023-06-08 23:08:46.396168] Inserting lp event data...
[2023-06-08 23:08:46.457726] Finished lp event data...
[2023-06-08 23:08:46.562184] Inserting snapshots data...
[2023-06-08 23:08:46.574897] Finished snapshots data...
[2023-06-08 23:08:46.574931] Finished pool Curve.fi Factory USD Metapool: Magic Internet Money 3Pool.

[2023-06-08 23:08:46.574940] Backfilling pool Curve.fi DAI/USDC/USDT/sUSD.
[2023-06-08 23:08:46.574947] Start time: 2022-12-23 23:55:11
[2023-06-08 23:08:46.574957] End time: 2022-12-31 00:00:11
[2023-06-08 23:09:46.297587] Inserting pool data...
[2023-06-08 23:10:46.669966] Finished pool data...
[2023-06-08 23:10:53.769315] Inserting swap data...
[2023-06-08 23:10:54.074372] Finished swap data...
[2023-06-08 23:11:00.462045] Inserting lp event data...
[2023-06-08 23:11:00.505131] Finished lp event data...
[2023-06-08 23:11:00.624200] Inserting snapshots data...
[2023-06-08 23:11:00.636996] Finished snapshots data...
[2023-06-08 23:11:00.637025] Finished pool Curve.fi DAI/USDC/USDT/sUSD.

[2023-06-08 23:11:00.637034] Backfilling pool Curve.fi ETH/frxETH.
[2023-06-08 23:11:00.637042] Start time: 2022-12-23 23:55:11
[2023-06-08 23:11:00.637051] End time: 2022-12-31 00:00:11
[2023-06-08 23:12:00.584357] Inserting pool data...
[2023-06-08 23:12:59.379238] Finished pool data...
[2023-06-08 23:13:06.579899] Inserting swap data...
[2023-06-08 23:13:06.668167] Finished swap data...
[2023-06-08 23:13:13.706513] Inserting lp event data...
[2023-06-08 23:13:13.809162] Finished lp event data...
[2023-06-08 23:13:13.916674] Inserting snapshots data...
[2023-06-08 23:13:13.928898] Finished snapshots data...
[2023-06-08 23:13:13.929030] Finished pool Curve.fi ETH/frxETH.

[2023-06-08 23:13:13.929126] Backfilling pool Curve.fi Factory USD Metapool: Liquity.
[2023-06-08 23:13:13.929221] Start time: 2022-12-23 23:55:11
[2023-06-08 23:13:13.929319] End time: 2022-12-31 00:00:11
[2023-06-08 23:15:16.166438] Inserting pool data...
[2023-06-08 23:16:15.221238] Finished pool data...
[2023-06-08 23:16:21.492096] Inserting swap data...
[2023-06-08 23:16:21.619832] Finished swap data...
[2023-06-08 23:16:28.333711] Inserting lp event data...
[2023-06-08 23:16:28.457536] Finished lp event data...
[2023-06-08 23:16:28.667894] Inserting snapshots data...
[2023-06-08 23:16:28.680171] Finished snapshots data...
[2023-06-08 23:16:28.680203] Finished pool Curve.fi Factory USD Metapool: Liquity.

[2023-06-08 23:16:28.680212] Backfilling pool Curve.fi Factory USD Metapool: Binance USD.
[2023-06-08 23:16:28.680219] Start time: 2022-12-23 23:55:11
[2023-06-08 23:16:28.680229] End time: 2022-12-31 00:00:11
[2023-06-08 23:17:27.549673] Inserting pool data...
[2023-06-08 23:18:26.655513] Finished pool data...
[2023-06-08 23:18:33.754938] Inserting swap data...
[2023-06-08 23:18:33.793000] Finished swap data...
[2023-06-08 23:18:40.397385] Inserting lp event data...
[2023-06-08 23:18:40.416983] Finished lp event data...
[2023-06-08 23:18:40.527967] Inserting snapshots data...
[2023-06-08 23:18:40.540210] Finished snapshots data...
[2023-06-08 23:18:40.540243] Finished pool Curve.fi Factory USD Metapool: Binance USD.

[2023-06-08 23:18:40.540252] Backfilling pool Curve.fi Factory Plain Pool: stETH concentrated.
[2023-06-08 23:18:40.540260] Start time: 2022-12-23 23:55:11
[2023-06-08 23:18:40.540270] End time: 2022-12-31 00:00:11
[2023-06-08 23:19:40.471005] Inserting pool data...
[2023-06-08 23:20:40.832071] Finished pool data...
[2023-06-08 23:20:47.182751] Inserting swap data...
[2023-06-08 23:20:47.243788] Finished swap data...
[2023-06-08 23:20:53.629434] Inserting lp event data...
[2023-06-08 23:20:53.645028] Finished lp event data...
[2023-06-08 23:20:53.762288] Inserting snapshots data...
[2023-06-08 23:20:53.775839] Finished snapshots data...
[2023-06-08 23:20:53.775874] Finished pool Curve.fi Factory Plain Pool: stETH concentrated.

[2023-06-08 23:20:53.775883] Backfilling pool Curve.fi Factory Crypto Pool: cbETH/ETH.
[2023-06-08 23:20:53.775890] Start time: 2022-12-23 23:55:11
[2023-06-08 23:20:53.775900] End time: 2022-12-31 00:00:11
[2023-06-08 23:22:55.597027] Inserting pool data...
[2023-06-08 23:24:03.390696] Finished pool data...
[2023-06-08 23:24:09.801647] Inserting swap data...
[2023-06-08 23:24:09.840333] Finished swap data...
[2023-06-08 23:24:16.993053] Inserting lp event data...
[2023-06-08 23:24:17.009008] Finished lp event data...
[2023-06-08 23:24:17.115750] Inserting snapshots data...
[2023-06-08 23:24:17.132960] Finished snapshots data...
[2023-06-08 23:24:17.133003] Finished pool Curve.fi Factory Crypto Pool: cbETH/ETH.

[2023-06-08 23:24:17.133013] Backfilling pool Curve.fi Factory Plain Pool: cvxCrv/Crv.
[2023-06-08 23:24:17.133021] Pools Curve.fi Factory Plain Pool: cvxCrv/Crv was created after the end date. Skipping...

[2023-06-08 23:24:17.133032] Backfilling token LUSD OHLCV using chainlink.
Found the closest round: 18446744073709559357, at 2022-12-23 23:22:35.
Number of iterations: 14
[2023-06-08 23:24:36.894663] Inserting OHLCV.
[2023-06-08 23:24:37.099666] Backfilling token FRAX OHLCV using chainlink.
Found the closest round: 18446744073709559342, at 2022-12-23 23:46:47.
Number of iterations: 14
[2023-06-08 23:24:56.512194] Inserting OHLCV.
[2023-06-08 23:24:56.731733] Backfilling token MIM OHLCV using ccxt.
Using Bitfinex for MIM/USD.

[2023-06-08 23:25:04.623277] Inserting OHLCV.
[2023-06-08 23:25:08.562073] Backfilling token USDC OHLCV using ccxt.
Using Binance US for USDC/USD.

[2023-06-08 23:25:10.992849] Inserting OHLCV.
[2023-06-08 23:25:19.654740] Backfilling token stETH OHLCV using chainlink.
Found the closest round: 18446744073709565290, at 2022-12-23 23:38:35.
Number of iterations: 14
[2023-06-08 23:25:39.256911] Inserting OHLCV.
[2023-06-08 23:25:39.451619] Backfilling token cbETH OHLCV using ccxt.
Using Coinbase Pro for CBETH/USD.

[2023-06-08 23:25:48.552007] Inserting OHLCV.
[2023-06-08 23:25:54.141355] Backfilling token ETH OHLCV using ccxt.
Using Binance US for ETH/USD.

[2023-06-08 23:25:56.231717] Inserting OHLCV.
[2023-06-08 23:26:04.974779] Backfilling token DAI OHLCV using ccxt.
Using Binance US for DAI/USD.

[2023-06-08 23:26:07.119320] Inserting OHLCV.
[2023-06-08 23:26:16.795563] Backfilling token BUSD OHLCV using chainlink.
Found the closest round: 18446744073709552267, at 2022-12-23 13:53:23.
Number of iterations: 10
[2023-06-08 23:26:27.510025] Inserting OHLCV.
[2023-06-08 23:26:27.525317] Backfilling token sUSD OHLCV using chainlink.
Found the closest round: 18446744073709553270, at 2022-12-23 18:21:11.
Number of iterations: 11
[2023-06-08 23:26:39.357913] Inserting OHLCV.
[2023-06-08 23:26:39.375049] WETH assumed to be = ETH. Skipping...

[2023-06-08 23:26:39.375097] Backfilling token cvxCRV OHLCV using curveswaps.
[2023-06-08 23:26:39.407594] Inserting OHLCV.
[2023-06-08 23:26:39.407649] No price data for token cvxCRV at this time.

[2023-06-08 23:26:39.407666] Backfilling token USDT OHLCV using ccxt.
Using Binance US for USDT/USD.

[2023-06-08 23:26:41.592114] Inserting OHLCV.
[2023-06-08 23:26:50.897613] Backfilling token USDN OHLCV using chainlink.
Found the closest round: 464, at 2022-12-23 02:25:59.
Number of iterations: 9
[2023-06-08 23:27:00.674603] Inserting OHLCV.
[2023-06-08 23:27:00.691964] Backfilling token frxETH OHLCV using curveswaps.
[2023-06-08 23:27:00.803487] Inserting OHLCV.
[2023-06-08 23:27:00.920431] UST only indexed up to 1653667380 (2022-05-27 12:03:00 PM GMT-04:00 DST). Setting end time to 2022-12-31 00:00:11.
[2023-06-08 23:27:00.920490] Backfilling token UST OHLCV using ccxt.
Using Coinbase Pro for UST/USD.

[2023-06-08 23:27:00.923121] Inserting OHLCV.
[2023-06-08 23:27:00.923138] No price data for token UST at this time.

[2023-06-08 23:27:00.923146] 3Crv uses pool virtual price. Skipping...

[2023-06-08 23:27:00.923155] Backfilling token CRV OHLCV using ccxt.
Using Binance US for CRV/USD.

[2023-06-08 23:27:03.338158] Inserting OHLCV.
[2023-06-08 23:27:12.122013] Done :)
