
[2023-06-08 06:14:20.009698] Starting backfilling process.

[2023-06-08 06:14:21.341996] Backfilling pool Curve.fi ETH/stETH.
[2023-06-08 06:14:21.342029] Start time: 2022-03-18 23:55:06
[2023-06-08 06:14:21.342038] End time: 2022-03-26 00:00:15
[2023-06-08 06:15:13.947821] Inserting pool data...
[2023-06-08 06:16:07.520026] Finished pool data...
[2023-06-08 06:16:13.557751] Inserting swap data...
[2023-06-08 06:16:14.236619] Finished swap data...
[2023-06-08 06:16:19.502829] Inserting lp event data...
[2023-06-08 06:16:19.827176] Finished lp event data...
[2023-06-08 06:16:19.926825] Inserting snapshots data...
[2023-06-08 06:16:19.939883] Finished snapshots data...
[2023-06-08 06:16:19.939904] Finished pool Curve.fi ETH/stETH.

[2023-06-08 06:16:19.939911] Backfilling pool Curve.fi DAI/USDC/USDT.
[2023-06-08 06:16:19.939918] Start time: 2022-03-18 23:55:06
[2023-06-08 06:16:19.939927] End time: 2022-03-26 00:00:15
[2023-06-08 06:17:12.633170] Inserting pool data...
[2023-06-08 06:18:06.005502] Finished pool data...
[2023-06-08 06:18:11.584129] Inserting swap data...
[2023-06-08 06:18:12.038089] Finished swap data...
[2023-06-08 06:18:17.709798] Inserting lp event data...
[2023-06-08 06:18:20.353241] Finished lp event data...
[2023-06-08 06:18:20.468572] Inserting snapshots data...
[2023-06-08 06:18:20.482826] Finished snapshots data...
[2023-06-08 06:18:20.482846] Finished pool Curve.fi DAI/USDC/USDT.

[2023-06-08 06:18:20.482853] Backfilling pool Curve.fi FRAX/USDC.
[2023-06-08 06:18:20.482860] Pools Curve.fi FRAX/USDC was created after the end date. Skipping...

[2023-06-08 06:18:20.482866] Backfilling pool Curve.fi Factory USD Metapool: wormhole v2 UST-3Pool.
[2023-06-08 06:18:20.482872] Start time: 2022-03-18 23:55:06
[2023-06-08 06:18:20.482881] End time: 2022-03-26 00:00:15
[2023-06-08 06:19:12.973505] Inserting pool data...
[2023-06-08 06:20:05.885156] Finished pool data...
[2023-06-08 06:20:11.395308] Inserting swap data...
[2023-06-08 06:20:11.623709] Finished swap data...
[2023-06-08 06:20:17.265008] Inserting lp event data...
[2023-06-08 06:20:17.376950] Finished lp event data...
[2023-06-08 06:20:17.477555] Inserting snapshots data...
[2023-06-08 06:20:17.489884] Finished snapshots data...
[2023-06-08 06:20:17.489903] Finished pool Curve.fi Factory USD Metapool: wormhole v2 UST-3Pool.

[2023-06-08 06:20:17.489911] Backfilling pool Curve.fi USDN/3Crv.
[2023-06-08 06:20:17.489918] Start time: 2022-03-18 23:55:06
[2023-06-08 06:20:17.489927] End time: 2022-03-26 00:00:15
[2023-06-08 06:21:10.831901] Inserting pool data...
[2023-06-08 06:22:04.030124] Finished pool data...
[2023-06-08 06:22:09.301292] Inserting swap data...
[2023-06-08 06:22:09.329123] Finished swap data...
[2023-06-08 06:22:14.528593] Inserting lp event data...
[2023-06-08 06:22:14.601542] Finished lp event data...
[2023-06-08 06:22:14.905260] Inserting snapshots data...
[2023-06-08 06:22:14.918350] Finished snapshots data...
[2023-06-08 06:22:14.918370] Finished pool Curve.fi USDN/3Crv.

[2023-06-08 06:22:14.918378] Backfilling pool Curve.fi Factory USD Metapool: Magic Internet Money 3Pool.
[2023-06-08 06:22:14.918384] Start time: 2022-03-18 23:55:06
[2023-06-08 06:22:14.918393] End time: 2022-03-26 00:00:15
[2023-06-08 06:23:06.648166] Inserting pool data...
[2023-06-08 06:23:59.725751] Finished pool data...
[2023-06-08 06:24:05.668765] Inserting swap data...
[2023-06-08 06:24:06.069311] Finished swap data...
[2023-06-08 06:24:11.616354] Inserting lp event data...
[2023-06-08 06:24:11.740889] Finished lp event data...
[2023-06-08 06:24:11.848166] Inserting snapshots data...
[2023-06-08 06:24:11.861388] Finished snapshots data...
[2023-06-08 06:24:11.861407] Finished pool Curve.fi Factory USD Metapool: Magic Internet Money 3Pool.

[2023-06-08 06:24:11.861415] Backfilling pool Curve.fi DAI/USDC/USDT/sUSD.
[2023-06-08 06:24:11.861422] Start time: 2022-03-18 23:55:06
[2023-06-08 06:24:11.861431] End time: 2022-03-26 00:00:15
[2023-06-08 06:25:04.686355] Inserting pool data...
[2023-06-08 06:25:58.789338] Finished pool data...
[2023-06-08 06:26:04.644657] Inserting swap data...
[2023-06-08 06:26:04.800888] Finished swap data...
[2023-06-08 06:26:10.422020] Inserting lp event data...
[2023-06-08 06:26:10.454857] Finished lp event data...
[2023-06-08 06:26:10.556165] Inserting snapshots data...
[2023-06-08 06:26:10.568488] Finished snapshots data...
[2023-06-08 06:26:10.568507] Finished pool Curve.fi DAI/USDC/USDT/sUSD.

[2023-06-08 06:26:10.568514] Backfilling pool Curve.fi ETH/frxETH.
[2023-06-08 06:26:10.568521] Pools Curve.fi ETH/frxETH was created after the end date. Skipping...

[2023-06-08 06:26:10.568527] Backfilling pool Curve.fi Factory USD Metapool: Liquity.
[2023-06-08 06:26:10.568533] Start time: 2022-03-18 23:55:06
[2023-06-08 06:26:10.568541] End time: 2022-03-26 00:00:15
[2023-06-08 06:27:03.476712] Inserting pool data...
[2023-06-08 06:27:56.521088] Finished pool data...
[2023-06-08 06:28:01.944952] Inserting swap data...
[2023-06-08 06:28:02.030227] Finished swap data...
[2023-06-08 06:28:07.582033] Inserting lp event data...
[2023-06-08 06:28:07.615007] Finished lp event data...
[2023-06-08 06:28:07.735383] Inserting snapshots data...
[2023-06-08 06:28:07.747488] Finished snapshots data...
[2023-06-08 06:28:07.747507] Finished pool Curve.fi Factory USD Metapool: Liquity.

[2023-06-08 06:28:07.747514] Backfilling pool Curve.fi Factory USD Metapool: Binance USD.
[2023-06-08 06:28:07.747521] Start time: 2022-03-18 23:55:06
[2023-06-08 06:28:07.747530] End time: 2022-03-26 00:00:15
[2023-06-08 06:28:59.922105] Inserting pool data...
[2023-06-08 06:29:53.487093] Finished pool data...
[2023-06-08 06:29:59.025301] Inserting swap data...
[2023-06-08 06:29:59.065469] Finished swap data...
[2023-06-08 06:30:05.008409] Inserting lp event data...
[2023-06-08 06:30:05.022457] Finished lp event data...
[2023-06-08 06:30:05.155161] Inserting snapshots data...
[2023-06-08 06:30:05.167204] Finished snapshots data...
[2023-06-08 06:30:05.167222] Finished pool Curve.fi Factory USD Metapool: Binance USD.

[2023-06-08 06:30:05.167230] Backfilling pool Curve.fi Factory Plain Pool: stETH concentrated.
[2023-06-08 06:30:05.167236] Pools Curve.fi Factory Plain Pool: stETH concentrated was created after the end date. Skipping...

[2023-06-08 06:30:05.167242] Backfilling pool Curve.fi Factory Crypto Pool: cbETH/ETH.
[2023-06-08 06:30:05.167249] Pools Curve.fi Factory Crypto Pool: cbETH/ETH was created after the end date. Skipping...

[2023-06-08 06:30:05.167254] Backfilling pool Curve.fi Factory Plain Pool: cvxCrv/Crv.
[2023-06-08 06:30:05.167260] Pools Curve.fi Factory Plain Pool: cvxCrv/Crv was created after the end date. Skipping...

[2023-06-08 06:30:05.167270] Backfilling token LUSD OHLCV using chainlink.
Found the closest round: 18446744073709552603, at 2022-03-18 23:00:20.
Number of iterations: 14
[2023-06-08 06:30:25.772771] Inserting OHLCV.
[2023-06-08 06:30:25.964255] Backfilling token FRAX OHLCV using chainlink.
Found the closest round: 18446744073709552593, at 2022-03-18 23:50:49.
Number of iterations: 13
[2023-06-08 06:30:45.539741] Inserting OHLCV.
[2023-06-08 06:30:45.723756] Backfilling token MIM OHLCV using ccxt.
Using Bitfinex for MIM/USD.

[2023-06-08 06:30:52.648837] Inserting OHLCV.
[2023-06-08 06:30:55.520086] Backfilling token USDC OHLCV using ccxt.
Using Binance US for USDC/USD.

[2023-06-08 06:30:57.897268] Inserting OHLCV.
[2023-06-08 06:31:05.778427] Backfilling token stETH OHLCV using chainlink.
Found the closest round: 18446744073709557398, at 2022-03-18 23:09:50.
Number of iterations: 14
[2023-06-08 06:31:26.244190] Inserting OHLCV.
[2023-06-08 06:31:26.432414] cbETH only indexed from 1661444040 (2022 12:14:00 PM GMT-04:00 DST). Skipping...
[2023-06-08 06:31:26.432442] Backfilling token ETH OHLCV using ccxt.
Using Binance US for ETH/USD.

[2023-06-08 06:31:28.514964] Inserting OHLCV.
[2023-06-08 06:31:36.435630] Backfilling token DAI OHLCV using ccxt.
Using Binance US for DAI/USD.

[2023-06-08 06:31:38.466874] Inserting OHLCV.
[2023-06-08 06:31:46.225986] Backfilling token BUSD OHLCV using chainlink.
Found the closest round: 18446744073709551961, at 2022-03-18 07:11:52.
Number of iterations: 10
[2023-06-08 06:31:57.054665] Inserting OHLCV.
[2023-06-08 06:31:57.070341] Backfilling token sUSD OHLCV using chainlink.
Found the closest round: 18446744073709552438, at 2022-03-18 07:04:31.
Number of iterations: 10
[2023-06-08 06:32:07.834821] Inserting OHLCV.
[2023-06-08 06:32:07.850448] WETH assumed to be = ETH. Skipping...

[2023-06-08 06:32:07.850472] Backfilling token cvxCRV OHLCV using curveswaps.
[2023-06-08 06:32:07.866120] Inserting OHLCV.
[2023-06-08 06:32:07.866154] No price data for token cvxCRV at this time.

[2023-06-08 06:32:07.866164] Backfilling token USDT OHLCV using ccxt.
Using Binance US for USDT/USD.

[2023-06-08 06:32:09.951238] Inserting OHLCV.
[2023-06-08 06:32:17.942897] Backfilling token USDN OHLCV using chainlink.
Found the closest round: 158, at 2022-03-18 06:56:46.
Number of iterations: 9
[2023-06-08 06:32:27.749599] Inserting OHLCV.
[2023-06-08 06:32:27.767465] Backfilling token frxETH OHLCV using curveswaps.
[2023-06-08 06:32:27.778067] Inserting OHLCV.
[2023-06-08 06:32:27.778099] No price data for token frxETH at this time.

[2023-06-08 06:32:27.778109] Backfilling token UST OHLCV using ccxt.
Using Coinbase Pro for UST/USD.

[2023-06-08 06:32:36.895209] Inserting OHLCV.
[2023-06-08 06:32:40.856752] 3Crv uses pool virtual price. Skipping...

[2023-06-08 06:32:40.856787] Backfilling token CRV OHLCV using ccxt.
Using Binance US for CRV/USD.

[2023-06-08 06:32:42.969729] Inserting OHLCV.
[2023-06-08 06:32:50.798024] Done :)
