
[2023-06-08 04:41:24.370655] Starting backfilling process.

[2023-06-08 04:41:24.976817] Backfilling pool Curve.fi ETH/stETH.
[2023-06-08 04:41:24.976844] Start time: 2022-02-11 23:55:05
[2023-06-08 04:41:24.976854] End time: 2022-02-19 00:00:02
[2023-06-08 04:42:16.680893] Inserting pool data...
[2023-06-08 04:43:09.403558] Finished pool data...
[2023-06-08 04:43:15.569977] Inserting swap data...
[2023-06-08 04:43:16.035314] Finished swap data...
[2023-06-08 04:43:21.642644] Inserting lp event data...
[2023-06-08 04:43:21.792704] Finished lp event data...
[2023-06-08 04:43:22.215469] Inserting snapshots data...
[2023-06-08 04:43:22.229359] Finished snapshots data...
[2023-06-08 04:43:22.229382] Finished pool Curve.fi ETH/stETH.

[2023-06-08 04:43:22.229392] Backfilling pool Curve.fi DAI/USDC/USDT.
[2023-06-08 04:43:22.229398] Start time: 2022-02-11 23:55:05
[2023-06-08 04:43:22.229408] End time: 2022-02-19 00:00:02
[2023-06-08 04:44:15.254093] Inserting pool data...
[2023-06-08 04:45:07.661715] Finished pool data...
[2023-06-08 04:45:13.153906] Inserting swap data...
[2023-06-08 04:45:13.422437] Finished swap data...
[2023-06-08 04:45:18.952951] Inserting lp event data...
[2023-06-08 04:45:21.121598] Finished lp event data...
[2023-06-08 04:45:21.233357] Inserting snapshots data...
[2023-06-08 04:45:21.245583] Finished snapshots data...
[2023-06-08 04:45:21.245603] Finished pool Curve.fi DAI/USDC/USDT.

[2023-06-08 04:45:21.245611] Backfilling pool Curve.fi FRAX/USDC.
[2023-06-08 04:45:21.245617] Pools Curve.fi FRAX/USDC was created after the end date. Skipping...

[2023-06-08 04:45:21.245623] Backfilling pool Curve.fi Factory USD Metapool: wormhole v2 UST-3Pool.
[2023-06-08 04:45:21.245630] Start time: 2022-02-11 23:55:05
[2023-06-08 04:45:21.245638] End time: 2022-02-19 00:00:02
[2023-06-08 04:46:15.037937] Inserting pool data...
[2023-06-08 04:47:07.623898] Finished pool data...
[2023-06-08 04:47:13.074227] Inserting swap data...
[2023-06-08 04:47:13.289078] Finished swap data...
[2023-06-08 04:47:18.859879] Inserting lp event data...
[2023-06-08 04:47:18.992598] Finished lp event data...
[2023-06-08 04:47:19.203305] Inserting snapshots data...
[2023-06-08 04:47:19.220136] Finished snapshots data...
[2023-06-08 04:47:19.220155] Finished pool Curve.fi Factory USD Metapool: wormhole v2 UST-3Pool.

[2023-06-08 04:47:19.220163] Backfilling pool Curve.fi USDN/3Crv.
[2023-06-08 04:47:19.220170] Start time: 2022-02-11 23:55:05
[2023-06-08 04:47:19.220179] End time: 2022-02-19 00:00:02
[2023-06-08 04:48:11.496101] Inserting pool data...
[2023-06-08 04:49:04.043489] Finished pool data...
[2023-06-08 04:49:10.302931] Inserting swap data...
[2023-06-08 04:49:10.339200] Finished swap data...
[2023-06-08 04:49:15.653232] Inserting lp event data...
[2023-06-08 04:49:15.723683] Finished lp event data...
[2023-06-08 04:49:16.443749] Inserting snapshots data...
[2023-06-08 04:49:16.463110] Finished snapshots data...
[2023-06-08 04:49:16.463130] Finished pool Curve.fi USDN/3Crv.

[2023-06-08 04:49:16.463138] Backfilling pool Curve.fi Factory USD Metapool: Magic Internet Money 3Pool.
[2023-06-08 04:49:16.463145] Start time: 2022-02-11 23:55:05
[2023-06-08 04:49:16.463154] End time: 2022-02-19 00:00:02
[2023-06-08 04:50:11.715947] Inserting pool data...
[2023-06-08 04:51:04.295962] Finished pool data...
[2023-06-08 04:51:10.261422] Inserting swap data...
[2023-06-08 04:51:10.521999] Finished swap data...
[2023-06-08 04:51:16.294866] Inserting lp event data...
[2023-06-08 04:51:16.394628] Finished lp event data...
[2023-06-08 04:51:16.695254] Inserting snapshots data...
[2023-06-08 04:51:16.708057] Finished snapshots data...
[2023-06-08 04:51:16.708077] Finished pool Curve.fi Factory USD Metapool: Magic Internet Money 3Pool.

[2023-06-08 04:51:16.708085] Backfilling pool Curve.fi DAI/USDC/USDT/sUSD.
[2023-06-08 04:51:16.708092] Start time: 2022-02-11 23:55:05
[2023-06-08 04:51:16.708100] End time: 2022-02-19 00:00:02
[2023-06-08 04:52:11.745876] Inserting pool data...
[2023-06-08 04:53:04.653725] Finished pool data...
[2023-06-08 04:53:10.293887] Inserting swap data...
[2023-06-08 04:53:10.535874] Finished swap data...
[2023-06-08 04:53:16.264485] Inserting lp event data...
[2023-06-08 04:53:16.293283] Finished lp event data...
[2023-06-08 04:53:16.490760] Inserting snapshots data...
[2023-06-08 04:53:16.502710] Finished snapshots data...
[2023-06-08 04:53:16.502730] Finished pool Curve.fi DAI/USDC/USDT/sUSD.

[2023-06-08 04:53:16.502737] Backfilling pool Curve.fi ETH/frxETH.
[2023-06-08 04:53:16.502743] Pools Curve.fi ETH/frxETH was created after the end date. Skipping...

[2023-06-08 04:53:16.502749] Backfilling pool Curve.fi Factory USD Metapool: Liquity.
[2023-06-08 04:53:16.502755] Start time: 2022-02-11 23:55:05
[2023-06-08 04:53:16.502764] End time: 2022-02-19 00:00:02
[2023-06-08 04:54:09.585683] Inserting pool data...
[2023-06-08 04:55:02.100362] Finished pool data...
[2023-06-08 04:55:08.262140] Inserting swap data...
[2023-06-08 04:55:08.377949] Finished swap data...
[2023-06-08 04:55:13.876854] Inserting lp event data...
[2023-06-08 04:55:13.904935] Finished lp event data...
[2023-06-08 04:55:14.765060] Inserting snapshots data...
[2023-06-08 04:55:14.776938] Finished snapshots data...
[2023-06-08 04:55:14.776957] Finished pool Curve.fi Factory USD Metapool: Liquity.

[2023-06-08 04:55:14.776965] Backfilling pool Curve.fi Factory USD Metapool: Binance USD.
[2023-06-08 04:55:14.776971] Start time: 2022-02-11 23:55:05
[2023-06-08 04:55:14.776980] End time: 2022-02-19 00:00:02
[2023-06-08 04:56:08.978984] Inserting pool data...
[2023-06-08 04:57:01.850053] Finished pool data...
[2023-06-08 04:57:07.458765] Inserting swap data...
[2023-06-08 04:57:07.479208] Finished swap data...
[2023-06-08 04:57:12.922586] Inserting lp event data...
[2023-06-08 04:57:12.937076] Finished lp event data...
[2023-06-08 04:57:14.069771] Inserting snapshots data...
[2023-06-08 04:57:14.081640] Finished snapshots data...
[2023-06-08 04:57:14.081660] Finished pool Curve.fi Factory USD Metapool: Binance USD.

[2023-06-08 04:57:14.081671] Backfilling pool Curve.fi Factory Plain Pool: stETH concentrated.
[2023-06-08 04:57:14.081677] Pools Curve.fi Factory Plain Pool: stETH concentrated was created after the end date. Skipping...

[2023-06-08 04:57:14.081683] Backfilling pool Curve.fi Factory Crypto Pool: cbETH/ETH.
[2023-06-08 04:57:14.081689] Pools Curve.fi Factory Crypto Pool: cbETH/ETH was created after the end date. Skipping...

[2023-06-08 04:57:14.081695] Backfilling pool Curve.fi Factory Plain Pool: cvxCrv/Crv.
[2023-06-08 04:57:14.081700] Pools Curve.fi Factory Plain Pool: cvxCrv/Crv was created after the end date. Skipping...

[2023-06-08 04:57:14.081709] Backfilling token LUSD OHLCV using chainlink.
Found the closest round: 18446744073709551897, at 2022-02-11 04:00:42.
Number of iterations: 13
[2023-06-08 04:57:28.850888] Inserting OHLCV.
[2023-06-08 04:57:28.893569] Backfilling token FRAX OHLCV using chainlink.
Found the closest round: 18446744073709551882, at 2022-02-11 05:46:10.
Number of iterations: 14
[2023-06-08 04:57:44.603168] Inserting OHLCV.
[2023-06-08 04:57:44.646057] Backfilling token MIM OHLCV using ccxt.
Using Bitfinex for MIM/USD.

[2023-06-08 04:57:50.473059] Inserting OHLCV.
[2023-06-08 04:57:52.514920] Backfilling token USDC OHLCV using ccxt.
Using Binance US for USDC/USD.

[2023-06-08 04:57:54.882509] Inserting OHLCV.
[2023-06-08 04:58:02.442027] Backfilling token stETH OHLCV using chainlink.
Found the closest round: 18446744073709556437, at 2022-02-11 23:26:00.
Number of iterations: 14
[2023-06-08 04:58:22.578663] Inserting OHLCV.
[2023-06-08 04:58:22.772235] cbETH only indexed from 1661444040 (2022 12:14:00 PM GMT-04:00 DST). Skipping...
[2023-06-08 04:58:22.772263] Backfilling token ETH OHLCV using ccxt.
Using Binance US for ETH/USD.

[2023-06-08 04:58:24.863135] Inserting OHLCV.
[2023-06-08 04:58:32.543022] Backfilling token DAI OHLCV using ccxt.
Using Binance US for DAI/USD.

[2023-06-08 04:58:34.583672] Inserting OHLCV.
[2023-06-08 04:58:42.146096] Backfilling token BUSD OHLCV using chainlink.
Found the closest round: 18446744073709551926, at 2022-02-11 06:57:09.
Number of iterations: 10
[2023-06-08 04:58:52.868383] Inserting OHLCV.
[2023-06-08 04:58:52.884075] Backfilling token sUSD OHLCV using chainlink.
Found the closest round: 18446744073709552389, at 2022-02-11 05:18:13.
Number of iterations: 11
[2023-06-08 04:59:04.717218] Inserting OHLCV.
[2023-06-08 04:59:04.735216] WETH assumed to be = ETH. Skipping...

[2023-06-08 04:59:04.735244] Backfilling token cvxCRV OHLCV using curveswaps.
[2023-06-08 04:59:04.745731] Inserting OHLCV.
[2023-06-08 04:59:04.745763] No price data for token cvxCRV at this time.

[2023-06-08 04:59:04.745773] Backfilling token USDT OHLCV using ccxt.
Using Binance US for USDT/USD.

[2023-06-08 04:59:06.822758] Inserting OHLCV.
[2023-06-08 04:59:14.425447] Backfilling token USDN OHLCV using chainlink.
Found the closest round: 121, at 2022-02-11 16:22:22.
Number of iterations: 9
[2023-06-08 04:59:24.187012] Inserting OHLCV.
[2023-06-08 04:59:24.203532] Backfilling token frxETH OHLCV using curveswaps.
[2023-06-08 04:59:24.209977] Inserting OHLCV.
[2023-06-08 04:59:24.210000] No price data for token frxETH at this time.

[2023-06-08 04:59:24.210010] Backfilling token UST OHLCV using ccxt.
Using Coinbase Pro for UST/USD.

[2023-06-08 04:59:33.723335] Inserting OHLCV.
[2023-06-08 04:59:37.299459] 3Crv uses pool virtual price. Skipping...

[2023-06-08 04:59:37.299495] Backfilling token CRV OHLCV using ccxt.
Using Binance US for CRV/USD.

[2023-06-08 04:59:39.637275] Inserting OHLCV.
[2023-06-08 04:59:47.299303] Done :)
