
[2023-06-08 19:41:07.461475] Starting backfilling process.

[2023-06-08 19:41:08.411825] Backfilling pool Curve.fi ETH/stETH.
[2023-06-08 19:41:08.411872] Start time: 2022-11-11 23:55:11
[2023-06-08 19:41:08.411883] End time: 2022-11-19 00:00:11
[2023-06-08 19:42:13.450593] Inserting pool data...
[2023-06-08 19:43:20.351158] Finished pool data...
[2023-06-08 19:43:26.524293] Inserting swap data...
[2023-06-08 19:43:29.751501] Finished swap data...
[2023-06-08 19:43:35.959583] Inserting lp event data...
[2023-06-08 19:43:36.553601] Finished lp event data...
[2023-06-08 19:43:37.420921] Inserting snapshots data...
[2023-06-08 19:43:37.435562] Finished snapshots data...
[2023-06-08 19:43:37.435598] Finished pool Curve.fi ETH/stETH.

[2023-06-08 19:43:37.435608] Backfilling pool Curve.fi DAI/USDC/USDT.
[2023-06-08 19:43:37.435616] Start time: 2022-11-11 23:55:11
[2023-06-08 19:43:37.435626] End time: 2022-11-19 00:00:11
[2023-06-08 19:44:40.405176] Inserting pool data...
[2023-06-08 19:45:45.531700] Finished pool data...
[2023-06-08 19:45:53.416747] Inserting swap data...
[2023-06-08 19:45:57.265754] Finished swap data...
[2023-06-08 19:46:07.355421] Inserting lp event data...
[2023-06-08 19:46:11.224417] Finished lp event data...
[2023-06-08 19:46:12.506025] Inserting snapshots data...
[2023-06-08 19:46:12.525543] Finished snapshots data...
[2023-06-08 19:46:12.525592] Finished pool Curve.fi DAI/USDC/USDT.

[2023-06-08 19:46:12.525606] Backfilling pool Curve.fi FRAX/USDC.
[2023-06-08 19:46:12.525618] Start time: 2022-11-11 23:55:11
[2023-06-08 19:46:12.525634] End time: 2022-11-19 00:00:11
[2023-06-08 19:47:14.452443] Inserting pool data...
[2023-06-08 19:48:21.771959] Finished pool data...
[2023-06-08 19:48:28.837284] Inserting swap data...
[2023-06-08 19:48:28.980209] Finished swap data...
[2023-06-08 19:48:35.530742] Inserting lp event data...
[2023-06-08 19:48:36.548850] Finished lp event data...
[2023-06-08 19:48:36.664211] Inserting snapshots data...
[2023-06-08 19:48:36.678737] Finished snapshots data...
[2023-06-08 19:48:36.678772] Finished pool Curve.fi FRAX/USDC.

[2023-06-08 19:48:36.678782] Backfilling pool Curve.fi Factory USD Metapool: wormhole v2 UST-3Pool.
[2023-06-08 19:48:36.678790] Start time: 2022-11-11 23:55:11
[2023-06-08 19:48:36.678801] End time: 2022-11-19 00:00:11
[2023-06-08 19:49:38.549251] Inserting pool data...
[2023-06-08 19:50:44.839695] Finished pool data...
[2023-06-08 19:50:52.255178] Inserting swap data...
[2023-06-08 19:50:52.287467] Finished swap data...
[2023-06-08 19:51:00.254197] Inserting lp event data...
[2023-06-08 19:51:00.256817] Finished lp event data...
[2023-06-08 19:51:00.373218] Inserting snapshots data...
[2023-06-08 19:51:00.386712] Finished snapshots data...
[2023-06-08 19:51:00.386870] Finished pool Curve.fi Factory USD Metapool: wormhole v2 UST-3Pool.

[2023-06-08 19:51:00.386967] Backfilling pool Curve.fi USDN/3Crv.
[2023-06-08 19:51:00.387062] Start time: 2022-11-11 23:55:11
[2023-06-08 19:51:00.387160] End time: 2022-11-19 00:00:11
[2023-06-08 19:52:02.131471] Inserting pool data...
[2023-06-08 19:53:10.424544] Finished pool data...
[2023-06-08 19:53:17.352495] Inserting swap data...
[2023-06-08 19:53:17.506570] Finished swap data...
[2023-06-08 19:53:24.169899] Inserting lp event data...
[2023-06-08 19:53:24.190794] Finished lp event data...
[2023-06-08 19:53:24.301976] Inserting snapshots data...
[2023-06-08 19:53:24.314620] Finished snapshots data...
[2023-06-08 19:53:24.314766] Finished pool Curve.fi USDN/3Crv.

[2023-06-08 19:53:24.314863] Backfilling pool Curve.fi Factory USD Metapool: Magic Internet Money 3Pool.
[2023-06-08 19:53:24.314959] Start time: 2022-11-11 23:55:11
[2023-06-08 19:53:24.315057] End time: 2022-11-19 00:00:11
[2023-06-08 19:55:29.536466] Inserting pool data...
[2023-06-08 19:56:36.972793] Finished pool data...
[2023-06-08 19:56:43.744260] Inserting swap data...
[2023-06-08 19:56:43.843758] Finished swap data...
[2023-06-08 19:56:51.344864] Inserting lp event data...
[2023-06-08 19:56:51.441781] Finished lp event data...
[2023-06-08 19:56:51.548581] Inserting snapshots data...
[2023-06-08 19:56:51.562843] Finished snapshots data...
[2023-06-08 19:56:51.563013] Finished pool Curve.fi Factory USD Metapool: Magic Internet Money 3Pool.

[2023-06-08 19:56:51.563110] Backfilling pool Curve.fi DAI/USDC/USDT/sUSD.
[2023-06-08 19:56:51.563207] Start time: 2022-11-11 23:55:11
[2023-06-08 19:56:51.563305] End time: 2022-11-19 00:00:11
[2023-06-08 19:57:54.079102] Inserting pool data...
[2023-06-08 19:58:59.103955] Finished pool data...
[2023-06-08 19:59:06.469012] Inserting swap data...
[2023-06-08 19:59:07.080839] Finished swap data...
[2023-06-08 19:59:13.411223] Inserting lp event data...
[2023-06-08 19:59:13.534487] Finished lp event data...
[2023-06-08 19:59:13.656164] Inserting snapshots data...
[2023-06-08 19:59:13.669572] Finished snapshots data...
[2023-06-08 19:59:13.669726] Finished pool Curve.fi DAI/USDC/USDT/sUSD.

[2023-06-08 19:59:13.669822] Backfilling pool Curve.fi ETH/frxETH.
[2023-06-08 19:59:13.669918] Start time: 2022-11-11 23:55:11
[2023-06-08 19:59:13.670016] End time: 2022-11-19 00:00:11
[2023-06-08 20:00:17.104310] Inserting pool data...
[2023-06-08 20:01:26.290860] Finished pool data...
[2023-06-08 20:01:32.675196] Inserting swap data...
[2023-06-08 20:01:32.700836] Finished swap data...
[2023-06-08 20:01:39.247709] Inserting lp event data...
[2023-06-08 20:01:39.391594] Finished lp event data...
[2023-06-08 20:01:39.498517] Inserting snapshots data...
[2023-06-08 20:01:39.511485] Finished snapshots data...
[2023-06-08 20:01:39.511522] Finished pool Curve.fi ETH/frxETH.

[2023-06-08 20:01:39.511533] Backfilling pool Curve.fi Factory USD Metapool: Liquity.
[2023-06-08 20:01:39.511541] Start time: 2022-11-11 23:55:11
[2023-06-08 20:01:39.511552] End time: 2022-11-19 00:00:11
[2023-06-08 20:04:50.815472] Inserting pool data...
[2023-06-08 20:05:59.357561] Finished pool data...
[2023-06-08 20:06:05.886042] Inserting swap data...
[2023-06-08 20:06:06.108840] Finished swap data...
[2023-06-08 20:06:12.960268] Inserting lp event data...
[2023-06-08 20:06:13.044796] Finished lp event data...
[2023-06-08 20:06:13.161138] Inserting snapshots data...
[2023-06-08 20:06:13.175696] Finished snapshots data...
[2023-06-08 20:06:13.175861] Finished pool Curve.fi Factory USD Metapool: Liquity.

[2023-06-08 20:06:13.175957] Backfilling pool Curve.fi Factory USD Metapool: Binance USD.
[2023-06-08 20:06:13.176053] Start time: 2022-11-11 23:55:11
[2023-06-08 20:06:13.176151] End time: 2022-11-19 00:00:11
[2023-06-08 20:07:15.487306] Inserting pool data...
[2023-06-08 20:08:24.295128] Finished pool data...
[2023-06-08 20:08:30.887969] Inserting swap data...
[2023-06-08 20:08:31.134969] Finished swap data...
[2023-06-08 20:08:38.140348] Inserting lp event data...
[2023-06-08 20:08:38.184900] Finished lp event data...
[2023-06-08 20:08:38.299320] Inserting snapshots data...
[2023-06-08 20:08:38.313286] Finished snapshots data...
[2023-06-08 20:08:38.313436] Finished pool Curve.fi Factory USD Metapool: Binance USD.

[2023-06-08 20:08:38.313553] Backfilling pool Curve.fi Factory Plain Pool: stETH concentrated.
[2023-06-08 20:08:38.313650] Start time: 2022-11-11 23:55:11
[2023-06-08 20:08:38.313749] End time: 2022-11-19 00:00:11
[2023-06-08 20:09:39.783933] Inserting pool data...
[2023-06-08 20:10:47.306873] Finished pool data...
[2023-06-08 20:10:53.561944] Inserting swap data...
[2023-06-08 20:10:53.751318] Finished swap data...
[2023-06-08 20:11:00.271844] Inserting lp event data...
[2023-06-08 20:11:00.289736] Finished lp event data...
[2023-06-08 20:11:00.407708] Inserting snapshots data...
[2023-06-08 20:11:00.423993] Finished snapshots data...
[2023-06-08 20:11:00.424034] Finished pool Curve.fi Factory Plain Pool: stETH concentrated.

[2023-06-08 20:11:00.424043] Backfilling pool Curve.fi Factory Crypto Pool: cbETH/ETH.
[2023-06-08 20:11:00.424051] Start time: 2022-11-11 23:55:11
[2023-06-08 20:11:00.424061] End time: 2022-11-19 00:00:11
[2023-06-08 20:12:01.790200] Inserting pool data...
[2023-06-08 20:13:10.473247] Finished pool data...
[2023-06-08 20:13:17.509389] Inserting swap data...
[2023-06-08 20:13:17.658282] Finished swap data...
[2023-06-08 20:13:23.681746] Inserting lp event data...
[2023-06-08 20:13:23.714085] Finished lp event data...
[2023-06-08 20:13:23.826838] Inserting snapshots data...
[2023-06-08 20:13:23.839683] Finished snapshots data...
[2023-06-08 20:13:23.839718] Finished pool Curve.fi Factory Crypto Pool: cbETH/ETH.

[2023-06-08 20:13:23.839727] Backfilling pool Curve.fi Factory Plain Pool: cvxCrv/Crv.
[2023-06-08 20:13:23.839734] Pools Curve.fi Factory Plain Pool: cvxCrv/Crv was created after the end date. Skipping...

[2023-06-08 20:13:23.839745] Backfilling token LUSD OHLCV using chainlink.
Found the closest round: 18446744073709558355, at 2022-11-11 23:16:47.
Number of iterations: 13
[2023-06-08 20:13:42.856467] Inserting OHLCV.
[2023-06-08 20:13:43.056917] Backfilling token FRAX OHLCV using chainlink.
Found the closest round: 18446744073709558339, at 2022-11-11 23:18:35.
Number of iterations: 14
[2023-06-08 20:14:02.849830] Inserting OHLCV.
[2023-06-08 20:14:03.060645] Backfilling token MIM OHLCV using ccxt.
Using Bitfinex for MIM/USD.

[2023-06-08 20:14:10.930314] Inserting OHLCV.
[2023-06-08 20:14:15.070406] Backfilling token USDC OHLCV using ccxt.
Using Binance US for USDC/USD.

[2023-06-08 20:14:17.552507] Inserting OHLCV.
[2023-06-08 20:14:26.143351] Backfilling token stETH OHLCV using chainlink.
Found the closest round: 18446744073709564239, at 2022-11-11 23:27:23.
Number of iterations: 14
[2023-06-08 20:14:46.364593] Inserting OHLCV.
[2023-06-08 20:14:46.592365] Backfilling token cbETH OHLCV using ccxt.
Using Coinbase Pro for CBETH/USD.

[2023-06-08 20:14:55.920834] Inserting OHLCV.
[2023-06-08 20:15:02.569748] Backfilling token ETH OHLCV using ccxt.
Using Binance US for ETH/USD.

[2023-06-08 20:15:04.716904] Inserting OHLCV.
[2023-06-08 20:15:13.201585] Backfilling token DAI OHLCV using ccxt.
Using Binance US for DAI/USD.

[2023-06-08 20:15:15.265603] Inserting OHLCV.
[2023-06-08 20:15:23.831103] Backfilling token BUSD OHLCV using chainlink.
Found the closest round: 18446744073709552225, at 2022-11-11 13:37:11.
Number of iterations: 10
[2023-06-08 20:15:34.628322] Inserting OHLCV.
[2023-06-08 20:15:34.651076] Backfilling token sUSD OHLCV using chainlink.
Found the closest round: 18446744073709553168, at 2022-11-11 21:57:47.
Number of iterations: 11
[2023-06-08 20:15:47.195717] Inserting OHLCV.
[2023-06-08 20:15:47.239750] WETH assumed to be = ETH. Skipping...

[2023-06-08 20:15:47.239792] Backfilling token cvxCRV OHLCV using curveswaps.
[2023-06-08 20:15:47.286708] Inserting OHLCV.
[2023-06-08 20:15:47.286949] No price data for token cvxCRV at this time.

[2023-06-08 20:15:47.287114] Backfilling token USDT OHLCV using ccxt.
Using Binance US for USDT/USD.

[2023-06-08 20:15:49.669192] Inserting OHLCV.
[2023-06-08 20:15:58.533462] Backfilling token USDN OHLCV using chainlink.
Found the closest round: 421, at 2022-11-11 13:59:11.
Number of iterations: 9
[2023-06-08 20:16:08.316249] Inserting OHLCV.
[2023-06-08 20:16:08.337585] Backfilling token frxETH OHLCV using curveswaps.
[2023-06-08 20:16:08.398119] Inserting OHLCV.
[2023-06-08 20:16:08.425865] UST only indexed up to 1653667380 (2022-05-27 12:03:00 PM GMT-04:00 DST). Setting end time to 2022-11-19 00:00:11.
[2023-06-08 20:16:08.426037] Backfilling token UST OHLCV using ccxt.
Using Coinbase Pro for UST/USD.

[2023-06-08 20:16:08.428728] Inserting OHLCV.
[2023-06-08 20:16:08.428838] No price data for token UST at this time.

[2023-06-08 20:16:08.428934] 3Crv uses pool virtual price. Skipping...

[2023-06-08 20:16:08.429030] Backfilling token CRV OHLCV using ccxt.
Using Binance US for CRV/USD.

[2023-06-08 20:16:10.561655] Inserting OHLCV.
[2023-06-08 20:16:19.569097] Done :)
