
[2023-06-08 19:08:01.031662] Starting backfilling process.

[2023-06-08 19:08:02.251091] Backfilling pool Curve.fi ETH/stETH.
[2023-06-08 19:08:02.251137] Start time: 2022-11-04 23:55:11
[2023-06-08 19:08:02.251148] End time: 2022-11-12 00:00:11
[2023-06-08 19:10:05.764716] Inserting pool data...
[2023-06-08 19:11:15.198061] Finished pool data...
[2023-06-08 19:11:23.650765] Inserting swap data...
[2023-06-08 19:11:26.033552] Finished swap data...
[2023-06-08 19:11:32.802407] Inserting lp event data...
[2023-06-08 19:11:33.320339] Finished lp event data...
[2023-06-08 19:11:34.982913] Inserting snapshots data...
[2023-06-08 19:11:34.998071] Finished snapshots data...
[2023-06-08 19:11:34.998122] Finished pool Curve.fi ETH/stETH.

[2023-06-08 19:11:34.998135] Backfilling pool Curve.fi DAI/USDC/USDT.
[2023-06-08 19:11:34.998146] Start time: 2022-11-04 23:55:11
[2023-06-08 19:11:34.998160] End time: 2022-11-12 00:00:11
[2023-06-08 19:12:36.757976] Inserting pool data...
[2023-06-08 19:13:44.888447] Finished pool data...
[2023-06-08 19:13:51.457615] Inserting swap data...
[2023-06-08 19:13:58.140964] Finished swap data...
[2023-06-08 19:14:04.948533] Inserting lp event data...
[2023-06-08 19:14:09.521557] Finished lp event data...
[2023-06-08 19:14:09.645777] Inserting snapshots data...
[2023-06-08 19:14:09.663651] Finished snapshots data...
[2023-06-08 19:14:09.663817] Finished pool Curve.fi DAI/USDC/USDT.

[2023-06-08 19:14:09.663915] Backfilling pool Curve.fi FRAX/USDC.
[2023-06-08 19:14:09.664008] Start time: 2022-11-04 23:55:11
[2023-06-08 19:14:09.664107] End time: 2022-11-12 00:00:11
[2023-06-08 19:15:10.922316] Inserting pool data...
[2023-06-08 19:16:19.385533] Finished pool data...
[2023-06-08 19:16:29.369211] Inserting swap data...
[2023-06-08 19:16:30.040682] Finished swap data...
[2023-06-08 19:16:36.282059] Inserting lp event data...
[2023-06-08 19:16:37.916386] Finished lp event data...
[2023-06-08 19:16:38.038034] Inserting snapshots data...
[2023-06-08 19:16:38.050769] Finished snapshots data...
[2023-06-08 19:16:38.050807] Finished pool Curve.fi FRAX/USDC.

[2023-06-08 19:16:38.050817] Backfilling pool Curve.fi Factory USD Metapool: wormhole v2 UST-3Pool.
[2023-06-08 19:16:38.050824] Start time: 2022-11-04 23:55:11
[2023-06-08 19:16:38.050835] End time: 2022-11-12 00:00:11
[2023-06-08 19:17:40.605560] Inserting pool data...
[2023-06-08 19:18:47.044961] Finished pool data...
[2023-06-08 19:18:53.470610] Inserting swap data...
[2023-06-08 19:18:53.494343] Finished swap data...
[2023-06-08 19:19:00.099106] Inserting lp event data...
[2023-06-08 19:19:00.101309] Finished lp event data...
[2023-06-08 19:19:00.211216] Inserting snapshots data...
[2023-06-08 19:19:00.226234] Finished snapshots data...
[2023-06-08 19:19:00.226399] Finished pool Curve.fi Factory USD Metapool: wormhole v2 UST-3Pool.

[2023-06-08 19:19:00.226496] Backfilling pool Curve.fi USDN/3Crv.
[2023-06-08 19:19:00.226590] Start time: 2022-11-04 23:55:11
[2023-06-08 19:19:00.226687] End time: 2022-11-12 00:00:11
[2023-06-08 19:20:02.597363] Inserting pool data...
[2023-06-08 19:21:10.120768] Finished pool data...
[2023-06-08 19:21:16.510813] Inserting swap data...
[2023-06-08 19:21:16.679405] Finished swap data...
[2023-06-08 19:21:23.262484] Inserting lp event data...
[2023-06-08 19:21:23.284253] Finished lp event data...
[2023-06-08 19:21:23.498216] Inserting snapshots data...
[2023-06-08 19:21:23.510863] Finished snapshots data...
[2023-06-08 19:21:23.510902] Finished pool Curve.fi USDN/3Crv.

[2023-06-08 19:21:23.510914] Backfilling pool Curve.fi Factory USD Metapool: Magic Internet Money 3Pool.
[2023-06-08 19:21:23.510925] Start time: 2022-11-04 23:55:11
[2023-06-08 19:21:23.510939] End time: 2022-11-12 00:00:11
[2023-06-08 19:22:26.340722] Inserting pool data...
[2023-06-08 19:23:33.100655] Finished pool data...
[2023-06-08 19:23:39.523945] Inserting swap data...
[2023-06-08 19:23:40.082065] Finished swap data...
[2023-06-08 19:23:46.633905] Inserting lp event data...
[2023-06-08 19:23:46.778569] Finished lp event data...
[2023-06-08 19:23:46.899869] Inserting snapshots data...
[2023-06-08 19:23:46.917848] Finished snapshots data...
[2023-06-08 19:23:46.917898] Finished pool Curve.fi Factory USD Metapool: Magic Internet Money 3Pool.

[2023-06-08 19:23:46.917914] Backfilling pool Curve.fi DAI/USDC/USDT/sUSD.
[2023-06-08 19:23:46.917927] Start time: 2022-11-04 23:55:11
[2023-06-08 19:23:46.917944] End time: 2022-11-12 00:00:11
[2023-06-08 19:24:48.414083] Inserting pool data...
[2023-06-08 19:25:56.577307] Finished pool data...
[2023-06-08 19:26:03.067546] Inserting swap data...
[2023-06-08 19:26:04.400157] Finished swap data...
[2023-06-08 19:26:10.899481] Inserting lp event data...
[2023-06-08 19:26:11.014208] Finished lp event data...
[2023-06-08 19:26:11.190620] Inserting snapshots data...
[2023-06-08 19:26:11.224024] Finished snapshots data...
[2023-06-08 19:26:11.224066] Finished pool Curve.fi DAI/USDC/USDT/sUSD.

[2023-06-08 19:26:11.224076] Backfilling pool Curve.fi ETH/frxETH.
[2023-06-08 19:26:11.224084] Start time: 2022-11-04 23:55:11
[2023-06-08 19:26:11.224094] End time: 2022-11-12 00:00:11
[2023-06-08 19:27:13.295870] Inserting pool data...
[2023-06-08 19:28:20.875318] Finished pool data...
[2023-06-08 19:28:27.259702] Inserting swap data...
[2023-06-08 19:28:27.303550] Finished swap data...
[2023-06-08 19:28:33.872453] Inserting lp event data...
[2023-06-08 19:28:33.902837] Finished lp event data...
[2023-06-08 19:28:34.019744] Inserting snapshots data...
[2023-06-08 19:28:34.032742] Finished snapshots data...
[2023-06-08 19:28:34.032783] Finished pool Curve.fi ETH/frxETH.

[2023-06-08 19:28:34.032793] Backfilling pool Curve.fi Factory USD Metapool: Liquity.
[2023-06-08 19:28:34.032800] Start time: 2022-11-04 23:55:11
[2023-06-08 19:28:34.032811] End time: 2022-11-12 00:00:11
[2023-06-08 19:29:34.898426] Inserting pool data...
[2023-06-08 19:30:42.555347] Finished pool data...
[2023-06-08 19:30:49.395686] Inserting swap data...
[2023-06-08 19:30:49.853556] Finished swap data...
[2023-06-08 19:30:56.182358] Inserting lp event data...
[2023-06-08 19:30:56.335377] Finished lp event data...
[2023-06-08 19:30:56.983446] Inserting snapshots data...
[2023-06-08 19:30:56.997031] Finished snapshots data...
[2023-06-08 19:30:56.997076] Finished pool Curve.fi Factory USD Metapool: Liquity.

[2023-06-08 19:30:56.997089] Backfilling pool Curve.fi Factory USD Metapool: Binance USD.
[2023-06-08 19:30:56.997099] Start time: 2022-11-04 23:55:11
[2023-06-08 19:30:56.997112] End time: 2022-11-12 00:00:11
[2023-06-08 19:31:59.909869] Inserting pool data...
[2023-06-08 19:33:07.361643] Finished pool data...
[2023-06-08 19:33:13.894691] Inserting swap data...
[2023-06-08 19:33:14.247837] Finished swap data...
[2023-06-08 19:33:20.445317] Inserting lp event data...
[2023-06-08 19:33:20.501919] Finished lp event data...
[2023-06-08 19:33:22.025346] Inserting snapshots data...
[2023-06-08 19:33:22.043712] Finished snapshots data...
[2023-06-08 19:33:22.043752] Finished pool Curve.fi Factory USD Metapool: Binance USD.

[2023-06-08 19:33:22.043761] Backfilling pool Curve.fi Factory Plain Pool: stETH concentrated.
[2023-06-08 19:33:22.043769] Start time: 2022-11-04 23:55:11
[2023-06-08 19:33:22.043779] End time: 2022-11-12 00:00:11
[2023-06-08 19:34:24.897261] Inserting pool data...
[2023-06-08 19:35:31.382336] Finished pool data...
[2023-06-08 19:35:38.013088] Inserting swap data...
[2023-06-08 19:35:38.216772] Finished swap data...
[2023-06-08 19:35:44.464400] Inserting lp event data...
[2023-06-08 19:35:44.476014] Finished lp event data...
[2023-06-08 19:35:45.119637] Inserting snapshots data...
[2023-06-08 19:35:45.133808] Finished snapshots data...
[2023-06-08 19:35:45.133858] Finished pool Curve.fi Factory Plain Pool: stETH concentrated.

[2023-06-08 19:35:45.133873] Backfilling pool Curve.fi Factory Crypto Pool: cbETH/ETH.
[2023-06-08 19:35:45.133885] Start time: 2022-11-04 23:55:11
[2023-06-08 19:35:45.133903] End time: 2022-11-12 00:00:11
[2023-06-08 19:36:46.263369] Inserting pool data...
[2023-06-08 19:37:52.938818] Finished pool data...
[2023-06-08 19:37:59.265817] Inserting swap data...
[2023-06-08 19:37:59.404231] Finished swap data...
[2023-06-08 19:38:05.862476] Inserting lp event data...
[2023-06-08 19:38:05.877662] Finished lp event data...
[2023-06-08 19:38:06.278300] Inserting snapshots data...
[2023-06-08 19:38:06.291800] Finished snapshots data...
[2023-06-08 19:38:06.292565] Finished pool Curve.fi Factory Crypto Pool: cbETH/ETH.

[2023-06-08 19:38:06.292668] Backfilling pool Curve.fi Factory Plain Pool: cvxCrv/Crv.
[2023-06-08 19:38:06.292763] Pools Curve.fi Factory Plain Pool: cvxCrv/Crv was created after the end date. Skipping...

[2023-06-08 19:38:06.292862] Backfilling token LUSD OHLCV using chainlink.
Found the closest round: 18446744073709558188, at 2022-11-04 23:43:23.
Number of iterations: 14
[2023-06-08 19:38:25.759733] Inserting OHLCV.
[2023-06-08 19:38:25.944111] Backfilling token FRAX OHLCV using chainlink.
Found the closest round: 18446744073709558172, at 2022-11-04 23:11:23.
Number of iterations: 13
[2023-06-08 19:38:44.281971] Inserting OHLCV.
[2023-06-08 19:38:44.476872] Backfilling token MIM OHLCV using ccxt.
Using Bitfinex for MIM/USD.

[2023-06-08 19:38:51.700960] Inserting OHLCV.
[2023-06-08 19:38:54.887673] Backfilling token USDC OHLCV using ccxt.
Using Binance US for USDC/USD.

[2023-06-08 19:38:57.270426] Inserting OHLCV.
[2023-06-08 19:39:06.280363] Backfilling token stETH OHLCV using chainlink.
Found the closest round: 18446744073709563972, at 2022-11-04 23:52:11.
Number of iterations: 14
[2023-06-08 19:39:28.792529] Inserting OHLCV.
[2023-06-08 19:39:29.108404] Backfilling token cbETH OHLCV using ccxt.
Using Coinbase Pro for CBETH/USD.

[2023-06-08 19:39:38.567138] Inserting OHLCV.
[2023-06-08 19:39:44.490872] Backfilling token ETH OHLCV using ccxt.
Using Binance US for ETH/USD.

[2023-06-08 19:39:46.576884] Inserting OHLCV.
[2023-06-08 19:39:55.297622] Backfilling token DAI OHLCV using ccxt.
Using Binance US for DAI/USD.

[2023-06-08 19:39:57.408370] Inserting OHLCV.
[2023-06-08 19:40:05.986811] Backfilling token BUSD OHLCV using chainlink.
Found the closest round: 18446744073709552209, at 2022-11-04 10:50:35.
Number of iterations: 10
[2023-06-08 19:40:17.046064] Inserting OHLCV.
[2023-06-08 19:40:17.075804] Backfilling token sUSD OHLCV using chainlink.
Found the closest round: 18446744073709553029, at 2022-11-04 14:38:47.
Number of iterations: 11
[2023-06-08 19:40:32.608534] Inserting OHLCV.
[2023-06-08 19:40:32.771830] WETH assumed to be = ETH. Skipping...

[2023-06-08 19:40:32.771879] Backfilling token cvxCRV OHLCV using curveswaps.
[2023-06-08 19:40:32.799996] Inserting OHLCV.
[2023-06-08 19:40:32.800054] No price data for token cvxCRV at this time.

[2023-06-08 19:40:32.800067] Backfilling token USDT OHLCV using ccxt.
Using Binance US for USDT/USD.

[2023-06-08 19:40:35.197066] Inserting OHLCV.
[2023-06-08 19:40:44.137357] Backfilling token USDN OHLCV using chainlink.
Found the closest round: 414, at 2022-11-04 15:55:23.
Number of iterations: 9
[2023-06-08 19:40:53.832956] Inserting OHLCV.
[2023-06-08 19:40:53.849674] Backfilling token frxETH OHLCV using curveswaps.
[2023-06-08 19:40:53.900319] Inserting OHLCV.
[2023-06-08 19:40:53.929593] UST only indexed up to 1653667380 (2022-05-27 12:03:00 PM GMT-04:00 DST). Setting end time to 2022-11-12 00:00:11.
[2023-06-08 19:40:53.929643] Backfilling token UST OHLCV using ccxt.
Using Coinbase Pro for UST/USD.

[2023-06-08 19:40:53.933305] Inserting OHLCV.
[2023-06-08 19:40:53.933331] No price data for token UST at this time.

[2023-06-08 19:40:53.933340] 3Crv uses pool virtual price. Skipping...

[2023-06-08 19:40:53.933349] Backfilling token CRV OHLCV using ccxt.
Using Binance US for CRV/USD.

[2023-06-08 19:40:56.035970] Inserting OHLCV.
[2023-06-08 19:41:05.278137] Done :)
