
[2023-06-08 17:34:32.742191] Processing metrics...


[2023-06-08 17:34:32.823605] Processing pool metrics.

[2023-06-08 17:34:32.823666] Processing pool Curve.fi ETH/stETH.
[2023-06-08 17:34:32.823682] Start time: 2022-03-31 23:55:00
[2023-06-08 17:34:32.823699] End time: 2022-05-01 00:00:00
[2023-06-08 17:34:39.068042] Inserting metrics.
[2023-06-08 17:38:11.527139] Finished processing pool Curve.fi ETH/stETH.

[2023-06-08 17:38:11.527270] Processing pool Curve.fi DAI/USDC/USDT.
[2023-06-08 17:38:11.527290] Start time: 2022-03-31 23:55:00
[2023-06-08 17:38:11.527308] End time: 2022-05-01 00:00:00
[2023-06-08 17:38:19.210269] Inserting metrics.
[2023-06-08 17:42:49.172318] Finished processing pool Curve.fi DAI/USDC/USDT.

[2023-06-08 17:42:49.172399] Processing pool Curve.fi FRAX/USDC.
[2023-06-08 17:42:49.172410] Pools Curve.fi FRAX/USDC was created after the end date. Skipping...

[2023-06-08 17:42:49.172418] Processing pool Curve.fi Factory USD Metapool: wormhole v2 UST-3Pool.
[2023-06-08 17:42:49.172430] Start time: 2022-03-31 23:55:00
[2023-06-08 17:42:49.172442] End time: 2022-05-01 00:00:00
[2023-06-08 17:42:56.229354] Inserting metrics.
[2023-06-08 17:47:50.977295] Finished processing pool Curve.fi Factory USD Metapool: wormhole v2 UST-3Pool.

[2023-06-08 17:47:50.977394] Processing pool Curve.fi USDN/3Crv.
[2023-06-08 17:47:50.977406] Start time: 2022-03-31 23:55:00
[2023-06-08 17:47:50.977419] End time: 2022-05-01 00:00:00
[2023-06-08 17:47:58.949630] Inserting metrics.
[2023-06-08 17:52:57.908584] Finished processing pool Curve.fi USDN/3Crv.

[2023-06-08 17:52:57.908678] Processing pool Curve.fi Factory USD Metapool: Magic Internet Money 3Pool.
[2023-06-08 17:52:57.908698] Start time: 2022-03-31 23:55:00
[2023-06-08 17:52:57.908710] End time: 2022-05-01 00:00:00
[2023-06-08 17:53:04.457517] Inserting metrics.
[2023-06-08 17:58:00.411368] Finished processing pool Curve.fi Factory USD Metapool: Magic Internet Money 3Pool.

[2023-06-08 17:58:00.411595] Processing pool Curve.fi DAI/USDC/USDT/sUSD.
[2023-06-08 17:58:00.411611] Start time: 2022-03-31 23:55:00
[2023-06-08 17:58:00.411624] End time: 2022-05-01 00:00:00
[2023-06-08 17:58:07.656497] Inserting metrics.
[2023-06-08 18:03:25.415316] Finished processing pool Curve.fi DAI/USDC/USDT/sUSD.

[2023-06-08 18:03:25.415426] Processing pool Curve.fi ETH/frxETH.
[2023-06-08 18:03:25.415437] Pools Curve.fi ETH/frxETH was created after the end date. Skipping...

[2023-06-08 18:03:25.415445] Processing pool Curve.fi Factory USD Metapool: Liquity.
[2023-06-08 18:03:25.415453] Start time: 2022-03-31 23:55:00
[2023-06-08 18:03:25.415465] End time: 2022-05-01 00:00:00
[2023-06-08 18:03:31.708642] Inserting metrics.
[2023-06-08 18:08:35.952888] Finished processing pool Curve.fi Factory USD Metapool: Liquity.

[2023-06-08 18:08:35.953015] Processing pool Curve.fi Factory USD Metapool: Binance USD.
[2023-06-08 18:08:35.953034] Start time: 2022-03-31 23:55:00
[2023-06-08 18:08:35.953054] End time: 2022-05-01 00:00:00
[2023-06-08 18:08:42.291012] Inserting metrics.
[2023-06-08 18:13:45.807619] Finished processing pool Curve.fi Factory USD Metapool: Binance USD.

[2023-06-08 18:13:45.807895] Processing pool Curve.fi Factory Plain Pool: stETH concentrated.
[2023-06-08 18:13:45.808018] Pools Curve.fi Factory Plain Pool: stETH concentrated was created after the end date. Skipping...

[2023-06-08 18:13:45.808145] Processing pool Curve.fi Factory Crypto Pool: cbETH/ETH.
[2023-06-08 18:13:45.808269] Pools Curve.fi Factory Crypto Pool: cbETH/ETH was created after the end date. Skipping...

[2023-06-08 18:13:45.808389] Processing pool Curve.fi Factory Plain Pool: cvxCrv/Crv.
[2023-06-08 18:13:45.808410] Pools Curve.fi Factory Plain Pool: cvxCrv/Crv was created after the end date. Skipping...

[2023-06-08 18:13:45.808422] Processing token LUSD.
[2023-06-08 18:13:45.808434] Start time: 2022-03-31 23:55:00
[2023-06-08 18:13:45.808450] End time: 2022-05-01 00:00:00
[2023-06-08 18:13:45.827423] Inserting metrics.
[2023-06-08 18:14:11.936707] Finished processing token LUSD.

[2023-06-08 18:14:11.936820] Processing token FRAX.
[2023-06-08 18:14:11.936843] Start time: 2022-03-31 23:55:00
[2023-06-08 18:14:11.936854] End time: 2022-05-01 00:00:00
[2023-06-08 18:14:11.952981] Inserting metrics.
[2023-06-08 18:14:37.819455] Finished processing token FRAX.

[2023-06-08 18:14:37.819511] Processing token MIM.
[2023-06-08 18:14:37.819522] Start time: 2022-03-31 23:55:00
[2023-06-08 18:14:37.819532] End time: 2022-05-01 00:00:00
[2023-06-08 18:14:37.960626] Inserting metrics.
[2023-06-08 18:15:05.655202] Finished processing token MIM.

[2023-06-08 18:15:05.655262] Processing token USDC.
[2023-06-08 18:15:05.655272] Start time: 2022-03-31 23:55:00
[2023-06-08 18:15:05.655283] End time: 2022-05-01 00:00:00
[2023-06-08 18:15:06.190940] Inserting metrics.
[2023-06-08 18:15:33.642637] Finished processing token USDC.

[2023-06-08 18:15:33.642887] Processing token stETH.
[2023-06-08 18:15:33.642984] Start time: 2022-03-31 23:55:00
[2023-06-08 18:15:33.643008] End time: 2022-05-01 00:00:00
[2023-06-08 18:15:33.669442] Inserting metrics.
[2023-06-08 18:16:00.482518] Finished processing token stETH.

[2023-06-08 18:16:00.482622] Processing token cbETH.
[2023-06-08 18:16:00.482633] cbETH only indexed from 1661444040 (2022 12:14:00 PM GMT-04:00 DST). Skipping...
[2023-06-08 18:16:00.482641] Processing token ETH.
[2023-06-08 18:16:00.482648] Start time: 2022-03-31 23:55:00
[2023-06-08 18:16:00.482659] End time: 2022-05-01 00:00:00
[2023-06-08 18:16:00.935399] Inserting metrics.
[2023-06-08 18:16:27.379614] Finished processing token ETH.

[2023-06-08 18:16:27.379678] Processing token DAI.
[2023-06-08 18:16:27.379688] Start time: 2022-03-31 23:55:00
[2023-06-08 18:16:27.379699] End time: 2022-05-01 00:00:00
[2023-06-08 18:16:27.806288] Inserting metrics.
[2023-06-08 18:16:53.298591] Finished processing token DAI.

[2023-06-08 18:16:53.298649] Processing token BUSD.
[2023-06-08 18:16:53.298659] Start time: 2022-03-31 23:55:00
[2023-06-08 18:16:53.298669] End time: 2022-05-01 00:00:00
[2023-06-08 18:16:53.312596] Inserting metrics.
[2023-06-08 18:17:20.823175] Finished processing token BUSD.

[2023-06-08 18:17:20.823237] Processing token sUSD.
[2023-06-08 18:17:20.823247] Start time: 2022-03-31 23:55:00
[2023-06-08 18:17:20.823258] End time: 2022-05-01 00:00:00
[2023-06-08 18:17:20.835471] Inserting metrics.
[2023-06-08 18:17:48.143020] Finished processing token sUSD.

[2023-06-08 18:17:48.143088] Processing token WETH.
[2023-06-08 18:17:48.143100] WETH assumed to be = ETH. Skipping...

[2023-06-08 18:17:48.143109] Processing token cvxCRV.
[2023-06-08 18:17:48.144186] Token cvxCRV has no pricing data before 1651363200.0. Skipping...

[2023-06-08 18:17:48.144219] Processing token USDT.
[2023-06-08 18:17:48.144231] Start time: 2022-03-31 23:55:00
[2023-06-08 18:17:48.144246] End time: 2022-05-01 00:00:00
[2023-06-08 18:17:48.575135] Inserting metrics.
[2023-06-08 18:18:15.405948] Finished processing token USDT.

[2023-06-08 18:18:15.406029] Processing token USDN.
[2023-06-08 18:18:15.406041] Start time: 2022-03-31 23:55:00
[2023-06-08 18:18:15.406052] End time: 2022-05-01 00:00:00
[2023-06-08 18:18:15.420693] Inserting metrics.
[2023-06-08 18:18:42.092216] Finished processing token USDN.

[2023-06-08 18:18:42.092281] Processing token frxETH.
[2023-06-08 18:18:42.093444] Token frxETH has no pricing data before 1651363200.0. Skipping...

[2023-06-08 18:18:42.093593] Processing token UST.
[2023-06-08 18:18:42.093690] Start time: 2022-03-31 23:55:00
[2023-06-08 18:18:42.093784] End time: 2022-05-01 00:00:00
[2023-06-08 18:18:42.365131] Inserting metrics.
[2023-06-08 18:19:08.635935] Finished processing token UST.

[2023-06-08 18:19:08.636001] Processing token 3Crv.
[2023-06-08 18:19:08.636011] We use virtual prices for 3Crv. Skipping...

[2023-06-08 18:19:08.636018] Processing token CRV.
[2023-06-08 18:19:08.636025] Start time: 2022-03-31 23:55:00
[2023-06-08 18:19:08.636036] End time: 2022-05-01 00:00:00
[2023-06-08 18:19:09.080843] Inserting metrics.
[2023-06-08 18:19:35.998796] Finished processing token CRV.

[2023-06-08 18:19:35.999004] Done :)
