
[2023-06-08 19:48:36.672709] Processing metrics...


[2023-06-08 19:48:36.755157] Processing pool metrics.

[2023-06-08 19:48:36.755215] Processing pool Curve.fi ETH/stETH.
[2023-06-08 19:48:36.755229] Start time: 2022-06-29 23:55:00
[2023-06-08 19:48:36.755244] End time: 2022-07-30 00:00:00
[2023-06-08 19:48:41.940861] Inserting metrics.
[2023-06-08 19:52:17.611609] Finished processing pool Curve.fi ETH/stETH.

[2023-06-08 19:52:17.611892] Processing pool Curve.fi DAI/USDC/USDT.
[2023-06-08 19:52:17.612014] Start time: 2022-06-29 23:55:00
[2023-06-08 19:52:17.612042] End time: 2022-07-30 00:00:00
[2023-06-08 19:52:25.054501] Inserting metrics.
[2023-06-08 19:57:02.821366] Finished processing pool Curve.fi DAI/USDC/USDT.

[2023-06-08 19:57:02.821475] Processing pool Curve.fi FRAX/USDC.
[2023-06-08 19:57:02.821507] Start time: 2022-06-29 23:55:00
[2023-06-08 19:57:02.821523] End time: 2022-07-30 00:00:00
[2023-06-08 19:57:11.160915] Inserting metrics.
[2023-06-08 20:00:49.175708] Finished processing pool Curve.fi FRAX/USDC.

[2023-06-08 20:00:49.175828] Processing pool Curve.fi Factory USD Metapool: wormhole v2 UST-3Pool.
[2023-06-08 20:00:49.175841] Pool Curve.fi Factory USD Metapool: wormhole v2 UST-3Pool, UST no longer indexed after 1653667380. Skipping...

[2023-06-08 20:00:49.175851] Processing pool Curve.fi USDN/3Crv.
[2023-06-08 20:00:49.175860] Start time: 2022-06-29 23:55:00
[2023-06-08 20:00:49.175872] End time: 2022-07-30 00:00:00
[2023-06-08 20:00:56.402438] Inserting metrics.
[2023-06-08 20:06:04.369215] Finished processing pool Curve.fi USDN/3Crv.

[2023-06-08 20:06:04.369308] Processing pool Curve.fi Factory USD Metapool: Magic Internet Money 3Pool.
[2023-06-08 20:06:04.369321] Start time: 2022-06-29 23:55:00
[2023-06-08 20:06:04.369332] End time: 2022-07-30 00:00:00
[2023-06-08 20:06:10.977265] Inserting metrics.
[2023-06-08 20:11:17.591252] Finished processing pool Curve.fi Factory USD Metapool: Magic Internet Money 3Pool.

[2023-06-08 20:11:17.591342] Processing pool Curve.fi DAI/USDC/USDT/sUSD.
[2023-06-08 20:11:17.591354] Start time: 2022-06-29 23:55:00
[2023-06-08 20:11:17.591366] End time: 2022-07-30 00:00:00
[2023-06-08 20:11:26.043044] Inserting metrics.
[2023-06-08 20:16:43.978877] Finished processing pool Curve.fi DAI/USDC/USDT/sUSD.

[2023-06-08 20:16:43.978977] Processing pool Curve.fi ETH/frxETH.
[2023-06-08 20:16:43.978989] Pools Curve.fi ETH/frxETH was created after the end date. Skipping...

[2023-06-08 20:16:43.978997] Processing pool Curve.fi Factory USD Metapool: Liquity.
[2023-06-08 20:16:43.979004] Start time: 2022-06-29 23:55:00
[2023-06-08 20:16:43.979016] End time: 2022-07-30 00:00:00
[2023-06-08 20:16:50.095467] Inserting metrics.
[2023-06-08 20:21:54.304857] Finished processing pool Curve.fi Factory USD Metapool: Liquity.

[2023-06-08 20:21:54.304952] Processing pool Curve.fi Factory USD Metapool: Binance USD.
[2023-06-08 20:21:54.304963] Start time: 2022-06-29 23:55:00
[2023-06-08 20:21:54.304975] End time: 2022-07-30 00:00:00
[2023-06-08 20:22:00.716163] Inserting metrics.
[2023-06-08 20:27:06.083121] Finished processing pool Curve.fi Factory USD Metapool: Binance USD.

[2023-06-08 20:27:06.083361] Processing pool Curve.fi Factory Plain Pool: stETH concentrated.
[2023-06-08 20:27:06.083452] Start time: 2022-06-29 23:55:00
[2023-06-08 20:27:06.083513] End time: 2022-07-30 00:00:00
[2023-06-08 20:27:11.614688] Inserting metrics.
[2023-06-08 20:30:55.358706] Finished processing pool Curve.fi Factory Plain Pool: stETH concentrated.

[2023-06-08 20:30:55.358819] Processing pool Curve.fi Factory Crypto Pool: cbETH/ETH.
[2023-06-08 20:30:55.358831] Pools Curve.fi Factory Crypto Pool: cbETH/ETH was created after the end date. Skipping...

[2023-06-08 20:30:55.358838] Processing pool Curve.fi Factory Plain Pool: cvxCrv/Crv.
[2023-06-08 20:30:55.358846] Pools Curve.fi Factory Plain Pool: cvxCrv/Crv was created after the end date. Skipping...

[2023-06-08 20:30:55.358860] Processing token LUSD.
[2023-06-08 20:30:55.358869] Start time: 2022-06-29 23:55:00
[2023-06-08 20:30:55.358880] End time: 2022-07-30 00:00:00
[2023-06-08 20:30:55.378416] Inserting metrics.
[2023-06-08 20:31:21.829630] Finished processing token LUSD.

[2023-06-08 20:31:21.829683] Processing token FRAX.
[2023-06-08 20:31:21.829693] Start time: 2022-06-29 23:55:00
[2023-06-08 20:31:21.829704] End time: 2022-07-30 00:00:00
[2023-06-08 20:31:21.846036] Inserting metrics.
[2023-06-08 20:31:50.270998] Finished processing token FRAX.

[2023-06-08 20:31:50.271056] Processing token MIM.
[2023-06-08 20:31:50.271065] Start time: 2022-06-29 23:55:00
[2023-06-08 20:31:50.271077] End time: 2022-07-30 00:00:00
[2023-06-08 20:31:50.405825] Inserting metrics.
[2023-06-08 20:32:17.320235] Finished processing token MIM.

[2023-06-08 20:32:17.320319] Processing token USDC.
[2023-06-08 20:32:17.320329] Start time: 2022-06-29 23:55:00
[2023-06-08 20:32:17.320345] End time: 2022-07-30 00:00:00
[2023-06-08 20:32:17.800470] Inserting metrics.
[2023-06-08 20:32:44.622452] Finished processing token USDC.

[2023-06-08 20:32:44.622661] Processing token stETH.
[2023-06-08 20:32:44.622690] Start time: 2022-06-29 23:55:00
[2023-06-08 20:32:44.622709] End time: 2022-07-30 00:00:00
[2023-06-08 20:32:44.648750] Inserting metrics.
[2023-06-08 20:33:12.342263] Finished processing token stETH.

[2023-06-08 20:33:12.342343] Processing token cbETH.
[2023-06-08 20:33:12.342355] cbETH only indexed from 1661444040 (2022 12:14:00 PM GMT-04:00 DST). Skipping...
[2023-06-08 20:33:12.342363] Processing token ETH.
[2023-06-08 20:33:12.342371] Start time: 2022-06-29 23:55:00
[2023-06-08 20:33:12.342382] End time: 2022-07-30 00:00:00
[2023-06-08 20:33:12.815802] Inserting metrics.
[2023-06-08 20:33:40.147655] Finished processing token ETH.

[2023-06-08 20:33:40.147712] Processing token DAI.
[2023-06-08 20:33:40.147722] Start time: 2022-06-29 23:55:00
[2023-06-08 20:33:40.147732] End time: 2022-07-30 00:00:00
[2023-06-08 20:33:40.600861] Inserting metrics.
[2023-06-08 20:34:09.117439] Finished processing token DAI.

[2023-06-08 20:34:09.117509] Processing token BUSD.
[2023-06-08 20:34:09.117520] Start time: 2022-06-29 23:55:00
[2023-06-08 20:34:09.117530] End time: 2022-07-30 00:00:00
[2023-06-08 20:34:09.130652] Inserting metrics.
[2023-06-08 20:34:37.137637] Finished processing token BUSD.

[2023-06-08 20:34:37.137716] Processing token sUSD.
[2023-06-08 20:34:37.137726] Start time: 2022-06-29 23:55:00
[2023-06-08 20:34:37.137737] End time: 2022-07-30 00:00:00
[2023-06-08 20:34:37.149888] Inserting metrics.
[2023-06-08 20:35:04.364296] Finished processing token sUSD.

[2023-06-08 20:35:04.364373] Processing token WETH.
[2023-06-08 20:35:04.364382] WETH assumed to be = ETH. Skipping...

[2023-06-08 20:35:04.364389] Processing token cvxCRV.
[2023-06-08 20:35:04.365596] Token cvxCRV has no pricing data before 1659139200.0. Skipping...

[2023-06-08 20:35:04.365633] Processing token USDT.
[2023-06-08 20:35:04.365642] Start time: 2022-06-29 23:55:00
[2023-06-08 20:35:04.365660] End time: 2022-07-30 00:00:00
[2023-06-08 20:35:04.868191] Inserting metrics.
[2023-06-08 20:35:32.391797] Finished processing token USDT.

[2023-06-08 20:35:32.391860] Processing token USDN.
[2023-06-08 20:35:32.391876] Start time: 2022-06-29 23:55:00
[2023-06-08 20:35:32.391886] End time: 2022-07-30 00:00:00
[2023-06-08 20:35:32.405508] Inserting metrics.
[2023-06-08 20:35:58.293828] Finished processing token USDN.

[2023-06-08 20:35:58.293880] Processing token frxETH.
[2023-06-08 20:35:58.294885] Token frxETH has no pricing data before 1659139200.0. Skipping...

[2023-06-08 20:35:58.294916] Processing token UST.
[2023-06-08 20:35:58.294925] UST only indexed up to 1653667380 (2022-05-27 12:03:00 PM GMT-04:00 DST). Skipping...
[2023-06-08 20:35:58.294933] Processing token 3Crv.
[2023-06-08 20:35:58.294940] We use virtual prices for 3Crv. Skipping...

[2023-06-08 20:35:58.294947] Processing token CRV.
[2023-06-08 20:35:58.294954] Start time: 2022-06-29 23:55:00
[2023-06-08 20:35:58.294965] End time: 2022-07-30 00:00:00
[2023-06-08 20:35:58.759927] Inserting metrics.
[2023-06-08 20:36:28.266419] Finished processing token CRV.

[2023-06-08 20:36:28.266491] Done :)
