
[2023-06-08 15:19:38.388960] Processing metrics...


[2023-06-08 15:19:38.470600] Processing pool metrics.

[2023-06-08 15:19:38.470639] Processing pool Curve.fi ETH/stETH.
[2023-06-08 15:19:38.470650] Start time: 2022-01-01 00:00:00
[2023-06-08 15:19:38.470661] End time: 2022-01-31 00:00:00
[2023-06-08 15:19:43.849749] Inserting metrics.
[2023-06-08 15:23:02.759500] Finished processing pool Curve.fi ETH/stETH.

[2023-06-08 15:23:02.760060] Processing pool Curve.fi DAI/USDC/USDT.
[2023-06-08 15:23:02.760162] Start time: 2022-01-01 00:00:00
[2023-06-08 15:23:02.760272] End time: 2022-01-31 00:00:00
[2023-06-08 15:23:09.508762] Inserting metrics.
[2023-06-08 15:27:21.834806] Finished processing pool Curve.fi DAI/USDC/USDT.

[2023-06-08 15:27:21.834916] Processing pool Curve.fi FRAX/USDC.
[2023-06-08 15:27:21.834931] Pools Curve.fi FRAX/USDC was created after the end date. Skipping...

[2023-06-08 15:27:21.834942] Processing pool Curve.fi Factory USD Metapool: wormhole v2 UST-3Pool.
[2023-06-08 15:27:21.834969] Start time: 2022-01-01 00:00:00
[2023-06-08 15:27:21.834998] End time: 2022-01-31 00:00:00
[2023-06-08 15:27:27.769535] Inserting metrics.
[2023-06-08 15:31:51.099246] Finished processing pool Curve.fi Factory USD Metapool: wormhole v2 UST-3Pool.

[2023-06-08 15:31:51.099359] Processing pool Curve.fi USDN/3Crv.
[2023-06-08 15:31:51.099377] Start time: 2022-01-01 00:00:00
[2023-06-08 15:31:51.099402] End time: 2022-01-31 00:00:00
[2023-06-08 15:31:57.181288] Inserting metrics.
[2023-06-08 15:36:53.934843] Finished processing pool Curve.fi USDN/3Crv.

[2023-06-08 15:36:53.935109] Processing pool Curve.fi Factory USD Metapool: Magic Internet Money 3Pool.
[2023-06-08 15:36:53.935258] Start time: 2022-01-01 00:00:00
[2023-06-08 15:36:53.935388] End time: 2022-01-31 00:00:00
[2023-06-08 15:37:01.104586] Inserting metrics.
[2023-06-08 15:42:03.480226] Finished processing pool Curve.fi Factory USD Metapool: Magic Internet Money 3Pool.

[2023-06-08 15:42:03.480515] Processing pool Curve.fi DAI/USDC/USDT/sUSD.
[2023-06-08 15:42:03.480538] Start time: 2022-01-01 00:00:00
[2023-06-08 15:42:03.480559] End time: 2022-01-31 00:00:00
[2023-06-08 15:42:10.716257] Inserting metrics.
[2023-06-08 15:47:35.756798] Finished processing pool Curve.fi DAI/USDC/USDT/sUSD.

[2023-06-08 15:47:35.756918] Processing pool Curve.fi ETH/frxETH.
[2023-06-08 15:47:35.756930] Pools Curve.fi ETH/frxETH was created after the end date. Skipping...

[2023-06-08 15:47:35.756938] Processing pool Curve.fi Factory USD Metapool: Liquity.
[2023-06-08 15:47:35.756947] Start time: 2022-01-01 00:00:00
[2023-06-08 15:47:35.756965] End time: 2022-01-31 00:00:00
[2023-06-08 15:47:42.581499] Inserting metrics.
[2023-06-08 15:52:51.386763] Finished processing pool Curve.fi Factory USD Metapool: Liquity.

[2023-06-08 15:52:51.386852] Processing pool Curve.fi Factory USD Metapool: Binance USD.
[2023-06-08 15:52:51.386867] Start time: 2022-01-01 00:00:00
[2023-06-08 15:52:51.386884] End time: 2022-01-31 00:00:00
[2023-06-08 15:52:57.589640] Inserting metrics.
[2023-06-08 15:57:56.503550] Finished processing pool Curve.fi Factory USD Metapool: Binance USD.

[2023-06-08 15:57:56.503675] Processing pool Curve.fi Factory Plain Pool: stETH concentrated.
[2023-06-08 15:57:56.503689] Pools Curve.fi Factory Plain Pool: stETH concentrated was created after the end date. Skipping...

[2023-06-08 15:57:56.503699] Processing pool Curve.fi Factory Crypto Pool: cbETH/ETH.
[2023-06-08 15:57:56.503716] Pools Curve.fi Factory Crypto Pool: cbETH/ETH was created after the end date. Skipping...

[2023-06-08 15:57:56.503726] Processing pool Curve.fi Factory Plain Pool: cvxCrv/Crv.
[2023-06-08 15:57:56.503734] Pools Curve.fi Factory Plain Pool: cvxCrv/Crv was created after the end date. Skipping...

[2023-06-08 15:57:56.503750] Processing token LUSD.
[2023-06-08 15:57:56.503761] Start time: 2022-01-01 00:00:00
[2023-06-08 15:57:56.503781] End time: 2022-01-31 00:00:00
[2023-06-08 15:57:56.525360] Inserting metrics.
[2023-06-08 15:58:23.894928] Finished processing token LUSD.

[2023-06-08 15:58:23.895046] Processing token FRAX.
[2023-06-08 15:58:23.895085] Start time: 2022-01-01 00:00:00
[2023-06-08 15:58:23.895109] End time: 2022-01-31 00:00:00
[2023-06-08 15:58:23.914824] Inserting metrics.
[2023-06-08 15:58:50.356045] Finished processing token FRAX.

[2023-06-08 15:58:50.356117] Processing token MIM.
[2023-06-08 15:58:50.356130] Start time: 2022-01-01 00:00:00
[2023-06-08 15:58:50.356145] End time: 2022-01-31 00:00:00
[2023-06-08 15:58:50.453421] Inserting metrics.
[2023-06-08 15:59:15.864725] Finished processing token MIM.

[2023-06-08 15:59:15.864787] Processing token USDC.
[2023-06-08 15:59:15.864797] Start time: 2022-01-01 00:00:00
[2023-06-08 15:59:15.864808] End time: 2022-01-31 00:00:00
[2023-06-08 15:59:16.346013] Inserting metrics.
[2023-06-08 15:59:41.815112] Finished processing token USDC.

[2023-06-08 15:59:41.815367] Processing token stETH.
[2023-06-08 15:59:41.815496] Start time: 2022-01-01 00:00:00
[2023-06-08 15:59:41.815647] End time: 2022-01-31 00:00:00
[2023-06-08 15:59:41.870038] Inserting metrics.
[2023-06-08 16:00:08.309389] Finished processing token stETH.

[2023-06-08 16:00:08.309445] Processing token cbETH.
[2023-06-08 16:00:08.309455] cbETH only indexed from 1661444040 (2022 12:14:00 PM GMT-04:00 DST). Skipping...
[2023-06-08 16:00:08.309463] Processing token ETH.
[2023-06-08 16:00:08.309471] Start time: 2022-01-01 00:00:00
[2023-06-08 16:00:08.309495] End time: 2022-01-31 00:00:00
[2023-06-08 16:00:08.722212] Inserting metrics.
[2023-06-08 16:00:36.376356] Finished processing token ETH.

[2023-06-08 16:00:36.376420] Processing token DAI.
[2023-06-08 16:00:36.376430] Start time: 2022-01-01 00:00:00
[2023-06-08 16:00:36.376445] End time: 2022-01-31 00:00:00
[2023-06-08 16:00:36.760288] Inserting metrics.
[2023-06-08 16:01:03.382473] Finished processing token DAI.

[2023-06-08 16:01:03.382591] Processing token BUSD.
[2023-06-08 16:01:03.382610] Start time: 2022-01-01 00:00:00
[2023-06-08 16:01:03.382628] End time: 2022-01-31 00:00:00
[2023-06-08 16:01:03.400295] Inserting metrics.
[2023-06-08 16:01:30.363036] Finished processing token BUSD.

[2023-06-08 16:01:30.363094] Processing token sUSD.
[2023-06-08 16:01:30.363103] Start time: 2022-01-01 00:00:00
[2023-06-08 16:01:30.363115] End time: 2022-01-31 00:00:00
[2023-06-08 16:01:30.374225] Inserting metrics.
[2023-06-08 16:01:58.592444] Finished processing token sUSD.

[2023-06-08 16:01:58.592530] Processing token WETH.
[2023-06-08 16:01:58.592547] WETH assumed to be = ETH. Skipping...

[2023-06-08 16:01:58.592558] Processing token cvxCRV.
[2023-06-08 16:01:58.594137] Token cvxCRV has no pricing data before 1643587200.0. Skipping...

[2023-06-08 16:01:58.594175] Processing token USDT.
[2023-06-08 16:01:58.594184] Start time: 2022-01-01 00:00:00
[2023-06-08 16:01:58.594195] End time: 2022-01-31 00:00:00
[2023-06-08 16:01:58.933932] Inserting metrics.
[2023-06-08 16:02:26.813886] Finished processing token USDT.

[2023-06-08 16:02:26.813954] Processing token USDN.
[2023-06-08 16:02:26.813967] Start time: 2022-01-01 00:00:00
[2023-06-08 16:02:26.813982] End time: 2022-01-31 00:00:00
[2023-06-08 16:02:26.827286] Inserting metrics.
[2023-06-08 16:02:54.152965] Finished processing token USDN.

[2023-06-08 16:02:54.153160] Processing token frxETH.
[2023-06-08 16:02:54.154826] Token frxETH has no pricing data before 1643587200.0. Skipping...

[2023-06-08 16:02:54.154865] Processing token UST.
[2023-06-08 16:02:54.154877] Start time: 2022-01-01 00:00:00
[2023-06-08 16:02:54.154891] End time: 2022-01-31 00:00:00
[2023-06-08 16:02:54.448252] Inserting metrics.
[2023-06-08 16:03:20.811666] Finished processing token UST.

[2023-06-08 16:03:20.811770] Processing token 3Crv.
[2023-06-08 16:03:20.811787] We use virtual prices for 3Crv. Skipping...

[2023-06-08 16:03:20.811799] Processing token CRV.
[2023-06-08 16:03:20.811811] Start time: 2022-01-01 00:00:00
[2023-06-08 16:03:20.811835] End time: 2022-01-31 00:00:00
[2023-06-08 16:03:21.232500] Inserting metrics.
[2023-06-08 16:03:47.215386] Finished processing token CRV.

[2023-06-08 16:03:47.215460] Done :)
