
[2023-06-08 18:19:37.170998] Processing metrics...


[2023-06-08 18:19:37.259029] Processing pool metrics.

[2023-06-08 18:19:37.259072] Processing pool Curve.fi ETH/stETH.
[2023-06-08 18:19:37.259082] Start time: 2022-04-30 23:55:00
[2023-06-08 18:19:37.259093] End time: 2022-05-31 00:00:00
[2023-06-08 18:19:42.725054] Inserting metrics.
[2023-06-08 18:23:17.931810] Finished processing pool Curve.fi ETH/stETH.

[2023-06-08 18:23:17.932310] Processing pool Curve.fi DAI/USDC/USDT.
[2023-06-08 18:23:17.932323] Start time: 2022-04-30 23:55:00
[2023-06-08 18:23:17.932340] End time: 2022-05-31 00:00:00
[2023-06-08 18:23:26.558992] Inserting metrics.
[2023-06-08 18:28:00.361609] Finished processing pool Curve.fi DAI/USDC/USDT.

[2023-06-08 18:28:00.361699] Processing pool Curve.fi FRAX/USDC.
[2023-06-08 18:28:00.361714] Pools Curve.fi FRAX/USDC was created after the end date. Skipping...

[2023-06-08 18:28:00.361723] Processing pool Curve.fi Factory USD Metapool: wormhole v2 UST-3Pool.
[2023-06-08 18:28:00.361731] Start time: 2022-04-30 23:55:00
[2023-06-08 18:28:00.361742] End time: 2022-05-27 16:03:00
[2023-06-08 18:28:08.318497] Inserting metrics.
[2023-06-08 18:32:32.550848] Finished processing pool Curve.fi Factory USD Metapool: wormhole v2 UST-3Pool.

[2023-06-08 18:32:32.550941] Processing pool Curve.fi USDN/3Crv.
[2023-06-08 18:32:32.550964] Start time: 2022-04-30 23:55:00
[2023-06-08 18:32:32.550981] End time: 2022-05-31 00:00:00
[2023-06-08 18:32:39.155350] Inserting metrics.
[2023-06-08 18:37:37.621883] Finished processing pool Curve.fi USDN/3Crv.

[2023-06-08 18:37:37.622239] Processing pool Curve.fi Factory USD Metapool: Magic Internet Money 3Pool.
[2023-06-08 18:37:37.622342] Start time: 2022-04-30 23:55:00
[2023-06-08 18:37:37.622440] End time: 2022-05-31 00:00:00
[2023-06-08 18:37:44.472653] Inserting metrics.
[2023-06-08 18:42:46.214713] Finished processing pool Curve.fi Factory USD Metapool: Magic Internet Money 3Pool.

[2023-06-08 18:42:46.214801] Processing pool Curve.fi DAI/USDC/USDT/sUSD.
[2023-06-08 18:42:46.214813] Start time: 2022-04-30 23:55:00
[2023-06-08 18:42:46.214824] End time: 2022-05-31 00:00:00
[2023-06-08 18:42:53.923036] Inserting metrics.
[2023-06-08 18:48:27.969077] Finished processing pool Curve.fi DAI/USDC/USDT/sUSD.

[2023-06-08 18:48:27.969180] Processing pool Curve.fi ETH/frxETH.
[2023-06-08 18:48:27.969192] Pools Curve.fi ETH/frxETH was created after the end date. Skipping...

[2023-06-08 18:48:27.969200] Processing pool Curve.fi Factory USD Metapool: Liquity.
[2023-06-08 18:48:27.969208] Start time: 2022-04-30 23:55:00
[2023-06-08 18:48:27.969219] End time: 2022-05-31 00:00:00
[2023-06-08 18:48:35.323869] Inserting metrics.
[2023-06-08 18:53:45.124653] Finished processing pool Curve.fi Factory USD Metapool: Liquity.

[2023-06-08 18:53:45.124740] Processing pool Curve.fi Factory USD Metapool: Binance USD.
[2023-06-08 18:53:45.124752] Start time: 2022-04-30 23:55:00
[2023-06-08 18:53:45.124763] End time: 2022-05-31 00:00:00
[2023-06-08 18:53:52.651944] Inserting metrics.
[2023-06-08 18:59:02.931435] Finished processing pool Curve.fi Factory USD Metapool: Binance USD.

[2023-06-08 18:59:02.931693] Processing pool Curve.fi Factory Plain Pool: stETH concentrated.
[2023-06-08 18:59:02.931784] Pools Curve.fi Factory Plain Pool: stETH concentrated was created after the end date. Skipping...

[2023-06-08 18:59:02.931874] Processing pool Curve.fi Factory Crypto Pool: cbETH/ETH.
[2023-06-08 18:59:02.931960] Pools Curve.fi Factory Crypto Pool: cbETH/ETH was created after the end date. Skipping...

[2023-06-08 18:59:02.932044] Processing pool Curve.fi Factory Plain Pool: cvxCrv/Crv.
[2023-06-08 18:59:02.932128] Pools Curve.fi Factory Plain Pool: cvxCrv/Crv was created after the end date. Skipping...

[2023-06-08 18:59:02.932220] Processing token LUSD.
[2023-06-08 18:59:02.932312] Start time: 2022-04-30 23:55:00
[2023-06-08 18:59:02.932402] End time: 2022-05-31 00:00:00
[2023-06-08 18:59:02.954188] Inserting metrics.
[2023-06-08 18:59:30.251276] Finished processing token LUSD.

[2023-06-08 18:59:30.251335] Processing token FRAX.
[2023-06-08 18:59:30.251359] Start time: 2022-04-30 23:55:00
[2023-06-08 18:59:30.251375] End time: 2022-05-31 00:00:00
[2023-06-08 18:59:30.269975] Inserting metrics.
[2023-06-08 18:59:57.924662] Finished processing token FRAX.

[2023-06-08 18:59:57.924721] Processing token MIM.
[2023-06-08 18:59:57.924743] Start time: 2022-04-30 23:55:00
[2023-06-08 18:59:57.924759] End time: 2022-05-31 00:00:00
[2023-06-08 18:59:58.184192] Inserting metrics.
[2023-06-08 19:00:24.733077] Finished processing token MIM.

[2023-06-08 19:00:24.733155] Processing token USDC.
[2023-06-08 19:00:24.733166] Start time: 2022-04-30 23:55:00
[2023-06-08 19:00:24.733177] End time: 2022-05-31 00:00:00
[2023-06-08 19:00:25.230369] Inserting metrics.
[2023-06-08 19:00:52.254250] Finished processing token USDC.

[2023-06-08 19:00:52.254483] Processing token stETH.
[2023-06-08 19:00:52.254508] Start time: 2022-04-30 23:55:00
[2023-06-08 19:00:52.254524] End time: 2022-05-31 00:00:00
[2023-06-08 19:00:52.289953] Inserting metrics.
[2023-06-08 19:01:20.374900] Finished processing token stETH.

[2023-06-08 19:01:20.374954] Processing token cbETH.
[2023-06-08 19:01:20.374974] cbETH only indexed from 1661444040 (2022 12:14:00 PM GMT-04:00 DST). Skipping...
[2023-06-08 19:01:20.374982] Processing token ETH.
[2023-06-08 19:01:20.374990] Start time: 2022-04-30 23:55:00
[2023-06-08 19:01:20.375001] End time: 2022-05-31 00:00:00
[2023-06-08 19:01:20.791245] Inserting metrics.
[2023-06-08 19:01:48.180929] Finished processing token ETH.

[2023-06-08 19:01:48.180999] Processing token DAI.
[2023-06-08 19:01:48.181014] Start time: 2022-04-30 23:55:00
[2023-06-08 19:01:48.181030] End time: 2022-05-31 00:00:00
[2023-06-08 19:01:48.625884] Inserting metrics.
[2023-06-08 19:02:15.230998] Finished processing token DAI.

[2023-06-08 19:02:15.231071] Processing token BUSD.
[2023-06-08 19:02:15.231082] Start time: 2022-04-30 23:55:00
[2023-06-08 19:02:15.231094] End time: 2022-05-31 00:00:00
[2023-06-08 19:02:15.247338] Inserting metrics.
[2023-06-08 19:02:42.268395] Finished processing token BUSD.

[2023-06-08 19:02:42.268457] Processing token sUSD.
[2023-06-08 19:02:42.268467] Start time: 2022-04-30 23:55:00
[2023-06-08 19:02:42.268478] End time: 2022-05-31 00:00:00
[2023-06-08 19:02:42.280026] Inserting metrics.
[2023-06-08 19:03:09.314363] Finished processing token sUSD.

[2023-06-08 19:03:09.314435] Processing token WETH.
[2023-06-08 19:03:09.314445] WETH assumed to be = ETH. Skipping...

[2023-06-08 19:03:09.314453] Processing token cvxCRV.
[2023-06-08 19:03:09.315582] Token cvxCRV has no pricing data before 1653955200.0. Skipping...

[2023-06-08 19:03:09.315614] Processing token USDT.
[2023-06-08 19:03:09.315624] Start time: 2022-04-30 23:55:00
[2023-06-08 19:03:09.315635] End time: 2022-05-31 00:00:00
[2023-06-08 19:03:09.784262] Inserting metrics.
[2023-06-08 19:03:37.445284] Finished processing token USDT.

[2023-06-08 19:03:37.445345] Processing token USDN.
[2023-06-08 19:03:37.445357] Start time: 2022-04-30 23:55:00
[2023-06-08 19:03:37.445369] End time: 2022-05-31 00:00:00
[2023-06-08 19:03:37.458897] Inserting metrics.
[2023-06-08 19:04:03.437750] Finished processing token USDN.

[2023-06-08 19:04:03.437801] Processing token frxETH.
[2023-06-08 19:04:03.438849] Token frxETH has no pricing data before 1653955200.0. Skipping...

[2023-06-08 19:04:03.438898] Processing token UST.
[2023-06-08 19:04:03.438913] UST only indexed up to 1653667380 (2022-05-27 12:03:00 PM GMT-04:00 DST). Setting end time to 2022-05-31 00:00:00.
[2023-06-08 19:04:03.438930] Start time: 2022-04-30 23:55:00
[2023-06-08 19:04:03.438943] End time: 2022-05-27 16:03:00
[2023-06-08 19:04:03.761616] Inserting metrics.
[2023-06-08 19:04:28.235842] Finished processing token UST.

[2023-06-08 19:04:28.235909] Processing token 3Crv.
[2023-06-08 19:04:28.235919] We use virtual prices for 3Crv. Skipping...

[2023-06-08 19:04:28.235927] Processing token CRV.
[2023-06-08 19:04:28.235934] Start time: 2022-04-30 23:55:00
[2023-06-08 19:04:28.235946] End time: 2022-05-31 00:00:00
[2023-06-08 19:04:28.676217] Inserting metrics.
[2023-06-08 19:04:55.723222] Finished processing token CRV.

[2023-06-08 19:04:55.723270] Done :)
