
[2023-06-08 16:03:48.418258] Processing metrics...


[2023-06-08 16:03:48.500191] Processing pool metrics.

[2023-06-08 16:03:48.500237] Processing pool Curve.fi ETH/stETH.
[2023-06-08 16:03:48.500247] Start time: 2022-01-30 23:55:00
[2023-06-08 16:03:48.500257] End time: 2022-03-02 00:00:00
[2023-06-08 16:03:54.074541] Inserting metrics.
[2023-06-08 16:07:31.464581] Finished processing pool Curve.fi ETH/stETH.

[2023-06-08 16:07:31.464672] Processing pool Curve.fi DAI/USDC/USDT.
[2023-06-08 16:07:31.464690] Start time: 2022-01-30 23:55:00
[2023-06-08 16:07:31.464701] End time: 2022-03-02 00:00:00
[2023-06-08 16:07:38.298668] Inserting metrics.
[2023-06-08 16:12:11.279918] Finished processing pool Curve.fi DAI/USDC/USDT.

[2023-06-08 16:12:11.280020] Processing pool Curve.fi FRAX/USDC.
[2023-06-08 16:12:11.280032] Pools Curve.fi FRAX/USDC was created after the end date. Skipping...

[2023-06-08 16:12:11.280044] Processing pool Curve.fi Factory USD Metapool: wormhole v2 UST-3Pool.
[2023-06-08 16:12:11.280053] Start time: 2022-01-30 23:55:00
[2023-06-08 16:12:11.280065] End time: 2022-03-02 00:00:00
[2023-06-08 16:12:17.933517] Inserting metrics.
[2023-06-08 16:17:22.837335] Finished processing pool Curve.fi Factory USD Metapool: wormhole v2 UST-3Pool.

[2023-06-08 16:17:22.837413] Processing pool Curve.fi USDN/3Crv.
[2023-06-08 16:17:22.837426] Start time: 2022-01-30 23:55:00
[2023-06-08 16:17:22.837437] End time: 2022-03-02 00:00:00
[2023-06-08 16:17:29.274715] Inserting metrics.
[2023-06-08 16:22:33.635210] Finished processing pool Curve.fi USDN/3Crv.

[2023-06-08 16:22:33.635299] Processing pool Curve.fi Factory USD Metapool: Magic Internet Money 3Pool.
[2023-06-08 16:22:33.635315] Start time: 2022-01-30 23:55:00
[2023-06-08 16:22:33.635330] End time: 2022-03-02 00:00:00
[2023-06-08 16:22:40.432150] Inserting metrics.
[2023-06-08 16:27:40.570930] Finished processing pool Curve.fi Factory USD Metapool: Magic Internet Money 3Pool.

[2023-06-08 16:27:40.571018] Processing pool Curve.fi DAI/USDC/USDT/sUSD.
[2023-06-08 16:27:40.571033] Start time: 2022-01-30 23:55:00
[2023-06-08 16:27:40.571049] End time: 2022-03-02 00:00:00
[2023-06-08 16:27:47.675789] Inserting metrics.
[2023-06-08 16:33:21.450524] Finished processing pool Curve.fi DAI/USDC/USDT/sUSD.

[2023-06-08 16:33:21.450602] Processing pool Curve.fi ETH/frxETH.
[2023-06-08 16:33:21.450623] Pools Curve.fi ETH/frxETH was created after the end date. Skipping...

[2023-06-08 16:33:21.450640] Processing pool Curve.fi Factory USD Metapool: Liquity.
[2023-06-08 16:33:21.450651] Start time: 2022-01-30 23:55:00
[2023-06-08 16:33:21.450667] End time: 2022-03-02 00:00:00
[2023-06-08 16:33:28.361233] Inserting metrics.
[2023-06-08 16:38:37.853408] Finished processing pool Curve.fi Factory USD Metapool: Liquity.

[2023-06-08 16:38:37.853518] Processing pool Curve.fi Factory USD Metapool: Binance USD.
[2023-06-08 16:38:37.853530] Start time: 2022-01-30 23:55:00
[2023-06-08 16:38:37.853543] End time: 2022-03-02 00:00:00
[2023-06-08 16:38:43.880501] Inserting metrics.
[2023-06-08 16:43:52.459534] Finished processing pool Curve.fi Factory USD Metapool: Binance USD.

[2023-06-08 16:43:52.459610] Processing pool Curve.fi Factory Plain Pool: stETH concentrated.
[2023-06-08 16:43:52.459622] Pools Curve.fi Factory Plain Pool: stETH concentrated was created after the end date. Skipping...

[2023-06-08 16:43:52.459630] Processing pool Curve.fi Factory Crypto Pool: cbETH/ETH.
[2023-06-08 16:43:52.459638] Pools Curve.fi Factory Crypto Pool: cbETH/ETH was created after the end date. Skipping...

[2023-06-08 16:43:52.459644] Processing pool Curve.fi Factory Plain Pool: cvxCrv/Crv.
[2023-06-08 16:43:52.459651] Pools Curve.fi Factory Plain Pool: cvxCrv/Crv was created after the end date. Skipping...

[2023-06-08 16:43:52.459660] Processing token LUSD.
[2023-06-08 16:43:52.459669] Start time: 2022-01-30 23:55:00
[2023-06-08 16:43:52.459680] End time: 2022-03-02 00:00:00
[2023-06-08 16:43:52.476820] Inserting metrics.
[2023-06-08 16:44:20.386809] Finished processing token LUSD.

[2023-06-08 16:44:20.386870] Processing token FRAX.
[2023-06-08 16:44:20.386892] Start time: 2022-01-30 23:55:00
[2023-06-08 16:44:20.386903] End time: 2022-03-02 00:00:00
[2023-06-08 16:44:20.403745] Inserting metrics.
[2023-06-08 16:44:47.924316] Finished processing token FRAX.

[2023-06-08 16:44:47.924379] Processing token MIM.
[2023-06-08 16:44:47.924388] Start time: 2022-01-30 23:55:00
[2023-06-08 16:44:47.924399] End time: 2022-03-02 00:00:00
[2023-06-08 16:44:48.155996] Inserting metrics.
[2023-06-08 16:45:16.122634] Finished processing token MIM.

[2023-06-08 16:45:16.122971] Processing token USDC.
[2023-06-08 16:45:16.123079] Start time: 2022-01-30 23:55:00
[2023-06-08 16:45:16.123177] End time: 2022-03-02 00:00:00
[2023-06-08 16:45:16.565419] Inserting metrics.
[2023-06-08 16:45:44.259250] Finished processing token USDC.

[2023-06-08 16:45:44.259328] Processing token stETH.
[2023-06-08 16:45:44.259338] Start time: 2022-01-30 23:55:00
[2023-06-08 16:45:44.259350] End time: 2022-03-02 00:00:00
[2023-06-08 16:45:44.285907] Inserting metrics.
[2023-06-08 16:46:11.718241] Finished processing token stETH.

[2023-06-08 16:46:11.718295] Processing token cbETH.
[2023-06-08 16:46:11.718305] cbETH only indexed from 1661444040 (2022 12:14:00 PM GMT-04:00 DST). Skipping...
[2023-06-08 16:46:11.718313] Processing token ETH.
[2023-06-08 16:46:11.718321] Start time: 2022-01-30 23:55:00
[2023-06-08 16:46:11.718331] End time: 2022-03-02 00:00:00
[2023-06-08 16:46:12.107450] Inserting metrics.
[2023-06-08 16:46:40.174171] Finished processing token ETH.

[2023-06-08 16:46:40.174226] Processing token DAI.
[2023-06-08 16:46:40.174236] Start time: 2022-01-30 23:55:00
[2023-06-08 16:46:40.174246] End time: 2022-03-02 00:00:00
[2023-06-08 16:46:40.566825] Inserting metrics.
[2023-06-08 16:47:07.645659] Finished processing token DAI.

[2023-06-08 16:47:07.645976] Processing token BUSD.
[2023-06-08 16:47:07.646074] Start time: 2022-01-30 23:55:00
[2023-06-08 16:47:07.646172] End time: 2022-03-02 00:00:00
[2023-06-08 16:47:07.664470] Inserting metrics.
[2023-06-08 16:47:35.313057] Finished processing token BUSD.

[2023-06-08 16:47:35.313136] Processing token sUSD.
[2023-06-08 16:47:35.313153] Start time: 2022-01-30 23:55:00
[2023-06-08 16:47:35.313170] End time: 2022-03-02 00:00:00
[2023-06-08 16:47:35.328393] Inserting metrics.
[2023-06-08 16:48:04.104311] Finished processing token sUSD.

[2023-06-08 16:48:04.104360] Processing token WETH.
[2023-06-08 16:48:04.104369] WETH assumed to be = ETH. Skipping...

[2023-06-08 16:48:04.104376] Processing token cvxCRV.
[2023-06-08 16:48:04.105388] Token cvxCRV has no pricing data before 1646179200.0. Skipping...

[2023-06-08 16:48:04.105417] Processing token USDT.
[2023-06-08 16:48:04.105425] Start time: 2022-01-30 23:55:00
[2023-06-08 16:48:04.105435] End time: 2022-03-02 00:00:00
[2023-06-08 16:48:04.580188] Inserting metrics.
[2023-06-08 16:48:32.546204] Finished processing token USDT.

[2023-06-08 16:48:32.546268] Processing token USDN.
[2023-06-08 16:48:32.546278] Start time: 2022-01-30 23:55:00
[2023-06-08 16:48:32.546290] End time: 2022-03-02 00:00:00
[2023-06-08 16:48:32.563521] Inserting metrics.
[2023-06-08 16:49:00.800268] Finished processing token USDN.

[2023-06-08 16:49:00.800341] Processing token frxETH.
[2023-06-08 16:49:00.801603] Token frxETH has no pricing data before 1646179200.0. Skipping...

[2023-06-08 16:49:00.801636] Processing token UST.
[2023-06-08 16:49:00.801646] Start time: 2022-01-30 23:55:00
[2023-06-08 16:49:00.801657] End time: 2022-03-02 00:00:00
[2023-06-08 16:49:01.060557] Inserting metrics.
[2023-06-08 16:49:28.809038] Finished processing token UST.

[2023-06-08 16:49:28.809101] Processing token 3Crv.
[2023-06-08 16:49:28.809111] We use virtual prices for 3Crv. Skipping...

[2023-06-08 16:49:28.809119] Processing token CRV.
[2023-06-08 16:49:28.809127] Start time: 2022-01-30 23:55:00
[2023-06-08 16:49:28.809144] End time: 2022-03-02 00:00:00
[2023-06-08 16:49:29.322544] Inserting metrics.
[2023-06-08 16:49:57.000878] Finished processing token CRV.

[2023-06-08 16:49:57.000957] Done :)
