
[2023-06-08 19:04:56.927067] Processing metrics...


[2023-06-08 19:04:57.008497] Processing pool metrics.

[2023-06-08 19:04:57.008540] Processing pool Curve.fi ETH/stETH.
[2023-06-08 19:04:57.008550] Start time: 2022-05-30 23:55:00
[2023-06-08 19:04:57.008560] End time: 2022-06-30 00:00:00
[2023-06-08 19:05:02.293451] Inserting metrics.
[2023-06-08 19:08:33.137244] Finished processing pool Curve.fi ETH/stETH.

[2023-06-08 19:08:33.137343] Processing pool Curve.fi DAI/USDC/USDT.
[2023-06-08 19:08:33.137355] Start time: 2022-05-30 23:55:00
[2023-06-08 19:08:33.137368] End time: 2022-06-30 00:00:00
[2023-06-08 19:08:39.520388] Inserting metrics.
[2023-06-08 19:13:19.777610] Finished processing pool Curve.fi DAI/USDC/USDT.

[2023-06-08 19:13:19.777828] Processing pool Curve.fi FRAX/USDC.
[2023-06-08 19:13:19.777843] Pools Curve.fi FRAX/USDC was created after the end date. Skipping...

[2023-06-08 19:13:19.777851] Processing pool Curve.fi Factory USD Metapool: wormhole v2 UST-3Pool.
[2023-06-08 19:13:19.777859] Pool Curve.fi Factory USD Metapool: wormhole v2 UST-3Pool, UST no longer indexed after 1653667380. Skipping...

[2023-06-08 19:13:19.777867] Processing pool Curve.fi USDN/3Crv.
[2023-06-08 19:13:19.777875] Start time: 2022-05-30 23:55:00
[2023-06-08 19:13:19.777886] End time: 2022-06-30 00:00:00
[2023-06-08 19:13:25.759713] Inserting metrics.
[2023-06-08 19:18:29.774484] Finished processing pool Curve.fi USDN/3Crv.

[2023-06-08 19:18:29.774606] Processing pool Curve.fi Factory USD Metapool: Magic Internet Money 3Pool.
[2023-06-08 19:18:29.774630] Start time: 2022-05-30 23:55:00
[2023-06-08 19:18:29.774646] End time: 2022-06-30 00:00:00
[2023-06-08 19:18:37.152899] Inserting metrics.
[2023-06-08 19:23:40.164928] Finished processing pool Curve.fi Factory USD Metapool: Magic Internet Money 3Pool.

[2023-06-08 19:23:40.165168] Processing pool Curve.fi DAI/USDC/USDT/sUSD.
[2023-06-08 19:23:40.165194] Start time: 2022-05-30 23:55:00
[2023-06-08 19:23:40.165211] End time: 2022-06-30 00:00:00
[2023-06-08 19:23:46.815165] Inserting metrics.
[2023-06-08 19:29:16.136601] Finished processing pool Curve.fi DAI/USDC/USDT/sUSD.

[2023-06-08 19:29:16.136680] Processing pool Curve.fi ETH/frxETH.
[2023-06-08 19:29:16.136693] Pools Curve.fi ETH/frxETH was created after the end date. Skipping...

[2023-06-08 19:29:16.136701] Processing pool Curve.fi Factory USD Metapool: Liquity.
[2023-06-08 19:29:16.136709] Start time: 2022-05-30 23:55:00
[2023-06-08 19:29:16.136719] End time: 2022-06-30 00:00:00
[2023-06-08 19:29:22.321317] Inserting metrics.
[2023-06-08 19:34:27.795947] Finished processing pool Curve.fi Factory USD Metapool: Liquity.

[2023-06-08 19:34:27.796048] Processing pool Curve.fi Factory USD Metapool: Binance USD.
[2023-06-08 19:34:27.796070] Start time: 2022-05-30 23:55:00
[2023-06-08 19:34:27.796088] End time: 2022-06-30 00:00:00
[2023-06-08 19:34:34.489206] Inserting metrics.
[2023-06-08 19:39:30.303026] Finished processing pool Curve.fi Factory USD Metapool: Binance USD.

[2023-06-08 19:39:30.303130] Processing pool Curve.fi Factory Plain Pool: stETH concentrated.
[2023-06-08 19:39:30.303143] Start time: 2022-05-30 23:55:00
[2023-06-08 19:39:30.303156] End time: 2022-06-30 00:00:00
[2023-06-08 19:39:36.225460] Inserting metrics.
[2023-06-08 19:43:12.636502] Finished processing pool Curve.fi Factory Plain Pool: stETH concentrated.

[2023-06-08 19:43:12.636593] Processing pool Curve.fi Factory Crypto Pool: cbETH/ETH.
[2023-06-08 19:43:12.636617] Pools Curve.fi Factory Crypto Pool: cbETH/ETH was created after the end date. Skipping...

[2023-06-08 19:43:12.636630] Processing pool Curve.fi Factory Plain Pool: cvxCrv/Crv.
[2023-06-08 19:43:12.636641] Pools Curve.fi Factory Plain Pool: cvxCrv/Crv was created after the end date. Skipping...

[2023-06-08 19:43:12.636657] Processing token LUSD.
[2023-06-08 19:43:12.636670] Start time: 2022-05-30 23:55:00
[2023-06-08 19:43:12.636689] End time: 2022-06-30 00:00:00
[2023-06-08 19:43:12.655355] Inserting metrics.
[2023-06-08 19:43:38.987862] Finished processing token LUSD.

[2023-06-08 19:43:38.988108] Processing token FRAX.
[2023-06-08 19:43:38.988234] Start time: 2022-05-30 23:55:00
[2023-06-08 19:43:38.988289] End time: 2022-06-30 00:00:00
[2023-06-08 19:43:39.006654] Inserting metrics.
[2023-06-08 19:44:05.069108] Finished processing token FRAX.

[2023-06-08 19:44:05.069163] Processing token MIM.
[2023-06-08 19:44:05.069173] Start time: 2022-05-30 23:55:00
[2023-06-08 19:44:05.069184] End time: 2022-06-30 00:00:00
[2023-06-08 19:44:05.303429] Inserting metrics.
[2023-06-08 19:44:32.466032] Finished processing token MIM.

[2023-06-08 19:44:32.466091] Processing token USDC.
[2023-06-08 19:44:32.466104] Start time: 2022-05-30 23:55:00
[2023-06-08 19:44:32.466118] End time: 2022-06-30 00:00:00
[2023-06-08 19:44:32.899547] Inserting metrics.
[2023-06-08 19:44:59.520788] Finished processing token USDC.

[2023-06-08 19:44:59.520859] Processing token stETH.
[2023-06-08 19:44:59.520869] Start time: 2022-05-30 23:55:00
[2023-06-08 19:44:59.520881] End time: 2022-06-30 00:00:00
[2023-06-08 19:44:59.545327] Inserting metrics.
[2023-06-08 19:45:26.073596] Finished processing token stETH.

[2023-06-08 19:45:26.073664] Processing token cbETH.
[2023-06-08 19:45:26.073674] cbETH only indexed from 1661444040 (2022 12:14:00 PM GMT-04:00 DST). Skipping...
[2023-06-08 19:45:26.073682] Processing token ETH.
[2023-06-08 19:45:26.073691] Start time: 2022-05-30 23:55:00
[2023-06-08 19:45:26.073702] End time: 2022-06-30 00:00:00
[2023-06-08 19:45:26.520269] Inserting metrics.
[2023-06-08 19:45:52.928198] Finished processing token ETH.

[2023-06-08 19:45:52.928280] Processing token DAI.
[2023-06-08 19:45:52.928295] Start time: 2022-05-30 23:55:00
[2023-06-08 19:45:52.928307] End time: 2022-06-30 00:00:00
[2023-06-08 19:45:53.432282] Inserting metrics.
[2023-06-08 19:46:19.237107] Finished processing token DAI.

[2023-06-08 19:46:19.237473] Processing token BUSD.
[2023-06-08 19:46:19.237594] Start time: 2022-05-30 23:55:00
[2023-06-08 19:46:19.237691] End time: 2022-06-30 00:00:00
[2023-06-08 19:46:19.251306] Inserting metrics.
[2023-06-08 19:46:46.120475] Finished processing token BUSD.

[2023-06-08 19:46:46.120531] Processing token sUSD.
[2023-06-08 19:46:46.120541] Start time: 2022-05-30 23:55:00
[2023-06-08 19:46:46.120559] End time: 2022-06-30 00:00:00
[2023-06-08 19:46:46.132050] Inserting metrics.
[2023-06-08 19:47:13.660159] Finished processing token sUSD.

[2023-06-08 19:47:13.660215] Processing token WETH.
[2023-06-08 19:47:13.660224] WETH assumed to be = ETH. Skipping...

[2023-06-08 19:47:13.660231] Processing token cvxCRV.
[2023-06-08 19:47:13.661350] Token cvxCRV has no pricing data before 1656547200.0. Skipping...

[2023-06-08 19:47:13.661384] Processing token USDT.
[2023-06-08 19:47:13.661393] Start time: 2022-05-30 23:55:00
[2023-06-08 19:47:13.661403] End time: 2022-06-30 00:00:00
[2023-06-08 19:47:14.071124] Inserting metrics.
[2023-06-08 19:47:40.899469] Finished processing token USDT.

[2023-06-08 19:47:40.899552] Processing token USDN.
[2023-06-08 19:47:40.899563] Start time: 2022-05-30 23:55:00
[2023-06-08 19:47:40.899575] End time: 2022-06-30 00:00:00
[2023-06-08 19:47:40.912661] Inserting metrics.
[2023-06-08 19:48:07.764314] Finished processing token USDN.

[2023-06-08 19:48:07.764378] Processing token frxETH.
[2023-06-08 19:48:07.765931] Token frxETH has no pricing data before 1656547200.0. Skipping...

[2023-06-08 19:48:07.765969] Processing token UST.
[2023-06-08 19:48:07.765980] UST only indexed up to 1653667380 (2022-05-27 12:03:00 PM GMT-04:00 DST). Skipping...
[2023-06-08 19:48:07.765990] Processing token 3Crv.
[2023-06-08 19:48:07.765999] We use virtual prices for 3Crv. Skipping...

[2023-06-08 19:48:07.766007] Processing token CRV.
[2023-06-08 19:48:07.766017] Start time: 2022-05-30 23:55:00
[2023-06-08 19:48:07.766030] End time: 2022-06-30 00:00:00
[2023-06-08 19:48:08.239365] Inserting metrics.
[2023-06-08 19:48:35.451758] Finished processing token CRV.

[2023-06-08 19:48:35.451826] Done :)
